#
# There is insufficient memory for the Java Runtime Environment to continue.
# Native memory allocation (mmap) failed to map 175112192 bytes for committing reserved memory.
# Possible reasons:
#   The system is out of physical RAM or swap space
#   The process is running with CompressedOops enabled, and the Java Heap may be blocking the growth of the native heap
# Possible solutions:
#   Reduce memory load on the system
#   Increase physical memory or swap space
#   Check if swap backing store is full
#   Decrease Java heap size (-Xmx/-Xms)
#   Decrease number of Java threads
#   Decrease Java thread stack sizes (-Xss)
#   Set larger code cache with -XX:ReservedCodeCacheSize=
#   JVM is running with Unscaled Compressed Oops mode in which the Java heap is
#     placed in the first 4GB address space. The Java Heap base address is the
#     maximum limit for the native heap growth. Please use -XX:HeapBaseMinAddress
#     to set the Java Heap base and to place the Java Heap above 4GB virtual address.
# This output file may be truncated or incomplete.
#
#  Out of Memory Error (os_linux.cpp:2757), pid=26140, tid=0x00007fc655bb2700
#
# JRE version: OpenJDK Runtime Environment (8.0_222-b10) (build 1.8.0_222-8u222-b10-1ubuntu1~16.04.1-b10)
# Java VM: OpenJDK 64-Bit Server VM (25.222-b10 mixed mode linux-amd64 compressed oops)
# Failed to write core dump. Core dumps have been disabled. To enable core dumping, try "ulimit -c unlimited" before starting Java again
#

---------------  T H R E A D  ---------------

Current thread (0x00007fc674080800):  VMThread [stack: 0x00007fc655ab2000,0x00007fc655bb3000] [id=26175]

Stack: [0x00007fc655ab2000,0x00007fc655bb3000],  sp=0x00007fc655bb14e0,  free space=1021k
Native frames: (J=compiled Java code, j=interpreted, Vv=VM code, C=native code)
V  [libjvm.so+0xa7787b]
V  [libjvm.so+0x4caa8c]
V  [libjvm.so+0x8c5da8]
V  [libjvm.so+0x8bd3ee]
V  [libjvm.so+0x93b476]
V  [libjvm.so+0x93c7a3]
V  [libjvm.so+0x938e84]
V  [libjvm.so+0x93911c]
V  [libjvm.so+0x8eaa73]
V  [libjvm.so+0xa79532]
V  [libjvm.so+0xa7e587]
V  [libjvm.so+0xa7bde7]
V  [libjvm.so+0xa7d0cf]
V  [libjvm.so+0xa7d5f2]
V  [libjvm.so+0x8c3102]

VM_Operation (0x00007fc67bd00ac0): ParallelGCFailedAllocation, mode: safepoint, requested by thread 0x00007fc67400b000


---------------  P R O C E S S  ---------------

Java Threads: ( => current thread )
  0x00007fc675692000 JavaThread "resolver-5" daemon [_thread_blocked, id=26189, stack(0x00007fc603dfe000,0x00007fc603eff000)]
  0x00007fc675690800 JavaThread "resolver-4" daemon [_thread_blocked, id=26188, stack(0x00007fc603eff000,0x00007fc604000000)]
  0x00007fc67568e800 JavaThread "resolver-3" daemon [_thread_blocked, id=26187, stack(0x00007fc61005a000,0x00007fc61015b000)]
  0x00007fc67568d800 JavaThread "resolver-2" daemon [_thread_blocked, id=26186, stack(0x00007fc61015b000,0x00007fc61025c000)]
  0x00007fc67568c800 JavaThread "resolver-1" daemon [_thread_blocked, id=26185, stack(0x00007fc61025c000,0x00007fc61035d000)]
  0x00007fc6740d4000 JavaThread "Service Thread" daemon [_thread_blocked, id=26183, stack(0x00007fc6548eb000,0x00007fc6549ec000)]
  0x00007fc6740c8800 JavaThread "C1 CompilerThread3" daemon [_thread_blocked, id=26182, stack(0x00007fc6549ec000,0x00007fc654aed000)]
  0x00007fc6740c6800 JavaThread "C2 CompilerThread2" daemon [_thread_blocked, id=26181, stack(0x00007fc654aed000,0x00007fc654bee000)]
  0x00007fc6740c4800 JavaThread "C2 CompilerThread1" daemon [_thread_blocked, id=26180, stack(0x00007fc654bee000,0x00007fc654cef000)]
  0x00007fc6740c2000 JavaThread "C2 CompilerThread0" daemon [_thread_blocked, id=26179, stack(0x00007fc654cef000,0x00007fc654df0000)]
  0x00007fc6740c0000 JavaThread "Signal Dispatcher" daemon [_thread_blocked, id=26178, stack(0x00007fc654df0000,0x00007fc654ef1000)]
  0x00007fc67408c800 JavaThread "Finalizer" daemon [_thread_blocked, id=26177, stack(0x00007fc6558b0000,0x00007fc6559b1000)]
  0x00007fc67408a000 JavaThread "Reference Handler" daemon [_thread_blocked, id=26176, stack(0x00007fc6559b1000,0x00007fc655ab2000)]
  0x00007fc67400b000 JavaThread "main" [_thread_blocked, id=26166, stack(0x00007fc67bc03000,0x00007fc67bd04000)]

Other Threads:
=>0x00007fc674080800 VMThread [stack: 0x00007fc655ab2000,0x00007fc655bb3000] [id=26175]
  0x00007fc6740d6000 WatcherThread [stack: 0x00007fc6547ea000,0x00007fc6548eb000] [id=26184]

VM state:at safepoint (normal execution)

VM Mutex/Monitor currently owned by a thread:  ([mutex/lock_event])
[0x00007fc6740072c0] Threads_lock - owner thread: 0x00007fc674080800
[0x00007fc6740077c0] Heap_lock - owner thread: 0x00007fc67400b000

heap address: 0x0000000084600000, size: 1978 MB, Compressed Oops mode: 32-bit
Narrow klass base: 0x0000000000000000, Narrow klass shift: 3
Compressed class space size: 1073741824 Address: 0x0000000100000000

Heap:
 PSYoungGen      total 416768K, used 73725K [0x00000000d6d00000, 0x00000000f5900000, 0x0000000100000000)
  eden space 343040K, 0% used [0x00000000d6d00000,0x00000000d6d00000,0x00000000ebc00000)
  from space 73728K, 99% used [0x00000000ebc00000,0x00000000f03ff568,0x00000000f0400000)
  to   space 55296K, 0% used [0x00000000f0400000,0x00000000f0400000,0x00000000f3a00000)
 ParOldGen       total 227328K, used 169496K [0x0000000084600000, 0x0000000092400000, 0x00000000d6d00000)
  object space 227328K, 74% used [0x0000000084600000,0x000000008eb86050,0x0000000092400000)
 Metaspace       used 30317K, capacity 31752K, committed 32128K, reserved 1077248K
  class space    used 3461K, capacity 3863K, committed 3968K, reserved 1048576K

Card table byte_map: [0x00007fc664c22000,0x00007fc665000000] byte_map_base: 0x00007fc6647ff000

Marking Bits: (ParMarkBitMap*) 0x00007fc67aedb540
 Begin Bits: [0x00007fc65c230000, 0x00007fc65e118000)
 End Bits:   [0x00007fc65e118000, 0x00007fc660000000)

Polling page: 0x00007fc67bd2e000

CodeCache: size=245760Kb used=21016Kb max_used=21276Kb free=224743Kb
 bounds [0x00007fc665000000, 0x00007fc6664f0000, 0x00007fc674000000]
 total_blobs=5908 nmethods=5534 adapters=288
 compilation: enabled

Compilation events (10 events):
Event: 7,410 Thread 0x00007fc6740c4800 nmethod 6686 0x00007fc6651394d0 code [0x00007fc665139740, 0x00007fc66513a890]
Event: 7,412 Thread 0x00007fc6740c8800 6688       3       java.security.MessageDigest$Delegate::<init> (11 bytes)
Event: 7,412 Thread 0x00007fc6740c8800 nmethod 6688 0x00007fc665e3eb10 code [0x00007fc665e3ec80, 0x00007fc665e3ef30]
Event: 7,412 Thread 0x00007fc6740c8800 6689       3       java.security.MessageDigest::<init> (15 bytes)
Event: 7,412 Thread 0x00007fc6740c8800 nmethod 6689 0x00007fc665e3e690 code [0x00007fc665e3e800, 0x00007fc665e3ea30]
Event: 7,413 Thread 0x00007fc6740c8800 6690   !   3       sun.security.x509.X500Name::parseDER (117 bytes)
Event: 7,414 Thread 0x00007fc6740c8800 nmethod 6690 0x00007fc6659e7190 code [0x00007fc6659e7460, 0x00007fc6659e8c88]
Event: 7,426 Thread 0x00007fc6740c6800 6691       4       java.util.ArrayList::clear (39 bytes)
Event: 7,427 Thread 0x00007fc6740c6800 nmethod 6691 0x00007fc66643bf50 code [0x00007fc66643c0a0, 0x00007fc66643c158]
Event: 7,429 Thread 0x00007fc6740c8800 6692   !   3       sun.security.pkcs.PKCS7::parseSignedData (636 bytes)

GC Heap History (10 events):
Event: 3,318 GC heap after
Heap after GC invocations=10 (full 1):
 PSYoungGen      total 259584K, used 9558K [0x00000000d6d00000, 0x00000000e8f80000, 0x0000000100000000)
  eden space 246272K, 0% used [0x00000000d6d00000,0x00000000d6d00000,0x00000000e5d80000)
  from space 13312K, 71% used [0x00000000e5d80000,0x00000000e66d5b48,0x00000000e6a80000)
  to   space 13312K, 0% used [0x00000000e8280000,0x00000000e8280000,0x00000000e8f80000)
 ParOldGen       total 67584K, used 17691K [0x0000000084600000, 0x0000000088800000, 0x00000000d6d00000)
  object space 67584K, 26% used [0x0000000084600000,0x0000000085746d90,0x0000000088800000)
 Metaspace       used 26114K, capacity 27274K, committed 27392K, reserved 1073152K
  class space    used 2985K, capacity 3287K, committed 3328K, reserved 1048576K
}
Event: 4,209 GC heap before
{Heap before GC invocations=11 (full 1):
 PSYoungGen      total 259584K, used 255830K [0x00000000d6d00000, 0x00000000e8f80000, 0x0000000100000000)
  eden space 246272K, 100% used [0x00000000d6d00000,0x00000000e5d80000,0x00000000e5d80000)
  from space 13312K, 71% used [0x00000000e5d80000,0x00000000e66d5b48,0x00000000e6a80000)
  to   space 13312K, 0% used [0x00000000e8280000,0x00000000e8280000,0x00000000e8f80000)
 ParOldGen       total 67584K, used 17691K [0x0000000084600000, 0x0000000088800000, 0x00000000d6d00000)
  object space 67584K, 26% used [0x0000000084600000,0x0000000085746d90,0x0000000088800000)
 Metaspace       used 28956K, capacity 30404K, committed 30720K, reserved 1077248K
  class space    used 3344K, capacity 3761K, committed 3840K, reserved 1048576K
Event: 4,221 GC heap after
Heap after GC invocations=11 (full 1):
 PSYoungGen      total 278528K, used 13296K [0x00000000d6d00000, 0x00000000ed380000, 0x0000000100000000)
  eden space 265216K, 0% used [0x00000000d6d00000,0x00000000d6d00000,0x00000000e7000000)
  from space 13312K, 99% used [0x00000000e8280000,0x00000000e8f7c020,0x00000000e8f80000)
  to   space 18944K, 0% used [0x00000000e7000000,0x00000000e7000000,0x00000000e8280000)
 ParOldGen       total 67584K, used 29238K [0x0000000084600000, 0x0000000088800000, 0x00000000d6d00000)
  object space 67584K, 43% used [0x0000000084600000,0x000000008628d860,0x0000000088800000)
 Metaspace       used 28956K, capacity 30404K, committed 30720K, reserved 1077248K
  class space    used 3344K, capacity 3761K, committed 3840K, reserved 1048576K
}
Event: 5,562 GC heap before
{Heap before GC invocations=12 (full 1):
 PSYoungGen      total 278528K, used 278512K [0x00000000d6d00000, 0x00000000ed380000, 0x0000000100000000)
  eden space 265216K, 100% used [0x00000000d6d00000,0x00000000e7000000,0x00000000e7000000)
  from space 13312K, 99% used [0x00000000e8280000,0x00000000e8f7c020,0x00000000e8f80000)
  to   space 18944K, 0% used [0x00000000e7000000,0x00000000e7000000,0x00000000e8280000)
 ParOldGen       total 67584K, used 29238K [0x0000000084600000, 0x0000000088800000, 0x00000000d6d00000)
  object space 67584K, 43% used [0x0000000084600000,0x000000008628d860,0x0000000088800000)
 Metaspace       used 29233K, capacity 30684K, committed 30976K, reserved 1077248K
  class space    used 3371K, capacity 3765K, committed 3840K, reserved 1048576K
Event: 5,605 GC heap after
Heap after GC invocations=12 (full 1):
 PSYoungGen      total 284160K, used 18914K [0x00000000d6d00000, 0x00000000f3a00000, 0x0000000100000000)
  eden space 265216K, 0% used [0x00000000d6d00000,0x00000000d6d00000,0x00000000e7000000)
  from space 18944K, 99% used [0x00000000e7000000,0x00000000e8278be0,0x00000000e8280000)
  to   space 55296K, 0% used [0x00000000f0400000,0x00000000f0400000,0x00000000f3a00000)
 ParOldGen       total 120832K, used 120504K [0x0000000084600000, 0x000000008bc00000, 0x00000000d6d00000)
  object space 120832K, 99% used [0x0000000084600000,0x000000008bbae018,0x000000008bc00000)
 Metaspace       used 29233K, capacity 30684K, committed 30976K, reserved 1077248K
  class space    used 3371K, capacity 3765K, committed 3840K, reserved 1048576K
}
Event: 5,605 GC heap before
{Heap before GC invocations=13 (full 2):
 PSYoungGen      total 284160K, used 18914K [0x00000000d6d00000, 0x00000000f3a00000, 0x0000000100000000)
  eden space 265216K, 0% used [0x00000000d6d00000,0x00000000d6d00000,0x00000000e7000000)
  from space 18944K, 99% used [0x00000000e7000000,0x00000000e8278be0,0x00000000e8280000)
  to   space 55296K, 0% used [0x00000000f0400000,0x00000000f0400000,0x00000000f3a00000)
 ParOldGen       total 120832K, used 120504K [0x0000000084600000, 0x000000008bc00000, 0x00000000d6d00000)
  object space 120832K, 99% used [0x0000000084600000,0x000000008bbae018,0x000000008bc00000)
 Metaspace       used 29233K, capacity 30684K, committed 30976K, reserved 1077248K
  class space    used 3371K, capacity 3765K, committed 3840K, reserved 1048576K
Event: 5,687 GC heap after
Heap after GC invocations=13 (full 2):
 PSYoungGen      total 284160K, used 0K [0x00000000d6d00000, 0x00000000f3a00000, 0x0000000100000000)
  eden space 265216K, 0% used [0x00000000d6d00000,0x00000000d6d00000,0x00000000e7000000)
  from space 18944K, 0% used [0x00000000e7000000,0x00000000e7000000,0x00000000e8280000)
  to   space 55296K, 0% used [0x00000000f0400000,0x00000000f0400000,0x00000000f3a00000)
 ParOldGen       total 227328K, used 120596K [0x0000000084600000, 0x0000000092400000, 0x00000000d6d00000)
  object space 227328K, 53% used [0x0000000084600000,0x000000008bbc5090,0x0000000092400000)
 Metaspace       used 29233K, capacity 30684K, committed 30976K, reserved 1077248K
  class space    used 3371K, capacity 3765K, committed 3840K, reserved 1048576K
}
Event: 6,990 GC heap before
{Heap before GC invocations=14 (full 2):
 PSYoungGen      total 284160K, used 265216K [0x00000000d6d00000, 0x00000000f3a00000, 0x0000000100000000)
  eden space 265216K, 100% used [0x00000000d6d00000,0x00000000e7000000,0x00000000e7000000)
  from space 18944K, 0% used [0x00000000e7000000,0x00000000e7000000,0x00000000e8280000)
  to   space 55296K, 0% used [0x00000000f0400000,0x00000000f0400000,0x00000000f3a00000)
 ParOldGen       total 227328K, used 120596K [0x0000000084600000, 0x0000000092400000, 0x00000000d6d00000)
  object space 227328K, 53% used [0x0000000084600000,0x000000008bbc5090,0x0000000092400000)
 Metaspace       used 30190K, capacity 31624K, committed 31872K, reserved 1077248K
  class space    used 3461K, capacity 3863K, committed 3968K, reserved 1048576K
Event: 7,043 GC heap after
Heap after GC invocations=14 (full 2):
 PSYoungGen      total 398336K, used 55275K [0x00000000d6d00000, 0x00000000f5900000, 0x0000000100000000)
  eden space 343040K, 0% used [0x00000000d6d00000,0x00000000d6d00000,0x00000000ebc00000)
  from space 55296K, 99% used [0x00000000f0400000,0x00000000f39fafc8,0x00000000f3a00000)
  to   space 73728K, 0% used [0x00000000ebc00000,0x00000000ebc00000,0x00000000f0400000)
 ParOldGen       total 227328K, used 143313K [0x0000000084600000, 0x0000000092400000, 0x00000000d6d00000)
  object space 227328K, 63% used [0x0000000084600000,0x000000008d1f4638,0x0000000092400000)
 Metaspace       used 30190K, capacity 31624K, committed 31872K, reserved 1077248K
  class space    used 3461K, capacity 3863K, committed 3968K, reserved 1048576K
}
Event: 7,430 GC heap before
{Heap before GC invocations=15 (full 2):
 PSYoungGen      total 398336K, used 398315K [0x00000000d6d00000, 0x00000000f5900000, 0x0000000100000000)
  eden space 343040K, 100% used [0x00000000d6d00000,0x00000000ebc00000,0x00000000ebc00000)
  from space 55296K, 99% used [0x00000000f0400000,0x00000000f39fafc8,0x00000000f3a00000)
  to   space 73728K, 0% used [0x00000000ebc00000,0x00000000ebc00000,0x00000000f0400000)
 ParOldGen       total 227328K, used 143313K [0x0000000084600000, 0x0000000092400000, 0x00000000d6d00000)
  object space 227328K, 63% used [0x0000000084600000,0x000000008d1f4638,0x0000000092400000)
 Metaspace       used 30317K, capacity 31752K, committed 32128K, reserved 1077248K
  class space    used 3461K, capacity 3863K, committed 3968K, reserved 1048576K

Deoptimization events (10 events):
Event: 6,854 Thread 0x00007fc67400b000 Uncommon trap: reason=class_check action=maybe_recompile pc=0x00007fc66649a3e0 method=java.io.FilterInputStream.read([BII)I @ 7
Event: 6,854 Thread 0x00007fc67400b000 Uncommon trap: reason=class_check action=maybe_recompile pc=0x00007fc665668cd0 method=java.io.FilterInputStream.read([BII)I @ 7
Event: 6,854 Thread 0x00007fc67400b000 Uncommon trap: reason=unstable_if action=reinterpret pc=0x00007fc66647a07c method=java.util.jar.JarFile.maybeInstantiateVerifier()V @ 75
Event: 6,858 Thread 0x00007fc67400b000 Uncommon trap: reason=speculate_class_check action=maybe_recompile pc=0x00007fc6656b19cc method=java.nio.charset.CharsetEncoder.replaceWith([B)Ljava/nio/charset/CharsetEncoder; @ 53
Event: 6,858 Thread 0x00007fc67400b000 Uncommon trap: reason=speculate_class_check action=maybe_recompile pc=0x00007fc6656b19cc method=java.nio.charset.CharsetEncoder.replaceWith([B)Ljava/nio/charset/CharsetEncoder; @ 53
Event: 6,858 Thread 0x00007fc67400b000 Uncommon trap: reason=class_check action=maybe_recompile pc=0x00007fc66649a3e0 method=java.io.FilterInputStream.read([BII)I @ 7
Event: 6,862 Thread 0x00007fc67400b000 Uncommon trap: reason=class_check action=maybe_recompile pc=0x00007fc666485e74 method=java.io.FilterInputStream.read([BII)I @ 7
Event: 7,093 Thread 0x00007fc67400b000 Uncommon trap: reason=speculate_class_check action=maybe_recompile pc=0x00007fc66642134c method=java.nio.charset.CharsetEncoder.replaceWith([B)Ljava/nio/charset/CharsetEncoder; @ 53
Event: 7,093 Thread 0x00007fc67400b000 Uncommon trap: reason=speculate_class_check action=maybe_recompile pc=0x00007fc66642134c method=java.nio.charset.CharsetEncoder.replaceWith([B)Ljava/nio/charset/CharsetEncoder; @ 53
Event: 7,361 Thread 0x00007fc67400b000 Uncommon trap: reason=predicate action=maybe_recompile pc=0x00007fc66529daa8 method=java.util.regex.Pattern$SliceI.match(Ljava/util/regex/Matcher;ILjava/lang/CharSequence;)Z @ 21

Classes redefined (0 events):
No events

Internal exceptions (10 events):
Event: 2,948 Thread 0x00007fc67568e800 Implicit null exception at 0x00007fc665ca799f to 0x00007fc665ca7ee1
Event: 2,948 Thread 0x00007fc67568d800 Implicit null exception at 0x00007fc665ca799f to 0x00007fc665ca7ee1
Event: 2,949 Thread 0x00007fc675690800 Implicit null exception at 0x00007fc665cda988 to 0x00007fc665cdaef9
Event: 3,096 Thread 0x00007fc67400b000 Implicit null exception at 0x00007fc665a73942 to 0x00007fc665a73c69
Event: 3,096 Thread 0x00007fc67400b000 Implicit null exception at 0x00007fc66590dc31 to 0x00007fc66590df3d
Event: 3,625 Thread 0x00007fc67400b000 Exception <a 'java/lang/NoClassDefFoundError': com/google/inject/ConfigurationException> (0x00000000db8c6048) thrown at [/build/openjdk-8-g3XteX/openjdk-8-8u222-b10/src/hotspot/src/share/vm/classfile/systemDictionary.cpp, line 199]
Event: 4,711 Thread 0x00007fc67400b000 Implicit null exception at 0x00007fc665f5251f to 0x00007fc665f52ba5
Event: 4,711 Thread 0x00007fc67400b000 Implicit null exception at 0x00007fc66563f153 to 0x00007fc66563f511
Event: 6,829 Thread 0x00007fc67400b000 Implicit null exception at 0x00007fc665c2d8e9 to 0x00007fc665c2e229
Event: 6,829 Thread 0x00007fc67400b000 Implicit null exception at 0x00007fc665669d41 to 0x00007fc66566aa2d

Events (10 events):
Event: 7,199 Thread 0x00007fc67400b000 DEOPT PACKING pc=0x00007fc6662c7c58 sp=0x00007fc67bd00550
Event: 7,199 Thread 0x00007fc67400b000 DEOPT UNPACKING pc=0x00007fc6650474c4 sp=0x00007fc67bd00278 mode 0
Event: 7,284 Thread 0x00007fc67400b000 DEOPT PACKING pc=0x00007fc6663d28f5 sp=0x00007fc67bd00cb0
Event: 7,284 Thread 0x00007fc67400b000 DEOPT UNPACKING pc=0x00007fc6650474c4 sp=0x00007fc67bd00ad8 mode 0
Event: 7,361 Thread 0x00007fc67400b000 Uncommon trap: trap_request=0xffffff86 fr.pc=0x00007fc66529daa8
Event: 7,361 Thread 0x00007fc67400b000 DEOPT PACKING pc=0x00007fc66529daa8 sp=0x00007fc67bd006e0
Event: 7,361 Thread 0x00007fc67400b000 DEOPT UNPACKING pc=0x00007fc66504547a sp=0x00007fc67bd00648 mode 2
Event: 7,398 Thread 0x00007fc67400b000 DEOPT PACKING pc=0x00007fc666444ec9 sp=0x00007fc67bd00f30
Event: 7,398 Thread 0x00007fc67400b000 DEOPT UNPACKING pc=0x00007fc6650474c4 sp=0x00007fc67bd00d28 mode 0
Event: 7,430 Executing VM operation: ParallelGCFailedAllocation


Dynamic libraries:
00400000-00401000 r-xp 00000000 08:05 800655                             /usr/lib/jvm/java-8-openjdk-amd64/jre/bin/java
00600000-00601000 r--p 00000000 08:05 800655                             /usr/lib/jvm/java-8-openjdk-amd64/jre/bin/java
00601000-00602000 rw-p 00001000 08:05 800655                             /usr/lib/jvm/java-8-openjdk-amd64/jre/bin/java
01dcd000-01dee000 rw-p 00000000 00:00 0                                  [heap]
84600000-92400000 rw-p 00000000 00:00 0 
92400000-d6d00000 ---p 00000000 00:00 0 
d6d00000-f5900000 rw-p 00000000 00:00 0 
100000000-1003e0000 rw-p 00000000 00:00 0 
1003e0000-140000000 ---p 00000000 00:00 0 
7fc5f4000000-7fc5f4021000 rw-p 00000000 00:00 0 
7fc5f4021000-7fc5f8000000 ---p 00000000 00:00 0 
7fc5fc000000-7fc5fc021000 rw-p 00000000 00:00 0 
7fc5fc021000-7fc600000000 ---p 00000000 00:00 0 
7fc6034dc000-7fc6034de000 r--s 00016000 08:05 800702                     /usr/lib/jvm/java-8-openjdk-amd64/jre/lib/jce.jar
7fc6034de000-7fc6034ed000 r--s 000f3000 08:05 2366034                    /home/julian/.m2/repository/org/mod4j/org/eclipse/emf/ecore/2.5.0/ecore-2.5.0.jar
7fc6034ed000-7fc603503000 r--s 00147000 08:05 2366033                    /home/julian/.m2/repository/de/monticore/javaDSL/4.3.8/javaDSL-4.3.8.jar
7fc603503000-7fc603521000 r--s 00163000 08:05 2366279                    /home/julian/.m2/repository/montiarc/languages/common/4.0.1-SNAPSHOT/common-4.0.1-SNAPSHOT.jar
7fc603521000-7fc603533000 r--s 000db000 08:05 2366275                    /home/julian/.m2/repository/montiarc/languages/montiarc-fe/4.0.1-SNAPSHOT/montiarc-fe-4.0.1-SNAPSHOT.jar
7fc603533000-7fc603537000 r--s 00026000 08:05 2366274                    /home/julian/.m2/repository/montiarc/verification/montiarc-execution-order/4.0.1-SNAPSHOT/montiarc-execution-order-4.0.1-SNAPSHOT.jar
7fc603537000-7fc603541000 r--s 00080000 08:05 2366298                    /home/julian/.m2/repository/de/monticore/lang/math-opt/0.1.1-SNAPSHOT/math-opt-0.1.1-SNAPSHOT.jar
7fc603541000-7fc603547000 r--s 00033000 08:05 2366253                    /home/julian/.m2/repository/com/google/code/gson/gson/2.6.2/gson-2.6.2.jar
7fc603547000-7fc60354c000 r--s 00046000 08:05 2366251                    /home/julian/.m2/repository/org/apache/commons/commons-lang3/3.0/commons-lang3-3.0.jar
7fc60354c000-7fc603551000 r--s 00043000 08:05 2366249                    /home/julian/.m2/repository/it/unibo/alice/tuprolog/tuprolog/3.2.1/tuprolog-3.2.1.jar
7fc603551000-7fc603578000 r--s 001f6000 08:05 2366247                    /home/julian/.m2/repository/org/apache/commons/commons-math3/3.6.1/commons-math3-3.6.1.jar
7fc603578000-7fc603586000 r--s 000c4000 08:05 2366297                    /home/julian/.m2/repository/de/monticore/lang/math/0.0.19-SNAPSHOT/math-0.0.19-SNAPSHOT.jar
7fc603586000-7fc603588000 r--s 00011000 08:05 2366296                    /home/julian/.m2/repository/de/monticore/lang/monticar/embedded-montiarc-behaviour/0.0.16-SNAPSHOT/embedded-montiarc-behaviour-0.0.16-SNAPSHOT.jar
7fc603588000-7fc6035a5000 r--s 00139000 08:05 2366299                    /home/julian/.m2/repository/de/monticore/lang/monticar/embedded-montiarc-dynamics/0.0.4-SNAPSHOT/embedded-montiarc-dynamics-0.0.4-SNAPSHOT.jar
7fc6035a5000-7fc6035ad000 r--s 00055000 08:05 2366295                    /home/julian/.m2/repository/de/monticore/lang/monticar/enum/0.0.14-SNAPSHOT/enum-0.0.14-SNAPSHOT.jar
7fc6035ad000-7fc6035b5000 r--s 00057000 08:05 2366294                    /home/julian/.m2/repository/de/monticore/lang/monticar/struct/0.0.18-SNAPSHOT/struct-0.0.18-SNAPSHOT.jar
7fc6035b5000-7fc6035c3000 r--s 000ba000 08:05 2366238                    /home/julian/.m2/repository/de/monticore/lang/Tagging/0.0.6/Tagging-0.0.6.jar
7fc6035c3000-7fc6035d2000 r--s 000a3000 08:05 2366293                    /home/julian/.m2/repository/de/monticore/lang/monticar/embedded-montiarc/0.1.9-SNAPSHOT/embedded-montiarc-0.1.9-SNAPSHOT.jar
7fc6035d2000-7fc6035e1000 r--s 00098000 08:05 2366271                    /home/julian/.m2/repository/org/jscience/jscience/4.3.1/jscience-4.3.1.jar
7fc6035e1000-7fc60360e000 r--s 00223000 08:05 2366290                    /home/julian/.m2/repository/de/monticore/lang/monticar/common-monticar/0.0.14-SNAPSHOT/common-monticar-0.0.14-SNAPSHOT.jar
7fc60360e000-7fc603612000 r--s 00031000 08:05 2366221                    /home/julian/.m2/repository/jline/jline/2.12/jline-2.12.jar
7fc603612000-7fc60365b000 r--s 003fb000 08:05 2366219                    /home/julian/.m2/repository/org/codehaus/groovy/groovy/2.3.7/groovy-2.3.7.jar
7fc60365b000-7fc60365c000 r--s 00001000 08:05 2366217                    /home/julian/.m2/repository/de/se_rwth/commons/se-commons-groovy/1.7.8/se-commons-groovy-1.7.8.jar
7fc60365c000-7fc60367c000 r--s 0016d000 08:05 2366215                    /home/julian/.m2/repository/de/monticore/monticore-grammar/5.0.1/monticore-grammar-5.0.1.jar
7fc60367c000-7fc603694000 r--s 00132000 08:05 2366183                    /home/julian/.m2/repository/org/freemarker/freemarker/2.3.23/freemarker-2.3.23.jar
7fc603694000-7fc603698000 r--s 0000f000 08:05 2366212                    /home/julian/.m2/repository/com/google/code/findbugs/annotations/2.0.1/annotations-2.0.1.jar
7fc603698000-7fc6036a2000 r--s 000a5000 08:05 2366211                    /home/julian/.m2/repository/org/javassist/javassist/3.18.2-GA/javassist-3.18.2-GA.jar
7fc6036a2000-7fc6036a5000 r--s 00020000 08:05 2366208                    /home/julian/.m2/repository/org/reflections/reflections/0.9.9/reflections-0.9.9.jar
7fc6036a5000-7fc6036ab000 r--s 00045000 08:05 2366206                    /home/julian/.m2/repository/de/monticore/monticore-runtime/5.0.1/monticore-runtime-5.0.1.jar
7fc6036ab000-7fc6036af000 r--s 00031000 08:05 2366229                    /home/julian/.m2/repository/commons-io/commons-io/2.6/commons-io-2.6.jar
7fc6036af000-7fc6036b1000 r--s 00006000 08:05 2366269                    /home/julian/.m2/repository/org/slf4j/slf4j-api/1.7.6/slf4j-api-1.7.6.jar
7fc6036b1000-7fc6036b4000 r--s 00006000 08:05 2365844                    /home/julian/.m2/repository/com/google/code/findbugs/jsr305/3.0.0/jsr305-3.0.0.jar
7fc6036b4000-7fc6036b5000 r--s 00000000 08:05 2366233                    /home/julian/.m2/repository/javax/inject/javax.inject/1/javax.inject-1.jar
7fc6036b5000-7fc6036b7000 r--s 0000e000 08:05 2366231                    /home/julian/.m2/repository/de/se_rwth/commons/se-commons-utilities/1.7.8/se-commons-utilities-1.7.8.jar
7fc6036b7000-7fc6036b8000 r--s 00002000 08:05 2366204                    /home/julian/.m2/repository/de/se_rwth/commons/se-commons-logging/1.7.8/se-commons-logging-1.7.8.jar
7fc6036b8000-7fc6036c9000 r--s 000ae000 08:05 2366273                    /home/julian/.m2/repository/de/monticore/lang/monticar/embedded-montiarc-math/0.1.7-SNAPSHOT/embedded-montiarc-math-0.1.7-SNAPSHOT.jar
7fc6036c9000-7fc6036d3000 r--s 00080000 08:05 2365217                    /home/julian/.m2/repository/de/monticore/lang/monticar/embedded-montiarc-math-generator/0.1.6-SNAPSHOT/embedded-montiarc-math-generator-0.1.6-SNAPSHOT.jar
7fc6036d3000-7fc6036d6000 r--s 0000e000 08:05 2365221                    /home/julian/.m2/repository/de/monticore/lang/monticar/embedded-montiarc-math-opt-generator/0.1.4/embedded-montiarc-math-opt-generator-0.1.4.jar
7fc6036d6000-7fc603701000 r--s 001fc000 08:05 2365219                    /home/julian/.m2/repository/com/google/guava/guava/18.0/guava-18.0.jar
7fc603701000-7fc603708000 r--s 0004c000 08:05 2365218                    /home/julian/.m2/repository/org/antlr/antlr4-runtime/4.7.1/antlr4-runtime-4.7.1.jar
7fc603708000-7fc603888000 rw-p 00000000 00:00 0 
7fc603888000-7fc603908000 ---p 00000000 00:00 0 
7fc603908000-7fc60390a000 r--s 00007000 08:05 2370568                    /home/julian/.m2/repository/org/apache/maven/wagon/wagon-webdav-jackrabbit/2.6/wagon-webdav-jackrabbit-2.6.jar
7fc60390a000-7fc603910000 r--s 0003d000 08:05 2366265                    /home/julian/.m2/repository/ch/qos/logback/logback-classic/1.1.2/logback-classic-1.1.2.jar
7fc603910000-7fc60391a000 r--s 0005f000 08:05 2366267                    /home/julian/.m2/repository/ch/qos/logback/logback-core/1.1.2/logback-core-1.1.2.jar
7fc60391a000-7fc60391c000 r--s 0000b000 08:05 2370547                    /home/julian/.m2/repository/org/fusesource/hawtbuf/hawtbuf/1.9/hawtbuf-1.9.jar
7fc60391c000-7fc60391d000 r--s 00006000 08:05 2370545                    /home/julian/.m2/repository/org/fusesource/hawtbuf/hawtbuf-proto/1.9/hawtbuf-proto-1.9.jar
7fc60391d000-7fc603921000 r--s 0001a000 08:05 2370543                    /home/julian/.m2/repository/org/sonatype/spice/zapper/spice-zapper/1.3/spice-zapper-1.3.jar
7fc603921000-7fc603923000 r--s 00003000 08:05 2370541                    /home/julian/.m2/repository/org/slf4j/jcl-over-slf4j/1.7.7/jcl-over-slf4j-1.7.7.jar
7fc603923000-7fc603929000 r--s 0003f000 08:05 2370540                    /home/julian/.m2/repository/org/apache/httpcomponents/httpcore/4.3.2/httpcore-4.3.2.jar
7fc603929000-7fc603935000 r--s 00085000 08:05 2370537                    /home/julian/.m2/repository/org/apache/httpcomponents/httpclient/4.3.5/httpclient-4.3.5.jar
7fc603935000-7fc603936000 r--s 00007000 08:05 2370535                    /home/julian/.m2/repository/com/fasterxml/jackson/module/jackson-module-jaxb-annotations/2.3.1/jackson-module-jaxb-annotations-2.3.1.jar
7fc603936000-7fc603937000 r--s 00006000 08:05 2370533                    /home/julian/.m2/repository/com/fasterxml/jackson/jaxrs/jackson-jaxrs-base/2.3.1/jackson-jaxrs-base-2.3.1.jar
7fc603937000-7fc603939000 r--s 00003000 08:05 2370532                    /home/julian/.m2/repository/com/fasterxml/jackson/jaxrs/jackson-jaxrs-json-provider/2.3.1/jackson-jaxrs-json-provider-2.3.1.jar
7fc603939000-7fc60394b000 r--s 000ce000 08:05 2370529                    /home/julian/.m2/repository/com/fasterxml/jackson/core/jackson-databind/2.3.1/jackson-databind-2.3.1.jar
7fc60394b000-7fc60394f000 r--s 0002d000 08:05 2370528                    /home/julian/.m2/repository/com/fasterxml/jackson/core/jackson-core/2.3.1/jackson-core-2.3.1.jar
7fc60394f000-7fc603951000 r--s 00007000 08:05 2370527                    /home/julian/.m2/repository/com/fasterxml/jackson/core/jackson-annotations/2.3.1/jackson-annotations-2.3.1.jar
7fc603951000-7fc603952000 r--s 00001000 08:05 2370524                    /home/julian/.m2/repository/org/sonatype/sisu/siesta/siesta-jackson/1.7/siesta-jackson-1.7.jar
7fc603952000-7fc603953000 r--s 00003000 08:05 2370521                    /home/julian/.m2/repository/com/sun/jersey/contribs/jersey-apache-client4/1.17.1/jersey-apache-client4-1.17.1.jar
7fc603953000-7fc603956000 r--s 0001d000 08:05 2370519                    /home/julian/.m2/repository/com/sun/jersey/jersey-client/1.17.1/jersey-client-1.17.1.jar
7fc603956000-7fc60395a000 r--s 0000c000 08:05 2370517                    /home/julian/.m2/repository/javax/validation/validation-api/1.1.0.Final/validation-api-1.1.0.Final.jar
7fc60395a000-7fc603965000 r--s 00068000 08:05 2370516                    /home/julian/.m2/repository/com/sun/jersey/jersey-core/1.17.1/jersey-core-1.17.1.jar
7fc603965000-7fc603967000 r--s 0000a000 08:05 2370513                    /home/julian/.m2/repository/javax/ws/rs/jsr311-api/1.1.1/jsr311-api-1.1.1.jar
7fc603967000-7fc603968000 r--s 00002000 08:05 2370511                    /home/julian/.m2/repository/org/sonatype/sisu/siesta/siesta-common/1.7/siesta-common-1.7.jar
7fc603968000-7fc603969000 r--s 00004000 08:05 2370509                    /home/julian/.m2/repository/org/sonatype/sisu/siesta/siesta-client/1.7/siesta-client-1.7.jar
7fc603969000-7fc60396d000 r--s 0002f000 08:05 2370508                    /home/julian/.m2/repository/commons-beanutils/commons-beanutils-core/1.8.3/commons-beanutils-core-1.8.3.jar
7fc60396d000-7fc60397d000 r--s 0007d000 08:05 2370506                    /home/julian/.m2/repository/joda-time/joda-time/2.2/joda-time-2.2.jar
7fc60397d000-7fc60397f000 r--s 00005000 08:05 2370503                    /home/julian/.m2/repository/xpp3/xpp3_min/1.1.4c/xpp3_min-1.1.4c.jar
7fc60397f000-7fc60398c000 r--s 00075000 08:05 2370502                    /home/julian/.m2/repository/com/thoughtworks/xstream/xstream/1.4.7/xstream-1.4.7.jar
7fc60398c000-7fc603990000 r--s 0002a000 08:05 2366328                    /home/julian/.m2/repository/commons-io/commons-io/2.4/commons-io-2.4.jar
7fc603990000-7fc603991000 r--s 00002000 08:05 2370501                    /home/julian/.m2/repository/com/intellij/annotations/9.0.4/annotations-9.0.4.jar
7fc603991000-7fc603997000 r--s 00022000 08:05 2370494                    /home/julian/.m2/repository/org/sonatype/nexus/plugins/nexus-restlet1x-model/2.9.1-02/nexus-restlet1x-model-2.9.1-02.jar
7fc603997000-7fc60399f000 r--s 0002c000 08:05 2370493                    /home/julian/.m2/repository/org/sonatype/nexus/nexus-client-core/2.9.1-02/nexus-client-core-2.9.1-02.jar
7fc60399f000-7fc6039c8000 r--s 001ee000 08:05 2370489                    /home/julian/.m2/repository/com/google/guava/guava/14.0.1/guava-14.0.1.jar
7fc6039c8000-7fc6039ca000 r--s 00002000 08:05 2370487                    /home/julian/.m2/repository/org/sonatype/plexus/plexus-cipher/1.7/plexus-cipher-1.7.jar
7fc6039ca000-7fc6039cb000 r--s 00006000 08:05 2370485                    /home/julian/.m2/repository/org/sonatype/plexus/plexus-sec-dispatcher/1.4/plexus-sec-dispatcher-1.4.jar
7fc6039cb000-7fc6039cc000 r--s 00003000 08:05 2370483                    /home/julian/.m2/repository/org/sonatype/nexus/maven/nexus-common/1.6.7/nexus-common-1.6.7.jar
7fc6039cc000-7fc603bcc000 rw-p 00000000 00:00 0 
7fc603bcc000-7fc603bd3000 r--s 00037000 08:05 2370481                    /home/julian/.m2/repository/org/sonatype/plugins/nexus-staging-maven-plugin/1.6.7/nexus-staging-maven-plugin-1.6.7.jar
7fc603bd3000-7fc603bd5000 r--s 00008000 08:05 2370060                    /home/julian/.m2/repository/org/apache/maven/scm/maven-scm-provider-git-commons/1.5/maven-scm-provider-git-commons-1.5.jar
7fc603bd5000-7fc603bd7000 r--s 0000c000 08:05 2370058                    /home/julian/.m2/repository/org/apache/maven/scm/maven-scm-provider-gitexe/1.5/maven-scm-provider-gitexe-1.5.jar
7fc603bd7000-7fc603bd8000 r--s 00002000 08:05 2370056                    /home/julian/.m2/repository/org/apache/maven/scm/maven-scm-manager-plexus/1.5/maven-scm-manager-plexus-1.5.jar
7fc603bd8000-7fc603bdb000 r--s 00015000 08:05 2370054                    /home/julian/.m2/repository/org/apache/maven/scm/maven-scm-api/1.5/maven-scm-api-1.5.jar
7fc603bdb000-7fc603bdc000 r--s 00004000 08:05 2370052                    /home/julian/.m2/repository/com/github/stephenc/wagon/wagon-gitsite/0.4.1/wagon-gitsite-0.4.1.jar
7fc603bdc000-7fc603bdd000 r--s 00002000 08:05 2369997                    /home/julian/.m2/repository/org/apache/maven/scm/maven-scm-manager-plexus/1.8.1/maven-scm-manager-plexus-1.8.1.jar
7fc603bdd000-7fc603be1000 r--s 00035000 08:05 2369985                    /home/julian/.m2/repository/org/codehaus/plexus/plexus-utils/3.0.7/plexus-utils-3.0.7.jar
7fc603be1000-7fc603be5000 r--s 00016000 08:05 2369983                    /home/julian/.m2/repository/org/apache/maven/scm/maven-scm-api/1.8.1/maven-scm-api-1.8.1.jar
7fc603be5000-7fc603be7000 r--s 00008000 08:05 2369980                    /home/julian/.m2/repository/org/apache/maven/scm/maven-scm-provider-git-commons/1.8.1/maven-scm-provider-git-commons-1.8.1.jar
7fc603be7000-7fc603be9000 r--s 00005000 08:05 2369981                    /home/julian/.m2/repository/regexp/regexp/1.3/regexp-1.3.jar
7fc603be9000-7fc603beb000 r--s 0000e000 08:05 2369977                    /home/julian/.m2/repository/org/apache/maven/scm/maven-scm-provider-gitexe/1.8.1/maven-scm-provider-gitexe-1.8.1.jar
7fc603beb000-7fc603bee000 r--s 0002f000 08:05 2369931                    /home/julian/.m2/repository/org/codehaus/plexus/plexus-utils/1.4.7/plexus-utils-1.4.7.jar
7fc603bee000-7fc603bf1000 r--s 00020000 08:05 2369930                    /home/julian/.m2/repository/org/codehaus/plexus/plexus-archiver/1.0-alpha-7/plexus-archiver-1.0-alpha-7.jar
7fc603bf1000-7fc603bf2000 r--s 00002000 08:05 2369925                    /home/julian/.m2/repository/org/apache/maven/maven-archiver/2.2/maven-archiver-2.2.jar
7fc603bf2000-7fc603bf3000 r--s 00002000 08:05 2369922                    /home/julian/.m2/repository/org/apache/felix/org.osgi.service.obr/1.0.1/org.osgi.service.obr-1.0.1.jar
7fc603bf3000-7fc603bf5000 r--s 0000d000 08:05 2369921                    /home/julian/.m2/repository/org/apache/felix/org.osgi.core/1.0.0/org.osgi.core-1.0.0.jar
7fc603bf5000-7fc603bf8000 r--s 00022000 08:05 2369918                    /home/julian/.m2/repository/org/apache/felix/org.apache.felix.bundlerepository/1.6.2/org.apache.felix.bundlerepository-1.6.2.jar
7fc603bf8000-7fc603bf9000 r--s 00001000 08:05 2369916                    /home/julian/.m2/repository/xmlpull/xmlpull/1.1.3.1/xmlpull-1.1.3.1.jar
7fc603bf9000-7fc603bfa000 r--s 0000a000 08:05 2369912                    /home/julian/.m2/repository/net/sf/kxml/kxml2/2.2.2/kxml2-2.2.2.jar
7fc603bfa000-7fc603bfe000 r--s 00041000 08:05 2369914                    /home/julian/.m2/repository/biz/aQute/bndlib/0.0.357/bndlib-0.0.357.jar
7fc603bfe000-7fc603dfe000 rw-p 00000000 00:00 0 
7fc603dfe000-7fc603e01000 ---p 00000000 00:00 0 
7fc603e01000-7fc603eff000 rw-p 00000000 00:00 0 
7fc603eff000-7fc603f02000 ---p 00000000 00:00 0 
7fc603f02000-7fc604000000 rw-p 00000000 00:00 0 
7fc604000000-7fc604021000 rw-p 00000000 00:00 0 
7fc604021000-7fc608000000 ---p 00000000 00:00 0 
7fc608000000-7fc608021000 rw-p 00000000 00:00 0 
7fc608021000-7fc60c000000 ---p 00000000 00:00 0 
7fc60c000000-7fc60c021000 rw-p 00000000 00:00 0 
7fc60c021000-7fc610000000 ---p 00000000 00:00 0 
7fc610000000-7fc610003000 r--s 0001e000 08:05 2369910                    /home/julian/.m2/repository/org/apache/felix/maven-bundle-plugin/2.1.0/maven-bundle-plugin-2.1.0.jar
7fc610003000-7fc610006000 r--s 00027000 08:05 2369804                    /home/julian/.m2/repository/org/codehaus/plexus/plexus-utils/1.1/plexus-utils-1.1.jar
7fc610006000-7fc610007000 r--s 00001000 08:05 2369802                    /home/julian/.m2/repository/org/apache/maven/archetype/archetype-packaging/2.3/archetype-packaging-2.3.jar
7fc610007000-7fc61000b000 r--s 00035000 08:05 2369789                    /home/julian/.m2/repository/org/codehaus/plexus/plexus-utils/3.0.8/plexus-utils-3.0.8.jar
7fc61000b000-7fc61000f000 r--s 00027000 08:05 2369058                    /home/julian/.m2/repository/commons-io/commons-io/2.2/commons-io-2.2.jar
7fc61000f000-7fc610014000 r--s 00041000 08:05 2369785                    /home/julian/.m2/repository/commons-lang/commons-lang/2.6/commons-lang-2.6.jar
7fc610014000-7fc61001c000 r--s 00048000 08:05 2369781                    /home/julian/.m2/repository/org/apache/jackrabbit/jackrabbit-webdav/2.5.2/jackrabbit-webdav-2.5.2.jar
7fc61001c000-7fc61001e000 r--s 0000d000 08:05 2368453                    /home/julian/.m2/repository/commons-logging/commons-logging/1.1.1/commons-logging-1.1.1.jar
7fc61001e000-7fc610021000 r--s 00019000 08:05 2369779                    /home/julian/.m2/repository/nekohtml/nekohtml/1.9.6.2/nekohtml-1.9.6.2.jar
7fc610021000-7fc610023000 r--s 00008000 08:05 2369777                    /home/julian/.m2/repository/nekohtml/xercesMinimal/1.9.6.2/xercesMinimal-1.9.6.2.jar
7fc610023000-7fc610025000 r--s 00005000 08:05 2369775                    /home/julian/.m2/repository/org/apache/maven/wagon/wagon-http-shared/2.3/wagon-http-shared-2.3.jar
7fc610025000-7fc610027000 r--s 00004000 08:05 2369773                    /home/julian/.m2/repository/org/apache/maven/wagon/wagon-webdav-jackrabbit/2.3/wagon-webdav-jackrabbit-2.3.jar
7fc610027000-7fc610028000 r--s 00002000 08:05 2369701                    /home/julian/.m2/repository/org/codehaus/plexus/plexus-interactivity-api/1.0-alpha-6/plexus-interactivity-api-1.0-alpha-6.jar
7fc610028000-7fc61002a000 r--s 00005000 08:05 2369699                    /home/julian/.m2/repository/org/apache/maven/wagon/wagon-ssh-common/2.0/wagon-ssh-common-2.0.jar
7fc61002a000-7fc61002e000 r--s 00031000 08:05 2369697                    /home/julian/.m2/repository/com/jcraft/jsch/0.1.44-1/jsch-0.1.44-1.jar
7fc61002e000-7fc610030000 r--s 00006000 08:05 2369695                    /home/julian/.m2/repository/org/apache/maven/wagon/wagon-ssh/2.0/wagon-ssh-2.0.jar
7fc610030000-7fc610033000 r--s 00034000 08:05 2369648                    /home/julian/.m2/repository/org/codehaus/plexus/plexus-utils/2.1/plexus-utils-2.1.jar
7fc610033000-7fc610035000 r--s 00007000 08:05 2369646                    /home/julian/.m2/repository/org/apache/maven/shared/maven-dependency-tree/1.2/maven-dependency-tree-1.2.jar
7fc610035000-7fc610038000 r--s 0000a000 08:05 2369644                    /home/julian/.m2/repository/org/codehaus/plexus/plexus-io/1.0/plexus-io-1.0.jar
7fc610038000-7fc61003c000 r--s 00028000 08:05 2369643                    /home/julian/.m2/repository/org/codehaus/plexus/plexus-archiver/1.0/plexus-archiver-1.0.jar
7fc61003c000-7fc61003d000 r--s 00004000 08:05 2369641                    /home/julian/.m2/repository/org/apache/maven/maven-archiver/2.4.1/maven-archiver-2.4.1.jar
7fc61003d000-7fc61003e000 r--s 00002000 08:05 2369615                    /home/julian/.m2/repository/org/apache/maven/reporting/maven-reporting-api/2.0.7/maven-reporting-api-2.0.7.jar
7fc61003e000-7fc610040000 r--s 00012000 08:05 2369607                    /home/julian/.m2/repository/org/easymock/easymock/2.4/easymock-2.4.jar
7fc610040000-7fc610044000 r--s 00024000 08:05 2369605                    /home/julian/.m2/repository/org/osgi/org.osgi.core/4.1.0/org.osgi.core-4.1.0.jar
7fc610044000-7fc610048000 r--s 00026000 08:05 2369603                    /home/julian/.m2/repository/org/apache/felix/org.apache.felix.bundlerepository/1.6.6/org.apache.felix.bundlerepository-1.6.6.jar
7fc610048000-7fc610057000 r--s 000d2000 08:05 2369601                    /home/julian/.m2/repository/biz/aQute/bndlib/1.50.0/bndlib-1.50.0.jar
7fc610057000-7fc61005a000 r--s 0001c000 08:05 2369599                    /home/julian/.m2/repository/org/apache/felix/maven-bundle-plugin/2.3.7/maven-bundle-plugin-2.3.7.jar
7fc61005a000-7fc61005d000 ---p 00000000 00:00 0 
7fc61005d000-7fc61015b000 rw-p 00000000 00:00 0 
7fc61015b000-7fc61015e000 ---p 00000000 00:00 0 
7fc61015e000-7fc61025c000 rw-p 00000000 00:00 0 
7fc61025c000-7fc61025f000 ---p 00000000 00:00 0 
7fc61025f000-7fc61055d000 rw-p 00000000 00:00 0 
7fc61055d000-7fc610563000 r--s 00033000 08:05 2369067                    /home/julian/.m2/repository/commons-codec/commons-codec/1.6/commons-codec-1.6.jar
7fc610563000-7fc610567000 r--s 0003c000 08:05 2369455                    /home/julian/.m2/repository/org/codehaus/plexus/plexus-utils/3.1.0/plexus-utils-3.1.0.jar
7fc610567000-7fc610568000 r--s 00005000 08:05 2369452                    /home/julian/.m2/repository/org/apache/maven/maven-archiver/3.2.0/maven-archiver-3.2.0.jar
7fc610568000-7fc61056c000 r--s 0000f000 08:05 2369450                    /home/julian/.m2/repository/org/codehaus/plexus/plexus-io/3.0.0/plexus-io-3.0.0.jar
7fc61056c000-7fc61056e000 r--s 00001000 08:05 2369448                    /home/julian/.m2/repository/org/sonatype/plexus/plexus-build-api/0.0.7/plexus-build-api-0.0.7.jar
7fc61056e000-7fc610570000 r--s 0000b000 08:05 2369446                    /home/julian/.m2/repository/org/apache/maven/shared/maven-filtering/3.1.1/maven-filtering-3.1.1.jar
7fc610570000-7fc610574000 r--s 0002f000 08:05 2369445                    /home/julian/.m2/repository/commons-io/commons-io/2.5/commons-io-2.5.jar
7fc610574000-7fc610577000 r--s 00008000 08:05 2369439                    /home/julian/.m2/repository/org/apache/maven/shared/maven-shared-io/3.0.0/maven-shared-io-3.0.0.jar
7fc610577000-7fc610579000 r--s 00007000 08:05 2369436                    /home/julian/.m2/repository/org/apache/maven/shared/file-management/3.0.0/file-management-3.0.0.jar
7fc610579000-7fc61057d000 r--s 00016000 08:05 2369435                    /home/julian/.m2/repository/org/tukaani/xz/1.6/xz-1.6.jar
7fc61057d000-7fc61057f000 r--s 0000d000 08:05 2369433                    /home/julian/.m2/repository/org/iq80/snappy/snappy/0.4/snappy-0.4.jar
7fc61057f000-7fc610589000 r--s 00078000 08:05 2369432                    /home/julian/.m2/repository/org/apache/commons/commons-compress/1.14/commons-compress-1.14.jar
7fc610589000-7fc61058e000 r--s 00029000 08:05 2369428                    /home/julian/.m2/repository/org/codehaus/plexus/plexus-archiver/3.5/plexus-archiver-3.5.jar
7fc61058e000-7fc610591000 r--s 00011000 08:05 2369427                    /home/julian/.m2/repository/org/codehaus/plexus/plexus-interpolation/1.24/plexus-interpolation-1.24.jar
7fc610591000-7fc610596000 r--s 0001a000 08:05 2369423                    /home/julian/.m2/repository/org/apache/maven/shared/maven-artifact-transfer/0.9.0/maven-artifact-transfer-0.9.0.jar
7fc610596000-7fc610599000 r--s 00025000 08:05 2369422                    /home/julian/.m2/repository/org/apache/maven/shared/maven-shared-utils/3.1.0/maven-shared-utils-3.1.0.jar
7fc610599000-7fc61059c000 r--s 0000d000 08:05 2369420                    /home/julian/.m2/repository/org/apache/maven/shared/maven-common-artifact-filters/3.0.1/maven-common-artifact-filters-3.0.1.jar
7fc61059c000-7fc61059e000 r--s 00000000 08:05 2369413                    /home/julian/.m2/repository/org/codehaus/plexus/plexus-component-annotations/1.6/plexus-component-annotations-1.6.jar
7fc61059e000-7fc6105a2000 r--s 00017000 08:05 2369408                    /home/julian/.m2/repository/org/sonatype/aether/aether-util/1.7/aether-util-1.7.jar
7fc6105a2000-7fc6105ad000 r--s 00069000 08:05 2369390                    /home/julian/.m2/repository/org/sonatype/sisu/sisu-guice/2.1.7/sisu-guice-2.1.7-noaop.jar
7fc6105ad000-7fc6105b2000 r--s 00021000 08:05 2369386                    /home/julian/.m2/repository/org/sonatype/sisu/sisu-inject-bean/1.4.2/sisu-inject-bean-1.4.2.jar
7fc6105b2000-7fc6105b6000 r--s 00037000 08:05 2364479                    /home/julian/.m2/repository/org/apache/maven/plugins/maven-assembly-plugin/3.1.0/maven-assembly-plugin-3.1.0.jar
7fc6105b6000-7fc6105ba000 r--s 00034000 08:05 2368864                    /home/julian/.m2/repository/org/codehaus/plexus/plexus-utils/3.0/plexus-utils-3.0.jar
7fc6105ba000-7fc6105be000 r--s 0002f000 08:05 2368862                    /home/julian/.m2/repository/commons-lang/commons-lang/2.1/commons-lang-2.1.jar
7fc6105be000-7fc6105c1000 r--s 0000c000 08:05 2368860                    /home/julian/.m2/repository/org/codehaus/plexus/plexus-io/2.0.2/plexus-io-2.0.2.jar
7fc6105c1000-7fc6105c6000 r--s 00029000 08:05 2368859                    /home/julian/.m2/repository/org/codehaus/plexus/plexus-archiver/2.1/plexus-archiver-2.1.jar
7fc6105c6000-7fc6105c8000 r--s 0000d000 08:05 2368856                    /home/julian/.m2/repository/org/codehaus/plexus/plexus-interpolation/1.15/plexus-interpolation-1.15.jar
7fc6105c8000-7fc6105ca000 r--s 00004000 08:05 2368854                    /home/julian/.m2/repository/org/apache/maven/maven-archiver/2.5/maven-archiver-2.5.jar
7fc6105ca000-7fc6107ca000 rw-p 00000000 00:00 0 
7fc6107ca000-7fc6107cf000 r--s 0002b000 08:05 2368819                    /home/julian/.m2/repository/org/apache/maven/surefire/surefire-api/2.19.1/surefire-api-2.19.1.jar
7fc6107cf000-7fc6107d5000 r--s 00048000 08:05 2368817                    /home/julian/.m2/repository/org/apache/commons/commons-lang3/3.1/commons-lang3-3.1.jar
7fc6107d5000-7fc6109d5000 rw-p 00000000 00:00 0 
7fc6109d5000-7fc610bd5000 rw-p 00000000 00:00 0 
7fc610bd5000-7fc610be6000 r-xp 00000000 08:05 800758                     /usr/lib/jvm/java-8-openjdk-amd64/jre/lib/amd64/libnio.so
7fc610be6000-7fc610de5000 ---p 00011000 08:05 800758                     /usr/lib/jvm/java-8-openjdk-amd64/jre/lib/amd64/libnio.so
7fc610de5000-7fc610de6000 r--p 00010000 08:05 800758                     /usr/lib/jvm/java-8-openjdk-amd64/jre/lib/amd64/libnio.so
7fc610de6000-7fc610de7000 rw-p 00011000 08:05 800758                     /usr/lib/jvm/java-8-openjdk-amd64/jre/lib/amd64/libnio.so
7fc610de7000-7fc613de8000 rw-p 00000000 00:00 0 
7fc613de8000-7fc613dfe000 r-xp 00000000 08:05 800740                     /usr/lib/jvm/java-8-openjdk-amd64/jre/lib/amd64/libnet.so
7fc613dfe000-7fc613ffe000 ---p 00016000 08:05 800740                     /usr/lib/jvm/java-8-openjdk-amd64/jre/lib/amd64/libnet.so
7fc613ffe000-7fc613fff000 r--p 00016000 08:05 800740                     /usr/lib/jvm/java-8-openjdk-amd64/jre/lib/amd64/libnet.so
7fc613fff000-7fc614000000 rw-p 00017000 08:05 800740                     /usr/lib/jvm/java-8-openjdk-amd64/jre/lib/amd64/libnet.so
7fc614000000-7fc614021000 rw-p 00000000 00:00 0 
7fc614021000-7fc618000000 ---p 00000000 00:00 0 
7fc618000000-7fc618021000 rw-p 00000000 00:00 0 
7fc618021000-7fc61c000000 ---p 00000000 00:00 0 
7fc61c000000-7fc61d343000 rw-p 00000000 00:00 0 
7fc61d343000-7fc620000000 ---p 00000000 00:00 0 
7fc620000000-7fc620d7c000 rw-p 00000000 00:00 0 
7fc620d7c000-7fc624000000 ---p 00000000 00:00 0 
7fc624000000-7fc625201000 rw-p 00000000 00:00 0 
7fc625201000-7fc628000000 ---p 00000000 00:00 0 
7fc628000000-7fc62959a000 rw-p 00000000 00:00 0 
7fc62959a000-7fc62c000000 ---p 00000000 00:00 0 
7fc62c000000-7fc62c021000 rw-p 00000000 00:00 0 
7fc62c021000-7fc630000000 ---p 00000000 00:00 0 
7fc630000000-7fc630021000 rw-p 00000000 00:00 0 
7fc630021000-7fc634000000 ---p 00000000 00:00 0 
7fc634000000-7fc634021000 rw-p 00000000 00:00 0 
7fc634021000-7fc638000000 ---p 00000000 00:00 0 
7fc638000000-7fc638021000 rw-p 00000000 00:00 0 
7fc638021000-7fc63c000000 ---p 00000000 00:00 0 
7fc63c000000-7fc63c021000 rw-p 00000000 00:00 0 
7fc63c021000-7fc640000000 ---p 00000000 00:00 0 
7fc640000000-7fc640021000 rw-p 00000000 00:00 0 
7fc640021000-7fc644000000 ---p 00000000 00:00 0 
7fc644000000-7fc644021000 rw-p 00000000 00:00 0 
7fc644021000-7fc648000000 ---p 00000000 00:00 0 
7fc648000000-7fc648021000 rw-p 00000000 00:00 0 
7fc648021000-7fc64c000000 ---p 00000000 00:00 0 
7fc64c000000-7fc64c021000 rw-p 00000000 00:00 0 
7fc64c021000-7fc650000000 ---p 00000000 00:00 0 
7fc650000000-7fc650021000 rw-p 00000000 00:00 0 
7fc650021000-7fc654000000 ---p 00000000 00:00 0 
7fc654000000-7fc654002000 r--s 00007000 08:05 2364465                    /home/julian/.m2/repository/org/apache/maven/plugins/maven-jar-plugin/2.4/maven-jar-plugin-2.4.jar
7fc654002000-7fc654004000 r--s 00002000 08:05 2368821                    /home/julian/.m2/repository/org/apache/maven/plugin-tools/maven-plugin-annotations/3.3/maven-plugin-annotations-3.3.jar
7fc654004000-7fc654005000 r--s 00002000 08:05 2367352                    /home/julian/.m2/repository/org/apache/maven/reporting/maven-reporting-api/3.0/maven-reporting-api-3.0.jar
7fc654005000-7fc654007000 r--s 00009000 08:05 2366263                    /home/julian/.m2/repository/org/hamcrest/hamcrest-core/1.3/hamcrest-core-1.3.jar
7fc654007000-7fc65400f000 r--s 00045000 08:05 2366261                    /home/julian/.m2/repository/junit/junit/4.12/junit-4.12.jar
7fc65400f000-7fc654011000 r--s 0000a000 08:05 2368815                    /home/julian/.m2/repository/org/apache/maven/surefire/surefire-booter/2.19.1/surefire-booter-2.19.1.jar
7fc654011000-7fc654017000 r--s 00042000 08:05 2368813                    /home/julian/.m2/repository/org/apache/maven/surefire/maven-surefire-common/2.19.1/maven-surefire-common-2.19.1.jar
7fc654017000-7fc654018000 r--s 00009000 08:05 2364451                    /home/julian/.m2/repository/org/apache/maven/plugins/maven-surefire-plugin/2.19.1/maven-surefire-plugin-2.19.1.jar
7fc654018000-7fc65401b000 r--s 0001b000 08:05 2368783                    /home/julian/.m2/repository/junit/junit/3.8.2/junit-3.8.2.jar
7fc65401b000-7fc654029000 r--s 0008f000 08:05 2368782                    /home/julian/.m2/repository/com/google/collections/google-collections/1.0/google-collections-1.0.jar
7fc654029000-7fc65402a000 r--s 0000a000 08:05 2368433                    /home/julian/.m2/repository/commons-logging/commons-logging-api/1.1/commons-logging-api-1.1.jar
7fc65402a000-7fc654031000 r--s 00051000 08:05 2368430                    /home/julian/.m2/repository/log4j/log4j/1.2.12/log4j-1.2.12.jar
7fc654031000-7fc654035000 r--s 0001d000 08:05 2368428                    /home/julian/.m2/repository/org/apache/xbean/xbean-reflect/3.4/xbean-reflect-3.4.jar
7fc654035000-7fc654036000 r--s 00004000 08:05 2368775                    /home/julian/.m2/repository/org/codehaus/plexus/plexus-compiler-javac/2.5/plexus-compiler-javac-2.5.jar
7fc654036000-7fc654038000 r--s 00000000 08:05 2368774                    /home/julian/.m2/repository/org/codehaus/plexus/plexus-compiler-manager/2.5/plexus-compiler-manager-2.5.jar
7fc654038000-7fc65403a000 r--s 00005000 08:05 2368773                    /home/julian/.m2/repository/org/codehaus/plexus/plexus-compiler-api/2.5/plexus-compiler-api-2.5.jar
7fc65403a000-7fc65403c000 r--s 00000000 08:05 2367340                    /home/julian/.m2/repository/org/codehaus/plexus/plexus-component-annotations/1.5.5/plexus-component-annotations-1.5.5.jar
7fc65403c000-7fc65403e000 r--s 00002000 08:05 2368770                    /home/julian/.m2/repository/org/apache/maven/shared/maven-shared-incremental/1.1/maven-shared-incremental-1.1.jar
7fc65403e000-7fc654040000 r--s 00006000 08:05 2368767                    /home/julian/.m2/repository/com/google/code/findbugs/jsr305/2.0.1/jsr305-2.0.1.jar
7fc654040000-7fc654044000 r--s 00026000 08:05 2368766                    /home/julian/.m2/repository/org/apache/maven/shared/maven-shared-utils/0.7/maven-shared-utils-0.7.jar
7fc654044000-7fc654046000 r--s 00002000 08:05 2367343                    /home/julian/.m2/repository/org/sonatype/plexus/plexus-cipher/1.4/plexus-cipher-1.4.jar
7fc654046000-7fc654047000 r--s 00006000 08:05 2367341                    /home/julian/.m2/repository/org/sonatype/plexus/plexus-sec-dispatcher/1.3/plexus-sec-dispatcher-1.3.jar
7fc654047000-7fc654049000 r--s 00003000 08:05 2368756                    /home/julian/.m2/repository/org/slf4j/jcl-over-slf4j/1.5.6/jcl-over-slf4j-1.5.6.jar
7fc654049000-7fc65404b000 r--s 00001000 08:05 2368751                    /home/julian/.m2/repository/org/slf4j/slf4j-jdk14/1.5.6/slf4j-jdk14-1.5.6.jar
7fc65404b000-7fc65404f000 r--s 00034000 08:05 2368745                    /home/julian/.m2/repository/org/codehaus/plexus/plexus-utils/1.5.15/plexus-utils-1.5.15.jar
7fc65404f000-7fc654051000 r--s 0000a000 08:05 2364443                    /home/julian/.m2/repository/org/apache/maven/plugins/maven-compiler-plugin/3.3/maven-compiler-plugin-3.3.jar
7fc654051000-7fc654053000 r--s 0000d000 08:05 2368624                    /home/julian/.m2/repository/org/codehaus/plexus/plexus-interpolation/1.13/plexus-interpolation-1.13.jar
7fc654053000-7fc654054000 r--s 00001000 08:05 2368621                    /home/julian/.m2/repository/org/sonatype/plexus/plexus-build-api/0.0.4/plexus-build-api-0.0.4.jar
7fc654054000-7fc654056000 r--s 00009000 08:05 2368620                    /home/julian/.m2/repository/org/apache/maven/shared/maven-filtering/1.1/maven-filtering-1.1.jar
7fc654056000-7fc65405a000 r--s 00033000 08:05 2368618                    /home/julian/.m2/repository/org/codehaus/plexus/plexus-utils/2.0.5/plexus-utils-2.0.5.jar
7fc65405a000-7fc65405d000 r--s 0001b000 08:05 2368616                    /home/julian/.m2/repository/junit/junit/3.8.1/junit-3.8.1.jar
7fc65405d000-7fc65405f000 r--s 00002000 08:05 2368605                    /home/julian/.m2/repository/org/codehaus/plexus/plexus-interactivity-api/1.0-alpha-4/plexus-interactivity-api-1.0-alpha-4.jar
7fc65405f000-7fc654061000 r--s 00006000 08:05 2368602                    /home/julian/.m2/repository/commons-cli/commons-cli/1.0/commons-cli-1.0.jar
7fc654061000-7fc654062000 r--s 00001000 08:05 2368595                    /home/julian/.m2/repository/org/apache/maven/doxia/doxia-sink-api/1.0-alpha-7/doxia-sink-api-1.0-alpha-7.jar
7fc654062000-7fc654063000 r--s 00002000 08:05 2368591                    /home/julian/.m2/repository/org/apache/maven/reporting/maven-reporting-api/2.0.6/maven-reporting-api-2.0.6.jar
7fc654063000-7fc654065000 r--s 00006000 08:05 2364429                    /home/julian/.m2/repository/org/apache/maven/plugins/maven-resources-plugin/2.6/maven-resources-plugin-2.6.jar
7fc654065000-7fc654069000 r--s 0001c000 08:05 2366843                    /home/julian/.m2/repository/org/jacoco/org.jacoco.report/0.8.1/org.jacoco.report-0.8.1.jar
7fc654069000-7fc65406b000 r--s 00010000 08:05 2366841                    /home/julian/.m2/repository/org/ow2/asm/asm-util/6.0/asm-util-6.0.jar
7fc65406b000-7fc65406c000 r--s 00007000 08:05 2366838                    /home/julian/.m2/repository/org/ow2/asm/asm-analysis/6.0/asm-analysis-6.0.jar
7fc65406c000-7fc65406e000 r--s 0000a000 08:05 2366837                    /home/julian/.m2/repository/org/ow2/asm/asm-tree/6.0/asm-tree-6.0.jar
7fc65406e000-7fc65406f000 r--s 00012000 08:05 2366834                    /home/julian/.m2/repository/org/ow2/asm/asm-commons/6.0/asm-commons-6.0.jar
7fc65406f000-7fc654071000 r--s 00016000 08:05 2366832                    /home/julian/.m2/repository/org/ow2/asm/asm/6.0/asm-6.0.jar
7fc654071000-7fc654076000 r--s 00022000 08:05 2366830                    /home/julian/.m2/repository/org/jacoco/org.jacoco.core/0.8.1/org.jacoco.core-0.8.1.jar
7fc654076000-7fc65407b000 r--s 00038000 08:05 2366828                    /home/julian/.m2/repository/org/jacoco/org.jacoco.agent/0.8.1/org.jacoco.agent-0.8.1-runtime.jar
7fc65407b000-7fc654080000 r--s 00016000 08:05 2366827                    /home/julian/.m2/repository/xml-apis/xml-apis/1.0.b2/xml-apis-1.0.b2.jar
7fc654080000-7fc654082000 r--s 0000e000 08:05 2366824                    /home/julian/.m2/repository/oro/oro/2.0.8/oro-2.0.8.jar
7fc654082000-7fc654084000 r--s 00008000 08:05 2366822                    /home/julian/.m2/repository/commons-logging/commons-logging/1.0.4/commons-logging-1.0.4.jar
7fc654084000-7fc654088000 r--s 00026000 08:05 2366820                    /home/julian/.m2/repository/commons-digester/commons-digester/1.6/commons-digester-1.6.jar
7fc654088000-7fc65408d000 r--s 0002a000 08:05 2366818                    /home/julian/.m2/repository/commons-beanutils/commons-beanutils/1.7.0/commons-beanutils-1.7.0.jar
7fc65408d000-7fc654090000 r--s 00014000 08:05 2366816                    /home/julian/.m2/repository/commons-validator/commons-validator/1.2.0/commons-validator-1.2.0.jar
7fc654090000-7fc65409d000 r--s 00083000 08:05 2366814                    /home/julian/.m2/repository/commons-collections/commons-collections/3.2.2/commons-collections-3.2.2.jar
7fc65409d000-7fc6540a5000 r--s 00058000 08:05 2366813                    /home/julian/.m2/repository/org/apache/velocity/velocity/1.5/velocity-1.5.jar
7fc6540a5000-7fc6540a6000 r--s 00001000 08:05 2366812                    /home/julian/.m2/repository/org/codehaus/plexus/plexus-velocity/1.1.7/plexus-velocity-1.1.7.jar
7fc6540a6000-7fc6540a7000 r--s 00002000 08:05 2366808                    /home/julian/.m2/repository/org/codehaus/plexus/plexus-i18n/1.0-beta-7/plexus-i18n-1.0-beta-7.jar
7fc6540a7000-7fc6540a9000 r--s 00008000 08:05 2366806                    /home/julian/.m2/repository/org/apache/maven/doxia/doxia-module-fml/1.1.2/doxia-module-fml-1.1.2.jar
7fc6540a9000-7fc6540aa000 r--s 00003000 08:05 2366805                    /home/julian/.m2/repository/org/apache/maven/doxia/doxia-module-xhtml/1.1.2/doxia-module-xhtml-1.1.2.jar
7fc6540aa000-7fc6540ac000 r--s 0000b000 08:05 2366802                    /home/julian/.m2/repository/org/apache/maven/doxia/doxia-decoration-model/1.1.2/doxia-decoration-model-1.1.2.jar
7fc6540ac000-7fc6540ae000 r--s 0000b000 08:05 2366753                    /home/julian/.m2/repository/org/apache/maven/doxia/doxia-site-renderer/1.1.2/doxia-site-renderer-1.1.2.jar
7fc6540ae000-7fc6540b0000 r--s 00006000 08:05 2366798                    /home/julian/.m2/repository/commons-codec/commons-codec/1.2/commons-codec-1.2.jar
7fc6540b0000-7fc6540b6000 r--s 00045000 08:05 2366797                    /home/julian/.m2/repository/commons-httpclient/commons-httpclient/3.1/commons-httpclient-3.1.jar
7fc6540b6000-7fc6540ba000 r--s 0003c000 08:05 2366794                    /home/julian/.m2/repository/commons-lang/commons-lang/2.4/commons-lang-2.4.jar
7fc6540ba000-7fc6540d1000 r--s 00112000 08:05 2366793                    /home/julian/.m2/repository/xerces/xercesImpl/2.8.1/xercesImpl-2.8.1.jar
7fc6540d1000-7fc6540d5000 r--s 00023000 08:05 2366791                    /home/julian/.m2/repository/org/apache/maven/doxia/doxia-core/1.1.2/doxia-core-1.1.2.jar
7fc6540d5000-7fc6540d7000 r--s 00003000 08:05 2366790                    /home/julian/.m2/repository/org/apache/maven/reporting/maven-reporting-impl/2.1/maven-reporting-impl-2.1.jar
7fc6540d7000-7fc6540d8000 r--s 00002000 08:05 2366788                    /home/julian/.m2/repository/org/apache/maven/doxia/doxia-logging-api/1.1/doxia-logging-api-1.1.jar
7fc6540d8000-7fc6540da000 r--s 00002000 08:05 2366784                    /home/julian/.m2/repository/org/apache/maven/doxia/doxia-sink-api/1.1/doxia-sink-api-1.1.jar
7fc6540da000-7fc6540db000 r--s 00002000 08:05 2366782                    /home/julian/.m2/repository/org/apache/maven/reporting/maven-reporting-api/2.2.1/maven-reporting-api-2.2.1.jar
7fc6540db000-7fc6540dd000 r--s 00008000 08:05 2366778                    /home/julian/.m2/repository/org/apache/maven/shared/maven-shared-io/1.1/maven-shared-io-1.1.jar
7fc6540dd000-7fc6540df000 r--s 00008000 08:05 2366777                    /home/julian/.m2/repository/org/apache/maven/shared/file-management/1.2.1/file-management-1.2.1.jar
7fc6540df000-7fc6540e3000 r--s 00038000 08:05 2366774                    /home/julian/.m2/repository/org/codehaus/plexus/plexus-utils/3.0.22/plexus-utils-3.0.22.jar
7fc6540e3000-7fc6540e9000 r--s 00034000 08:05 2366770                    /home/julian/.m2/repository/junit/junit/4.8.2/junit-4.8.2.jar
7fc6540e9000-7fc6540eb000 r--s 0000b000 08:05 2366764                    /home/julian/.m2/repository/org/codehaus/plexus/plexus-interpolation/1.11/plexus-interpolation-1.11.jar
7fc6540eb000-7fc6540f3000 r--s 00049000 08:05 2366762                    /home/julian/.m2/repository/backport-util-concurrent/backport-util-concurrent/3.1/backport-util-concurrent-3.1.jar
7fc6540f3000-7fc6540f5000 r--s 0000c000 08:05 2364415                    /home/julian/.m2/repository/org/jacoco/jacoco-maven-plugin/0.8.1/jacoco-maven-plugin-0.8.1.jar
7fc6540f5000-7fc6540fa000 r--s 000a3000 08:05 800775                     /usr/lib/jvm/java-8-openjdk-amd64/jre/lib/jsse.jar
7fc6540fa000-7fc6542fa000 rw-p 00000000 00:00 0 
7fc6542fa000-7fc6544fa000 rw-p 00000000 00:00 0 
7fc6544fa000-7fc6546fa000 rw-p 00000000 00:00 0 
7fc6546fa000-7fc6546fc000 r--s 00000000 08:05 1197594                    /usr/share/java/plexus-component-annotations-1.5.jar
7fc6546fc000-7fc654709000 r--s 0008d000 08:05 1197650                    /usr/share/java/maven3-core-3.3.9.jar
7fc654709000-7fc654735000 r--s 00208000 08:05 1197382                    /usr/share/java/guava.jar
7fc654735000-7fc65473a000 r--s 0001d000 08:05 1197442                    /usr/share/java/eclipse-aether-api.jar
7fc65473a000-7fc65473b000 r--s 00008000 08:05 1197438                    /usr/share/java/eclipse-aether-connector-basic.jar
7fc65473b000-7fc65473d000 r--s 00006000 08:05 1197440                    /usr/share/java/eclipse-aether-spi.jar
7fc65473d000-7fc65473f000 r--s 00007000 08:05 1197362                    /usr/share/java/slf4j-api.jar
7fc65473f000-7fc654740000 r--s 00006000 08:05 1197531                    /usr/share/java/plexus-sec-dispatcher.jar
7fc654740000-7fc654742000 r--s 0000a000 08:05 1197287                    /usr/share/java/commons-cli-1.3.1.jar
7fc654742000-7fc654744000 r--s 00002000 08:05 1197529                    /usr/share/java/plexus-cipher.jar
7fc654744000-7fc654746000 r--s 00027000 08:05 1197654                    /usr/share/java/maven3-model-3.3.9.jar
7fc654746000-7fc654747000 r--s 00001000 08:05 1197634                    /usr/share/java/wagon-http-shared-2.x.jar
7fc654747000-7fc654778000 r--s 00207000 08:05 1197631                    /usr/share/java/wagon-http-shaded-2.x.jar
7fc654778000-7fc65477b000 r--s 0000a000 08:05 1197658                    /usr/share/java/maven3-artifact-3.3.9.jar
7fc65477b000-7fc65477d000 r--s 0000d000 08:05 1197655                    /usr/share/java/maven3-aether-provider-3.3.9.jar
7fc65477d000-7fc65477e000 r--s 00002000 08:05 1197359                    /usr/share/java/slf4j-simple.jar
7fc65477e000-7fc654782000 r--s 00038000 08:05 1197587                    /usr/share/java/plexus-utils2.jar
7fc654782000-7fc654784000 r--s 00001000 08:05 1197657                    /usr/share/java/maven3-builder-support-3.3.9.jar
7fc654784000-7fc654786000 r--s 00001000 08:05 1197454                    /usr/share/java/aopalliance-1.0.jar
7fc654786000-7fc654788000 r--s 00013000 08:05 1197653                    /usr/share/java/maven3-embedder-3.3.9.jar
7fc654788000-7fc65478a000 r--s 00005000 08:05 1197441                    /usr/share/java/eclipse-aether-transport-wagon.jar
7fc65478a000-7fc654790000 r--s 00048000 08:05 1197378                    /usr/share/java/jsoup.jar
7fc654790000-7fc654791000 r--s 00000000 08:05 1197272                    /usr/share/java/geronimo-interceptor-3.0-spec-1.0.1.jar
7fc654791000-7fc654793000 r--s 00012000 08:05 1197276                    /usr/share/java/el-api-3.0.jar
7fc654793000-7fc654794000 r--s 00000000 08:05 1196644                    /usr/share/java/atinject-jsr330-api-1.0.jar
7fc654794000-7fc654797000 r--s 00008000 08:05 1197279                    /usr/share/java/cdi-api-1.0.jar
7fc654797000-7fc65479e000 r--s 0002c000 08:05 1197622                    /usr/share/java/sisu-plexus.jar
7fc65479e000-7fc6547a5000 r--s 00041000 08:05 1197649                    /usr/share/java/maven3-compat-3.3.9.jar
7fc6547a5000-7fc6547a9000 r--s 00027000 08:05 1197435                    /usr/share/java/eclipse-aether-impl.jar
7fc6547a9000-7fc6547ab000 r--s 0000a000 08:05 1197628                    /usr/share/java/wagon-provider-api-2.x.jar
7fc6547ab000-7fc6547b0000 r--s 00040000 08:05 1197301                    /usr/share/java/commons-lang-2.6.jar
7fc6547b0000-7fc6547b7000 r--s 0005d000 08:05 1197303                    /usr/share/java/commons-lang3.jar
7fc6547b7000-7fc6547b9000 r--s 0000a000 08:05 1197648                    /usr/share/java/maven3-plugin-api-3.3.9.jar
7fc6547b9000-7fc6547c1000 r--s 00054000 08:05 1197617                    /usr/share/java/sisu-inject.jar
7fc6547c1000-7fc6547cf000 r--s 00095000 08:05 1197459                    /usr/share/java/guice.jar
7fc6547cf000-7fc6547ea000 r--s 00394000 08:05 800717                     /usr/lib/jvm/java-8-openjdk-amd64/jre/lib/ext/cldrdata.jar
7fc6547ea000-7fc6547eb000 ---p 00000000 00:00 0 
7fc6547eb000-7fc6548eb000 rw-p 00000000 00:00 0 
7fc6548eb000-7fc6548ee000 ---p 00000000 00:00 0 
7fc6548ee000-7fc6549ec000 rw-p 00000000 00:00 0 
7fc6549ec000-7fc6549ef000 ---p 00000000 00:00 0 
7fc6549ef000-7fc654aed000 rw-p 00000000 00:00 0 
7fc654aed000-7fc654af0000 ---p 00000000 00:00 0 
7fc654af0000-7fc654bee000 rw-p 00000000 00:00 0 
7fc654bee000-7fc654bf1000 ---p 00000000 00:00 0 
7fc654bf1000-7fc654cef000 rw-p 00000000 00:00 0 
7fc654cef000-7fc654cf2000 ---p 00000000 00:00 0 
7fc654cf2000-7fc654df0000 rw-p 00000000 00:00 0 
7fc654df0000-7fc654df3000 ---p 00000000 00:00 0 
7fc654df3000-7fc654ef1000 rw-p 00000000 00:00 0 
7fc654ef1000-7fc6558b0000 r--p 00000000 08:05 794402                     /usr/lib/locale/locale-archive
7fc6558b0000-7fc6558b3000 ---p 00000000 00:00 0 
7fc6558b3000-7fc6559b1000 rw-p 00000000 00:00 0 
7fc6559b1000-7fc6559b4000 ---p 00000000 00:00 0 
7fc6559b4000-7fc655ab2000 rw-p 00000000 00:00 0 
7fc655ab2000-7fc655ab3000 ---p 00000000 00:00 0 
7fc655ab3000-7fc657630000 rw-p 00000000 00:00 0 
7fc657630000-7fc657800000 r--s 03c5c000 08:05 800691                     /usr/lib/jvm/java-8-openjdk-amd64/jre/lib/rt.jar
7fc657800000-7fc658000000 rw-p 00000000 00:00 0 
7fc658000000-7fc658021000 rw-p 00000000 00:00 0 
7fc658021000-7fc65c000000 ---p 00000000 00:00 0 
7fc65c000000-7fc65c001000 r--s 00004000 08:05 1196643                    /usr/share/java/atinject-jsr330-tck-1.0.jar
7fc65c001000-7fc65c004000 r--s 00007000 08:05 1197656                    /usr/share/java/maven3-settings-builder-3.3.9.jar
7fc65c004000-7fc65c008000 r--s 00020000 08:05 1197443                    /usr/share/java/eclipse-aether-util.jar
7fc65c008000-7fc660000000 rw-p 00000000 00:00 0 
7fc660000000-7fc660021000 rw-p 00000000 00:00 0 
7fc660021000-7fc664000000 ---p 00000000 00:00 0 
7fc664000000-7fc664001000 r--s 0000a000 08:05 1197647                    /usr/share/java/maven3-settings-3.3.9.jar
7fc664001000-7fc66401c000 r--s 001d6000 08:05 800714                     /usr/lib/jvm/java-8-openjdk-amd64/jre/lib/ext/nashorn.jar
7fc66401c000-7fc66441a000 rw-p 00000000 00:00 0 
7fc66441a000-7fc66441b000 ---p 00000000 00:00 0 
7fc66441b000-7fc66451b000 rw-p 00000000 00:00 0 
7fc66451b000-7fc66451c000 ---p 00000000 00:00 0 
7fc66451c000-7fc66461c000 rw-p 00000000 00:00 0 
7fc66461c000-7fc66461d000 ---p 00000000 00:00 0 
7fc66461d000-7fc66471d000 rw-p 00000000 00:00 0 
7fc66471d000-7fc66471e000 ---p 00000000 00:00 0 
7fc66471e000-7fc66481e000 rw-p 00000000 00:00 0 
7fc66481e000-7fc66481f000 ---p 00000000 00:00 0 
7fc66481f000-7fc66491f000 rw-p 00000000 00:00 0 
7fc66491f000-7fc664920000 ---p 00000000 00:00 0 
7fc664920000-7fc664a20000 rw-p 00000000 00:00 0 
7fc664a20000-7fc664a21000 ---p 00000000 00:00 0 
7fc664a21000-7fc664b21000 rw-p 00000000 00:00 0 
7fc664b21000-7fc664b22000 ---p 00000000 00:00 0 
7fc664b22000-7fc664c91000 rw-p 00000000 00:00 0 
7fc664c91000-7fc664eb5000 ---p 00000000 00:00 0 
7fc664eb5000-7fc664fac000 rw-p 00000000 00:00 0 
7fc664fac000-7fc664fff000 ---p 00000000 00:00 0 
7fc664fff000-7fc665000000 rw-p 00000000 00:00 0 
7fc665000000-7fc6664f0000 rwxp 00000000 00:00 0 
7fc6664f0000-7fc674000000 ---p 00000000 00:00 0 
7fc674000000-7fc675fdc000 rw-p 00000000 00:00 0 
7fc675fdc000-7fc678000000 ---p 00000000 00:00 0 
7fc678000000-7fc678001000 r--s 00006000 08:05 1197651                    /usr/share/java/maven3-repository-metadata-3.3.9.jar
7fc678001000-7fc678005000 r--s 00027000 08:05 1197299                    /usr/share/java/commons-io-2.4.jar
7fc678005000-7fc678095000 rw-p 00000000 00:00 0 
7fc678095000-7fc6782ba000 ---p 00000000 00:00 0 
7fc6782ba000-7fc67830e000 rw-p 00000000 00:00 0 
7fc67830e000-7fc67867a000 ---p 00000000 00:00 0 
7fc67867a000-7fc678682000 r-xp 00000000 08:05 800755                     /usr/lib/jvm/java-8-openjdk-amd64/jre/lib/amd64/libzip.so
7fc678682000-7fc678881000 ---p 00008000 08:05 800755                     /usr/lib/jvm/java-8-openjdk-amd64/jre/lib/amd64/libzip.so
7fc678881000-7fc678882000 r--p 00007000 08:05 800755                     /usr/lib/jvm/java-8-openjdk-amd64/jre/lib/amd64/libzip.so
7fc678882000-7fc678883000 rw-p 00008000 08:05 800755                     /usr/lib/jvm/java-8-openjdk-amd64/jre/lib/amd64/libzip.so
7fc678883000-7fc67888e000 r-xp 00000000 08:05 3413150                    /lib/x86_64-linux-gnu/libnss_files-2.23.so
7fc67888e000-7fc678a8d000 ---p 0000b000 08:05 3413150                    /lib/x86_64-linux-gnu/libnss_files-2.23.so
7fc678a8d000-7fc678a8e000 r--p 0000a000 08:05 3413150                    /lib/x86_64-linux-gnu/libnss_files-2.23.so
7fc678a8e000-7fc678a8f000 rw-p 0000b000 08:05 3413150                    /lib/x86_64-linux-gnu/libnss_files-2.23.so
7fc678a8f000-7fc678a95000 rw-p 00000000 00:00 0 
7fc678a95000-7fc678aa0000 r-xp 00000000 08:05 3413160                    /lib/x86_64-linux-gnu/libnss_nis-2.23.so
7fc678aa0000-7fc678c9f000 ---p 0000b000 08:05 3413160                    /lib/x86_64-linux-gnu/libnss_nis-2.23.so
7fc678c9f000-7fc678ca0000 r--p 0000a000 08:05 3413160                    /lib/x86_64-linux-gnu/libnss_nis-2.23.so
7fc678ca0000-7fc678ca1000 rw-p 0000b000 08:05 3413160                    /lib/x86_64-linux-gnu/libnss_nis-2.23.so
7fc678ca1000-7fc678cb7000 r-xp 00000000 08:05 3413144                    /lib/x86_64-linux-gnu/libnsl-2.23.so
7fc678cb7000-7fc678eb6000 ---p 00016000 08:05 3413144                    /lib/x86_64-linux-gnu/libnsl-2.23.so
7fc678eb6000-7fc678eb7000 r--p 00015000 08:05 3413144                    /lib/x86_64-linux-gnu/libnsl-2.23.so
7fc678eb7000-7fc678eb8000 rw-p 00016000 08:05 3413144                    /lib/x86_64-linux-gnu/libnsl-2.23.so
7fc678eb8000-7fc678eba000 rw-p 00000000 00:00 0 
7fc678eba000-7fc678ec2000 r-xp 00000000 08:05 3413146                    /lib/x86_64-linux-gnu/libnss_compat-2.23.so
7fc678ec2000-7fc6790c1000 ---p 00008000 08:05 3413146                    /lib/x86_64-linux-gnu/libnss_compat-2.23.so
7fc6790c1000-7fc6790c2000 r--p 00007000 08:05 3413146                    /lib/x86_64-linux-gnu/libnss_compat-2.23.so
7fc6790c2000-7fc6790c3000 rw-p 00008000 08:05 3413146                    /lib/x86_64-linux-gnu/libnss_compat-2.23.so
7fc6790c3000-7fc6790ec000 r-xp 00000000 08:05 800739                     /usr/lib/jvm/java-8-openjdk-amd64/jre/lib/amd64/libjava.so
7fc6790ec000-7fc6792eb000 ---p 00029000 08:05 800739                     /usr/lib/jvm/java-8-openjdk-amd64/jre/lib/amd64/libjava.so
7fc6792eb000-7fc6792ec000 r--p 00028000 08:05 800739                     /usr/lib/jvm/java-8-openjdk-amd64/jre/lib/amd64/libjava.so
7fc6792ec000-7fc6792ee000 rw-p 00029000 08:05 800739                     /usr/lib/jvm/java-8-openjdk-amd64/jre/lib/amd64/libjava.so
7fc6792ee000-7fc6792fd000 r-xp 00000000 08:05 800757                     /usr/lib/jvm/java-8-openjdk-amd64/jre/lib/amd64/libverify.so
7fc6792fd000-7fc6794fc000 ---p 0000f000 08:05 800757                     /usr/lib/jvm/java-8-openjdk-amd64/jre/lib/amd64/libverify.so
7fc6794fc000-7fc6794fe000 r--p 0000e000 08:05 800757                     /usr/lib/jvm/java-8-openjdk-amd64/jre/lib/amd64/libverify.so
7fc6794fe000-7fc6794ff000 rw-p 00010000 08:05 800757                     /usr/lib/jvm/java-8-openjdk-amd64/jre/lib/amd64/libverify.so
7fc6794ff000-7fc679506000 r-xp 00000000 08:05 3413205                    /lib/x86_64-linux-gnu/librt-2.23.so
7fc679506000-7fc679705000 ---p 00007000 08:05 3413205                    /lib/x86_64-linux-gnu/librt-2.23.so
7fc679705000-7fc679706000 r--p 00006000 08:05 3413205                    /lib/x86_64-linux-gnu/librt-2.23.so
7fc679706000-7fc679707000 rw-p 00007000 08:05 3413205                    /lib/x86_64-linux-gnu/librt-2.23.so
7fc679707000-7fc67971d000 r-xp 00000000 08:05 3413089                    /lib/x86_64-linux-gnu/libgcc_s.so.1
7fc67971d000-7fc67991c000 ---p 00016000 08:05 3413089                    /lib/x86_64-linux-gnu/libgcc_s.so.1
7fc67991c000-7fc67991d000 rw-p 00015000 08:05 3413089                    /lib/x86_64-linux-gnu/libgcc_s.so.1
7fc67991d000-7fc679a25000 r-xp 00000000 08:05 3413121                    /lib/x86_64-linux-gnu/libm-2.23.so
7fc679a25000-7fc679c24000 ---p 00108000 08:05 3413121                    /lib/x86_64-linux-gnu/libm-2.23.so
7fc679c24000-7fc679c25000 r--p 00107000 08:05 3413121                    /lib/x86_64-linux-gnu/libm-2.23.so
7fc679c25000-7fc679c26000 rw-p 00108000 08:05 3413121                    /lib/x86_64-linux-gnu/libm-2.23.so
7fc679c26000-7fc679d98000 r-xp 00000000 08:05 796932                     /usr/lib/x86_64-linux-gnu/libstdc++.so.6.0.21
7fc679d98000-7fc679f98000 ---p 00172000 08:05 796932                     /usr/lib/x86_64-linux-gnu/libstdc++.so.6.0.21
7fc679f98000-7fc679fa2000 r--p 00172000 08:05 796932                     /usr/lib/x86_64-linux-gnu/libstdc++.so.6.0.21
7fc679fa2000-7fc679fa4000 rw-p 0017c000 08:05 796932                     /usr/lib/x86_64-linux-gnu/libstdc++.so.6.0.21
7fc679fa4000-7fc679fa8000 rw-p 00000000 00:00 0 
7fc679fa8000-7fc67ac0c000 r-xp 00000000 08:05 800768                     /usr/lib/jvm/java-8-openjdk-amd64/jre/lib/amd64/server/libjvm.so
7fc67ac0c000-7fc67ae0b000 ---p 00c64000 08:05 800768                     /usr/lib/jvm/java-8-openjdk-amd64/jre/lib/amd64/server/libjvm.so
7fc67ae0b000-7fc67ae9f000 r--p 00c63000 08:05 800768                     /usr/lib/jvm/java-8-openjdk-amd64/jre/lib/amd64/server/libjvm.so
7fc67ae9f000-7fc67aec8000 rw-p 00cf7000 08:05 800768                     /usr/lib/jvm/java-8-openjdk-amd64/jre/lib/amd64/server/libjvm.so
7fc67aec8000-7fc67aef8000 rw-p 00000000 00:00 0 
7fc67aef8000-7fc67af10000 r-xp 00000000 08:05 3413197                    /lib/x86_64-linux-gnu/libpthread-2.23.so
7fc67af10000-7fc67b10f000 ---p 00018000 08:05 3413197                    /lib/x86_64-linux-gnu/libpthread-2.23.so
7fc67b10f000-7fc67b110000 r--p 00017000 08:05 3413197                    /lib/x86_64-linux-gnu/libpthread-2.23.so
7fc67b110000-7fc67b111000 rw-p 00018000 08:05 3413197                    /lib/x86_64-linux-gnu/libpthread-2.23.so
7fc67b111000-7fc67b115000 rw-p 00000000 00:00 0 
7fc67b115000-7fc67b118000 r-xp 00000000 08:05 3413075                    /lib/x86_64-linux-gnu/libdl-2.23.so
7fc67b118000-7fc67b317000 ---p 00003000 08:05 3413075                    /lib/x86_64-linux-gnu/libdl-2.23.so
7fc67b317000-7fc67b318000 r--p 00002000 08:05 3413075                    /lib/x86_64-linux-gnu/libdl-2.23.so
7fc67b318000-7fc67b319000 rw-p 00003000 08:05 3413075                    /lib/x86_64-linux-gnu/libdl-2.23.so
7fc67b319000-7fc67b332000 r-xp 00000000 08:05 3413242                    /lib/x86_64-linux-gnu/libz.so.1.2.8
7fc67b332000-7fc67b531000 ---p 00019000 08:05 3413242                    /lib/x86_64-linux-gnu/libz.so.1.2.8
7fc67b531000-7fc67b532000 r--p 00018000 08:05 3413242                    /lib/x86_64-linux-gnu/libz.so.1.2.8
7fc67b532000-7fc67b533000 rw-p 00019000 08:05 3413242                    /lib/x86_64-linux-gnu/libz.so.1.2.8
7fc67b533000-7fc67b6f3000 r-xp 00000000 08:05 3413051                    /lib/x86_64-linux-gnu/libc-2.23.so
7fc67b6f3000-7fc67b8f3000 ---p 001c0000 08:05 3413051                    /lib/x86_64-linux-gnu/libc-2.23.so
7fc67b8f3000-7fc67b8f7000 r--p 001c0000 08:05 3413051                    /lib/x86_64-linux-gnu/libc-2.23.so
7fc67b8f7000-7fc67b8f9000 rw-p 001c4000 08:05 3413051                    /lib/x86_64-linux-gnu/libc-2.23.so
7fc67b8f9000-7fc67b8fd000 rw-p 00000000 00:00 0 
7fc67b8fd000-7fc67b90a000 r-xp 00000000 08:05 800749                     /usr/lib/jvm/java-8-openjdk-amd64/jre/lib/amd64/jli/libjli.so
7fc67b90a000-7fc67bb09000 ---p 0000d000 08:05 800749                     /usr/lib/jvm/java-8-openjdk-amd64/jre/lib/amd64/jli/libjli.so
7fc67bb09000-7fc67bb0a000 r--p 0000c000 08:05 800749                     /usr/lib/jvm/java-8-openjdk-amd64/jre/lib/amd64/jli/libjli.so
7fc67bb0a000-7fc67bb0b000 rw-p 0000d000 08:05 800749                     /usr/lib/jvm/java-8-openjdk-amd64/jre/lib/amd64/jli/libjli.so
7fc67bb0b000-7fc67bb31000 r-xp 00000000 08:05 3413023                    /lib/x86_64-linux-gnu/ld-2.23.so
7fc67bb31000-7fc67bb33000 r--s 0000e000 08:05 1197341                    /usr/share/java/plexus-interpolation.jar
7fc67bb33000-7fc67bb38000 r--s 00025000 08:05 1197652                    /usr/share/java/maven3-model-builder-3.3.9.jar
7fc67bb38000-7fc67bc03000 rw-p 00000000 00:00 0 
7fc67bc03000-7fc67bc06000 ---p 00000000 00:00 0 
7fc67bc06000-7fc67bd08000 rw-p 00000000 00:00 0 
7fc67bd08000-7fc67bd09000 r--s 00001000 08:05 1197627                    /usr/share/java/wagon-file-2.x.jar
7fc67bd09000-7fc67bd0b000 r--s 0000a000 08:05 1197579                    /usr/share/java/plexus-classworlds2-2.5.2.jar
7fc67bd0b000-7fc67bd0c000 r--s 0000a000 08:05 800715                     /usr/lib/jvm/java-8-openjdk-amd64/jre/lib/ext/jaccess.jar
7fc67bd0c000-7fc67bd16000 r--s 00116000 08:05 800721                     /usr/lib/jvm/java-8-openjdk-amd64/jre/lib/ext/localedata.jar
7fc67bd16000-7fc67bd17000 r--s 00010000 08:05 800720                     /usr/lib/jvm/java-8-openjdk-amd64/jre/lib/ext/zipfs.jar
7fc67bd17000-7fc67bd1a000 r--s 0000f000 08:05 800713                     /usr/lib/jvm/java-8-openjdk-amd64/jre/lib/ext/icedtea-sound.jar
7fc67bd1a000-7fc67bd1b000 r--s 0000d000 08:05 800712                     /usr/lib/jvm/java-8-openjdk-amd64/jre/lib/ext/sunec.jar
7fc67bd1b000-7fc67bd1e000 r--s 00039000 08:05 800716                     /usr/lib/jvm/java-8-openjdk-amd64/jre/lib/ext/sunpkcs11.jar
7fc67bd1e000-7fc67bd20000 r--s 00001000 08:05 800718                     /usr/lib/jvm/java-8-openjdk-amd64/jre/lib/ext/dnsns.jar
7fc67bd20000-7fc67bd25000 r--s 0003c000 08:05 800719                     /usr/lib/jvm/java-8-openjdk-amd64/jre/lib/ext/sunjce_provider.jar
7fc67bd25000-7fc67bd2d000 rw-s 00000000 08:05 534639                     /tmp/hsperfdata_julian/26140
7fc67bd2d000-7fc67bd2e000 rw-p 00000000 00:00 0 
7fc67bd2e000-7fc67bd2f000 ---p 00000000 00:00 0 
7fc67bd2f000-7fc67bd30000 rw-p 00000000 00:00 0 
7fc67bd30000-7fc67bd31000 r--p 00025000 08:05 3413023                    /lib/x86_64-linux-gnu/ld-2.23.so
7fc67bd31000-7fc67bd32000 rw-p 00026000 08:05 3413023                    /lib/x86_64-linux-gnu/ld-2.23.so
7fc67bd32000-7fc67bd33000 rw-p 00000000 00:00 0 
7ffcdd230000-7ffcdd252000 rw-p 00000000 00:00 0                          [stack]
7ffcdd3e0000-7ffcdd3e3000 r--p 00000000 00:00 0                          [vvar]
7ffcdd3e3000-7ffcdd3e5000 r-xp 00000000 00:00 0                          [vdso]
ffffffffff600000-ffffffffff601000 r-xp 00000000 00:00 0                  [vsyscall]

VM Arguments:
jvm_args: -Dclassworlds.conf=/usr/share/maven/bin/m2.conf -Dmaven.home=/usr/share/maven -Dmaven.multiModuleProjectDirectory=/home/julian/Documents/EMADL2CPP 
java_command: org.codehaus.plexus.classworlds.launcher.Launcher install -s settings.xml -Dmaven.test.skip=true
java_class_path (initial): /usr/share/maven/boot/plexus-classworlds-2.x.jar
Launcher Type: SUN_STANDARD

Environment Variables:
JAVA_HOME=/usr/lib/jvm/java-8-openjdk-amd64
PATH=/usr/local/cuda-10.0/bin:/usr/local/cuda-10.0/NsightCompute-1.0:/home/julian/bin:/home/julian/.local/bin:/usr/local/sbin:/usr/local/bin:/usr/sbin:/usr/bin:/sbin:/bin:/usr/games:/usr/local/games:/snap/bin:/usr/local/lib
LD_LIBRARY_PATH=/usr/local/lib
SHELL=/bin/bash
DISPLAY=:0

Signal Handlers:
SIGSEGV: [libjvm.so+0xa783e0], sa_mask[0]=11111111011111111101111111111110, sa_flags=SA_RESTART|SA_SIGINFO
SIGBUS: [libjvm.so+0xa783e0], sa_mask[0]=11111111011111111101111111111110, sa_flags=SA_RESTART|SA_SIGINFO
SIGFPE: [libjvm.so+0x8c0e10], sa_mask[0]=11111111011111111101111111111110, sa_flags=SA_RESTART|SA_SIGINFO
SIGPIPE: [libjvm.so+0x8c0e10], sa_mask[0]=11111111011111111101111111111110, sa_flags=SA_RESTART|SA_SIGINFO
SIGXFSZ: [libjvm.so+0x8c0e10], sa_mask[0]=11111111011111111101111111111110, sa_flags=SA_RESTART|SA_SIGINFO
SIGILL: [libjvm.so+0x8c0e10], sa_mask[0]=11111111011111111101111111111110, sa_flags=SA_RESTART|SA_SIGINFO
SIGUSR1: SIG_DFL, sa_mask[0]=00000000000000000000000000000000, sa_flags=none
SIGUSR2: [libjvm.so+0x8c0cc0], sa_mask[0]=00000000000000000000000000000000, sa_flags=SA_RESTART|SA_SIGINFO
SIGHUP: [libjvm.so+0x8c1350], sa_mask[0]=11111111011111111101111111111110, sa_flags=SA_RESTART|SA_SIGINFO
SIGINT: [libjvm.so+0x8c1350], sa_mask[0]=11111111011111111101111111111110, sa_flags=SA_RESTART|SA_SIGINFO
SIGTERM: [libjvm.so+0x8c1350], sa_mask[0]=11111111011111111101111111111110, sa_flags=SA_RESTART|SA_SIGINFO
SIGQUIT: [libjvm.so+0x8c1350], sa_mask[0]=11111111011111111101111111111110, sa_flags=SA_RESTART|SA_SIGINFO


---------------  S Y S T E M  ---------------

OS:DISTRIB_ID=Ubuntu
DISTRIB_RELEASE=16.04
DISTRIB_CODENAME=xenial
DISTRIB_DESCRIPTION="Ubuntu 16.04.6 LTS"

uname:Linux 4.15.0-62-generic #69~16.04.1-Ubuntu SMP Fri Sep 6 02:43:35 UTC 2019 x86_64
libc:glibc 2.23 NPTL 2.23 
rlimit: STACK 8192k, CORE 0k, NPROC 31249, NOFILE 1048576, AS infinity
load average:2,92 2,07 1,24

/proc/meminfo:
MemTotal:        8099484 kB
MemFree:          109568 kB
MemAvailable:      11040 kB
Buffers:            1052 kB
Cached:           368220 kB
SwapCached:        36276 kB
Active:          6513828 kB
Inactive:         985212 kB
Active(anon):    6500032 kB
Inactive(anon):   972304 kB
Active(file):      13796 kB
Inactive(file):    12908 kB
Unevictable:          48 kB
Mlocked:              48 kB
SwapTotal:        999420 kB
SwapFree:              0 kB
Dirty:               120 kB
Writeback:             0 kB
AnonPages:       7094504 kB
Mapped:           548408 kB
Shmem:            341928 kB
Slab:             132300 kB
SReclaimable:      55984 kB
SUnreclaim:        76316 kB
KernelStack:       16192 kB
PageTables:        60916 kB
NFS_Unstable:          0 kB
Bounce:                0 kB
WritebackTmp:          0 kB
CommitLimit:     5049160 kB
Committed_AS:   12165820 kB
VmallocTotal:   34359738367 kB
VmallocUsed:           0 kB
VmallocChunk:          0 kB
HardwareCorrupted:     0 kB
AnonHugePages:    106496 kB
ShmemHugePages:        0 kB
ShmemPmdMapped:        0 kB
CmaTotal:              0 kB
CmaFree:               0 kB
HugePages_Total:       0
HugePages_Free:        0
HugePages_Rsvd:        0
HugePages_Surp:        0
Hugepagesize:       2048 kB
DirectMap4k:     2989564 kB
DirectMap2M:     5330944 kB
DirectMap1G:           0 kB

container (cgroup) information:
container_type: cgroupv1
cpu_cpuset_cpus: 0-7
cpu_memory_nodes: 0
active_processor_count: 8
cpu_quota: -1
cpu_period: 100000
cpu_shares: -1
memory_limit_in_bytes: -1
memory_and_swap_limit_in_bytes: -2
memory_soft_limit_in_bytes: -1
memory_usage_in_bytes: 7649488896
memory_max_usage_in_bytes: 345790205952


CPU:total 8 (initial active 8) (4 cores per cpu, 2 threads per core) family 6 model 158 stepping 9, cmov, cx8, fxsr, mmx, sse, sse2, sse3, ssse3, sse4.1, sse4.2, popcnt, avx, avx2, aes, clmul, erms, rtm, 3dnowpref, lzcnt, ht, tsc, tscinvbit, bmi1, bmi2, adx

/proc/cpuinfo:
processor	: 0
vendor_id	: GenuineIntel
cpu family	: 6
model		: 158
model name	: Intel(R) Core(TM) i7-7700K CPU @ 4.20GHz
stepping	: 9
microcode	: 0xb4
cpu MHz		: 3899.992
cache size	: 8192 KB
physical id	: 0
siblings	: 8
core id		: 0
cpu cores	: 4
apicid		: 0
initial apicid	: 0
fpu		: yes
fpu_exception	: yes
cpuid level	: 22
wp		: yes
flags		: fpu vme de pse tsc msr pae mce cx8 apic sep mtrr pge mca cmov pat pse36 clflush dts acpi mmx fxsr sse sse2 ss ht tm pbe syscall nx pdpe1gb rdtscp lm constant_tsc art arch_perfmon pebs bts rep_good nopl xtopology nonstop_tsc cpuid aperfmperf tsc_known_freq pni pclmulqdq dtes64 monitor ds_cpl vmx est tm2 ssse3 sdbg fma cx16 xtpr pdcm pcid sse4_1 sse4_2 x2apic movbe popcnt tsc_deadline_timer aes xsave avx f16c rdrand lahf_lm abm 3dnowprefetch cpuid_fault epb invpcid_single pti ssbd ibrs ibpb stibp tpr_shadow vnmi flexpriority ept vpid fsgsbase tsc_adjust bmi1 hle avx2 smep bmi2 erms invpcid rtm mpx rdseed adx smap clflushopt intel_pt xsaveopt xsavec xgetbv1 xsaves dtherm ida arat pln pts hwp hwp_notify hwp_act_window hwp_epp md_clear flush_l1d
bugs		: cpu_meltdown spectre_v1 spectre_v2 spec_store_bypass l1tf mds swapgs
bogomips	: 8400.00
clflush size	: 64
cache_alignment	: 64
address sizes	: 39 bits physical, 48 bits virtual
power management:

processor	: 1
vendor_id	: GenuineIntel
cpu family	: 6
model		: 158
model name	: Intel(R) Core(TM) i7-7700K CPU @ 4.20GHz
stepping	: 9
microcode	: 0xb4
cpu MHz		: 3899.995
cache size	: 8192 KB
physical id	: 0
siblings	: 8
core id		: 1
cpu cores	: 4
apicid		: 2
initial apicid	: 2
fpu		: yes
fpu_exception	: yes
cpuid level	: 22
wp		: yes
flags		: fpu vme de pse tsc msr pae mce cx8 apic sep mtrr pge mca cmov pat pse36 clflush dts acpi mmx fxsr sse sse2 ss ht tm pbe syscall nx pdpe1gb rdtscp lm constant_tsc art arch_perfmon pebs bts rep_good nopl xtopology nonstop_tsc cpuid aperfmperf tsc_known_freq pni pclmulqdq dtes64 monitor ds_cpl vmx est tm2 ssse3 sdbg fma cx16 xtpr pdcm pcid sse4_1 sse4_2 x2apic movbe popcnt tsc_deadline_timer aes xsave avx f16c rdrand lahf_lm abm 3dnowprefetch cpuid_fault epb invpcid_single pti ssbd ibrs ibpb stibp tpr_shadow vnmi flexpriority ept vpid fsgsbase tsc_adjust bmi1 hle avx2 smep bmi2 erms invpcid rtm mpx rdseed adx smap clflushopt intel_pt xsaveopt xsavec xgetbv1 xsaves dtherm ida arat pln pts hwp hwp_notify hwp_act_window hwp_epp md_clear flush_l1d
bugs		: cpu_meltdown spectre_v1 spectre_v2 spec_store_bypass l1tf mds swapgs
bogomips	: 8400.00
clflush size	: 64
cache_alignment	: 64
address sizes	: 39 bits physical, 48 bits virtual
power management:

processor	: 2
vendor_id	: GenuineIntel
cpu family	: 6
model		: 158
model name	: Intel(R) Core(TM) i7-7700K CPU @ 4.20GHz
stepping	: 9
microcode	: 0xb4
cpu MHz		: 3900.002
cache size	: 8192 KB
physical id	: 0
siblings	: 8
core id		: 2
cpu cores	: 4
apicid		: 4
initial apicid	: 4
fpu		: yes
fpu_exception	: yes
cpuid level	: 22
wp		: yes
flags		: fpu vme de pse tsc msr pae mce cx8 apic sep mtrr pge mca cmov pat pse36 clflush dts acpi mmx fxsr sse sse2 ss ht tm pbe syscall nx pdpe1gb rdtscp lm constant_tsc art arch_perfmon pebs bts rep_good nopl xtopology nonstop_tsc cpuid aperfmperf tsc_known_freq pni pclmulqdq dtes64 monitor ds_cpl vmx est tm2 ssse3 sdbg fma cx16 xtpr pdcm pcid sse4_1 sse4_2 x2apic movbe popcnt tsc_deadline_timer aes xsave avx f16c rdrand lahf_lm abm 3dnowprefetch cpuid_fault epb invpcid_single pti ssbd ibrs ibpb stibp tpr_shadow vnmi flexpriority ept vpid fsgsbase tsc_adjust bmi1 hle avx2 smep bmi2 erms invpcid rtm mpx rdseed adx smap clflushopt intel_pt xsaveopt xsavec xgetbv1 xsaves dtherm ida arat pln pts hwp hwp_notify hwp_act_window hwp_epp md_clear flush_l1d
bugs		: cpu_meltdown spectre_v1 spectre_v2 spec_store_bypass l1tf mds swapgs
bogomips	: 8400.00
clflush size	: 64
cache_alignment	: 64
address sizes	: 39 bits physical, 48 bits virtual
power management:

processor	: 3
vendor_id	: GenuineIntel
cpu family	: 6
model		: 158
model name	: Intel(R) Core(TM) i7-7700K CPU @ 4.20GHz
stepping	: 9
microcode	: 0xb4
cpu MHz		: 3899.990
cache size	: 8192 KB
physical id	: 0
siblings	: 8
core id		: 3
cpu cores	: 4
apicid		: 6
initial apicid	: 6
fpu		: yes
fpu_exception	: yes
cpuid level	: 22
wp		: yes
flags		: fpu vme de pse tsc msr pae mce cx8 apic sep mtrr pge mca cmov pat pse36 clflush dts acpi mmx fxsr sse sse2 ss ht tm pbe syscall nx pdpe1gb rdtscp lm constant_tsc art arch_perfmon pebs bts rep_good nopl xtopology nonstop_tsc cpuid aperfmperf tsc_known_freq pni pclmulqdq dtes64 monitor ds_cpl vmx est tm2 ssse3 sdbg fma cx16 xtpr pdcm pcid sse4_1 sse4_2 x2apic movbe popcnt tsc_deadline_timer aes xsave avx f16c rdrand lahf_lm abm 3dnowprefetch cpuid_fault epb invpcid_single pti ssbd ibrs ibpb stibp tpr_shadow vnmi flexpriority ept vpid fsgsbase tsc_adjust bmi1 hle avx2 smep bmi2 erms invpcid rtm mpx rdseed adx smap clflushopt intel_pt xsaveopt xsavec xgetbv1 xsaves dtherm ida arat pln pts hwp hwp_notify hwp_act_window hwp_epp md_clear flush_l1d
bugs		: cpu_meltdown spectre_v1 spectre_v2 spec_store_bypass l1tf mds swapgs
bogomips	: 8400.00
clflush size	: 64
cache_alignment	: 64
address sizes	: 39 bits physical, 48 bits virtual
power management:

processor	: 4
vendor_id	: GenuineIntel
cpu family	: 6
model		: 158
model name	: Intel(R) Core(TM) i7-7700K CPU @ 4.20GHz
stepping	: 9
microcode	: 0xb4
cpu MHz		: 3900.016
cache size	: 8192 KB
physical id	: 0
siblings	: 8
core id		: 0
cpu cores	: 4
apicid		: 1
initial apicid	: 1
fpu		: yes
fpu_exception	: yes
cpuid level	: 22
wp		: yes
flags		: fpu vme de pse tsc msr pae mce cx8 apic sep mtrr pge mca cmov pat pse36 clflush dts acpi mmx fxsr sse sse2 ss ht tm pbe syscall nx pdpe1gb rdtscp lm constant_tsc art arch_perfmon pebs bts rep_good nopl xtopology nonstop_tsc cpuid aperfmperf tsc_known_freq pni pclmulqdq dtes64 monitor ds_cpl vmx est tm2 ssse3 sdbg fma cx16 xtpr pdcm pcid sse4_1 sse4_2 x2apic movbe popcnt tsc_deadline_timer aes xsave avx f16c rdrand lahf_lm abm 3dnowprefetch cpuid_fault epb invpcid_single pti ssbd ibrs ibpb stibp tpr_shadow vnmi flexpriority ept vpid fsgsbase tsc_adjust bmi1 hle avx2 smep bmi2 erms invpcid rtm mpx rdseed adx smap clflushopt intel_pt xsaveopt xsavec xgetbv1 xsaves dtherm ida arat pln pts hwp hwp_notify hwp_act_window hwp_epp md_clear flush_l1d
bugs		: cpu_meltdown spectre_v1 spectre_v2 spec_store_bypass l1tf mds swapgs
bogomips	: 8400.00
clflush size	: 64
cache_alignment	: 64
address sizes	: 39 bits physical, 48 bits virtual
power management:

processor	: 5
vendor_id	: GenuineIntel
cpu family	: 6
model		: 158
model name	: Intel(R) Core(TM) i7-7700K CPU @ 4.20GHz
stepping	: 9
microcode	: 0xb4
cpu MHz		: 3900.000
cache size	: 8192 KB
physical id	: 0
siblings	: 8
core id		: 1
cpu cores	: 4
apicid		: 3
initial apicid	: 3
fpu		: yes
fpu_exception	: yes
cpuid level	: 22
wp		: yes
flags		: fpu vme de pse tsc msr pae mce cx8 apic sep mtrr pge mca cmov pat pse36 clflush dts acpi mmx fxsr sse sse2 ss ht tm pbe syscall nx pdpe1gb rdtscp lm constant_tsc art arch_perfmon pebs bts rep_good nopl xtopology nonstop_tsc cpuid aperfmperf tsc_known_freq pni pclmulqdq dtes64 monitor ds_cpl vmx est tm2 ssse3 sdbg fma cx16 xtpr pdcm pcid sse4_1 sse4_2 x2apic movbe popcnt tsc_deadline_timer aes xsave avx f16c rdrand lahf_lm abm 3dnowprefetch cpuid_fault epb invpcid_single pti ssbd ibrs ibpb stibp tpr_shadow vnmi flexpriority ept vpid fsgsbase tsc_adjust bmi1 hle avx2 smep bmi2 erms invpcid rtm mpx rdseed adx smap clflushopt intel_pt xsaveopt xsavec xgetbv1 xsaves dtherm ida arat pln pts hwp hwp_notify hwp_act_window hwp_epp md_clear flush_l1d
bugs		: cpu_meltdown spectre_v1 spectre_v2 spec_store_bypass l1tf mds swapgs
bogomips	: 8400.00
clflush size	: 64
cache_alignment	: 64
address sizes	: 39 bits physical, 48 bits virtual
power management:

processor	: 6
vendor_id	: GenuineIntel
cpu family	: 6
model		: 158
model name	: Intel(R) Core(TM) i7-7700K CPU @ 4.20GHz
stepping	: 9
microcode	: 0xb4
cpu MHz		: 3900.008
cache size	: 8192 KB
physical id	: 0
siblings	: 8
core id		: 2
cpu cores	: 4
apicid		: 5
initial apicid	: 5
fpu		: yes
fpu_exception	: yes
cpuid level	: 22
wp		: yes
flags		: fpu vme de pse tsc msr pae mce cx8 apic sep mtrr pge mca cmov pat pse36 clflush dts acpi mmx fxsr sse sse2 ss ht tm pbe syscall nx pdpe1gb rdtscp lm constant_tsc art arch_perfmon pebs bts rep_good nopl xtopology nonstop_tsc cpuid aperfmperf tsc_known_freq pni pclmulqdq dtes64 monitor ds_cpl vmx est tm2 ssse3 sdbg fma cx16 xtpr pdcm pcid sse4_1 sse4_2 x2apic movbe popcnt tsc_deadline_timer aes xsave avx f16c rdrand lahf_lm abm 3dnowprefetch cpuid_fault epb invpcid_single pti ssbd ibrs ibpb stibp tpr_shadow vnmi flexpriority ept vpid fsgsbase tsc_adjust bmi1 hle avx2 smep bmi2 erms invpcid rtm mpx rdseed adx smap clflushopt intel_pt xsaveopt xsavec xgetbv1 xsaves dtherm ida arat pln pts hwp hwp_notify hwp_act_window hwp_epp md_clear flush_l1d
bugs		: cpu_meltdown spectre_v1 spectre_v2 spec_store_bypass l1tf mds swapgs
bogomips	: 8400.00
clflush size	: 64
cache_alignment	: 64
address sizes	: 39 bits physical, 48 bits virtual
power management:

processor	: 7
vendor_id	: GenuineIntel
cpu family	: 6
model		: 158
model name	: Intel(R) Core(TM) i7-7700K CPU @ 4.20GHz
stepping	: 9
microcode	: 0xb4
cpu MHz		: 3899.991
cache size	: 8192 KB
physical id	: 0
siblings	: 8
core id		: 3
cpu cores	: 4
apicid		: 7
initial apicid	: 7
fpu		: yes
fpu_exception	: yes
cpuid level	: 22
wp		: yes
flags		: fpu vme de pse tsc msr pae mce cx8 apic sep mtrr pge mca cmov pat pse36 clflush dts acpi mmx fxsr sse sse2 ss ht tm pbe syscall nx pdpe1gb rdtscp lm constant_tsc art arch_perfmon pebs bts rep_good nopl xtopology nonstop_tsc cpuid aperfmperf tsc_known_freq pni pclmulqdq dtes64 monitor ds_cpl vmx est tm2 ssse3 sdbg fma cx16 xtpr pdcm pcid sse4_1 sse4_2 x2apic movbe popcnt tsc_deadline_timer aes xsave avx f16c rdrand lahf_lm abm 3dnowprefetch cpuid_fault epb invpcid_single pti ssbd ibrs ibpb stibp tpr_shadow vnmi flexpriority ept vpid fsgsbase tsc_adjust bmi1 hle avx2 smep bmi2 erms invpcid rtm mpx rdseed adx smap clflushopt intel_pt xsaveopt xsavec xgetbv1 xsaves dtherm ida arat pln pts hwp hwp_notify hwp_act_window hwp_epp md_clear flush_l1d
bugs		: cpu_meltdown spectre_v1 spectre_v2 spec_store_bypass l1tf mds swapgs
bogomips	: 8400.00
clflush size	: 64
cache_alignment	: 64
address sizes	: 39 bits physical, 48 bits virtual
power management:



Memory: 4k page, physical 8099484k(118256k free), swap 999420k(0k free)

vm_info: OpenJDK 64-Bit Server VM (25.222-b10) for linux-amd64 JRE (1.8.0_222-8u222-b10-1ubuntu1~16.04.1-b10), built on Jul 18 2019 20:25:18 by "buildd" with gcc 5.4.0 20160609

time: Sun Sep 15 20:51:48 2019
timezone: CEST
elapsed time: 7 seconds (0d 0h 0m 7s)

