#
# There is insufficient memory for the Java Runtime Environment to continue.
# Native memory allocation (mmap) failed to map 130023424 bytes for committing reserved memory.
# Possible reasons:
#   The system is out of physical RAM or swap space
#   The process is running with CompressedOops enabled, and the Java Heap may be blocking the growth of the native heap
# Possible solutions:
#   Reduce memory load on the system
#   Increase physical memory or swap space
#   Check if swap backing store is full
#   Decrease Java heap size (-Xmx/-Xms)
#   Decrease number of Java threads
#   Decrease Java thread stack sizes (-Xss)
#   Set larger code cache with -XX:ReservedCodeCacheSize=
#   JVM is running with Unscaled Compressed Oops mode in which the Java heap is
#     placed in the first 4GB address space. The Java Heap base address is the
#     maximum limit for the native heap growth. Please use -XX:HeapBaseMinAddress
#     to set the Java Heap base and to place the Java Heap above 4GB virtual address.
# This output file may be truncated or incomplete.
#
#  Out of Memory Error (os_linux.cpp:2757), pid=31943, tid=0x00007f9ee78f8700
#
# JRE version: OpenJDK Runtime Environment (8.0_242-b08) (build 1.8.0_242-8u242-b08-0ubuntu3~16.04-b08)
# Java VM: OpenJDK 64-Bit Server VM (25.242-b08 mixed mode linux-amd64 compressed oops)
# Failed to write core dump. Core dumps have been disabled. To enable core dumping, try "ulimit -c unlimited" before starting Java again
#

---------------  T H R E A D  ---------------

Current thread (0x00007f9f0c142000):  VMThread [stack: 0x00007f9ee77f8000,0x00007f9ee78f9000] [id=31953]

Stack: [0x00007f9ee77f8000,0x00007f9ee78f9000],  sp=0x00007f9ee78f7490,  free space=1021k
Native frames: (J=compiled Java code, j=interpreted, Vv=VM code, C=native code)
V  [libjvm.so+0xa7ad8b]
V  [libjvm.so+0x4ccbcc]
V  [libjvm.so+0x8c8a28]
V  [libjvm.so+0x8c006e]
V  [libjvm.so+0x93ddb6]
V  [libjvm.so+0x93f0e3]
V  [libjvm.so+0x93b7c4]
V  [libjvm.so+0x934619]
V  [libjvm.so+0x44eef3]
V  [libjvm.so+0xa7c3a9]
V  [libjvm.so+0xa81b57]
V  [libjvm.so+0xa7f3b7]
V  [libjvm.so+0xa8069f]
V  [libjvm.so+0xa80bc2]
V  [libjvm.so+0x8c5d82]

VM_Operation (0x00007f9f14b84a30): CollectForMetadataAllocation, mode: safepoint, requested by thread 0x00007f9f0c00d800


---------------  P R O C E S S  ---------------

Java Threads: ( => current thread )
  0x00007f9f0c3c0000 JavaThread "surefire-forkedjvm-command-thread" daemon [_thread_in_native, id=31963, stack(0x00007f9ee5fa7000,0x00007f9ee60a8000)]
  0x00007f9f0c437000 JavaThread "last-ditch-daemon-shutdown-thread-30sec" daemon [_thread_blocked, id=31962, stack(0x00007f9ee60a8000,0x00007f9ee61a9000)]
  0x00007f9f0c40a800 JavaThread "Service Thread" daemon [_thread_blocked, id=31960, stack(0x00007f9ee62aa000,0x00007f9ee63ab000)]
  0x00007f9f0c3e6800 JavaThread "C1 CompilerThread2" daemon [_thread_blocked, id=31959, stack(0x00007f9ee63ab000,0x00007f9ee64ac000)]
  0x00007f9f0c39b800 JavaThread "C2 CompilerThread1" daemon [_thread_blocked, id=31958, stack(0x00007f9ee64ac000,0x00007f9ee65ad000)]
  0x00007f9f0c43d800 JavaThread "C2 CompilerThread0" daemon [_thread_blocked, id=31957, stack(0x00007f9ee65ad000,0x00007f9ee66ae000)]
  0x00007f9f0c182000 JavaThread "Signal Dispatcher" daemon [_thread_blocked, id=31956, stack(0x00007f9ee6b36000,0x00007f9ee6c37000)]
  0x00007f9f0c150000 JavaThread "Finalizer" daemon [_thread_blocked, id=31955, stack(0x00007f9ee75f6000,0x00007f9ee76f7000)]
  0x00007f9f0c14b800 JavaThread "Reference Handler" daemon [_thread_blocked, id=31954, stack(0x00007f9ee76f7000,0x00007f9ee77f8000)]
  0x00007f9f0c00d800 JavaThread "main" [_thread_blocked, id=31948, stack(0x00007f9f14a88000,0x00007f9f14b89000)]

Other Threads:
=>0x00007f9f0c142000 VMThread [stack: 0x00007f9ee77f8000,0x00007f9ee78f9000] [id=31953]
  0x00007f9f0c40d000 WatcherThread [stack: 0x00007f9ee61a9000,0x00007f9ee62aa000] [id=31961]

VM state:at safepoint (normal execution)

VM Mutex/Monitor currently owned by a thread:  ([mutex/lock_event])
[0x00007f9f0c0099c0] Threads_lock - owner thread: 0x00007f9f0c142000
[0x00007f9f0c009ec0] Heap_lock - owner thread: 0x00007f9f0c00d800

heap address: 0x0000000085400000, size: 1964 MB, Compressed Oops mode: 32-bit
Narrow klass base: 0x0000000000000000, Narrow klass shift: 3
Compressed class space size: 1073741824 Address: 0x0000000100000000

Heap:
 PSYoungGen      total 134656K, used 6066K [0x00000000d7180000, 0x00000000dfd80000, 0x0000000100000000)
  eden space 126464K, 0% used [0x00000000d7180000,0x00000000d7180000,0x00000000ded00000)
  from space 8192K, 74% used [0x00000000ded00000,0x00000000df2ec820,0x00000000df500000)
  to   space 7680K, 0% used [0x00000000df500000,0x00000000df500000,0x00000000dfc80000)
 ParOldGen       total 84992K, used 2371K [0x0000000085400000, 0x000000008a700000, 0x00000000d7180000)
  object space 84992K, 2% used [0x0000000085400000,0x0000000085650e50,0x000000008a700000)
 Metaspace       used 20980K, capacity 21144K, committed 21296K, reserved 1067008K
  class space    used 2787K, capacity 2878K, committed 2944K, reserved 1048576K

Card table byte_map: [0x00007f9f10b5a000,0x00007f9f10f31000] byte_map_base: 0x00007f9f10730000

Marking Bits: (ParMarkBitMap*) 0x00007f9f13d635c0
 Begin Bits: [0x00007f9eec2a0000, 0x00007f9eee150000)
 End Bits:   [0x00007f9eee150000, 0x00007f9ef0000000)

Polling page: 0x00007f9f14bb7000

CodeCache: size=245760Kb used=9238Kb max_used=9255Kb free=236521Kb
 bounds [0x00007f9efd000000, 0x00007f9efd920000, 0x00007f9f0c000000]
 total_blobs=2488 nmethods=2131 adapters=271
 compilation: enabled

Compilation events (10 events):
Event: 20,694 Thread 0x00007f9f0c3e6800 nmethod 2222 0x00007f9efd8eecd0 code [0x00007f9efd8eee40, 0x00007f9efd8ef0a8]
Event: 20,700 Thread 0x00007f9f0c3e6800 2223       3       org.mockito.asm.ClassReader::$jacocoInit (54 bytes)
Event: 20,705 Thread 0x00007f9f0c3e6800 nmethod 2223 0x00007f9efd90a490 code [0x00007f9efd90a680, 0x00007f9efd90b038]
Event: 20,705 Thread 0x00007f9f0c3e6800 2224       3       org.mockito.asm.ClassReader::readUnsignedShort (36 bytes)
Event: 20,706 Thread 0x00007f9f0c3e6800 nmethod 2224 0x00007f9efd90b350 code [0x00007f9efd90b4c0, 0x00007f9efd90b6e8]
Event: 20,710 Thread 0x00007f9f0c3e6800 2226       3       org.jacoco.agent.rt.internal_c13123e.asm.FieldWriter::put (475 bytes)
Event: 20,714 Thread 0x00007f9f0c3e6800 nmethod 2226 0x00007f9efd90b890 code [0x00007f9efd90bc20, 0x00007f9efd90d258]
Event: 20,720 Thread 0x00007f9f0c39b800 nmethod 2210 0x00007f9efd8d8390 code [0x00007f9efd8d84e0, 0x00007f9efd8d85d8]
Event: 20,720 Thread 0x00007f9f0c39b800 2225       4       org.jacoco.agent.rt.internal_c13123e.core.internal.instr.ProbeInserter::visitCode (33 bytes)
Event: 20,725 Thread 0x00007f9f0c43d800 nmethod 2215 0x00007f9efd90f890 code [0x00007f9efd90fa00, 0x00007f9efd90fff8]

GC Heap History (10 events):
Event: 1,638 GC heap after
Heap after GC invocations=2 (full 0):
 PSYoungGen      total 36864K, used 3434K [0x00000000d7180000, 0x00000000db980000, 0x0000000100000000)
  eden space 31744K, 0% used [0x00000000d7180000,0x00000000d7180000,0x00000000d9080000)
  from space 5120K, 67% used [0x00000000d9580000,0x00000000d98dab48,0x00000000d9a80000)
  to   space 5120K, 0% used [0x00000000d9080000,0x00000000d9080000,0x00000000d9580000)
 ParOldGen       total 84992K, used 8K [0x0000000085400000, 0x000000008a700000, 0x00000000d7180000)
  object space 84992K, 0% used [0x0000000085400000,0x0000000085402000,0x000000008a700000)
 Metaspace       used 7196K, capacity 7302K, committed 7424K, reserved 1056768K
  class space    used 725K, capacity 753K, committed 768K, reserved 1048576K
}
Event: 1,841 GC heap before
{Heap before GC invocations=3 (full 0):
 PSYoungGen      total 36864K, used 35178K [0x00000000d7180000, 0x00000000db980000, 0x0000000100000000)
  eden space 31744K, 100% used [0x00000000d7180000,0x00000000d9080000,0x00000000d9080000)
  from space 5120K, 67% used [0x00000000d9580000,0x00000000d98dab48,0x00000000d9a80000)
  to   space 5120K, 0% used [0x00000000d9080000,0x00000000d9080000,0x00000000d9580000)
 ParOldGen       total 84992K, used 8K [0x0000000085400000, 0x000000008a700000, 0x00000000d7180000)
  object space 84992K, 0% used [0x0000000085400000,0x0000000085402000,0x000000008a700000)
 Metaspace       used 8111K, capacity 8246K, committed 8320K, reserved 1056768K
  class space    used 799K, capacity 849K, committed 896K, reserved 1048576K
Event: 1,848 GC heap after
Heap after GC invocations=3 (full 0):
 PSYoungGen      total 36864K, used 5109K [0x00000000d7180000, 0x00000000db980000, 0x0000000100000000)
  eden space 31744K, 0% used [0x00000000d7180000,0x00000000d7180000,0x00000000d9080000)
  from space 5120K, 99% used [0x00000000d9080000,0x00000000d957d678,0x00000000d9580000)
  to   space 5120K, 0% used [0x00000000db480000,0x00000000db480000,0x00000000db980000)
 ParOldGen       total 84992K, used 1087K [0x0000000085400000, 0x000000008a700000, 0x00000000d7180000)
  object space 84992K, 1% used [0x0000000085400000,0x000000008550ffb0,0x000000008a700000)
 Metaspace       used 8111K, capacity 8246K, committed 8320K, reserved 1056768K
  class space    used 799K, capacity 849K, committed 896K, reserved 1048576K
}
Event: 2,062 GC heap before
{Heap before GC invocations=4 (full 0):
 PSYoungGen      total 36864K, used 36853K [0x00000000d7180000, 0x00000000db980000, 0x0000000100000000)
  eden space 31744K, 100% used [0x00000000d7180000,0x00000000d9080000,0x00000000d9080000)
  from space 5120K, 99% used [0x00000000d9080000,0x00000000d957d678,0x00000000d9580000)
  to   space 5120K, 0% used [0x00000000db480000,0x00000000db480000,0x00000000db980000)
 ParOldGen       total 84992K, used 1087K [0x0000000085400000, 0x000000008a700000, 0x00000000d7180000)
  object space 84992K, 1% used [0x0000000085400000,0x000000008550ffb0,0x000000008a700000)
 Metaspace       used 8925K, capacity 9032K, committed 9088K, reserved 1056768K
  class space    used 851K, capacity 881K, committed 896K, reserved 1048576K
Event: 2,069 GC heap after
Heap after GC invocations=4 (full 0):
 PSYoungGen      total 68608K, used 2423K [0x00000000d7180000, 0x00000000db980000, 0x0000000100000000)
  eden space 63488K, 0% used [0x00000000d7180000,0x00000000d7180000,0x00000000daf80000)
  from space 5120K, 47% used [0x00000000db480000,0x00000000db6ddd78,0x00000000db980000)
  to   space 5120K, 0% used [0x00000000daf80000,0x00000000daf80000,0x00000000db480000)
 ParOldGen       total 84992K, used 1095K [0x0000000085400000, 0x000000008a700000, 0x00000000d7180000)
  object space 84992K, 1% used [0x0000000085400000,0x0000000085511fb0,0x000000008a700000)
 Metaspace       used 8925K, capacity 9032K, committed 9088K, reserved 1056768K
  class space    used 851K, capacity 881K, committed 896K, reserved 1048576K
}
Event: 3,271 GC heap before
{Heap before GC invocations=5 (full 0):
 PSYoungGen      total 68608K, used 65911K [0x00000000d7180000, 0x00000000db980000, 0x0000000100000000)
  eden space 63488K, 100% used [0x00000000d7180000,0x00000000daf80000,0x00000000daf80000)
  from space 5120K, 47% used [0x00000000db480000,0x00000000db6ddd78,0x00000000db980000)
  to   space 5120K, 0% used [0x00000000daf80000,0x00000000daf80000,0x00000000db480000)
 ParOldGen       total 84992K, used 1095K [0x0000000085400000, 0x000000008a700000, 0x00000000d7180000)
  object space 84992K, 1% used [0x0000000085400000,0x0000000085511fb0,0x000000008a700000)
 Metaspace       used 12786K, capacity 12870K, committed 13056K, reserved 1060864K
  class space    used 1437K, capacity 1457K, committed 1536K, reserved 1048576K
Event: 3,291 GC heap after
Heap after GC invocations=5 (full 0):
 PSYoungGen      total 68608K, used 5098K [0x00000000d7180000, 0x00000000dfc80000, 0x0000000100000000)
  eden space 63488K, 0% used [0x00000000d7180000,0x00000000d7180000,0x00000000daf80000)
  from space 5120K, 99% used [0x00000000daf80000,0x00000000db47aa60,0x00000000db480000)
  to   space 7680K, 0% used [0x00000000df500000,0x00000000df500000,0x00000000dfc80000)
 ParOldGen       total 84992K, used 1502K [0x0000000085400000, 0x000000008a700000, 0x00000000d7180000)
  object space 84992K, 1% used [0x0000000085400000,0x0000000085577920,0x000000008a700000)
 Metaspace       used 12786K, capacity 12870K, committed 13056K, reserved 1060864K
  class space    used 1437K, capacity 1457K, committed 1536K, reserved 1048576K
}
Event: 6,230 GC heap before
{Heap before GC invocations=6 (full 0):
 PSYoungGen      total 68608K, used 68586K [0x00000000d7180000, 0x00000000dfc80000, 0x0000000100000000)
  eden space 63488K, 100% used [0x00000000d7180000,0x00000000daf80000,0x00000000daf80000)
  from space 5120K, 99% used [0x00000000daf80000,0x00000000db47aa60,0x00000000db480000)
  to   space 7680K, 0% used [0x00000000df500000,0x00000000df500000,0x00000000dfc80000)
 ParOldGen       total 84992K, used 1502K [0x0000000085400000, 0x000000008a700000, 0x00000000d7180000)
  object space 84992K, 1% used [0x0000000085400000,0x0000000085577920,0x000000008a700000)
 Metaspace       used 17832K, capacity 18058K, committed 18176K, reserved 1064960K
  class space    used 2151K, capacity 2233K, committed 2304K, reserved 1048576K
Event: 6,282 GC heap after
Heap after GC invocations=6 (full 0):
 PSYoungGen      total 134144K, used 6495K [0x00000000d7180000, 0x00000000dfd80000, 0x0000000100000000)
  eden space 126464K, 0% used [0x00000000d7180000,0x00000000d7180000,0x00000000ded00000)
  from space 7680K, 84% used [0x00000000df500000,0x00000000dfb57f40,0x00000000dfc80000)
  to   space 8192K, 0% used [0x00000000ded00000,0x00000000ded00000,0x00000000df500000)
 ParOldGen       total 84992K, used 1510K [0x0000000085400000, 0x000000008a700000, 0x00000000d7180000)
  object space 84992K, 1% used [0x0000000085400000,0x0000000085579920,0x000000008a700000)
 Metaspace       used 17832K, capacity 18058K, committed 18176K, reserved 1064960K
  class space    used 2151K, capacity 2233K, committed 2304K, reserved 1048576K
}
Event: 20,783 GC heap before
{Heap before GC invocations=7 (full 0):
 PSYoungGen      total 134144K, used 93965K [0x00000000d7180000, 0x00000000dfd80000, 0x0000000100000000)
  eden space 126464K, 69% used [0x00000000d7180000,0x00000000dc6eb630,0x00000000ded00000)
  from space 7680K, 84% used [0x00000000df500000,0x00000000dfb57f40,0x00000000dfc80000)
  to   space 8192K, 0% used [0x00000000ded00000,0x00000000ded00000,0x00000000df500000)
 ParOldGen       total 84992K, used 1510K [0x0000000085400000, 0x000000008a700000, 0x00000000d7180000)
  object space 84992K, 1% used [0x0000000085400000,0x0000000085579920,0x000000008a700000)
 Metaspace       used 20980K, capacity 21144K, committed 21296K, reserved 1067008K
  class space    used 2787K, capacity 2878K, committed 2944K, reserved 1048576K

Deoptimization events (10 events):
Event: 19,813 Thread 0x00007f9f0c00d800 Uncommon trap: reason=unstable_if action=reinterpret pc=0x00007f9efd44fe10 method=org.jacoco.agent.rt.internal_c13123e.asm.MethodVisitor.visitIntInsn(II)V @ 4
Event: 19,816 Thread 0x00007f9f0c00d800 Uncommon trap: reason=bimorphic action=maybe_recompile pc=0x00007f9efd646c7c method=org.jacoco.agent.rt.internal_c13123e.core.internal.instr.ProbeInserter.visitCode()V @ 17
Event: 19,949 Thread 0x00007f9f0c00d800 Uncommon trap: reason=unstable_if action=reinterpret pc=0x00007f9efd40b370 method=org.jacoco.agent.rt.internal_c13123e.core.internal.flow.LabelFlowAnalyzer.markMethodInvocationLine()V @ 4
Event: 19,965 Thread 0x00007f9f0c00d800 Uncommon trap: reason=unstable_if action=reinterpret pc=0x00007f9efd6db5e8 method=org.jacoco.agent.rt.internal_c13123e.core.internal.flow.LabelFlowAnalyzer.markMethodInvocationLine()V @ 4
Event: 19,966 Thread 0x00007f9f0c00d800 Uncommon trap: reason=unstable_if action=reinterpret pc=0x00007f9efd7fb7d4 method=org.jacoco.agent.rt.internal_c13123e.asm.MethodWriter.getSize()I @ 399
Event: 19,968 Thread 0x00007f9f0c00d800 Uncommon trap: reason=unstable_if action=reinterpret pc=0x00007f9efd8dd1e0 method=org.jacoco.agent.rt.internal_c13123e.asm.FieldWriter.put(Lorg/jacoco/agent/rt/internal_c13123e/asm/ByteVector;)V @ 80
Event: 19,968 Thread 0x00007f9f0c00d800 Uncommon trap: reason=unstable_if action=reinterpret pc=0x00007f9efd82243c method=org.jacoco.agent.rt.internal_c13123e.asm.MethodWriter.put(Lorg/jacoco/agent/rt/internal_c13123e/asm/ByteVector;)V @ 127
Event: 20,109 Thread 0x00007f9f0c00d800 Uncommon trap: reason=bimorphic action=maybe_recompile pc=0x00007f9efd646c7c method=org.jacoco.agent.rt.internal_c13123e.core.internal.instr.ProbeInserter.visitCode()V @ 17
Event: 20,609 Thread 0x00007f9f0c00d800 Uncommon trap: reason=bimorphic action=maybe_recompile pc=0x00007f9efd5fb530 method=java.util.HashMap.putVal(ILjava/lang/Object;Ljava/lang/Object;ZZ)Ljava/lang/Object; @ 203
Event: 20,611 Thread 0x00007f9f0c00d800 Uncommon trap: reason=bimorphic action=maybe_recompile pc=0x00007f9efd5fb370 method=java.util.HashMap.putVal(ILjava/lang/Object;Ljava/lang/Object;ZZ)Ljava/lang/Object; @ 91

Classes redefined (0 events):
No events

Internal exceptions (10 events):
Event: 5,295 Thread 0x00007f9f0c00d800 Implicit null exception at 0x00007f9efd3630e8 to 0x00007f9efd363233
Event: 5,295 Thread 0x00007f9f0c00d800 Exception <a 'java/lang/NullPointerException'> (0x00000000d9ec4250) thrown at [/build/openjdk-8-Wut_v1/openjdk-8-8u242-b08/src/hotspot/src/share/vm/runtime/sharedRuntime.cpp, line 605]
Event: 5,306 Thread 0x00007f9f0c00d800 Implicit null exception at 0x00007f9efd3630e8 to 0x00007f9efd363233
Event: 5,306 Thread 0x00007f9f0c00d800 Exception <a 'java/lang/NullPointerException'> (0x00000000d9ec73f8) thrown at [/build/openjdk-8-Wut_v1/openjdk-8-8u242-b08/src/hotspot/src/share/vm/runtime/sharedRuntime.cpp, line 605]
Event: 5,801 Thread 0x00007f9f0c00d800 Implicit null exception at 0x00007f9efd3630e8 to 0x00007f9efd363233
Event: 5,801 Thread 0x00007f9f0c00d800 Exception <a 'java/lang/NullPointerException'> (0x00000000da4cba48) thrown at [/build/openjdk-8-Wut_v1/openjdk-8-8u242-b08/src/hotspot/src/share/vm/runtime/sharedRuntime.cpp, line 605]
Event: 11,866 Thread 0x00007f9f0c00d800 Implicit null exception at 0x00007f9efd73bbe0 to 0x00007f9efd73c3d6
Event: 11,870 Thread 0x00007f9f0c00d800 Exception <a 'java/lang/NullPointerException'> (0x00000000da7c4da0) thrown at [/build/openjdk-8-Wut_v1/openjdk-8-8u242-b08/src/hotspot/src/share/vm/runtime/sharedRuntime.cpp, line 605]
Event: 19,939 Thread 0x00007f9f0c00d800 Implicit null exception at 0x00007f9efd40b298 to 0x00007f9efd40b35d
Event: 19,965 Thread 0x00007f9f0c00d800 Implicit null exception at 0x00007f9efd6db510 to 0x00007f9efd6db5d5

Events (10 events):
Event: 20,678 loading class org/mockito/cglib/core/EmitUtils$14 done
Event: 20,680 loading class org/mockito/cglib/proxy/Enhancer$3
Event: 20,680 loading class org/mockito/cglib/proxy/Enhancer$3 done
Event: 20,690 loading class org/mockito/cglib/proxy/Enhancer$4
Event: 20,690 loading class org/mockito/cglib/proxy/Enhancer$4 done
Event: 20,694 loading class org/mockito/cglib/core/ClassEmitter$2
Event: 20,694 loading class org/mockito/cglib/core/ClassEmitter$2 done
Event: 20,711 loading class org/mockito/cglib/proxy/Factory
Event: 20,711 loading class org/mockito/cglib/proxy/Factory done
Event: 20,746 Executing VM operation: CollectForMetadataAllocation


Dynamic libraries:
00400000-00401000 r-xp 00000000 08:06 6167247                            /usr/lib/jvm/java-8-openjdk-amd64/jre/bin/java
00600000-00601000 r--p 00000000 08:06 6167247                            /usr/lib/jvm/java-8-openjdk-amd64/jre/bin/java
00601000-00602000 rw-p 00001000 08:06 6167247                            /usr/lib/jvm/java-8-openjdk-amd64/jre/bin/java
01358000-01379000 rw-p 00000000 00:00 0                                  [heap]
85400000-8a700000 rw-p 00000000 00:00 0 
8a700000-d7180000 ---p 00000000 00:00 0 
d7180000-dfd80000 rw-p 00000000 00:00 0 
e7980000-100000000 ---p 00000000 00:00 0 
100000000-1002e0000 rw-p 00000000 00:00 0 
1002e0000-140000000 ---p 00000000 00:00 0 
7f9eb4000000-7f9eb4021000 rw-p 00000000 00:00 0 
7f9eb4021000-7f9eb8000000 ---p 00000000 00:00 0 
7f9eb8000000-7f9eb8021000 rw-p 00000000 00:00 0 
7f9eb8021000-7f9ebc000000 ---p 00000000 00:00 0 
7f9ebc000000-7f9ebc021000 rw-p 00000000 00:00 0 
7f9ebc021000-7f9ec0000000 ---p 00000000 00:00 0 
7f9ec0000000-7f9ec0021000 rw-p 00000000 00:00 0 
7f9ec0021000-7f9ec4000000 ---p 00000000 00:00 0 
7f9ec4000000-7f9ec5047000 rw-p 00000000 00:00 0 
7f9ec5047000-7f9ec8000000 ---p 00000000 00:00 0 
7f9ec8000000-7f9ec8950000 rw-p 00000000 00:00 0 
7f9ec8950000-7f9ecc000000 ---p 00000000 00:00 0 
7f9ecc000000-7f9ecd28c000 rw-p 00000000 00:00 0 
7f9ecd28c000-7f9ed0000000 ---p 00000000 00:00 0 
7f9ed0000000-7f9ed0021000 rw-p 00000000 00:00 0 
7f9ed0021000-7f9ed4000000 ---p 00000000 00:00 0 
7f9ed4fff000-7f9ed8000000 rw-p 00000000 00:00 0 
7f9ed8000000-7f9ed8021000 rw-p 00000000 00:00 0 
7f9ed8021000-7f9edc000000 ---p 00000000 00:00 0 
7f9edc000000-7f9edc021000 rw-p 00000000 00:00 0 
7f9edc021000-7f9ee0000000 ---p 00000000 00:00 0 
7f9ee0000000-7f9ee00a9000 rw-p 00000000 00:00 0 
7f9ee00a9000-7f9ee4000000 ---p 00000000 00:00 0 
7f9ee55a7000-7f9ee5793000 rw-p 00000000 00:00 0 
7f9ee5793000-7f9ee57a7000 ---p 00000000 00:00 0 
7f9ee57a7000-7f9ee59a7000 rw-p 00000000 00:00 0 
7f9ee59a7000-7f9ee5ba7000 rw-p 00000000 00:00 0 
7f9ee5ba7000-7f9ee5da7000 rw-p 00000000 00:00 0 
7f9ee5da7000-7f9ee5fa7000 rw-p 00000000 00:00 0 
7f9ee5fa7000-7f9ee5faa000 ---p 00000000 00:00 0 
7f9ee5faa000-7f9ee60a8000 rw-p 00000000 00:00 0 
7f9ee60a8000-7f9ee60ab000 ---p 00000000 00:00 0 
7f9ee60ab000-7f9ee61a9000 rw-p 00000000 00:00 0 
7f9ee61a9000-7f9ee61aa000 ---p 00000000 00:00 0 
7f9ee61aa000-7f9ee62aa000 rw-p 00000000 00:00 0 
7f9ee62aa000-7f9ee62ad000 ---p 00000000 00:00 0 
7f9ee62ad000-7f9ee63ab000 rw-p 00000000 00:00 0 
7f9ee63ab000-7f9ee63ae000 ---p 00000000 00:00 0 
7f9ee63ae000-7f9ee64ac000 rw-p 00000000 00:00 0 
7f9ee64ac000-7f9ee64af000 ---p 00000000 00:00 0 
7f9ee64af000-7f9ee65ad000 rw-p 00000000 00:00 0 
7f9ee65ad000-7f9ee65b0000 ---p 00000000 00:00 0 
7f9ee65b0000-7f9ee66ae000 rw-p 00000000 00:00 0 
7f9ee66ae000-7f9ee66c5000 r-xp 00000000 08:06 6167334                    /usr/lib/jvm/java-8-openjdk-amd64/jre/lib/amd64/libnet.so
7f9ee66c5000-7f9ee68c4000 ---p 00017000 08:06 6167334                    /usr/lib/jvm/java-8-openjdk-amd64/jre/lib/amd64/libnet.so
7f9ee68c4000-7f9ee68c5000 r--p 00016000 08:06 6167334                    /usr/lib/jvm/java-8-openjdk-amd64/jre/lib/amd64/libnet.so
7f9ee68c5000-7f9ee68c6000 rw-p 00017000 08:06 6167334                    /usr/lib/jvm/java-8-openjdk-amd64/jre/lib/amd64/libnet.so
7f9ee68c6000-7f9ee68d7000 r-xp 00000000 08:06 6167338                    /usr/lib/jvm/java-8-openjdk-amd64/jre/lib/amd64/libnio.so
7f9ee68d7000-7f9ee6ad7000 ---p 00011000 08:06 6167338                    /usr/lib/jvm/java-8-openjdk-amd64/jre/lib/amd64/libnio.so
7f9ee6ad7000-7f9ee6ad8000 r--p 00011000 08:06 6167338                    /usr/lib/jvm/java-8-openjdk-amd64/jre/lib/amd64/libnio.so
7f9ee6ad8000-7f9ee6ad9000 rw-p 00012000 08:06 6167338                    /usr/lib/jvm/java-8-openjdk-amd64/jre/lib/amd64/libnio.so
7f9ee6ad9000-7f9ee6ade000 r--s 00038000 08:06 3162711                    /home/treiber/.m2/repository/org/jacoco/org.jacoco.agent/0.8.1/org.jacoco.agent-0.8.1-runtime.jar
7f9ee6ade000-7f9ee6aed000 r--s 00098000 08:06 3156892                    /home/treiber/.m2/repository/org/jscience/jscience/4.3.1/jscience-4.3.1.jar
7f9ee6aed000-7f9ee6b09000 r--s 00103000 08:06 4594785                    /home/treiber/.m2/repository/org/mockito/mockito-core/1.10.19/mockito-core-1.10.19.jar
7f9ee6b09000-7f9ee6b36000 r--s 00225000 08:06 3296574                    /home/treiber/.m2/repository/de/monticore/lang/monticar/common-monticar/0.0.19-SNAPSHOT/common-monticar-0.0.19-SNAPSHOT.jar
7f9ee6b36000-7f9ee6b39000 ---p 00000000 00:00 0 
7f9ee6b39000-7f9ee6c37000 rw-p 00000000 00:00 0 
7f9ee6c37000-7f9ee75f6000 r--p 00000000 08:06 6167802                    /usr/lib/locale/locale-archive
7f9ee75f6000-7f9ee75f9000 ---p 00000000 00:00 0 
7f9ee75f9000-7f9ee76f7000 rw-p 00000000 00:00 0 
7f9ee76f7000-7f9ee76fa000 ---p 00000000 00:00 0 
7f9ee76fa000-7f9ee77f8000 rw-p 00000000 00:00 0 
7f9ee77f8000-7f9ee77f9000 ---p 00000000 00:00 0 
7f9ee77f9000-7f9ee8000000 rw-p 00000000 00:00 0 
7f9ee8000000-7f9ee8021000 rw-p 00000000 00:00 0 
7f9ee8021000-7f9eec000000 ---p 00000000 00:00 0 
7f9eec002000-7f9eec005000 r--s 00010000 08:06 3164664                    /home/treiber/.m2/repository/org/apache/maven/surefire/surefire-junit4/2.19.1/surefire-junit4-2.19.1.jar
7f9eec005000-7f9eec00f000 r--s 0005f000 08:06 3156888                    /home/treiber/.m2/repository/ch/qos/logback/logback-core/1.1.2/logback-core-1.1.2.jar
7f9eec00f000-7f9eec015000 r--s 0003d000 08:06 3156887                    /home/treiber/.m2/repository/ch/qos/logback/logback-classic/1.1.2/logback-classic-1.1.2.jar
7f9eec015000-7f9eec01d000 r--s 00024000 08:06 3196363                    /home/treiber/.m2/repository/de/monticore/monticore-runtime/5.0.1/monticore-runtime-5.0.1-tests.jar
7f9eec01d000-7f9eec066000 r--s 003fb000 08:06 3156837                    /home/treiber/.m2/repository/org/codehaus/groovy/groovy/2.3.7/groovy-2.3.7.jar
7f9eec066000-7f9eec086000 r--s 0016d000 08:06 3156832                    /home/treiber/.m2/repository/de/monticore/monticore-grammar/5.0.1/monticore-grammar-5.0.1.jar
7f9eec086000-7f9eec09e000 r--s 00132000 08:06 3156798                    /home/treiber/.m2/repository/org/freemarker/freemarker/2.3.23/freemarker-2.3.23.jar
7f9eec09e000-7f9ef0000000 rw-p 00000000 00:00 0 
7f9ef0000000-7f9ef0021000 rw-p 00000000 00:00 0 
7f9ef0021000-7f9ef4000000 ---p 00000000 00:00 0 
7f9ef4000000-7f9ef4021000 rw-p 00000000 00:00 0 
7f9ef4021000-7f9ef8000000 ---p 00000000 00:00 0 
7f9ef8000000-7f9ef8021000 rw-p 00000000 00:00 0 
7f9ef8021000-7f9efc000000 ---p 00000000 00:00 0 
7f9efc002000-7f9efc004000 r--s 00009000 08:06 4594787                    /home/treiber/.m2/repository/org/objenesis/objenesis/2.1/objenesis-2.1.jar
7f9efc004000-7f9efc006000 r--s 00009000 08:06 3156885                    /home/treiber/.m2/repository/org/hamcrest/hamcrest-core/1.3/hamcrest-core-1.3.jar
7f9efc006000-7f9efc00e000 r--s 00045000 08:06 3156881                    /home/treiber/.m2/repository/junit/junit/4.12/junit-4.12.jar
7f9efc00e000-7f9efc012000 r--s 00031000 08:06 3156838                    /home/treiber/.m2/repository/jline/jline/2.12/jline-2.12.jar
7f9efc012000-7f9efc015000 r--s 00008000 08:06 3196354                    /home/treiber/.m2/repository/de/monticore/monticore-grammar/5.0.1/monticore-grammar-5.0.1-grammars.jar
7f9efc015000-7f9efc018000 r--s 00006000 08:06 3156735                    /home/treiber/.m2/repository/com/google/code/findbugs/jsr305/3.0.0/jsr305-3.0.0.jar
7f9efc018000-7f9efc01c000 r--s 0002a000 08:06 3196349                    /home/treiber/.m2/repository/commons-io/commons-io/2.4/commons-io-2.4.jar
7f9efc01c000-7f9efc020000 r--s 0000f000 08:06 3156828                    /home/treiber/.m2/repository/com/google/code/findbugs/annotations/2.0.1/annotations-2.0.1.jar
7f9efc020000-7f9efc02a000 r--s 000a5000 08:06 3156826                    /home/treiber/.m2/repository/org/javassist/javassist/3.18.2-GA/javassist-3.18.2-GA.jar
7f9efc02a000-7f9efc630000 rw-p 00000000 00:00 0 
7f9efc630000-7f9efc800000 r--s 03c68000 08:06 6167342                    /usr/lib/jvm/java-8-openjdk-amd64/jre/lib/rt.jar
7f9efc800000-7f9efd000000 rw-p 00000000 00:00 0 
7f9efd000000-7f9efd920000 rwxp 00000000 00:00 0 
7f9efd920000-7f9f0c000000 ---p 00000000 00:00 0 
7f9f0c000000-7f9f0f6da000 rw-p 00000000 00:00 0 
7f9f0f6da000-7f9f10000000 ---p 00000000 00:00 0 
7f9f10000000-7f9f10001000 r--s 00003000 08:06 3277610                    /home/treiber/.m2/repository/de/monticore/lang/monticar/common-monticar/0.0.19-SNAPSHOT/common-monticar-0.0.19-SNAPSHOT-grammars.jar
7f9f10001000-7f9f10002000 r--s 00001000 08:06 3156834                    /home/treiber/.m2/repository/de/se_rwth/commons/se-commons-groovy/1.7.8/se-commons-groovy-1.7.8.jar
7f9f10002000-7f9f1002d000 r--s 001fc000 08:06 3156655                    /home/treiber/.m2/repository/com/google/guava/guava/18.0/guava-18.0.jar
7f9f1002d000-7f9f104c7000 rw-p 00000000 00:00 0 
7f9f104c7000-7f9f104c8000 ---p 00000000 00:00 0 
7f9f104c8000-7f9f105c8000 rw-p 00000000 00:00 0 
7f9f105c8000-7f9f105c9000 ---p 00000000 00:00 0 
7f9f105c9000-7f9f106c9000 rw-p 00000000 00:00 0 
7f9f106c9000-7f9f106ca000 ---p 00000000 00:00 0 
7f9f106ca000-7f9f107ca000 rw-p 00000000 00:00 0 
7f9f107ca000-7f9f107cb000 ---p 00000000 00:00 0 
7f9f107cb000-7f9f108f5000 rw-p 00000000 00:00 0 
7f9f108f5000-7f9f10b5a000 ---p 00000000 00:00 0 
7f9f10b5a000-7f9f10b84000 rw-p 00000000 00:00 0 
7f9f10b84000-7f9f10de8000 ---p 00000000 00:00 0 
7f9f10de8000-7f9f10e2f000 rw-p 00000000 00:00 0 
7f9f10e2f000-7f9f10f30000 ---p 00000000 00:00 0 
7f9f10f30000-7f9f10f56000 rw-p 00000000 00:00 0 
7f9f10f56000-7f9f112f1000 ---p 00000000 00:00 0 
7f9f112f1000-7f9f112f9000 r-xp 00000000 08:06 6167321                    /usr/lib/jvm/java-8-openjdk-amd64/jre/lib/amd64/libzip.so
7f9f112f9000-7f9f114f8000 ---p 00008000 08:06 6167321                    /usr/lib/jvm/java-8-openjdk-amd64/jre/lib/amd64/libzip.so
7f9f114f8000-7f9f114f9000 r--p 00007000 08:06 6167321                    /usr/lib/jvm/java-8-openjdk-amd64/jre/lib/amd64/libzip.so
7f9f114f9000-7f9f114fa000 rw-p 00008000 08:06 6167321                    /usr/lib/jvm/java-8-openjdk-amd64/jre/lib/amd64/libzip.so
7f9f114fa000-7f9f11505000 r-xp 00000000 08:06 1053545                    /lib/x86_64-linux-gnu/libnss_files-2.23.so
7f9f11505000-7f9f11704000 ---p 0000b000 08:06 1053545                    /lib/x86_64-linux-gnu/libnss_files-2.23.so
7f9f11704000-7f9f11705000 r--p 0000a000 08:06 1053545                    /lib/x86_64-linux-gnu/libnss_files-2.23.so
7f9f11705000-7f9f11706000 rw-p 0000b000 08:06 1053545                    /lib/x86_64-linux-gnu/libnss_files-2.23.so
7f9f11706000-7f9f1170c000 rw-p 00000000 00:00 0 
7f9f1170c000-7f9f11717000 r-xp 00000000 08:06 1053555                    /lib/x86_64-linux-gnu/libnss_nis-2.23.so
7f9f11717000-7f9f11916000 ---p 0000b000 08:06 1053555                    /lib/x86_64-linux-gnu/libnss_nis-2.23.so
7f9f11916000-7f9f11917000 r--p 0000a000 08:06 1053555                    /lib/x86_64-linux-gnu/libnss_nis-2.23.so
7f9f11917000-7f9f11918000 rw-p 0000b000 08:06 1053555                    /lib/x86_64-linux-gnu/libnss_nis-2.23.so
7f9f11918000-7f9f1192e000 r-xp 00000000 08:06 1053539                    /lib/x86_64-linux-gnu/libnsl-2.23.so
7f9f1192e000-7f9f11b2d000 ---p 00016000 08:06 1053539                    /lib/x86_64-linux-gnu/libnsl-2.23.so
7f9f11b2d000-7f9f11b2e000 r--p 00015000 08:06 1053539                    /lib/x86_64-linux-gnu/libnsl-2.23.so
7f9f11b2e000-7f9f11b2f000 rw-p 00016000 08:06 1053539                    /lib/x86_64-linux-gnu/libnsl-2.23.so
7f9f11b2f000-7f9f11b31000 rw-p 00000000 00:00 0 
7f9f11b31000-7f9f11b39000 r-xp 00000000 08:06 1053541                    /lib/x86_64-linux-gnu/libnss_compat-2.23.so
7f9f11b39000-7f9f11d38000 ---p 00008000 08:06 1053541                    /lib/x86_64-linux-gnu/libnss_compat-2.23.so
7f9f11d38000-7f9f11d39000 r--p 00007000 08:06 1053541                    /lib/x86_64-linux-gnu/libnss_compat-2.23.so
7f9f11d39000-7f9f11d3a000 rw-p 00008000 08:06 1053541                    /lib/x86_64-linux-gnu/libnss_compat-2.23.so
7f9f11d3a000-7f9f11d44000 r-xp 00000000 08:06 6167314                    /usr/lib/jvm/java-8-openjdk-amd64/jre/lib/amd64/libinstrument.so
7f9f11d44000-7f9f11f43000 ---p 0000a000 08:06 6167314                    /usr/lib/jvm/java-8-openjdk-amd64/jre/lib/amd64/libinstrument.so
7f9f11f43000-7f9f11f44000 r--p 00009000 08:06 6167314                    /usr/lib/jvm/java-8-openjdk-amd64/jre/lib/amd64/libinstrument.so
7f9f11f44000-7f9f11f45000 rw-p 0000a000 08:06 6167314                    /usr/lib/jvm/java-8-openjdk-amd64/jre/lib/amd64/libinstrument.so
7f9f11f45000-7f9f11f6e000 r-xp 00000000 08:06 6167332                    /usr/lib/jvm/java-8-openjdk-amd64/jre/lib/amd64/libjava.so
7f9f11f6e000-7f9f1216e000 ---p 00029000 08:06 6167332                    /usr/lib/jvm/java-8-openjdk-amd64/jre/lib/amd64/libjava.so
7f9f1216e000-7f9f1216f000 r--p 00029000 08:06 6167332                    /usr/lib/jvm/java-8-openjdk-amd64/jre/lib/amd64/libjava.so
7f9f1216f000-7f9f12171000 rw-p 0002a000 08:06 6167332                    /usr/lib/jvm/java-8-openjdk-amd64/jre/lib/amd64/libjava.so
7f9f12171000-7f9f12180000 r-xp 00000000 08:06 6167317                    /usr/lib/jvm/java-8-openjdk-amd64/jre/lib/amd64/libverify.so
7f9f12180000-7f9f1237f000 ---p 0000f000 08:06 6167317                    /usr/lib/jvm/java-8-openjdk-amd64/jre/lib/amd64/libverify.so
7f9f1237f000-7f9f12381000 r--p 0000e000 08:06 6167317                    /usr/lib/jvm/java-8-openjdk-amd64/jre/lib/amd64/libverify.so
7f9f12381000-7f9f12382000 rw-p 00010000 08:06 6167317                    /usr/lib/jvm/java-8-openjdk-amd64/jre/lib/amd64/libverify.so
7f9f12382000-7f9f12389000 r-xp 00000000 08:06 1053600                    /lib/x86_64-linux-gnu/librt-2.23.so
7f9f12389000-7f9f12588000 ---p 00007000 08:06 1053600                    /lib/x86_64-linux-gnu/librt-2.23.so
7f9f12588000-7f9f12589000 r--p 00006000 08:06 1053600                    /lib/x86_64-linux-gnu/librt-2.23.so
7f9f12589000-7f9f1258a000 rw-p 00007000 08:06 1053600                    /lib/x86_64-linux-gnu/librt-2.23.so
7f9f1258a000-7f9f125a0000 r-xp 00000000 08:06 1053484                    /lib/x86_64-linux-gnu/libgcc_s.so.1
7f9f125a0000-7f9f1279f000 ---p 00016000 08:06 1053484                    /lib/x86_64-linux-gnu/libgcc_s.so.1
7f9f1279f000-7f9f127a0000 rw-p 00015000 08:06 1053484                    /lib/x86_64-linux-gnu/libgcc_s.so.1
7f9f127a0000-7f9f128a8000 r-xp 00000000 08:06 1053516                    /lib/x86_64-linux-gnu/libm-2.23.so
7f9f128a8000-7f9f12aa7000 ---p 00108000 08:06 1053516                    /lib/x86_64-linux-gnu/libm-2.23.so
7f9f12aa7000-7f9f12aa8000 r--p 00107000 08:06 1053516                    /lib/x86_64-linux-gnu/libm-2.23.so
7f9f12aa8000-7f9f12aa9000 rw-p 00108000 08:06 1053516                    /lib/x86_64-linux-gnu/libm-2.23.so
7f9f12aa9000-7f9f12c1b000 r-xp 00000000 08:06 6164585                    /usr/lib/x86_64-linux-gnu/libstdc++.so.6.0.21
7f9f12c1b000-7f9f12e1b000 ---p 00172000 08:06 6164585                    /usr/lib/x86_64-linux-gnu/libstdc++.so.6.0.21
7f9f12e1b000-7f9f12e25000 r--p 00172000 08:06 6164585                    /usr/lib/x86_64-linux-gnu/libstdc++.so.6.0.21
7f9f12e25000-7f9f12e27000 rw-p 0017c000 08:06 6164585                    /usr/lib/x86_64-linux-gnu/libstdc++.so.6.0.21
7f9f12e27000-7f9f12e2b000 rw-p 00000000 00:00 0 
7f9f12e2b000-7f9f13a93000 r-xp 00000000 08:06 6167335                    /usr/lib/jvm/java-8-openjdk-amd64/jre/lib/amd64/server/libjvm.so
7f9f13a93000-7f9f13c93000 ---p 00c68000 08:06 6167335                    /usr/lib/jvm/java-8-openjdk-amd64/jre/lib/amd64/server/libjvm.so
7f9f13c93000-7f9f13d27000 r--p 00c68000 08:06 6167335                    /usr/lib/jvm/java-8-openjdk-amd64/jre/lib/amd64/server/libjvm.so
7f9f13d27000-7f9f13d50000 rw-p 00cfc000 08:06 6167335                    /usr/lib/jvm/java-8-openjdk-amd64/jre/lib/amd64/server/libjvm.so
7f9f13d50000-7f9f13d80000 rw-p 00000000 00:00 0 
7f9f13d80000-7f9f13d98000 r-xp 00000000 08:06 1053592                    /lib/x86_64-linux-gnu/libpthread-2.23.so
7f9f13d98000-7f9f13f97000 ---p 00018000 08:06 1053592                    /lib/x86_64-linux-gnu/libpthread-2.23.so
7f9f13f97000-7f9f13f98000 r--p 00017000 08:06 1053592                    /lib/x86_64-linux-gnu/libpthread-2.23.so
7f9f13f98000-7f9f13f99000 rw-p 00018000 08:06 1053592                    /lib/x86_64-linux-gnu/libpthread-2.23.so
7f9f13f99000-7f9f13f9d000 rw-p 00000000 00:00 0 
7f9f13f9d000-7f9f13fa0000 r-xp 00000000 08:06 1053470                    /lib/x86_64-linux-gnu/libdl-2.23.so
7f9f13fa0000-7f9f1419f000 ---p 00003000 08:06 1053470                    /lib/x86_64-linux-gnu/libdl-2.23.so
7f9f1419f000-7f9f141a0000 r--p 00002000 08:06 1053470                    /lib/x86_64-linux-gnu/libdl-2.23.so
7f9f141a0000-7f9f141a1000 rw-p 00003000 08:06 1053470                    /lib/x86_64-linux-gnu/libdl-2.23.so
7f9f141a1000-7f9f141ba000 r-xp 00000000 08:06 1052620                    /lib/x86_64-linux-gnu/libz.so.1.2.8
7f9f141ba000-7f9f143b9000 ---p 00019000 08:06 1052620                    /lib/x86_64-linux-gnu/libz.so.1.2.8
7f9f143b9000-7f9f143ba000 r--p 00018000 08:06 1052620                    /lib/x86_64-linux-gnu/libz.so.1.2.8
7f9f143ba000-7f9f143bb000 rw-p 00019000 08:06 1052620                    /lib/x86_64-linux-gnu/libz.so.1.2.8
7f9f143bb000-7f9f1457b000 r-xp 00000000 08:06 1053446                    /lib/x86_64-linux-gnu/libc-2.23.so
7f9f1457b000-7f9f1477b000 ---p 001c0000 08:06 1053446                    /lib/x86_64-linux-gnu/libc-2.23.so
7f9f1477b000-7f9f1477f000 r--p 001c0000 08:06 1053446                    /lib/x86_64-linux-gnu/libc-2.23.so
7f9f1477f000-7f9f14781000 rw-p 001c4000 08:06 1053446                    /lib/x86_64-linux-gnu/libc-2.23.so
7f9f14781000-7f9f14785000 rw-p 00000000 00:00 0 
7f9f14785000-7f9f14792000 r-xp 00000000 08:06 6167324                    /usr/lib/jvm/java-8-openjdk-amd64/jre/lib/amd64/jli/libjli.so
7f9f14792000-7f9f14992000 ---p 0000d000 08:06 6167324                    /usr/lib/jvm/java-8-openjdk-amd64/jre/lib/amd64/jli/libjli.so
7f9f14992000-7f9f14993000 r--p 0000d000 08:06 6167324                    /usr/lib/jvm/java-8-openjdk-amd64/jre/lib/amd64/jli/libjli.so
7f9f14993000-7f9f14994000 rw-p 0000e000 08:06 6167324                    /usr/lib/jvm/java-8-openjdk-amd64/jre/lib/amd64/jli/libjli.so
7f9f14994000-7f9f149ba000 r-xp 00000000 08:06 1053418                    /lib/x86_64-linux-gnu/ld-2.23.so
7f9f149ba000-7f9f149bd000 r--s 00020000 08:06 3156825                    /home/treiber/.m2/repository/org/reflections/reflections/0.9.9/reflections-0.9.9.jar
7f9f149bd000-7f9f149c3000 r--s 00045000 08:06 3156823                    /home/treiber/.m2/repository/de/monticore/monticore-runtime/5.0.1/monticore-runtime-5.0.1.jar
7f9f149c3000-7f9f149c4000 r--s 00007000 08:06 3196347                    /home/treiber/.m2/repository/org/slf4j/slf4j-api/1.7.10/slf4j-api-1.7.10.jar
7f9f149c4000-7f9f149cb000 r--s 0004c000 08:06 3156652                    /home/treiber/.m2/repository/org/antlr/antlr4-runtime/4.7.1/antlr4-runtime-4.7.1.jar
7f9f149cb000-7f9f149d0000 r--s 0002b000 08:06 3164467                    /home/treiber/.m2/repository/org/apache/maven/surefire/surefire-api/2.19.1/surefire-api-2.19.1.jar
7f9f149d0000-7f9f149eb000 r--s 001d6000 08:06 6167278                    /usr/lib/jvm/java-8-openjdk-amd64/jre/lib/ext/nashorn.jar
7f9f149eb000-7f9f14a06000 r--s 00394000 08:06 6167284                    /usr/lib/jvm/java-8-openjdk-amd64/jre/lib/ext/cldrdata.jar
7f9f14a06000-7f9f14a88000 rw-p 00000000 00:00 0 
7f9f14a88000-7f9f14a8b000 ---p 00000000 00:00 0 
7f9f14a8b000-7f9f14b8d000 rw-p 00000000 00:00 0 
7f9f14b8d000-7f9f14b8e000 r--s 00000000 08:06 3156759                    /home/treiber/.m2/repository/javax/inject/javax.inject/1/javax.inject-1.jar
7f9f14b8e000-7f9f14b90000 r--s 0000e000 08:06 3156848                    /home/treiber/.m2/repository/de/se_rwth/commons/se-commons-utilities/1.7.8/se-commons-utilities-1.7.8.jar
7f9f14b90000-7f9f14b91000 r--s 00002000 08:06 3156822                    /home/treiber/.m2/repository/de/se_rwth/commons/se-commons-logging/1.7.8/se-commons-logging-1.7.8.jar
7f9f14b91000-7f9f14b93000 r--s 0000a000 08:06 3164418                    /home/treiber/.m2/repository/org/apache/maven/surefire/surefire-booter/2.19.1/surefire-booter-2.19.1.jar
7f9f14b93000-7f9f14b96000 r--s 0000f000 08:06 6167296                    /usr/lib/jvm/java-8-openjdk-amd64/jre/lib/ext/icedtea-sound.jar
7f9f14b96000-7f9f14b9a000 r--s 0003a000 08:06 6167280                    /usr/lib/jvm/java-8-openjdk-amd64/jre/lib/ext/sunpkcs11.jar
7f9f14b9a000-7f9f14b9b000 r--s 0000a000 08:06 6167294                    /usr/lib/jvm/java-8-openjdk-amd64/jre/lib/ext/jaccess.jar
7f9f14b9b000-7f9f14ba5000 r--s 00116000 08:06 6167282                    /usr/lib/jvm/java-8-openjdk-amd64/jre/lib/ext/localedata.jar
7f9f14ba5000-7f9f14baa000 r--s 0003d000 08:06 6167286                    /usr/lib/jvm/java-8-openjdk-amd64/jre/lib/ext/sunjce_provider.jar
7f9f14baa000-7f9f14bac000 r--s 00001000 08:06 6167288                    /usr/lib/jvm/java-8-openjdk-amd64/jre/lib/ext/dnsns.jar
7f9f14bac000-7f9f14bad000 r--s 00010000 08:06 6167290                    /usr/lib/jvm/java-8-openjdk-amd64/jre/lib/ext/zipfs.jar
7f9f14bad000-7f9f14bae000 r--s 0000d000 08:06 6167292                    /usr/lib/jvm/java-8-openjdk-amd64/jre/lib/ext/sunec.jar
7f9f14bae000-7f9f14bb6000 rw-s 00000000 08:06 4210247                    /tmp/hsperfdata_treiber/31943
7f9f14bb6000-7f9f14bb7000 rw-p 00000000 00:00 0 
7f9f14bb7000-7f9f14bb8000 ---p 00000000 00:00 0 
7f9f14bb8000-7f9f14bb9000 rw-p 00000000 00:00 0 
7f9f14bb9000-7f9f14bba000 r--p 00025000 08:06 1053418                    /lib/x86_64-linux-gnu/ld-2.23.so
7f9f14bba000-7f9f14bbb000 rw-p 00026000 08:06 1053418                    /lib/x86_64-linux-gnu/ld-2.23.so
7f9f14bbb000-7f9f14bbc000 rw-p 00000000 00:00 0 
7ffd108c6000-7ffd108e8000 rw-p 00000000 00:00 0                          [stack]
7ffd1095a000-7ffd1095d000 r--p 00000000 00:00 0                          [vvar]
7ffd1095d000-7ffd1095f000 r-xp 00000000 00:00 0                          [vdso]
ffffffffff600000-ffffffffff601000 r-xp 00000000 00:00 0                  [vsyscall]

VM Arguments:
jvm_args: -javaagent:/home/treiber/.m2/repository/org/jacoco/org.jacoco.agent/0.8.1/org.jacoco.agent-0.8.1-runtime.jar=destfile=/home/treiber/git/BA/EmbeddedMontiArc/languages/CNNTrainLang/target/jacoco.exec 
java_command: org.apache.maven.surefire.booter.ForkedBooter /home/treiber/git/BA/EmbeddedMontiArc/languages/CNNTrainLang/target/surefire/surefire7139095205708183814tmp /home/treiber/git/BA/EmbeddedMontiArc/languages/CNNTrainLang/target/surefire/surefire_08689652842308961870tmp
java_class_path (initial): /home/treiber/.m2/repository/org/apache/maven/surefire/surefire-booter/2.19.1/surefire-booter-2.19.1.jar:/home/treiber/.m2/repository/org/apache/maven/surefire/surefire-api/2.19.1/surefire-api-2.19.1.jar:/home/treiber/git/BA/EmbeddedMontiArc/languages/CNNTrainLang/target/test-classes:/home/treiber/git/BA/EmbeddedMontiArc/languages/CNNTrainLang/target/classes:/home/treiber/.m2/repository/org/antlr/antlr4-runtime/4.7.1/antlr4-runtime-4.7.1.jar:/home/treiber/.m2/repository/de/se_rwth/commons/se-commons-logging/1.7.8/se-commons-logging-1.7.8.jar:/home/treiber/.m2/repository/de/se_rwth/commons/se-commons-utilities/1.7.8/se-commons-utilities-1.7.8.jar:/home/treiber/.m2/repository/javax/inject/javax.inject/1/javax.inject-1.jar:/home/treiber/.m2/repository/org/slf4j/slf4j-api/1.7.10/slf4j-api-1.7.10.jar:/home/treiber/.m2/repository/com/google/guava/guava/18.0/guava-18.0.jar:/home/treiber/.m2/repository/de/monticore/monticore-runtime/5.0.1/monticore-runtime-5.0.1.jar:/home/treiber/.m2/repository/org/reflections/reflections/0.9.9/reflections-0.9.9.jar:/home/treiber/.m2/repository/org/javassist/javassist/3.18.2-GA/javassist-3.18.2-GA.jar:/home/treiber/.m2/repository/com/google/code/findbugs/annotations/2.0.1/annotations-2.0.1.jar:/home/treiber/.m2/repository/commons-io/commons-io/2.4/commons-io-2.4.jar:/home/treiber/.m2/repository/com/google/code/findbugs/jsr305/3.0.0/jsr305-3.0.0.jar:/home/treiber/.m2/repository/org/freemarker/freemarker/2.3.23/freemarker-2.3.23.jar:/home/treiber/.m2/repository/de/monticore/monticore-grammar/5.0.1/monticore-grammar-5.0.1.jar:/home/treiber/.m2/repository/de/monticore/monticore-grammar/5.0.1/monticore-grammar-5.0.1-grammars.jar:/home/treiber/.m2/repository/de/se_rwth/commons/se-commons-groovy/1.7.8/se-commons-groovy-1.7.8.jar:/home/treiber/.m2/repository/org/codehaus/groovy/groovy/2.3.7/groovy-2.3.7.jar:/home/treiber/.m2/repository/jline/jline/2.12/jline-2.12.jar:/home/treiber/.m2/repository/de/monticore/lang/montic
Launcher Type: SUN_STANDARD

Environment Variables:
JAVA_HOME=/usr/lib/jvm/java-8-openjdk-amd64
PATH=/home/treiber/pycharm-2019.3.2/bin:/home/treiber/miniconda3/condabin:/home/treiber/bin:/home/treiber/.local/bin:/usr/local/sbin:/usr/local/bin:/usr/sbin:/usr/bin:/sbin:/bin:/usr/games:/usr/local/games:/snap/bin
LD_LIBRARY_PATH=~/git/BA/incubator-mxnet/lib
SHELL=/bin/bash
DISPLAY=:0

Signal Handlers:
SIGSEGV: [libjvm.so+0xa7b8f0], sa_mask[0]=11111111011111111101111111111110, sa_flags=SA_RESTART|SA_SIGINFO
SIGBUS: [libjvm.so+0xa7b8f0], sa_mask[0]=11111111011111111101111111111110, sa_flags=SA_RESTART|SA_SIGINFO
SIGFPE: [libjvm.so+0x8c3a90], sa_mask[0]=11111111011111111101111111111110, sa_flags=SA_RESTART|SA_SIGINFO
SIGPIPE: [libjvm.so+0x8c3a90], sa_mask[0]=11111111011111111101111111111110, sa_flags=SA_RESTART|SA_SIGINFO
SIGXFSZ: [libjvm.so+0x8c3a90], sa_mask[0]=11111111011111111101111111111110, sa_flags=SA_RESTART|SA_SIGINFO
SIGILL: [libjvm.so+0x8c3a90], sa_mask[0]=11111111011111111101111111111110, sa_flags=SA_RESTART|SA_SIGINFO
SIGUSR1: SIG_DFL, sa_mask[0]=00000000000000000000000000000000, sa_flags=none
SIGUSR2: [libjvm.so+0x8c3940], sa_mask[0]=00100000000000000000000000000000, sa_flags=SA_RESTART|SA_SIGINFO
SIGHUP: [libjvm.so+0x8c3fd0], sa_mask[0]=11111111011111111101111111111110, sa_flags=SA_RESTART|SA_SIGINFO
SIGINT: [libjvm.so+0x8c3fd0], sa_mask[0]=11111111011111111101111111111110, sa_flags=SA_RESTART|SA_SIGINFO
SIGTERM: [libjvm.so+0x8c3fd0], sa_mask[0]=11111111011111111101111111111110, sa_flags=SA_RESTART|SA_SIGINFO
SIGQUIT: [libjvm.so+0x8c3fd0], sa_mask[0]=11111111011111111101111111111110, sa_flags=SA_RESTART|SA_SIGINFO


---------------  S Y S T E M  ---------------

OS:DISTRIB_ID=Ubuntu
DISTRIB_RELEASE=16.04
DISTRIB_CODENAME=xenial
DISTRIB_DESCRIPTION="Ubuntu 16.04.6 LTS"

uname:Linux 4.15.0-88-generic #88~16.04.1-Ubuntu SMP Wed Feb 12 04:19:15 UTC 2020 x86_64
libc:glibc 2.23 NPTL 2.23 
rlimit: STACK 8192k, CORE 0k, NPROC 30888, NOFILE 1048576, AS infinity
load average:6,85 2,05 0,87

/proc/meminfo:
MemTotal:        8044376 kB
MemFree:          105500 kB
MemAvailable:       5092 kB
Buffers:             772 kB
Cached:           365920 kB
SwapCached:        38452 kB
Active:          6687556 kB
Inactive:         848512 kB
Active(anon):    6678088 kB
Inactive(anon):   834608 kB
Active(file):       9468 kB
Inactive(file):    13904 kB
Unevictable:          80 kB
Mlocked:              80 kB
SwapTotal:       1000444 kB
SwapFree:              0 kB
Dirty:               132 kB
Writeback:             0 kB
AnonPages:       7131652 kB
Mapped:           367828 kB
Shmem:            342668 kB
Slab:             125196 kB
SReclaimable:      53380 kB
SUnreclaim:        71816 kB
KernelStack:       19664 kB
PageTables:        86700 kB
NFS_Unstable:          0 kB
Bounce:                0 kB
WritebackTmp:          0 kB
CommitLimit:     5022632 kB
Committed_AS:   16356872 kB
VmallocTotal:   34359738367 kB
VmallocUsed:           0 kB
VmallocChunk:          0 kB
HardwareCorrupted:     0 kB
AnonHugePages:         0 kB
ShmemHugePages:        0 kB
ShmemPmdMapped:        0 kB
CmaTotal:              0 kB
CmaFree:               0 kB
HugePages_Total:       0
HugePages_Free:        0
HugePages_Rsvd:        0
HugePages_Surp:        0
Hugepagesize:       2048 kB
DirectMap4k:      658176 kB
DirectMap2M:     7608320 kB
DirectMap1G:     1048576 kB

container (cgroup) information:
container_type: cgroupv1
cpu_cpuset_cpus: 0-3
cpu_memory_nodes: 0
active_processor_count: 4
cpu_quota: -1
cpu_period: 100000
cpu_shares: -1
memory_limit_in_bytes: -1
memory_and_swap_limit_in_bytes: -2
memory_soft_limit_in_bytes: -1
memory_usage_in_bytes: 7699648512
memory_max_usage_in_bytes: 0


CPU:total 4 (initial active 4) (2 cores per cpu, 2 threads per core) family 6 model 69 stepping 1, cmov, cx8, fxsr, mmx, sse, sse2, sse3, ssse3, sse4.1, sse4.2, popcnt, avx, avx2, aes, clmul, erms, lzcnt, ht, tsc, tscinvbit, bmi1, bmi2

/proc/cpuinfo:
processor	: 0
vendor_id	: GenuineIntel
cpu family	: 6
model		: 69
model name	: Intel(R) Core(TM) i5-4200U CPU @ 1.60GHz
stepping	: 1
microcode	: 0x25
cpu MHz		: 2294.679
cache size	: 3072 KB
physical id	: 0
siblings	: 4
core id		: 0
cpu cores	: 2
apicid		: 0
initial apicid	: 0
fpu		: yes
fpu_exception	: yes
cpuid level	: 13
wp		: yes
flags		: fpu vme de pse tsc msr pae mce cx8 apic sep mtrr pge mca cmov pat pse36 clflush dts acpi mmx fxsr sse sse2 ss ht tm pbe syscall nx pdpe1gb rdtscp lm constant_tsc arch_perfmon pebs bts rep_good nopl xtopology nonstop_tsc cpuid aperfmperf pni pclmulqdq dtes64 monitor ds_cpl vmx est tm2 ssse3 sdbg fma cx16 xtpr pdcm pcid sse4_1 sse4_2 movbe popcnt tsc_deadline_timer aes xsave avx f16c rdrand lahf_lm abm cpuid_fault epb invpcid_single pti ssbd ibrs ibpb stibp tpr_shadow vnmi flexpriority ept vpid fsgsbase tsc_adjust bmi1 avx2 smep bmi2 erms invpcid xsaveopt dtherm ida arat pln pts md_clear flush_l1d
bugs		: cpu_meltdown spectre_v1 spectre_v2 spec_store_bypass l1tf mds swapgs itlb_multihit
bogomips	: 4589.36
clflush size	: 64
cache_alignment	: 64
address sizes	: 39 bits physical, 48 bits virtual
power management:

processor	: 1
vendor_id	: GenuineIntel
cpu family	: 6
model		: 69
model name	: Intel(R) Core(TM) i5-4200U CPU @ 1.60GHz
stepping	: 1
microcode	: 0x25
cpu MHz		: 2294.679
cache size	: 3072 KB
physical id	: 0
siblings	: 4
core id		: 0
cpu cores	: 2
apicid		: 1
initial apicid	: 1
fpu		: yes
fpu_exception	: yes
cpuid level	: 13
wp		: yes
flags		: fpu vme de pse tsc msr pae mce cx8 apic sep mtrr pge mca cmov pat pse36 clflush dts acpi mmx fxsr sse sse2 ss ht tm pbe syscall nx pdpe1gb rdtscp lm constant_tsc arch_perfmon pebs bts rep_good nopl xtopology nonstop_tsc cpuid aperfmperf pni pclmulqdq dtes64 monitor ds_cpl vmx est tm2 ssse3 sdbg fma cx16 xtpr pdcm pcid sse4_1 sse4_2 movbe popcnt tsc_deadline_timer aes xsave avx f16c rdrand lahf_lm abm cpuid_fault epb invpcid_single pti ssbd ibrs ibpb stibp tpr_shadow vnmi flexpriority ept vpid fsgsbase tsc_adjust bmi1 avx2 smep bmi2 erms invpcid xsaveopt dtherm ida arat pln pts md_clear flush_l1d
bugs		: cpu_meltdown spectre_v1 spectre_v2 spec_store_bypass l1tf mds swapgs itlb_multihit
bogomips	: 4589.36
clflush size	: 64
cache_alignment	: 64
address sizes	: 39 bits physical, 48 bits virtual
power management:

processor	: 2
vendor_id	: GenuineIntel
cpu family	: 6
model		: 69
model name	: Intel(R) Core(TM) i5-4200U CPU @ 1.60GHz
stepping	: 1
microcode	: 0x25
cpu MHz		: 2294.680
cache size	: 3072 KB
physical id	: 0
siblings	: 4
core id		: 1
cpu cores	: 2
apicid		: 2
initial apicid	: 2
fpu		: yes
fpu_exception	: yes
cpuid level	: 13
wp		: yes
flags		: fpu vme de pse tsc msr pae mce cx8 apic sep mtrr pge mca cmov pat pse36 clflush dts acpi mmx fxsr sse sse2 ss ht tm pbe syscall nx pdpe1gb rdtscp lm constant_tsc arch_perfmon pebs bts rep_good nopl xtopology nonstop_tsc cpuid aperfmperf pni pclmulqdq dtes64 monitor ds_cpl vmx est tm2 ssse3 sdbg fma cx16 xtpr pdcm pcid sse4_1 sse4_2 movbe popcnt tsc_deadline_timer aes xsave avx f16c rdrand lahf_lm abm cpuid_fault epb invpcid_single pti ssbd ibrs ibpb stibp tpr_shadow vnmi flexpriority ept vpid fsgsbase tsc_adjust bmi1 avx2 smep bmi2 erms invpcid xsaveopt dtherm ida arat pln pts md_clear flush_l1d
bugs		: cpu_meltdown spectre_v1 spectre_v2 spec_store_bypass l1tf mds swapgs itlb_multihit
bogomips	: 4589.36
clflush size	: 64
cache_alignment	: 64
address sizes	: 39 bits physical, 48 bits virtual
power management:

processor	: 3
vendor_id	: GenuineIntel
cpu family	: 6
model		: 69
model name	: Intel(R) Core(TM) i5-4200U CPU @ 1.60GHz
stepping	: 1
microcode	: 0x25
cpu MHz		: 2294.682
cache size	: 3072 KB
physical id	: 0
siblings	: 4
core id		: 1
cpu cores	: 2
apicid		: 3
initial apicid	: 3
fpu		: yes
fpu_exception	: yes
cpuid level	: 13
wp		: yes
flags		: fpu vme de pse tsc msr pae mce cx8 apic sep mtrr pge mca cmov pat pse36 clflush dts acpi mmx fxsr sse sse2 ss ht tm pbe syscall nx pdpe1gb rdtscp lm constant_tsc arch_perfmon pebs bts rep_good nopl xtopology nonstop_tsc cpuid aperfmperf pni pclmulqdq dtes64 monitor ds_cpl vmx est tm2 ssse3 sdbg fma cx16 xtpr pdcm pcid sse4_1 sse4_2 movbe popcnt tsc_deadline_timer aes xsave avx f16c rdrand lahf_lm abm cpuid_fault epb invpcid_single pti ssbd ibrs ibpb stibp tpr_shadow vnmi flexpriority ept vpid fsgsbase tsc_adjust bmi1 avx2 smep bmi2 erms invpcid xsaveopt dtherm ida arat pln pts md_clear flush_l1d
bugs		: cpu_meltdown spectre_v1 spectre_v2 spec_store_bypass l1tf mds swapgs itlb_multihit
bogomips	: 4589.36
clflush size	: 64
cache_alignment	: 64
address sizes	: 39 bits physical, 48 bits virtual
power management:



Memory: 4k page, physical 8044376k(105832k free), swap 1000444k(0k free)

vm_info: OpenJDK 64-Bit Server VM (25.242-b08) for linux-amd64 JRE (1.8.0_242-8u242-b08-0ubuntu3~16.04-b08), built on Jan 18 2020 03:34:56 by "buildd" with gcc 5.4.0 20160609

time: Thu Feb 27 17:42:32 2020
timezone: CET
elapsed time: 21 seconds (0d 0h 0m 21s)

