#
# There is insufficient memory for the Java Runtime Environment to continue.
# Native memory allocation (mmap) failed to map 83361792 bytes for committing reserved memory.
# Possible reasons:
#   The system is out of physical RAM or swap space
#   The process is running with CompressedOops enabled, and the Java Heap may be blocking the growth of the native heap
# Possible solutions:
#   Reduce memory load on the system
#   Increase physical memory or swap space
#   Check if swap backing store is full
#   Decrease Java heap size (-Xmx/-Xms)
#   Decrease number of Java threads
#   Decrease Java thread stack sizes (-Xss)
#   Set larger code cache with -XX:ReservedCodeCacheSize=
#   JVM is running with Unscaled Compressed Oops mode in which the Java heap is
#     placed in the first 4GB address space. The Java Heap base address is the
#     maximum limit for the native heap growth. Please use -XX:HeapBaseMinAddress
#     to set the Java Heap base and to place the Java Heap above 4GB virtual address.
# This output file may be truncated or incomplete.
#
#  Out of Memory Error (os_linux.cpp:2757), pid=22724, tid=0x00007f1c0b9f9700
#
# JRE version: OpenJDK Runtime Environment (8.0_222-b10) (build 1.8.0_222-8u222-b10-1ubuntu1~16.04.1-b10)
# Java VM: OpenJDK 64-Bit Server VM (25.222-b10 mixed mode linux-amd64 compressed oops)
# Failed to write core dump. Core dumps have been disabled. To enable core dumping, try "ulimit -c unlimited" before starting Java again
#

---------------  T H R E A D  ---------------

Current thread (0x00007f1c28143000):  VMThread [stack: 0x00007f1c0b8f9000,0x00007f1c0b9fa000] [id=22734]

Stack: [0x00007f1c0b8f9000,0x00007f1c0b9fa000],  sp=0x00007f1c0b9f84e0,  free space=1021k
Native frames: (J=compiled Java code, j=interpreted, Vv=VM code, C=native code)
V  [libjvm.so+0xa7787b]
V  [libjvm.so+0x4caa8c]
V  [libjvm.so+0x8c5da8]
V  [libjvm.so+0x8bd3ee]
V  [libjvm.so+0x93b476]
V  [libjvm.so+0x93c7a3]
V  [libjvm.so+0x938e84]
V  [libjvm.so+0x93911c]
V  [libjvm.so+0x8eaa73]
V  [libjvm.so+0xa79532]
V  [libjvm.so+0xa7e587]
V  [libjvm.so+0xa7bde7]
V  [libjvm.so+0xa7d0cf]
V  [libjvm.so+0xa7d5f2]
V  [libjvm.so+0x8c3102]

VM_Operation (0x00007f1c30e6c5d0): ParallelGCFailedAllocation, mode: safepoint, requested by thread 0x00007f1c2800e800


---------------  P R O C E S S  ---------------

Java Threads: ( => current thread )
  0x00007f1c284b3000 JavaThread "surefire-forkedjvm-command-thread" daemon [_thread_blocked, id=22744, stack(0x00007f1c0a0ab000,0x00007f1c0a1ac000)]
  0x00007f1c2852b800 JavaThread "last-ditch-daemon-shutdown-thread-30sec" daemon [_thread_blocked, id=22743, stack(0x00007f1c0a1ac000,0x00007f1c0a2ad000)]
  0x00007f1c284e0000 JavaThread "Service Thread" daemon [_thread_blocked, id=22741, stack(0x00007f1c0a3ae000,0x00007f1c0a4af000)]
  0x00007f1c284ec800 JavaThread "C1 CompilerThread2" daemon [_thread_blocked, id=22740, stack(0x00007f1c0a4af000,0x00007f1c0a5b0000)]
  0x00007f1c28481800 JavaThread "C2 CompilerThread1" daemon [_thread_blocked, id=22739, stack(0x00007f1c0a5b0000,0x00007f1c0a6b1000)]
  0x00007f1c28481000 JavaThread "C2 CompilerThread0" daemon [_thread_blocked, id=22738, stack(0x00007f1c0a6b1000,0x00007f1c0a7b2000)]
  0x00007f1c28183000 JavaThread "Signal Dispatcher" daemon [_thread_blocked, id=22737, stack(0x00007f1c0ac37000,0x00007f1c0ad38000)]
  0x00007f1c2814f800 JavaThread "Finalizer" daemon [_thread_blocked, id=22736, stack(0x00007f1c0b6f7000,0x00007f1c0b7f8000)]
  0x00007f1c2814c800 JavaThread "Reference Handler" daemon [_thread_blocked, id=22735, stack(0x00007f1c0b7f8000,0x00007f1c0b8f9000)]
  0x00007f1c2800e800 JavaThread "main" [_thread_blocked, id=22725, stack(0x00007f1c30d6f000,0x00007f1c30e70000)]

Other Threads:
=>0x00007f1c28143000 VMThread [stack: 0x00007f1c0b8f9000,0x00007f1c0b9fa000] [id=22734]
  0x00007f1c284d7800 WatcherThread [stack: 0x00007f1c0a2ad000,0x00007f1c0a3ae000] [id=22742]

VM state:at safepoint (normal execution)

VM Mutex/Monitor currently owned by a thread:  ([mutex/lock_event])
[0x00007f1c2800ac70] Threads_lock - owner thread: 0x00007f1c28143000
[0x00007f1c2800b170] Heap_lock - owner thread: 0x00007f1c2800e800

heap address: 0x0000000083400000, size: 1996 MB, Compressed Oops mode: 32-bit
Narrow klass base: 0x0000000000000000, Narrow klass shift: 3
Compressed class space size: 1073741824 Address: 0x0000000100000000

Heap:
 PSYoungGen      total 577536K, used 4009K [0x00000000d6700000, 0x00000000fb080000, 0x0000000100000000)
  eden space 555520K, 0% used [0x00000000d6700000,0x00000000d6700000,0x00000000f8580000)
  from space 22016K, 18% used [0x00000000f8580000,0x00000000f896a740,0x00000000f9b00000)
  to   space 14336K, 0% used [0x00000000fa280000,0x00000000fa280000,0x00000000fb080000)
 ParOldGen       total 92672K, used 35904K [0x0000000083400000, 0x0000000088e80000, 0x00000000d6700000)
  object space 92672K, 38% used [0x0000000083400000,0x0000000085710140,0x0000000088e80000)
 Metaspace       used 34005K, capacity 35364K, committed 35456K, reserved 1081344K
  class space    used 4061K, capacity 4475K, committed 4480K, reserved 1048576K

Card table byte_map: [0x00007f1c2ce2c000,0x00007f1c2d213000] byte_map_base: 0x00007f1c2ca12000

Marking Bits: (ParMarkBitMap*) 0x00007f1c3003f540
 Begin Bits: [0x00007f1c101a0000, 0x00007f1c120d0000)
 End Bits:   [0x00007f1c120d0000, 0x00007f1c14000000)

Polling page: 0x00007f1c30e92000

CodeCache: size=245760Kb used=18731Kb max_used=18734Kb free=227028Kb
 bounds [0x00007f1c19000000, 0x00007f1c1a260000, 0x00007f1c28000000]
 total_blobs=5804 nmethods=5393 adapters=322
 compilation: enabled

Compilation events (10 events):
Event: 16,361 Thread 0x00007f1c284ec800 6400       3       org.antlr.v4.runtime.CommonToken::getText (112 bytes)
Event: 16,362 Thread 0x00007f1c284ec800 nmethod 6400 0x00007f1c1a23b410 code [0x00007f1c1a23b620, 0x00007f1c1a23bde8]
Event: 16,377 Thread 0x00007f1c284ec800 6401       3       org.antlr.v4.runtime.Parser::enterRecursionRule (98 bytes)
Event: 16,378 Thread 0x00007f1c284ec800 nmethod 6401 0x00007f1c1a23a510 code [0x00007f1c1a23a700, 0x00007f1c1a23aed8]
Event: 16,378 Thread 0x00007f1c28481000 6402       4       org.antlr.v4.runtime.atn.PredicateTransition::isEpsilon (10 bytes)
Event: 16,379 Thread 0x00007f1c28481000 nmethod 6402 0x00007f1c1a230210 code [0x00007f1c1a230360, 0x00007f1c1a230418]
Event: 16,379 Thread 0x00007f1c284ec800 6403       3       org.antlr.v4.runtime.Parser::unrollRecursionContexts (173 bytes)
Event: 16,380 Thread 0x00007f1c284ec800 nmethod 6403 0x00007f1c1a25b950 code [0x00007f1c1a25bba0, 0x00007f1c1a25c9d8]
Event: 16,380 Thread 0x00007f1c284ec800 6404       3       org.antlr.v4.runtime.misc.IntegerStack::pop (19 bytes)
Event: 16,380 Thread 0x00007f1c284ec800 nmethod 6404 0x00007f1c1a23d190 code [0x00007f1c1a23d320, 0x00007f1c1a23d6c8]

GC Heap History (10 events):
Event: 11,471 GC heap after
Heap after GC invocations=14 (full 1):
 PSYoungGen      total 289792K, used 9728K [0x00000000d6700000, 0x00000000f0f00000, 0x0000000100000000)
  eden space 280064K, 0% used [0x00000000d6700000,0x00000000d6700000,0x00000000e7880000)
  from space 9728K, 100% used [0x00000000e7880000,0x00000000e8200000,0x00000000e8200000)
  to   space 14336K, 0% used [0x00000000f0100000,0x00000000f0100000,0x00000000f0f00000)
 ParOldGen       total 48640K, used 31070K [0x0000000083400000, 0x0000000086380000, 0x00000000d6700000)
  object space 48640K, 63% used [0x0000000083400000,0x00000000852578e8,0x0000000086380000)
 Metaspace       used 33144K, capacity 34300K, committed 34560K, reserved 1079296K
  class space    used 3939K, capacity 4304K, committed 4352K, reserved 1048576K
}
Event: 12,204 GC heap before
{Heap before GC invocations=15 (full 1):
 PSYoungGen      total 289792K, used 289792K [0x00000000d6700000, 0x00000000f0f00000, 0x0000000100000000)
  eden space 280064K, 100% used [0x00000000d6700000,0x00000000e7880000,0x00000000e7880000)
  from space 9728K, 100% used [0x00000000e7880000,0x00000000e8200000,0x00000000e8200000)
  to   space 14336K, 0% used [0x00000000f0100000,0x00000000f0100000,0x00000000f0f00000)
 ParOldGen       total 48640K, used 31070K [0x0000000083400000, 0x0000000086380000, 0x00000000d6700000)
  object space 48640K, 63% used [0x0000000083400000,0x00000000852578e8,0x0000000086380000)
 Metaspace       used 33275K, capacity 34444K, committed 34560K, reserved 1079296K
  class space    used 3954K, capacity 4304K, committed 4352K, reserved 1048576K
Event: 12,246 GC heap after
Heap after GC invocations=15 (full 1):
 PSYoungGen      total 410112K, used 14336K [0x00000000d6700000, 0x00000000f2d00000, 0x0000000100000000)
  eden space 395776K, 0% used [0x00000000d6700000,0x00000000d6700000,0x00000000ee980000)
  from space 14336K, 100% used [0x00000000f0100000,0x00000000f0f00000,0x00000000f0f00000)
  to   space 24064K, 0% used [0x00000000ee980000,0x00000000ee980000,0x00000000f0100000)
 ParOldGen       total 53248K, used 51308K [0x0000000083400000, 0x0000000086800000, 0x00000000d6700000)
  object space 53248K, 96% used [0x0000000083400000,0x000000008661b038,0x0000000086800000)
 Metaspace       used 33275K, capacity 34444K, committed 34560K, reserved 1079296K
  class space    used 3954K, capacity 4304K, committed 4352K, reserved 1048576K
}
Event: 12,246 GC heap before
{Heap before GC invocations=16 (full 2):
 PSYoungGen      total 410112K, used 14336K [0x00000000d6700000, 0x00000000f2d00000, 0x0000000100000000)
  eden space 395776K, 0% used [0x00000000d6700000,0x00000000d6700000,0x00000000ee980000)
  from space 14336K, 100% used [0x00000000f0100000,0x00000000f0f00000,0x00000000f0f00000)
  to   space 24064K, 0% used [0x00000000ee980000,0x00000000ee980000,0x00000000f0100000)
 ParOldGen       total 53248K, used 51308K [0x0000000083400000, 0x0000000086800000, 0x00000000d6700000)
  object space 53248K, 96% used [0x0000000083400000,0x000000008661b038,0x0000000086800000)
 Metaspace       used 33275K, capacity 34444K, committed 34560K, reserved 1079296K
  class space    used 3954K, capacity 4304K, committed 4352K, reserved 1048576K
Event: 12,326 GC heap after
Heap after GC invocations=16 (full 2):
 PSYoungGen      total 410112K, used 0K [0x00000000d6700000, 0x00000000f2d00000, 0x0000000100000000)
  eden space 395776K, 0% used [0x00000000d6700000,0x00000000d6700000,0x00000000ee980000)
  from space 14336K, 0% used [0x00000000f0100000,0x00000000f0100000,0x00000000f0f00000)
  to   space 24064K, 0% used [0x00000000ee980000,0x00000000ee980000,0x00000000f0100000)
 ParOldGen       total 92672K, used 27203K [0x0000000083400000, 0x0000000088e80000, 0x00000000d6700000)
  object space 92672K, 29% used [0x0000000083400000,0x0000000084e90d08,0x0000000088e80000)
 Metaspace       used 33275K, capacity 34444K, committed 34560K, reserved 1079296K
  class space    used 3954K, capacity 4304K, committed 4352K, reserved 1048576K
}
Event: 13,823 GC heap before
{Heap before GC invocations=17 (full 2):
 PSYoungGen      total 410112K, used 395776K [0x00000000d6700000, 0x00000000f2d00000, 0x0000000100000000)
  eden space 395776K, 100% used [0x00000000d6700000,0x00000000ee980000,0x00000000ee980000)
  from space 14336K, 0% used [0x00000000f0100000,0x00000000f0100000,0x00000000f0f00000)
  to   space 24064K, 0% used [0x00000000ee980000,0x00000000ee980000,0x00000000f0100000)
 ParOldGen       total 92672K, used 27203K [0x0000000083400000, 0x0000000088e80000, 0x00000000d6700000)
  object space 92672K, 29% used [0x0000000083400000,0x0000000084e90d08,0x0000000088e80000)
 Metaspace       used 33617K, capacity 34908K, committed 35200K, reserved 1079296K
  class space    used 4004K, capacity 4411K, committed 4480K, reserved 1048576K
Event: 13,834 GC heap after
Heap after GC invocations=17 (full 2):
 PSYoungGen      total 419840K, used 7142K [0x00000000d6700000, 0x00000000fb880000, 0x0000000100000000)
  eden space 395776K, 0% used [0x00000000d6700000,0x00000000d6700000,0x00000000ee980000)
  from space 24064K, 29% used [0x00000000ee980000,0x00000000ef079940,0x00000000f0100000)
  to   space 22528K, 0% used [0x00000000fa280000,0x00000000fa280000,0x00000000fb880000)
 ParOldGen       total 92672K, used 27203K [0x0000000083400000, 0x0000000088e80000, 0x00000000d6700000)
  object space 92672K, 29% used [0x0000000083400000,0x0000000084e90d08,0x0000000088e80000)
 Metaspace       used 33617K, capacity 34908K, committed 35200K, reserved 1079296K
  class space    used 4004K, capacity 4411K, committed 4480K, reserved 1048576K
}
Event: 14,826 GC heap before
{Heap before GC invocations=18 (full 2):
 PSYoungGen      total 419840K, used 402918K [0x00000000d6700000, 0x00000000fb880000, 0x0000000100000000)
  eden space 395776K, 100% used [0x00000000d6700000,0x00000000ee980000,0x00000000ee980000)
  from space 24064K, 29% used [0x00000000ee980000,0x00000000ef079940,0x00000000f0100000)
  to   space 22528K, 0% used [0x00000000fa280000,0x00000000fa280000,0x00000000fb880000)
 ParOldGen       total 92672K, used 27203K [0x0000000083400000, 0x0000000088e80000, 0x00000000d6700000)
  object space 92672K, 29% used [0x0000000083400000,0x0000000084e90d08,0x0000000088e80000)
 Metaspace       used 33711K, capacity 35004K, committed 35200K, reserved 1079296K
  class space    used 4026K, capacity 4443K, committed 4480K, reserved 1048576K
Event: 14,837 GC heap after
Heap after GC invocations=18 (full 2):
 PSYoungGen      total 569856K, used 3488K [0x00000000d6700000, 0x00000000fb080000, 0x0000000100000000)
  eden space 555520K, 0% used [0x00000000d6700000,0x00000000d6700000,0x00000000f8580000)
  from space 14336K, 24% used [0x00000000fa280000,0x00000000fa5e8010,0x00000000fb080000)
  to   space 22016K, 0% used [0x00000000f8580000,0x00000000f8580000,0x00000000f9b00000)
 ParOldGen       total 92672K, used 33241K [0x0000000083400000, 0x0000000088e80000, 0x00000000d6700000)
  object space 92672K, 35% used [0x0000000083400000,0x0000000085476440,0x0000000088e80000)
 Metaspace       used 33711K, capacity 35004K, committed 35200K, reserved 1079296K
  class space    used 4026K, capacity 4443K, committed 4480K, reserved 1048576K
}
Event: 18,611 GC heap before
{Heap before GC invocations=19 (full 2):
 PSYoungGen      total 569856K, used 559008K [0x00000000d6700000, 0x00000000fb080000, 0x0000000100000000)
  eden space 555520K, 100% used [0x00000000d6700000,0x00000000f8580000,0x00000000f8580000)
  from space 14336K, 24% used [0x00000000fa280000,0x00000000fa5e8010,0x00000000fb080000)
  to   space 22016K, 0% used [0x00000000f8580000,0x00000000f8580000,0x00000000f9b00000)
 ParOldGen       total 92672K, used 33241K [0x0000000083400000, 0x0000000088e80000, 0x00000000d6700000)
  object space 92672K, 35% used [0x0000000083400000,0x0000000085476440,0x0000000088e80000)
 Metaspace       used 34005K, capacity 35364K, committed 35456K, reserved 1081344K
  class space    used 4061K, capacity 4475K, committed 4480K, reserved 1048576K

Deoptimization events (10 events):
Event: 15,648 Thread 0x00007f1c2800e800 Uncommon trap: reason=class_check action=maybe_recompile pc=0x00007f1c19f68798 method=de.monticore.symboltable.CommonScope.resolveManyLocally(Lde/monticore/symboltable/resolving/ResolvingInfo;Ljava/lang/String;Lde/monticore/symboltable/SymbolKind;Lde/mont
Event: 15,648 Thread 0x00007f1c2800e800 Uncommon trap: reason=class_check action=maybe_recompile pc=0x00007f1c19f68798 method=de.monticore.symboltable.CommonScope.resolveManyLocally(Lde/monticore/symboltable/resolving/ResolvingInfo;Ljava/lang/String;Lde/monticore/symboltable/SymbolKind;Lde/mont
Event: 15,673 Thread 0x00007f1c2800e800 Uncommon trap: reason=unstable_if action=reinterpret pc=0x00007f1c19298960 method=java.lang.CharacterData.of(I)Ljava/lang/CharacterData; @ 4
Event: 15,700 Thread 0x00007f1c2800e800 Uncommon trap: reason=bimorphic action=maybe_recompile pc=0x00007f1c19bf6b8c method=java.util.Spliterators$IteratorSpliterator.forEachRemaining(Ljava/util/function/Consumer;)V @ 26
Event: 15,749 Thread 0x00007f1c2800e800 Uncommon trap: reason=class_check action=maybe_recompile pc=0x00007f1c1a0d0adc method=org.antlr.v4.runtime.atn.ParserATNSimulator.getReachableTarget(Lorg/antlr/v4/runtime/atn/Transition;I)Lorg/antlr/v4/runtime/atn/ATNState; @ 14
Event: 15,749 Thread 0x00007f1c2800e800 Uncommon trap: reason=class_check action=maybe_recompile pc=0x00007f1c19df7fb8 method=org.antlr.v4.runtime.atn.ParserATNSimulator.getReachableTarget(Lorg/antlr/v4/runtime/atn/Transition;I)Lorg/antlr/v4/runtime/atn/ATNState; @ 14
Event: 15,749 Thread 0x00007f1c2800e800 Uncommon trap: reason=class_check action=maybe_recompile pc=0x00007f1c19b6e688 method=org.antlr.v4.runtime.atn.ParserATNSimulator.getReachableTarget(Lorg/antlr/v4/runtime/atn/Transition;I)Lorg/antlr/v4/runtime/atn/ATNState; @ 14
Event: 15,750 Thread 0x00007f1c2800e800 Uncommon trap: reason=class_check action=maybe_recompile pc=0x00007f1c19b6e688 method=org.antlr.v4.runtime.atn.ParserATNSimulator.getReachableTarget(Lorg/antlr/v4/runtime/atn/Transition;I)Lorg/antlr/v4/runtime/atn/ATNState; @ 14
Event: 15,776 Thread 0x00007f1c2800e800 Uncommon trap: reason=class_check action=maybe_recompile pc=0x00007f1c1a0d0adc method=org.antlr.v4.runtime.atn.ParserATNSimulator.getReachableTarget(Lorg/antlr/v4/runtime/atn/Transition;I)Lorg/antlr/v4/runtime/atn/ATNState; @ 14
Event: 15,777 Thread 0x00007f1c2800e800 Uncommon trap: reason=class_check action=maybe_recompile pc=0x00007f1c19edf9ac method=org.antlr.v4.runtime.atn.ParserATNSimulator.getReachableTarget(Lorg/antlr/v4/runtime/atn/Transition;I)Lorg/antlr/v4/runtime/atn/ATNState; @ 14

Classes redefined (0 events):
No events

Internal exceptions (10 events):
Event: 12,351 Thread 0x00007f1c2800e800 Implicit null exception at 0x00007f1c1931dc20 to 0x00007f1c1931e416
Event: 12,351 Thread 0x00007f1c2800e800 Exception <a 'java/lang/NullPointerException'> (0x00000000d6b357e8) thrown at [/build/openjdk-8-g3XteX/openjdk-8-8u222-b10/src/hotspot/src/share/vm/runtime/sharedRuntime.cpp, line 605]
Event: 12,352 Thread 0x00007f1c2800e800 Implicit null exception at 0x00007f1c1931dc20 to 0x00007f1c1931e416
Event: 12,352 Thread 0x00007f1c2800e800 Exception <a 'java/lang/NullPointerException'> (0x00000000d6b3a770) thrown at [/build/openjdk-8-g3XteX/openjdk-8-8u222-b10/src/hotspot/src/share/vm/runtime/sharedRuntime.cpp, line 605]
Event: 12,352 Thread 0x00007f1c2800e800 Implicit null exception at 0x00007f1c1931dc20 to 0x00007f1c1931e416
Event: 12,352 Thread 0x00007f1c2800e800 Exception <a 'java/lang/NullPointerException'> (0x00000000d6b3f4f8) thrown at [/build/openjdk-8-g3XteX/openjdk-8-8u222-b10/src/hotspot/src/share/vm/runtime/sharedRuntime.cpp, line 605]
Event: 12,376 Thread 0x00007f1c2800e800 Implicit null exception at 0x00007f1c1931dc20 to 0x00007f1c1931e416
Event: 12,376 Thread 0x00007f1c2800e800 Exception <a 'java/lang/NullPointerException'> (0x00000000d6c0cdc0) thrown at [/build/openjdk-8-g3XteX/openjdk-8-8u222-b10/src/hotspot/src/share/vm/runtime/sharedRuntime.cpp, line 605]
Event: 12,527 Thread 0x00007f1c2800e800 Implicit null exception at 0x00007f1c1931dc20 to 0x00007f1c1931e416
Event: 12,527 Thread 0x00007f1c2800e800 Exception <a 'java/lang/NullPointerException'> (0x00000000d7cc37d8) thrown at [/build/openjdk-8-g3XteX/openjdk-8-8u222-b10/src/hotspot/src/share/vm/runtime/sharedRuntime.cpp, line 605]

Events (10 events):
Event: 15,980 Thread 0x00007f1c2800e800 DEOPT UNPACKING pc=0x00007f1c190474c4 sp=0x00007f1c30e6c4e8 mode 0
Event: 16,001 Thread 0x00007f1c2800e800 DEOPT PACKING pc=0x00007f1c1a215ba0 sp=0x00007f1c30e6c740
Event: 16,001 Thread 0x00007f1c2800e800 DEOPT UNPACKING pc=0x00007f1c190474c4 sp=0x00007f1c30e6c5a8 mode 0
Event: 16,090 Thread 0x00007f1c2800e800 DEOPT PACKING pc=0x00007f1c1a215b7c sp=0x00007f1c30e6c570
Event: 16,092 Thread 0x00007f1c2800e800 DEOPT UNPACKING pc=0x00007f1c190474c4 sp=0x00007f1c30e6c3d8 mode 0
Event: 16,196 Thread 0x00007f1c2800e800 DEOPT PACKING pc=0x00007f1c1a215b7c sp=0x00007f1c30e6c4b0
Event: 16,196 Thread 0x00007f1c2800e800 DEOPT UNPACKING pc=0x00007f1c190474c4 sp=0x00007f1c30e6c318 mode 0
Event: 16,295 Thread 0x00007f1c2800e800 DEOPT PACKING pc=0x00007f1c19c61cf0 sp=0x00007f1c30e6c640
Event: 16,296 Thread 0x00007f1c2800e800 DEOPT UNPACKING pc=0x00007f1c190474c4 sp=0x00007f1c30e6c378 mode 0
Event: 18,554 Executing VM operation: ParallelGCFailedAllocation


Dynamic libraries:
00400000-00401000 r-xp 00000000 08:01 1968925                            /usr/lib/jvm/java-8-openjdk-amd64/jre/bin/java
00600000-00601000 r--p 00000000 08:01 1968925                            /usr/lib/jvm/java-8-openjdk-amd64/jre/bin/java
00601000-00602000 rw-p 00001000 08:01 1968925                            /usr/lib/jvm/java-8-openjdk-amd64/jre/bin/java
01a8d000-01aae000 rw-p 00000000 00:00 0                                  [heap]
83400000-88e80000 rw-p 00000000 00:00 0 
88e80000-d6700000 ---p 00000000 00:00 0 
d6700000-fb080000 rw-p 00000000 00:00 0 
100000000-100460000 rw-p 00000000 00:00 0 
100460000-140000000 ---p 00000000 00:00 0 
7f1ba4000000-7f1ba7ff9000 rw-p 00000000 00:00 0 
7f1ba7ff9000-7f1ba8000000 ---p 00000000 00:00 0 
7f1ba8000000-7f1ba97ea000 rw-p 00000000 00:00 0 
7f1ba97ea000-7f1bac000000 ---p 00000000 00:00 0 
7f1bac000000-7f1bafff9000 rw-p 00000000 00:00 0 
7f1bafff9000-7f1bb0000000 ---p 00000000 00:00 0 
7f1bb0000000-7f1bb3ff9000 rw-p 00000000 00:00 0 
7f1bb3ff9000-7f1bb4000000 ---p 00000000 00:00 0 
7f1bb4000000-7f1bb7ffd000 rw-p 00000000 00:00 0 
7f1bb7ffd000-7f1bb8000000 ---p 00000000 00:00 0 
7f1bb8000000-7f1bbbff9000 rw-p 00000000 00:00 0 
7f1bbbff9000-7f1bbc000000 ---p 00000000 00:00 0 
7f1bbc000000-7f1bbfff9000 rw-p 00000000 00:00 0 
7f1bbfff9000-7f1bc0000000 ---p 00000000 00:00 0 
7f1bc0000000-7f1bc3ff9000 rw-p 00000000 00:00 0 
7f1bc3ff9000-7f1bc4000000 ---p 00000000 00:00 0 
7f1bc4000000-7f1bc7ffa000 rw-p 00000000 00:00 0 
7f1bc7ffa000-7f1bc8000000 ---p 00000000 00:00 0 
7f1bc8000000-7f1bcbff9000 rw-p 00000000 00:00 0 
7f1bcbff9000-7f1bcc000000 ---p 00000000 00:00 0 
7f1bcc000000-7f1bcc02e000 rw-p 00000000 00:00 0 
7f1bcc02e000-7f1bd0000000 ---p 00000000 00:00 0 
7f1bd0000000-7f1bd3ff9000 rw-p 00000000 00:00 0 
7f1bd3ff9000-7f1bd4000000 ---p 00000000 00:00 0 
7f1bd4000000-7f1bd4021000 rw-p 00000000 00:00 0 
7f1bd4021000-7f1bd8000000 ---p 00000000 00:00 0 
7f1bd8000000-7f1bd8021000 rw-p 00000000 00:00 0 
7f1bd8021000-7f1bdc000000 ---p 00000000 00:00 0 
7f1bdc000000-7f1bdc9d2000 rw-p 00000000 00:00 0 
7f1bdc9d2000-7f1be0000000 ---p 00000000 00:00 0 
7f1be0000000-7f1be0021000 rw-p 00000000 00:00 0 
7f1be0021000-7f1be4000000 ---p 00000000 00:00 0 
7f1be4000000-7f1be5755000 rw-p 00000000 00:00 0 
7f1be5755000-7f1be8000000 ---p 00000000 00:00 0 
7f1be8000000-7f1be98f9000 rw-p 00000000 00:00 0 
7f1be98f9000-7f1bec000000 ---p 00000000 00:00 0 
7f1bec000000-7f1bec021000 rw-p 00000000 00:00 0 
7f1bec021000-7f1bf0000000 ---p 00000000 00:00 0 
7f1bf0000000-7f1bf0021000 rw-p 00000000 00:00 0 
7f1bf0021000-7f1bf4000000 ---p 00000000 00:00 0 
7f1bf4000000-7f1bf403a000 rw-p 00000000 00:00 0 
7f1bf403a000-7f1bf8000000 ---p 00000000 00:00 0 
7f1bf8000000-7f1bf8021000 rw-p 00000000 00:00 0 
7f1bf8021000-7f1bfc000000 ---p 00000000 00:00 0 
7f1bfc000000-7f1bfc021000 rw-p 00000000 00:00 0 
7f1bfc021000-7f1c00000000 ---p 00000000 00:00 0 
7f1c00fff000-7f1c04000000 rw-p 00000000 00:00 0 
7f1c04000000-7f1c04021000 rw-p 00000000 00:00 0 
7f1c04021000-7f1c08000000 ---p 00000000 00:00 0 
7f1c08810000-7f1c08850000 rw-p 00000000 00:00 0 
7f1c08850000-7f1c08a10000 ---p 00000000 00:00 0 
7f1c08a10000-7f1c08c10000 rw-p 00000000 00:00 0 
7f1c08c10000-7f1c08e10000 rw-p 00000000 00:00 0 
7f1c08e10000-7f1c09010000 rw-p 00000000 00:00 0 
7f1c09010000-7f1c09210000 rw-p 00000000 00:00 0 
7f1c09210000-7f1c09410000 rw-p 00000000 00:00 0 
7f1c09410000-7f1c09610000 rw-p 00000000 00:00 0 
7f1c09610000-7f1c09810000 rw-p 00000000 00:00 0 
7f1c09810000-7f1c09a10000 rw-p 00000000 00:00 0 
7f1c09a10000-7f1c09c10000 rw-p 00000000 00:00 0 
7f1c09c10000-7f1c09e10000 rw-p 00000000 00:00 0 
7f1c09eab000-7f1c0a0ab000 rw-p 00000000 00:00 0 
7f1c0a0ab000-7f1c0a0ae000 ---p 00000000 00:00 0 
7f1c0a0ae000-7f1c0a1ac000 rw-p 00000000 00:00 0 
7f1c0a1ac000-7f1c0a1af000 ---p 00000000 00:00 0 
7f1c0a1af000-7f1c0a2ad000 rw-p 00000000 00:00 0 
7f1c0a2ad000-7f1c0a2ae000 ---p 00000000 00:00 0 
7f1c0a2ae000-7f1c0a3ae000 rw-p 00000000 00:00 0 
7f1c0a3ae000-7f1c0a3b1000 ---p 00000000 00:00 0 
7f1c0a3b1000-7f1c0a4af000 rw-p 00000000 00:00 0 
7f1c0a4af000-7f1c0a4b2000 ---p 00000000 00:00 0 
7f1c0a4b2000-7f1c0a5b0000 rw-p 00000000 00:00 0 
7f1c0a5b0000-7f1c0a5b3000 ---p 00000000 00:00 0 
7f1c0a5b3000-7f1c0a6b1000 rw-p 00000000 00:00 0 
7f1c0a6b1000-7f1c0a6b4000 ---p 00000000 00:00 0 
7f1c0a6b4000-7f1c0a7b2000 rw-p 00000000 00:00 0 
7f1c0a7b2000-7f1c0a7c3000 r-xp 00000000 08:01 1972309                    /usr/lib/jvm/java-8-openjdk-amd64/jre/lib/amd64/libnio.so
7f1c0a7c3000-7f1c0a9c2000 ---p 00011000 08:01 1972309                    /usr/lib/jvm/java-8-openjdk-amd64/jre/lib/amd64/libnio.so
7f1c0a9c2000-7f1c0a9c3000 r--p 00010000 08:01 1972309                    /usr/lib/jvm/java-8-openjdk-amd64/jre/lib/amd64/libnio.so
7f1c0a9c3000-7f1c0a9c4000 rw-p 00011000 08:01 1972309                    /usr/lib/jvm/java-8-openjdk-amd64/jre/lib/amd64/libnio.so
7f1c0a9c4000-7f1c0a9da000 r-xp 00000000 08:01 1972265                    /usr/lib/jvm/java-8-openjdk-amd64/jre/lib/amd64/libnet.so
7f1c0a9da000-7f1c0abda000 ---p 00016000 08:01 1972265                    /usr/lib/jvm/java-8-openjdk-amd64/jre/lib/amd64/libnet.so
7f1c0abda000-7f1c0abdb000 r--p 00016000 08:01 1972265                    /usr/lib/jvm/java-8-openjdk-amd64/jre/lib/amd64/libnet.so
7f1c0abdb000-7f1c0abdc000 rw-p 00017000 08:01 1972265                    /usr/lib/jvm/java-8-openjdk-amd64/jre/lib/amd64/libnet.so
7f1c0abdc000-7f1c0abe1000 r--s 00038000 08:01 11273278                   /home/christian/.m2/repository/org/jacoco/org.jacoco.agent/0.8.1/org.jacoco.agent-0.8.1-runtime.jar
7f1c0abe1000-7f1c0abe4000 r--s 00010000 08:01 11275417                   /home/christian/.m2/repository/org/apache/maven/surefire/surefire-junit4/2.19.1/surefire-junit4-2.19.1.jar
7f1c0abe4000-7f1c0abeb000 r--s 00041000 08:01 11272457                   /home/christian/.m2/repository/org/javolution/javolution/5.2.3/javolution-5.2.3.jar
7f1c0abeb000-7f1c0abfa000 r--s 00098000 08:01 11272455                   /home/christian/.m2/repository/org/jscience/jscience/4.3.1/jscience-4.3.1.jar
7f1c0abfa000-7f1c0ac04000 r--s 0005f000 08:01 11272451                   /home/christian/.m2/repository/ch/qos/logback/logback-core/1.1.2/logback-core-1.1.2.jar
7f1c0ac04000-7f1c0ac0a000 r--s 0003d000 08:01 11272449                   /home/christian/.m2/repository/ch/qos/logback/logback-classic/1.1.2/logback-classic-1.1.2.jar
7f1c0ac0a000-7f1c0ac12000 r--s 00024000 08:01 11404836                   /home/christian/.m2/repository/de/monticore/monticore-runtime/5.0.1/monticore-runtime-5.0.1-tests.jar
7f1c0ac12000-7f1c0ac1a000 r--s 00045000 08:01 11272443                   /home/christian/.m2/repository/junit/junit/4.12/junit-4.12.jar
7f1c0ac1a000-7f1c0ac37000 r--s 0013e000 08:01 11804312                   /home/christian/.m2/repository/de/monticore/lang/monticar/embedded-montiarc-dynamics/0.0.4-SNAPSHOT/embedded-montiarc-dynamics-0.0.4-SNAPSHOT.jar
7f1c0ac37000-7f1c0ac3a000 ---p 00000000 00:00 0 
7f1c0ac3a000-7f1c0ad38000 rw-p 00000000 00:00 0 
7f1c0ad38000-7f1c0b6f7000 r--p 00000000 08:01 1973647                    /usr/lib/locale/locale-archive
7f1c0b6f7000-7f1c0b6fa000 ---p 00000000 00:00 0 
7f1c0b6fa000-7f1c0b7f8000 rw-p 00000000 00:00 0 
7f1c0b7f8000-7f1c0b7fb000 ---p 00000000 00:00 0 
7f1c0b7fb000-7f1c0b8f9000 rw-p 00000000 00:00 0 
7f1c0b8f9000-7f1c0b8fa000 ---p 00000000 00:00 0 
7f1c0b8fa000-7f1c0c000000 rw-p 00000000 00:00 0 
7f1c0c000000-7f1c0c021000 rw-p 00000000 00:00 0 
7f1c0c021000-7f1c10000000 ---p 00000000 00:00 0 
7f1c10000000-7f1c10002000 r--s 00009000 08:01 11272447                   /home/christian/.m2/repository/org/hamcrest/hamcrest-core/1.3/hamcrest-core-1.3.jar
7f1c10002000-7f1c10003000 r--s 00001000 08:01 11804335                   /home/christian/.m2/repository/de/monticore/lang/monticar/embedded-montiarc-dynamics/0.0.4-SNAPSHOT/embedded-montiarc-dynamics-0.0.4-SNAPSHOT-grammars.jar
7f1c10003000-7f1c10005000 r--s 00000000 08:01 11931875                   /home/christian/.m2/repository/de/monticore/lang/monticar/cnn-arch/0.3.3-SNAPSHOT/cnn-arch-0.3.3-SNAPSHOT-grammars.jar
7f1c10005000-7f1c10007000 r--s 0000c000 08:01 11404307                   /home/christian/.m2/repository/commons-cli/commons-cli/1.4/commons-cli-1.4.jar
7f1c10007000-7f1c1000a000 r--s 0000f000 08:01 11404170                   /home/christian/.m2/repository/de/monticore/lang/NumberUnit/0.0.11/NumberUnit-0.0.11.jar
7f1c1000a000-7f1c1001e000 r--s 0010c000 08:01 11931868                   /home/christian/.m2/repository/de/monticore/lang/monticar/cnn-arch/0.3.3-SNAPSHOT/cnn-arch-0.3.3-SNAPSHOT.jar
7f1c1001e000-7f1c1001f000 r--s 00000000 08:01 11804330                   /home/christian/.m2/repository/de/monticore/lang/monticar/embedded-montiarc-math/0.1.9-SNAPSHOT/embedded-montiarc-math-0.1.9-SNAPSHOT-grammars.jar
7f1c1001f000-7f1c10030000 r--s 000ad000 08:01 11804303                   /home/christian/.m2/repository/de/monticore/lang/monticar/embedded-montiarc-math/0.1.9-SNAPSHOT/embedded-montiarc-math-0.1.9-SNAPSHOT.jar
7f1c10030000-7f1c1003a000 r--s 00080000 08:01 11404324                   /home/christian/.m2/repository/de/monticore/lang/math-opt/0.1.1-SNAPSHOT/math-opt-0.1.1-SNAPSHOT.jar
7f1c1003a000-7f1c1003c000 r--s 00000000 08:01 11671944                   /home/christian/.m2/repository/de/monticore/lang/math/0.0.19-SNAPSHOT/math-0.0.19-SNAPSHOT-grammars.jar
7f1c1003c000-7f1c10042000 r--s 00033000 08:01 11404203                   /home/christian/.m2/repository/com/google/code/gson/gson/2.6.2/gson-2.6.2.jar
7f1c10042000-7f1c10047000 r--s 00046000 08:01 11404201                   /home/christian/.m2/repository/org/apache/commons/commons-lang3/3.0/commons-lang3-3.0.jar
7f1c10047000-7f1c1004c000 r--s 00043000 08:01 11404217                   /home/christian/.m2/repository/it/unibo/alice/tuprolog/tuprolog/3.2.1/tuprolog-3.2.1.jar
7f1c1004c000-7f1c10073000 r--s 001f6000 08:01 11404190                   /home/christian/.m2/repository/org/apache/commons/commons-math3/3.6.1/commons-math3-3.6.1.jar
7f1c10073000-7f1c10081000 r--s 000c4000 08:01 11671939                   /home/christian/.m2/repository/de/monticore/lang/math/0.0.19-SNAPSHOT/math-0.0.19-SNAPSHOT.jar
7f1c10081000-7f1c10089000 r--s 00055000 08:01 11404320                   /home/christian/.m2/repository/de/monticore/lang/monticar/enum/0.0.14-SNAPSHOT/enum-0.0.14-SNAPSHOT.jar
7f1c10089000-7f1c10091000 r--s 00057000 08:01 11404319                   /home/christian/.m2/repository/de/monticore/lang/monticar/struct/0.0.18-SNAPSHOT/struct-0.0.18-SNAPSHOT.jar
7f1c10091000-7f1c1009f000 r--s 000ba000 08:01 11672515                   /home/christian/.m2/repository/de/monticore/lang/Tagging/0.0.6/Tagging-0.0.6.jar
7f1c1009f000-7f1c14000000 rw-p 00000000 00:00 0 
7f1c14000000-7f1c14021000 rw-p 00000000 00:00 0 
7f1c14021000-7f1c18000000 ---p 00000000 00:00 0 
7f1c18000000-7f1c18001000 r--s 00000000 08:01 11406461                   /home/christian/.m2/repository/de/monticore/lang/math-opt/0.1.1-SNAPSHOT/math-opt-0.1.1-SNAPSHOT-grammars.jar
7f1c18001000-7f1c18002000 r--s 00000000 08:01 11406459                   /home/christian/.m2/repository/de/monticore/lang/monticar/embedded-montiarc-behaviour/0.0.16-SNAPSHOT/embedded-montiarc-behaviour-0.0.16-SNAPSHOT-grammars.jar
7f1c18002000-7f1c18004000 r--s 00011000 08:01 11404323                   /home/christian/.m2/repository/de/monticore/lang/monticar/embedded-montiarc-behaviour/0.0.16-SNAPSHOT/embedded-montiarc-behaviour-0.0.16-SNAPSHOT.jar
7f1c18004000-7f1c18006000 r--s 00000000 08:01 11405284                   /home/christian/.m2/repository/de/monticore/lang/monticar/embedded-montiarc/0.1.9-SNAPSHOT/embedded-montiarc-0.1.9-SNAPSHOT-grammars.jar
7f1c18006000-7f1c18015000 r--s 000a3000 08:01 11404318                   /home/christian/.m2/repository/de/monticore/lang/monticar/embedded-montiarc/0.1.9-SNAPSHOT/embedded-montiarc-0.1.9-SNAPSHOT.jar
7f1c18015000-7f1c18017000 r--s 00003000 08:01 11404822                   /home/christian/.m2/repository/de/monticore/lang/monticar/common-monticar/0.0.14-SNAPSHOT/common-monticar-0.0.14-SNAPSHOT-grammars.jar
7f1c18017000-7f1c18044000 r--s 00223000 08:01 11404265                   /home/christian/.m2/repository/de/monticore/lang/monticar/common-monticar/0.0.14-SNAPSHOT/common-monticar-0.0.14-SNAPSHOT.jar
7f1c18044000-7f1c18048000 r--s 00031000 08:01 11404178                   /home/christian/.m2/repository/jline/jline/2.12/jline-2.12.jar
7f1c18048000-7f1c18091000 r--s 003fb000 08:01 11404165                   /home/christian/.m2/repository/org/codehaus/groovy/groovy/2.3.7/groovy-2.3.7.jar
7f1c18091000-7f1c18092000 r--s 00001000 08:01 11404206                   /home/christian/.m2/repository/de/se_rwth/commons/se-commons-groovy/1.7.8/se-commons-groovy-1.7.8.jar
7f1c18092000-7f1c180b2000 r--s 0016d000 08:01 11404197                   /home/christian/.m2/repository/de/monticore/monticore-grammar/5.0.1/monticore-grammar-5.0.1.jar
7f1c180b2000-7f1c180ca000 r--s 00132000 08:01 11404271                   /home/christian/.m2/repository/org/freemarker/freemarker/2.3.23/freemarker-2.3.23.jar
7f1c180ca000-7f1c180ce000 r--s 0000f000 08:01 11404155                   /home/christian/.m2/repository/com/google/code/findbugs/annotations/2.0.1/annotations-2.0.1.jar
7f1c180ce000-7f1c180f9000 r--s 001fc000 08:01 11272445                   /home/christian/.m2/repository/com/google/guava/guava/18.0/guava-18.0.jar
7f1c180f9000-7f1c19000000 rw-p 00000000 00:00 0 
7f1c19000000-7f1c1a260000 rwxp 00000000 00:00 0 
7f1c1a260000-7f1c28000000 ---p 00000000 00:00 0 
7f1c28000000-7f1c2c000000 rw-p 00000000 00:00 0 
7f1c2c000000-7f1c2c003000 r--s 00008000 08:01 11404831                   /home/christian/.m2/repository/de/monticore/monticore-grammar/5.0.1/monticore-grammar-5.0.1-grammars.jar
7f1c2c003000-7f1c2c00d000 r--s 000a5000 08:01 11404143                   /home/christian/.m2/repository/org/javassist/javassist/3.18.2-GA/javassist-3.18.2-GA.jar
7f1c2c00d000-7f1c2c010000 r--s 00020000 08:01 11404250                   /home/christian/.m2/repository/org/reflections/reflections/0.9.9/reflections-0.9.9.jar
7f1c2c010000-7f1c2c016000 r--s 00045000 08:01 11404236                   /home/christian/.m2/repository/de/monticore/monticore-runtime/5.0.1/monticore-runtime-5.0.1.jar
7f1c2c016000-7f1c2c019000 r--s 00006000 08:01 11404166                   /home/christian/.m2/repository/com/google/code/findbugs/jsr305/3.0.0/jsr305-3.0.0.jar
7f1c2c019000-7f1c2c01b000 r--s 0000e000 08:01 11404172                   /home/christian/.m2/repository/de/se_rwth/commons/se-commons-utilities/1.7.8/se-commons-utilities-1.7.8.jar
7f1c2c01b000-7f1c2c022000 r--s 0004c000 08:01 11272441                   /home/christian/.m2/repository/org/antlr/antlr4-runtime/4.7.1/antlr4-runtime-4.7.1.jar
7f1c2c022000-7f1c2c026000 r--s 00031000 08:01 11535795                   /home/christian/.m2/repository/commons-io/commons-io/2.6/commons-io-2.6.jar
7f1c2c026000-7f1c2c02b000 r--s 0002b000 08:01 11274245                   /home/christian/.m2/repository/org/apache/maven/surefire/surefire-api/2.19.1/surefire-api-2.19.1.jar
7f1c2c02b000-7f1c2c046000 r--s 001d6000 08:01 1972241                    /usr/lib/jvm/java-8-openjdk-amd64/jre/lib/ext/nashorn.jar
7f1c2c046000-7f1c2c061000 r--s 00394000 08:01 1972244                    /usr/lib/jvm/java-8-openjdk-amd64/jre/lib/ext/cldrdata.jar
7f1c2c061000-7f1c2c162000 rw-p 00000000 00:00 0 
7f1c2c162000-7f1c2c332000 r--s 03c5c000 08:01 1972223                    /usr/lib/jvm/java-8-openjdk-amd64/jre/lib/rt.jar
7f1c2c332000-7f1c2c78e000 rw-p 00000000 00:00 0 
7f1c2c78e000-7f1c2c78f000 ---p 00000000 00:00 0 
7f1c2c78f000-7f1c2c88f000 rw-p 00000000 00:00 0 
7f1c2c88f000-7f1c2c890000 ---p 00000000 00:00 0 
7f1c2c890000-7f1c2c990000 rw-p 00000000 00:00 0 
7f1c2c990000-7f1c2c991000 ---p 00000000 00:00 0 
7f1c2c991000-7f1c2ca91000 rw-p 00000000 00:00 0 
7f1c2ca91000-7f1c2ca92000 ---p 00000000 00:00 0 
7f1c2ca92000-7f1c2cbc0000 rw-p 00000000 00:00 0 
7f1c2cbc0000-7f1c2ce2c000 ---p 00000000 00:00 0 
7f1c2ce2c000-7f1c2ce5a000 rw-p 00000000 00:00 0 
7f1c2ce5a000-7f1c2d0c5000 ---p 00000000 00:00 0 
7f1c2d0c5000-7f1c2d1eb000 rw-p 00000000 00:00 0 
7f1c2d1eb000-7f1c2d212000 ---p 00000000 00:00 0 
7f1c2d212000-7f1c2d25d000 rw-p 00000000 00:00 0 
7f1c2d25d000-7f1c2d5d3000 ---p 00000000 00:00 0 
7f1c2d5d3000-7f1c2d5db000 r-xp 00000000 08:01 1972279                    /usr/lib/jvm/java-8-openjdk-amd64/jre/lib/amd64/libzip.so
7f1c2d5db000-7f1c2d7da000 ---p 00008000 08:01 1972279                    /usr/lib/jvm/java-8-openjdk-amd64/jre/lib/amd64/libzip.so
7f1c2d7da000-7f1c2d7db000 r--p 00007000 08:01 1972279                    /usr/lib/jvm/java-8-openjdk-amd64/jre/lib/amd64/libzip.so
7f1c2d7db000-7f1c2d7dc000 rw-p 00008000 08:01 1972279                    /usr/lib/jvm/java-8-openjdk-amd64/jre/lib/amd64/libzip.so
7f1c2d7dc000-7f1c2d7e7000 r-xp 00000000 08:01 4330539                    /lib/x86_64-linux-gnu/libnss_files-2.23.so
7f1c2d7e7000-7f1c2d9e6000 ---p 0000b000 08:01 4330539                    /lib/x86_64-linux-gnu/libnss_files-2.23.so
7f1c2d9e6000-7f1c2d9e7000 r--p 0000a000 08:01 4330539                    /lib/x86_64-linux-gnu/libnss_files-2.23.so
7f1c2d9e7000-7f1c2d9e8000 rw-p 0000b000 08:01 4330539                    /lib/x86_64-linux-gnu/libnss_files-2.23.so
7f1c2d9e8000-7f1c2d9ee000 rw-p 00000000 00:00 0 
7f1c2d9ee000-7f1c2d9f9000 r-xp 00000000 08:01 4330549                    /lib/x86_64-linux-gnu/libnss_nis-2.23.so
7f1c2d9f9000-7f1c2dbf8000 ---p 0000b000 08:01 4330549                    /lib/x86_64-linux-gnu/libnss_nis-2.23.so
7f1c2dbf8000-7f1c2dbf9000 r--p 0000a000 08:01 4330549                    /lib/x86_64-linux-gnu/libnss_nis-2.23.so
7f1c2dbf9000-7f1c2dbfa000 rw-p 0000b000 08:01 4330549                    /lib/x86_64-linux-gnu/libnss_nis-2.23.so
7f1c2dbfa000-7f1c2dc10000 r-xp 00000000 08:01 4330533                    /lib/x86_64-linux-gnu/libnsl-2.23.so
7f1c2dc10000-7f1c2de0f000 ---p 00016000 08:01 4330533                    /lib/x86_64-linux-gnu/libnsl-2.23.so
7f1c2de0f000-7f1c2de10000 r--p 00015000 08:01 4330533                    /lib/x86_64-linux-gnu/libnsl-2.23.so
7f1c2de10000-7f1c2de11000 rw-p 00016000 08:01 4330533                    /lib/x86_64-linux-gnu/libnsl-2.23.so
7f1c2de11000-7f1c2de13000 rw-p 00000000 00:00 0 
7f1c2de13000-7f1c2de1b000 r-xp 00000000 08:01 4330535                    /lib/x86_64-linux-gnu/libnss_compat-2.23.so
7f1c2de1b000-7f1c2e01a000 ---p 00008000 08:01 4330535                    /lib/x86_64-linux-gnu/libnss_compat-2.23.so
7f1c2e01a000-7f1c2e01b000 r--p 00007000 08:01 4330535                    /lib/x86_64-linux-gnu/libnss_compat-2.23.so
7f1c2e01b000-7f1c2e01c000 rw-p 00008000 08:01 4330535                    /lib/x86_64-linux-gnu/libnss_compat-2.23.so
7f1c2e01c000-7f1c2e026000 r-xp 00000000 08:01 1972313                    /usr/lib/jvm/java-8-openjdk-amd64/jre/lib/amd64/libinstrument.so
7f1c2e026000-7f1c2e225000 ---p 0000a000 08:01 1972313                    /usr/lib/jvm/java-8-openjdk-amd64/jre/lib/amd64/libinstrument.so
7f1c2e225000-7f1c2e226000 r--p 00009000 08:01 1972313                    /usr/lib/jvm/java-8-openjdk-amd64/jre/lib/amd64/libinstrument.so
7f1c2e226000-7f1c2e227000 rw-p 0000a000 08:01 1972313                    /usr/lib/jvm/java-8-openjdk-amd64/jre/lib/amd64/libinstrument.so
7f1c2e227000-7f1c2e250000 r-xp 00000000 08:01 1972264                    /usr/lib/jvm/java-8-openjdk-amd64/jre/lib/amd64/libjava.so
7f1c2e250000-7f1c2e44f000 ---p 00029000 08:01 1972264                    /usr/lib/jvm/java-8-openjdk-amd64/jre/lib/amd64/libjava.so
7f1c2e44f000-7f1c2e450000 r--p 00028000 08:01 1972264                    /usr/lib/jvm/java-8-openjdk-amd64/jre/lib/amd64/libjava.so
7f1c2e450000-7f1c2e452000 rw-p 00029000 08:01 1972264                    /usr/lib/jvm/java-8-openjdk-amd64/jre/lib/amd64/libjava.so
7f1c2e452000-7f1c2e461000 r-xp 00000000 08:01 1972281                    /usr/lib/jvm/java-8-openjdk-amd64/jre/lib/amd64/libverify.so
7f1c2e461000-7f1c2e660000 ---p 0000f000 08:01 1972281                    /usr/lib/jvm/java-8-openjdk-amd64/jre/lib/amd64/libverify.so
7f1c2e660000-7f1c2e662000 r--p 0000e000 08:01 1972281                    /usr/lib/jvm/java-8-openjdk-amd64/jre/lib/amd64/libverify.so
7f1c2e662000-7f1c2e663000 rw-p 00010000 08:01 1972281                    /usr/lib/jvm/java-8-openjdk-amd64/jre/lib/amd64/libverify.so
7f1c2e663000-7f1c2e66a000 r-xp 00000000 08:01 4330594                    /lib/x86_64-linux-gnu/librt-2.23.so
7f1c2e66a000-7f1c2e869000 ---p 00007000 08:01 4330594                    /lib/x86_64-linux-gnu/librt-2.23.so
7f1c2e869000-7f1c2e86a000 r--p 00006000 08:01 4330594                    /lib/x86_64-linux-gnu/librt-2.23.so
7f1c2e86a000-7f1c2e86b000 rw-p 00007000 08:01 4330594                    /lib/x86_64-linux-gnu/librt-2.23.so
7f1c2e86b000-7f1c2e881000 r-xp 00000000 08:01 4330478                    /lib/x86_64-linux-gnu/libgcc_s.so.1
7f1c2e881000-7f1c2ea80000 ---p 00016000 08:01 4330478                    /lib/x86_64-linux-gnu/libgcc_s.so.1
7f1c2ea80000-7f1c2ea81000 rw-p 00015000 08:01 4330478                    /lib/x86_64-linux-gnu/libgcc_s.so.1
7f1c2ea81000-7f1c2eb89000 r-xp 00000000 08:01 4330510                    /lib/x86_64-linux-gnu/libm-2.23.so
7f1c2eb89000-7f1c2ed88000 ---p 00108000 08:01 4330510                    /lib/x86_64-linux-gnu/libm-2.23.so
7f1c2ed88000-7f1c2ed89000 r--p 00107000 08:01 4330510                    /lib/x86_64-linux-gnu/libm-2.23.so
7f1c2ed89000-7f1c2ed8a000 rw-p 00108000 08:01 4330510                    /lib/x86_64-linux-gnu/libm-2.23.so
7f1c2ed8a000-7f1c2eefc000 r-xp 00000000 08:01 1966268                    /usr/lib/x86_64-linux-gnu/libstdc++.so.6.0.21
7f1c2eefc000-7f1c2f0fc000 ---p 00172000 08:01 1966268                    /usr/lib/x86_64-linux-gnu/libstdc++.so.6.0.21
7f1c2f0fc000-7f1c2f106000 r--p 00172000 08:01 1966268                    /usr/lib/x86_64-linux-gnu/libstdc++.so.6.0.21
7f1c2f106000-7f1c2f108000 rw-p 0017c000 08:01 1966268                    /usr/lib/x86_64-linux-gnu/libstdc++.so.6.0.21
7f1c2f108000-7f1c2f10c000 rw-p 00000000 00:00 0 
7f1c2f10c000-7f1c2fd70000 r-xp 00000000 08:01 1972318                    /usr/lib/jvm/java-8-openjdk-amd64/jre/lib/amd64/server/libjvm.so
7f1c2fd70000-7f1c2ff6f000 ---p 00c64000 08:01 1972318                    /usr/lib/jvm/java-8-openjdk-amd64/jre/lib/amd64/server/libjvm.so
7f1c2ff6f000-7f1c30003000 r--p 00c63000 08:01 1972318                    /usr/lib/jvm/java-8-openjdk-amd64/jre/lib/amd64/server/libjvm.so
7f1c30003000-7f1c3002c000 rw-p 00cf7000 08:01 1972318                    /usr/lib/jvm/java-8-openjdk-amd64/jre/lib/amd64/server/libjvm.so
7f1c3002c000-7f1c3005c000 rw-p 00000000 00:00 0 
7f1c3005c000-7f1c30074000 r-xp 00000000 08:01 4330586                    /lib/x86_64-linux-gnu/libpthread-2.23.so
7f1c30074000-7f1c30273000 ---p 00018000 08:01 4330586                    /lib/x86_64-linux-gnu/libpthread-2.23.so
7f1c30273000-7f1c30274000 r--p 00017000 08:01 4330586                    /lib/x86_64-linux-gnu/libpthread-2.23.so
7f1c30274000-7f1c30275000 rw-p 00018000 08:01 4330586                    /lib/x86_64-linux-gnu/libpthread-2.23.so
7f1c30275000-7f1c30279000 rw-p 00000000 00:00 0 
7f1c30279000-7f1c3027c000 r-xp 00000000 08:01 4330464                    /lib/x86_64-linux-gnu/libdl-2.23.so
7f1c3027c000-7f1c3047b000 ---p 00003000 08:01 4330464                    /lib/x86_64-linux-gnu/libdl-2.23.so
7f1c3047b000-7f1c3047c000 r--p 00002000 08:01 4330464                    /lib/x86_64-linux-gnu/libdl-2.23.so
7f1c3047c000-7f1c3047d000 rw-p 00003000 08:01 4330464                    /lib/x86_64-linux-gnu/libdl-2.23.so
7f1c3047d000-7f1c30496000 r-xp 00000000 08:01 4330631                    /lib/x86_64-linux-gnu/libz.so.1.2.8
7f1c30496000-7f1c30695000 ---p 00019000 08:01 4330631                    /lib/x86_64-linux-gnu/libz.so.1.2.8
7f1c30695000-7f1c30696000 r--p 00018000 08:01 4330631                    /lib/x86_64-linux-gnu/libz.so.1.2.8
7f1c30696000-7f1c30697000 rw-p 00019000 08:01 4330631                    /lib/x86_64-linux-gnu/libz.so.1.2.8
7f1c30697000-7f1c30857000 r-xp 00000000 08:01 4330440                    /lib/x86_64-linux-gnu/libc-2.23.so
7f1c30857000-7f1c30a57000 ---p 001c0000 08:01 4330440                    /lib/x86_64-linux-gnu/libc-2.23.so
7f1c30a57000-7f1c30a5b000 r--p 001c0000 08:01 4330440                    /lib/x86_64-linux-gnu/libc-2.23.so
7f1c30a5b000-7f1c30a5d000 rw-p 001c4000 08:01 4330440                    /lib/x86_64-linux-gnu/libc-2.23.so
7f1c30a5d000-7f1c30a61000 rw-p 00000000 00:00 0 
7f1c30a61000-7f1c30a6e000 r-xp 00000000 08:01 1972273                    /usr/lib/jvm/java-8-openjdk-amd64/jre/lib/amd64/jli/libjli.so
7f1c30a6e000-7f1c30c6d000 ---p 0000d000 08:01 1972273                    /usr/lib/jvm/java-8-openjdk-amd64/jre/lib/amd64/jli/libjli.so
7f1c30c6d000-7f1c30c6e000 r--p 0000c000 08:01 1972273                    /usr/lib/jvm/java-8-openjdk-amd64/jre/lib/amd64/jli/libjli.so
7f1c30c6e000-7f1c30c6f000 rw-p 0000d000 08:01 1972273                    /usr/lib/jvm/java-8-openjdk-amd64/jre/lib/amd64/jli/libjli.so
7f1c30c6f000-7f1c30c95000 r-xp 00000000 08:01 4330412                    /lib/x86_64-linux-gnu/ld-2.23.so
7f1c30c95000-7f1c30c96000 r--s 00000000 08:01 11404151                   /home/christian/.m2/repository/javax/inject/javax.inject/1/javax.inject-1.jar
7f1c30c96000-7f1c30c97000 r--s 00007000 08:01 11404159                   /home/christian/.m2/repository/org/slf4j/slf4j-api/1.7.10/slf4j-api-1.7.10.jar
7f1c30c97000-7f1c30c98000 r--s 00002000 08:01 11404227                   /home/christian/.m2/repository/de/se_rwth/commons/se-commons-logging/1.7.8/se-commons-logging-1.7.8.jar
7f1c30c98000-7f1c30c9a000 r--s 0000a000 08:01 11274236                   /home/christian/.m2/repository/org/apache/maven/surefire/surefire-booter/2.19.1/surefire-booter-2.19.1.jar
7f1c30c9a000-7f1c30c9c000 r--s 00001000 08:01 1972245                    /usr/lib/jvm/java-8-openjdk-amd64/jre/lib/ext/dnsns.jar
7f1c30c9c000-7f1c30c9f000 r--s 00039000 08:01 1972243                    /usr/lib/jvm/java-8-openjdk-amd64/jre/lib/ext/sunpkcs11.jar
7f1c30c9f000-7f1c30d6f000 rw-p 00000000 00:00 0 
7f1c30d6f000-7f1c30d72000 ---p 00000000 00:00 0 
7f1c30d72000-7f1c30e74000 rw-p 00000000 00:00 0 
7f1c30e74000-7f1c30e75000 r--s 0000a000 08:01 1972242                    /usr/lib/jvm/java-8-openjdk-amd64/jre/lib/ext/jaccess.jar
7f1c30e75000-7f1c30e76000 r--s 00010000 08:01 1972247                    /usr/lib/jvm/java-8-openjdk-amd64/jre/lib/ext/zipfs.jar
7f1c30e76000-7f1c30e79000 r--s 0000f000 08:01 1972240                    /usr/lib/jvm/java-8-openjdk-amd64/jre/lib/ext/icedtea-sound.jar
7f1c30e79000-7f1c30e7a000 r--s 0000d000 08:01 1972239                    /usr/lib/jvm/java-8-openjdk-amd64/jre/lib/ext/sunec.jar
7f1c30e7a000-7f1c30e84000 r--s 00116000 08:01 1972248                    /usr/lib/jvm/java-8-openjdk-amd64/jre/lib/ext/localedata.jar
7f1c30e84000-7f1c30e89000 r--s 0003c000 08:01 1972246                    /usr/lib/jvm/java-8-openjdk-amd64/jre/lib/ext/sunjce_provider.jar
7f1c30e89000-7f1c30e91000 rw-s 00000000 08:01 1310945                    /tmp/hsperfdata_christian/22724
7f1c30e91000-7f1c30e92000 rw-p 00000000 00:00 0 
7f1c30e92000-7f1c30e93000 ---p 00000000 00:00 0 
7f1c30e93000-7f1c30e94000 rw-p 00000000 00:00 0 
7f1c30e94000-7f1c30e95000 r--p 00025000 08:01 4330412                    /lib/x86_64-linux-gnu/ld-2.23.so
7f1c30e95000-7f1c30e96000 rw-p 00026000 08:01 4330412                    /lib/x86_64-linux-gnu/ld-2.23.so
7f1c30e96000-7f1c30e97000 rw-p 00000000 00:00 0 
7fff668ff000-7fff66922000 rw-p 00000000 00:00 0                          [stack]
7fff6696f000-7fff66972000 r--p 00000000 00:00 0                          [vvar]
7fff66972000-7fff66974000 r-xp 00000000 00:00 0                          [vdso]
ffffffffff600000-ffffffffff601000 r-xp 00000000 00:00 0                  [vsyscall]

VM Arguments:
jvm_args: -javaagent:/home/christian/.m2/repository/org/jacoco/org.jacoco.agent/0.8.1/org.jacoco.agent-0.8.1-runtime.jar=destfile=/home/christian/EmbeddedMontiArcDL/target/jacoco.exec 
java_command: org.apache.maven.surefire.booter.ForkedBooter /home/christian/EmbeddedMontiArcDL/target/surefire/surefire8024800292741174357tmp /home/christian/EmbeddedMontiArcDL/target/surefire/surefire_01560320669333910987tmp
java_class_path (initial): /home/christian/.m2/repository/org/apache/maven/surefire/surefire-booter/2.19.1/surefire-booter-2.19.1.jar:/home/christian/.m2/repository/org/apache/maven/surefire/surefire-api/2.19.1/surefire-api-2.19.1.jar:/home/christian/EmbeddedMontiArcDL/target/test-classes:/home/christian/EmbeddedMontiArcDL/target/classes:/home/christian/.m2/repository/commons-io/commons-io/2.6/commons-io-2.6.jar:/home/christian/.m2/repository/org/antlr/antlr4-runtime/4.7.1/antlr4-runtime-4.7.1.jar:/home/christian/.m2/repository/de/se_rwth/commons/se-commons-logging/1.7.8/se-commons-logging-1.7.8.jar:/home/christian/.m2/repository/org/slf4j/slf4j-api/1.7.10/slf4j-api-1.7.10.jar:/home/christian/.m2/repository/de/se_rwth/commons/se-commons-utilities/1.7.8/se-commons-utilities-1.7.8.jar:/home/christian/.m2/repository/javax/inject/javax.inject/1/javax.inject-1.jar:/home/christian/.m2/repository/com/google/code/findbugs/jsr305/3.0.0/jsr305-3.0.0.jar:/home/christian/.m2/repository/com/google/guava/guava/18.0/guava-18.0.jar:/home/christian/.m2/repository/de/monticore/monticore-runtime/5.0.1/monticore-runtime-5.0.1.jar:/home/christian/.m2/repository/org/reflections/reflections/0.9.9/reflections-0.9.9.jar:/home/christian/.m2/repository/org/javassist/javassist/3.18.2-GA/javassist-3.18.2-GA.jar:/home/christian/.m2/repository/com/google/code/findbugs/annotations/2.0.1/annotations-2.0.1.jar:/home/christian/.m2/repository/org/freemarker/freemarker/2.3.23/freemarker-2.3.23.jar:/home/christian/.m2/repository/de/monticore/monticore-grammar/5.0.1/monticore-grammar-5.0.1.jar:/home/christian/.m2/repository/de/monticore/monticore-grammar/5.0.1/monticore-grammar-5.0.1-grammars.jar:/home/christian/.m2/repository/de/se_rwth/commons/se-commons-groovy/1.7.8/se-commons-groovy-1.7.8.jar:/home/christian/.m2/repository/org/codehaus/groovy/groovy/2.3.7/groovy-2.3.7.jar:/home/christian/.m2/repository/jline/jline/2.12/jline-2.12.jar:/home/christian/.m2/repository/de/monticore/lang/monticar/common-
Launcher Type: SUN_STANDARD

Environment Variables:
JAVA_HOME=/usr/lib/jvm/java-8-openjdk-amd64
PATH=/home/christian/bin:/home/christian/.local/bin:/usr/local/sbin:/usr/local/bin:/usr/sbin:/usr/bin:/sbin:/bin:/usr/games:/usr/local/games:/snap/bin
SHELL=/bin/bash
DISPLAY=:0

Signal Handlers:
SIGSEGV: [libjvm.so+0xa783e0], sa_mask[0]=11111111011111111101111111111110, sa_flags=SA_RESTART|SA_SIGINFO
SIGBUS: [libjvm.so+0xa783e0], sa_mask[0]=11111111011111111101111111111110, sa_flags=SA_RESTART|SA_SIGINFO
SIGFPE: [libjvm.so+0x8c0e10], sa_mask[0]=11111111011111111101111111111110, sa_flags=SA_RESTART|SA_SIGINFO
SIGPIPE: [libjvm.so+0x8c0e10], sa_mask[0]=11111111011111111101111111111110, sa_flags=SA_RESTART|SA_SIGINFO
SIGXFSZ: [libjvm.so+0x8c0e10], sa_mask[0]=11111111011111111101111111111110, sa_flags=SA_RESTART|SA_SIGINFO
SIGILL: [libjvm.so+0x8c0e10], sa_mask[0]=11111111011111111101111111111110, sa_flags=SA_RESTART|SA_SIGINFO
SIGUSR1: SIG_DFL, sa_mask[0]=00000000000000000000000000000000, sa_flags=none
SIGUSR2: [libjvm.so+0x8c0cc0], sa_mask[0]=00100000000000000000000000000000, sa_flags=SA_RESTART|SA_SIGINFO
SIGHUP: [libjvm.so+0x8c1350], sa_mask[0]=11111111011111111101111111111110, sa_flags=SA_RESTART|SA_SIGINFO
SIGINT: [libjvm.so+0x8c1350], sa_mask[0]=11111111011111111101111111111110, sa_flags=SA_RESTART|SA_SIGINFO
SIGTERM: [libjvm.so+0x8c1350], sa_mask[0]=11111111011111111101111111111110, sa_flags=SA_RESTART|SA_SIGINFO
SIGQUIT: [libjvm.so+0x8c1350], sa_mask[0]=11111111011111111101111111111110, sa_flags=SA_RESTART|SA_SIGINFO


---------------  S Y S T E M  ---------------

OS:DISTRIB_ID=Ubuntu
DISTRIB_RELEASE=16.04
DISTRIB_CODENAME=xenial
DISTRIB_DESCRIPTION="Ubuntu 16.04.6 LTS"

uname:Linux 4.15.0-66-generic #75~16.04.1-Ubuntu SMP Tue Oct 1 14:01:08 UTC 2019 x86_64
libc:glibc 2.23 NPTL 2.23 
rlimit: STACK 8192k, CORE 0k, NPROC 31670, NOFILE 1048576, AS infinity
load average:9,02 3,89 2,60

/proc/meminfo:
MemTotal:        8168004 kB
MemFree:          120840 kB
MemAvailable:      18812 kB
Buffers:             480 kB
Cached:           164460 kB
SwapCached:            0 kB
Active:          7686544 kB
Inactive:         154556 kB
Active(anon):    7681652 kB
Inactive(anon):   142828 kB
Active(file):       4892 kB
Inactive(file):    11728 kB
Unevictable:          16 kB
Mlocked:              16 kB
SwapTotal:             0 kB
SwapFree:              0 kB
Dirty:                68 kB
Writeback:           100 kB
AnonPages:       7676268 kB
Mapped:           148152 kB
Shmem:            148228 kB
Slab:              90960 kB
SReclaimable:      49264 kB
SUnreclaim:        41696 kB
KernelStack:       13312 kB
PageTables:        52780 kB
NFS_Unstable:          0 kB
Bounce:                0 kB
WritebackTmp:          0 kB
CommitLimit:     4084000 kB
Committed_AS:   11512012 kB
VmallocTotal:   34359738367 kB
VmallocUsed:           0 kB
VmallocChunk:          0 kB
HardwareCorrupted:     0 kB
AnonHugePages:         0 kB
ShmemHugePages:        0 kB
ShmemPmdMapped:        0 kB
CmaTotal:              0 kB
CmaFree:               0 kB
HugePages_Total:       0
HugePages_Free:        0
HugePages_Rsvd:        0
HugePages_Surp:        0
Hugepagesize:       2048 kB
DirectMap4k:      315328 kB
DirectMap2M:     8073216 kB

container (cgroup) information:
container_type: cgroupv1
cpu_cpuset_cpus: 0-3
cpu_memory_nodes: 0
active_processor_count: 4
cpu_quota: -1
cpu_period: 100000
cpu_shares: -1
memory_limit_in_bytes: -1
memory_and_swap_limit_in_bytes: -2
memory_soft_limit_in_bytes: -1
memory_usage_in_bytes: 8031498240
memory_max_usage_in_bytes: 1147273216


CPU:total 4 (initial active 4) (4 cores per cpu, 1 threads per core) family 6 model 60 stepping 3, cmov, cx8, fxsr, mmx, sse, sse2, sse3, ssse3, sse4.1, sse4.2, popcnt, avx, aes, clmul, lzcnt, tsc, tscinvbit

/proc/cpuinfo:
processor	: 0
vendor_id	: GenuineIntel
cpu family	: 6
model		: 60
model name	: Intel(R) Core(TM) i7-4770 CPU @ 3.40GHz
stepping	: 3
cpu MHz		: 3392.146
cache size	: 8192 KB
physical id	: 0
siblings	: 4
core id		: 0
cpu cores	: 4
apicid		: 0
initial apicid	: 0
fpu		: yes
fpu_exception	: yes
cpuid level	: 13
wp		: yes
flags		: fpu vme de pse tsc msr pae mce cx8 apic sep mtrr pge mca cmov pat pse36 clflush mmx fxsr sse sse2 ht syscall nx rdtscp lm constant_tsc rep_good nopl xtopology nonstop_tsc cpuid tsc_known_freq pni pclmulqdq ssse3 cx16 sse4_1 sse4_2 x2apic movbe popcnt aes xsave avx rdrand hypervisor lahf_lm abm pti
bugs		: cpu_meltdown spectre_v1 spectre_v2 spec_store_bypass l1tf mds swapgs
bogomips	: 6784.29
clflush size	: 64
cache_alignment	: 64
address sizes	: 39 bits physical, 48 bits virtual
power management:

processor	: 1
vendor_id	: GenuineIntel
cpu family	: 6
model		: 60
model name	: Intel(R) Core(TM) i7-4770 CPU @ 3.40GHz
stepping	: 3
cpu MHz		: 3392.146
cache size	: 8192 KB
physical id	: 0
siblings	: 4
core id		: 1
cpu cores	: 4
apicid		: 1
initial apicid	: 1
fpu		: yes
fpu_exception	: yes
cpuid level	: 13
wp		: yes
flags		: fpu vme de pse tsc msr pae mce cx8 apic sep mtrr pge mca cmov pat pse36 clflush mmx fxsr sse sse2 ht syscall nx rdtscp lm constant_tsc rep_good nopl xtopology nonstop_tsc cpuid tsc_known_freq pni pclmulqdq ssse3 cx16 sse4_1 sse4_2 x2apic movbe popcnt aes xsave avx rdrand hypervisor lahf_lm abm pti
bugs		: cpu_meltdown spectre_v1 spectre_v2 spec_store_bypass l1tf mds swapgs
bogomips	: 6784.29
clflush size	: 64
cache_alignment	: 64
address sizes	: 39 bits physical, 48 bits virtual
power management:

processor	: 2
vendor_id	: GenuineIntel
cpu family	: 6
model		: 60
model name	: Intel(R) Core(TM) i7-4770 CPU @ 3.40GHz
stepping	: 3
cpu MHz		: 3392.146
cache size	: 8192 KB
physical id	: 0
siblings	: 4
core id		: 2
cpu cores	: 4
apicid		: 2
initial apicid	: 2
fpu		: yes
fpu_exception	: yes
cpuid level	: 13
wp		: yes
flags		: fpu vme de pse tsc msr pae mce cx8 apic sep mtrr pge mca cmov pat pse36 clflush mmx fxsr sse sse2 ht syscall nx rdtscp lm constant_tsc rep_good nopl xtopology nonstop_tsc cpuid tsc_known_freq pni pclmulqdq ssse3 cx16 sse4_1 sse4_2 x2apic movbe popcnt aes xsave avx rdrand hypervisor lahf_lm abm pti
bugs		: cpu_meltdown spectre_v1 spectre_v2 spec_store_bypass l1tf mds swapgs
bogomips	: 6784.29
clflush size	: 64
cache_alignment	: 64
address sizes	: 39 bits physical, 48 bits virtual
power management:

processor	: 3
vendor_id	: GenuineIntel
cpu family	: 6
model		: 60
model name	: Intel(R) Core(TM) i7-4770 CPU @ 3.40GHz
stepping	: 3
cpu MHz		: 3392.146
cache size	: 8192 KB
physical id	: 0
siblings	: 4
core id		: 3
cpu cores	: 4
apicid		: 3
initial apicid	: 3
fpu		: yes
fpu_exception	: yes
cpuid level	: 13
wp		: yes
flags		: fpu vme de pse tsc msr pae mce cx8 apic sep mtrr pge mca cmov pat pse36 clflush mmx fxsr sse sse2 ht syscall nx rdtscp lm constant_tsc rep_good nopl xtopology nonstop_tsc cpuid tsc_known_freq pni pclmulqdq ssse3 cx16 sse4_1 sse4_2 x2apic movbe popcnt aes xsave avx rdrand hypervisor lahf_lm abm pti
bugs		: cpu_meltdown spectre_v1 spectre_v2 spec_store_bypass l1tf mds swapgs
bogomips	: 6784.29
clflush size	: 64
cache_alignment	: 64
address sizes	: 39 bits physical, 48 bits virtual
power management:



Memory: 4k page, physical 8168004k(119476k free), swap 0k(0k free)

vm_info: OpenJDK 64-Bit Server VM (25.222-b10) for linux-amd64 JRE (1.8.0_222-8u222-b10-1ubuntu1~16.04.1-b10), built on Jul 18 2019 20:25:18 by "buildd" with gcc 5.4.0 20160609

time: Wed Nov 27 11:24:31 2019
timezone: CET
elapsed time: 45 seconds (0d 0h 0m 45s)

