#
# A fatal error has been detected by the Java Runtime Environment:
#
#  SIGSEGV (0xb) at pc=0x00007f0755437156, pid=794, tid=0x00007f0755ab4700
#
# JRE version: OpenJDK Runtime Environment (8.0_232-b09) (build 1.8.0_232-8u232-b09-0ubuntu1~16.04.1-b09)
# Java VM: OpenJDK 64-Bit Server VM (25.232-b09 mixed mode linux-amd64 compressed oops)
# Problematic frame:
# C  [libc.so.6+0x14e156]
#
# Failed to write core dump. Core dumps have been disabled. To enable core dumping, try "ulimit -c unlimited" before starting Java again
#
# If you would like to submit a bug report, please visit:
#   http://bugreport.java.com/bugreport/crash.jsp
# The crash happened outside the Java Virtual Machine in native code.
# See problematic frame for where to report the bug.
#

---------------  T H R E A D  ---------------

Current thread (0x00007f074c013000):  JavaThread "main" [_thread_in_native, id=795, stack(0x00007f07559b4000,0x00007f0755ab5000)]

siginfo: si_signo: 11 (SIGSEGV), si_code: 2 (SEGV_ACCERR), si_addr: 0x00007f07274f2000

Registers:
RAX=0x00007f06cf2f08f2, RBX=0x00007f074c4b6de0, RCX=0x00000000000008f2, RDX=0x000000000000456e
RSP=0x00007f0755ab1018, RBP=0x00007f0755ab1090, RSI=0x00007f07274f2000, RDI=0x00007f06cf2f456e
R8 =0x00007f074c000698, R9 =0x00007f074d383740, R10=0x00007f074c000078, R11=0x00007f074c000078
R12=0x000000000000456e, R13=0x00007f07274ee384, R14=0x00007f07274e73ea, R15=0x00007f06cee57750
RIP=0x00007f0755437156, EFLAGS=0x0000000000010283, CSGSFS=0x002b000000000033, ERR=0x0000000000000004
  TRAPNO=0x000000000000000e

Top of Stack: (sp=0x00007f0755ab1018)
0x00007f0755ab1018:   00007f075198efce 00007f073d00045f
0x00007f0755ab1028:   00007f074d383740 0000000000000000
0x00007f0755ab1038:   000000007373616c 0000000069737045
0x00007f0755ab1048:   0000000000006f6c 000000000000746e
0x00007f0755ab1058:   000000005453416e 000000000000003e
0x00007f0755ab1068:   00007f074c4ba320 00000000246e305f
0x00007f0755ab1078:   00007f0755ab113d 00007f06cf2ee0d0
0x00007f0755ab1088:   00007f074c4b6de0 00007f0755ab10e0
0x00007f0755ab1098:   00007f075198fc64 00007f0755ab1100
0x00007f0755ab10a8:   0000003e01b4a900 00007f0755ab10e0
0x00007f0755ab10b8:   000000000000003e 00007f074c0131e0
0x00007f0755ab10c8:   000000000000003e 00007f0755ab1558
0x00007f0755ab10d8:   00007f074c4b6de0 00007f0755ab1540
0x00007f0755ab10e8:   00007f075198dbcc 00007f0755ab1100
0x00007f0755ab10f8:   00000001543dfc58 69746e6f6d2f6564
0x00007f0755ab1108:   6e616c2f65726f63 6369746e6f6d2f67
0x00007f0755ab1118:   72746e6e632f7261 636f635f2f6e6961
0x00007f0755ab1128:   72544e4e432f736f 736f636f436e6961
0x00007f0755ab1138:   00007373616c632e 00007f073c804470
0x00007f0755ab1148:   00007f074c013000 00007f073c804470
0x00007f0755ab1158:   00007f074c013000 00007f074c010ad0
0x00007f0755ab1168:   00007f074c013b80 00007f074c013b90
0x00007f0755ab1178:   00007f074c013f68 00000000000003d8
0x00007f0755ab1188:   00000000d6fcaea8 00007f073c804470
0x00007f0755ab1198:   00007f074c013000 0000000055ab1210
0x00007f0755ab11a8:   00007f06fc29b8c0 0000000000000000
0x00007f0755ab11b8:   00007f07547c7fd9 00007f073c804470
0x00007f0755ab11c8:   00007f074c013000 000000000000002c
0x00007f0755ab11d8:   00000000d6fcb258 0000000084e415b8
0x00007f0755ab11e8:   0000000000000000 0000006e00000060
0x00007f0755ab11f8:   0000000000000000 0000000000000000
0x00007f0755ab1208:   0000007c00000077 00007f0755ab1290 

Instructions: (pc=0x00007f0755437156)
0x00007f0755437136:   89 c0 c3 0f 1f 80 00 00 00 00 48 8b 0d 91 60 27
0x00007f0755437146:   00 48 c1 e1 03 48 39 ca 73 10 48 89 d1 48 89 d1
0x00007f0755437156:   f3 a4 c3 0f 1f 80 00 00 00 00 48 8d 0c 16 c5 fe
0x00007f0755437166:   6f 26 c5 fa 6f 6c 16 80 c5 fa 6f 71 90 c5 fa 6f 

Register to memory mapping:

RAX=0x00007f06cf2f08f2 is an unknown value
RBX=0x00007f074c4b6de0 is an unknown value
RCX=0x00000000000008f2 is an unknown value
RDX=0x000000000000456e is an unknown value
RSP=0x00007f0755ab1018 is pointing into the stack for thread: 0x00007f074c013000
RBP=0x00007f0755ab1090 is pointing into the stack for thread: 0x00007f074c013000
RSI=0x00007f07274f2000 is an unknown value
RDI=0x00007f06cf2f456e is an unknown value
R8 =0x00007f074c000698 is an unknown value
R9 =0x00007f074d383740 is an unknown value
R10=0x00007f074c000078 is an unknown value
R11=0x00007f074c000078 is an unknown value
R12=0x000000000000456e is an unknown value
R13=0x00007f07274ee384 is an unknown value
R14=0x00007f07274e73ea is an unknown value
R15=0x00007f06cee57750 is an unknown value


Stack: [0x00007f07559b4000,0x00007f0755ab5000],  sp=0x00007f0755ab1018,  free space=1012k
Native frames: (J=compiled Java code, j=interpreted, Vv=VM code, C=native code)
C  [libc.so.6+0x14e156]
C  [libzip.so+0x5c64]
C  [libzip.so+0x3bcc]  Java_java_util_zip_ZipFile_getEntry+0xfc
J 36  java.util.zip.ZipFile.getEntry(J[BZ)J (0 bytes) @ 0x00007f073d115c4e [0x00007f073d115b80+0xce]
J 271 C2 java.util.jar.JarFile.getJarEntry(Ljava/lang/String;)Ljava/util/jar/JarEntry; (9 bytes) @ 0x00007f073d1d9c74 [0x00007f073d1d98c0+0x3b4]
J 439 C2 sun.misc.URLClassPath.getResource(Ljava/lang/String;Z)Lsun/misc/Resource; (83 bytes) @ 0x00007f073d26ff44 [0x00007f073d26fd20+0x224]
J 2601 C2 java.net.URLClassLoader$1.run()Ljava/lang/Class; (63 bytes) @ 0x00007f073d9095b4 [0x00007f073d909020+0x594]
J 2602 C2 java.net.URLClassLoader$1.run()Ljava/lang/Object; (5 bytes) @ 0x00007f073d8b3554 [0x00007f073d8b3520+0x34]
v  ~StubRoutines::call_stub
V  [libjvm.so+0x66a5d0]
V  [libjvm.so+0x6bdc03]  JVM_DoPrivileged+0x473
J 177  java.security.AccessController.doPrivileged(Ljava/security/PrivilegedExceptionAction;Ljava/security/AccessControlContext;)Ljava/lang/Object; (0 bytes) @ 0x00007f073d15eed5 [0x00007f073d15ee00+0xd5]
J 2600 C2 java.net.URLClassLoader.findClass(Ljava/lang/String;)Ljava/lang/Class; (47 bytes) @ 0x00007f073d8b28f8 [0x00007f073d8b2860+0x98]
j  java.lang.ClassLoader.loadClass(Ljava/lang/String;Z)Ljava/lang/Class;+70
J 287 C1 sun.misc.Launcher$AppClassLoader.loadClass(Ljava/lang/String;Z)Ljava/lang/Class; (85 bytes) @ 0x00007f073d1cbb9c [0x00007f073d1cb1e0+0x9bc]
J 285 C1 java.lang.ClassLoader.loadClass(Ljava/lang/String;)Ljava/lang/Class; (7 bytes) @ 0x00007f073d1caddc [0x00007f073d1cacc0+0x11c]
v  ~StubRoutines::call_stub
V  [libjvm.so+0x66a5d0]
V  [libjvm.so+0x667ab4]
V  [libjvm.so+0x668113]
V  [libjvm.so+0x9efc0d]
V  [libjvm.so+0x9ee586]
V  [libjvm.so+0x9f06ca]
V  [libjvm.so+0x4bbaef]
V  [libjvm.so+0x4be242]
V  [libjvm.so+0x795655]
V  [libjvm.so+0x798538]
V  [libjvm.so+0x65cbb3]
j  de.monticore.lang.monticar.cnnarch.generator.CNNTrainGenerator.getConfigurationSymbol(Ljava/nio/file/Path;Ljava/lang/String;)Lde/monticore/lang/monticar/cnntrain/_symboltable/ConfigurationSymbol;+100
j  de.monticore.lang.monticar.cnnarch.gluongenerator.CNNTrain2Gluon.getConfigurationSymbol(Ljava/nio/file/Path;Ljava/lang/String;)Lde/monticore/lang/monticar/cnntrain/_symboltable/ConfigurationSymbol;+3
j  de.monticore.lang.monticar.emadl.generator.EMADLGenerator.generateCNNTrainer(Ljava/util/Set;Ljava/lang/String;)Ljava/util/List;+220
j  de.monticore.lang.monticar.emadl.generator.EMADLGenerator.generateStrings(Lde/monticore/lang/tagging/_symboltable/TaggingResolver;Lde/monticore/lang/embeddedmontiarc/embeddedmontiarc/_symboltable/instanceStructure/EMAComponentInstanceSymbol;Lde/monticore/symboltable/Scope;Ljava/util/Set;Ljava/lang/String;)Ljava/util/List;+54
j  de.monticore.lang.monticar.emadl.generator.EMADLGenerator.generateFiles(Lde/monticore/lang/tagging/_symboltable/TaggingResolver;Lde/monticore/lang/embeddedmontiarc/embeddedmontiarc/_symboltable/instanceStructure/EMAComponentInstanceSymbol;Lde/monticore/symboltable/Scope;Ljava/lang/String;Ljava/lang/String;)V+17
j  de.monticore.lang.monticar.emadl.generator.EMADLGenerator.generate(Ljava/lang/String;Ljava/lang/String;Ljava/lang/String;Ljava/lang/String;Z)V+51
j  de.monticore.lang.monticar.emadl.generator.EMADLGeneratorCli.runGenerator(Lorg/apache/commons/cli/CommandLine;)V+344
j  de.monticore.lang.monticar.emadl.generator.EMADLGeneratorCli.main([Ljava/lang/String;)V+24
v  ~StubRoutines::call_stub
V  [libjvm.so+0x66a5d0]
V  [libjvm.so+0x68d07e]
V  [libjvm.so+0x68f9af]
C  [libjli.so+0x3552]
C  [libjli.so+0x74ed]
C  [libpthread.so.0+0x76ba]  start_thread+0xca

Java frames: (J=compiled Java code, j=interpreted, Vv=VM code)
J 36  java.util.zip.ZipFile.getEntry(J[BZ)J (0 bytes) @ 0x00007f073d115bd8 [0x00007f073d115b80+0x58]
J 271 C2 java.util.jar.JarFile.getJarEntry(Ljava/lang/String;)Ljava/util/jar/JarEntry; (9 bytes) @ 0x00007f073d1d9c74 [0x00007f073d1d98c0+0x3b4]
J 439 C2 sun.misc.URLClassPath.getResource(Ljava/lang/String;Z)Lsun/misc/Resource; (83 bytes) @ 0x00007f073d26ff44 [0x00007f073d26fd20+0x224]
J 2601 C2 java.net.URLClassLoader$1.run()Ljava/lang/Class; (63 bytes) @ 0x00007f073d9095b4 [0x00007f073d909020+0x594]
J 2602 C2 java.net.URLClassLoader$1.run()Ljava/lang/Object; (5 bytes) @ 0x00007f073d8b3554 [0x00007f073d8b3520+0x34]
v  ~StubRoutines::call_stub
J 177  java.security.AccessController.doPrivileged(Ljava/security/PrivilegedExceptionAction;Ljava/security/AccessControlContext;)Ljava/lang/Object; (0 bytes) @ 0x00007f073d15ee63 [0x00007f073d15ee00+0x63]
J 2600 C2 java.net.URLClassLoader.findClass(Ljava/lang/String;)Ljava/lang/Class; (47 bytes) @ 0x00007f073d8b28f8 [0x00007f073d8b2860+0x98]
j  java.lang.ClassLoader.loadClass(Ljava/lang/String;Z)Ljava/lang/Class;+70
J 287 C1 sun.misc.Launcher$AppClassLoader.loadClass(Ljava/lang/String;Z)Ljava/lang/Class; (85 bytes) @ 0x00007f073d1cbb9c [0x00007f073d1cb1e0+0x9bc]
J 285 C1 java.lang.ClassLoader.loadClass(Ljava/lang/String;)Ljava/lang/Class; (7 bytes) @ 0x00007f073d1caddc [0x00007f073d1cacc0+0x11c]
v  ~StubRoutines::call_stub
j  de.monticore.lang.monticar.cnnarch.generator.CNNTrainGenerator.getConfigurationSymbol(Ljava/nio/file/Path;Ljava/lang/String;)Lde/monticore/lang/monticar/cnntrain/_symboltable/ConfigurationSymbol;+100
j  de.monticore.lang.monticar.cnnarch.gluongenerator.CNNTrain2Gluon.getConfigurationSymbol(Ljava/nio/file/Path;Ljava/lang/String;)Lde/monticore/lang/monticar/cnntrain/_symboltable/ConfigurationSymbol;+3
j  de.monticore.lang.monticar.emadl.generator.EMADLGenerator.generateCNNTrainer(Ljava/util/Set;Ljava/lang/String;)Ljava/util/List;+220
j  de.monticore.lang.monticar.emadl.generator.EMADLGenerator.generateStrings(Lde/monticore/lang/tagging/_symboltable/TaggingResolver;Lde/monticore/lang/embeddedmontiarc/embeddedmontiarc/_symboltable/instanceStructure/EMAComponentInstanceSymbol;Lde/monticore/symboltable/Scope;Ljava/util/Set;Ljava/lang/String;)Ljava/util/List;+54
j  de.monticore.lang.monticar.emadl.generator.EMADLGenerator.generateFiles(Lde/monticore/lang/tagging/_symboltable/TaggingResolver;Lde/monticore/lang/embeddedmontiarc/embeddedmontiarc/_symboltable/instanceStructure/EMAComponentInstanceSymbol;Lde/monticore/symboltable/Scope;Ljava/lang/String;Ljava/lang/String;)V+17
j  de.monticore.lang.monticar.emadl.generator.EMADLGenerator.generate(Ljava/lang/String;Ljava/lang/String;Ljava/lang/String;Ljava/lang/String;Z)V+51
j  de.monticore.lang.monticar.emadl.generator.EMADLGeneratorCli.runGenerator(Lorg/apache/commons/cli/CommandLine;)V+344
j  de.monticore.lang.monticar.emadl.generator.EMADLGeneratorCli.main([Ljava/lang/String;)V+24
v  ~StubRoutines::call_stub

---------------  P R O C E S S  ---------------

Java Threads: ( => current thread )
  0x00007f074c5f4000 JavaThread "Service Thread" daemon [_thread_blocked, id=832, stack(0x00007f0726bf8000,0x00007f0726cf9000)]
  0x00007f074c5ee800 JavaThread "C1 CompilerThread2" daemon [_thread_blocked, id=831, stack(0x00007f0726cf9000,0x00007f0726dfa000)]
  0x00007f074c5ec800 JavaThread "C2 CompilerThread1" daemon [_thread_blocked, id=830, stack(0x00007f0726dfa000,0x00007f0726efb000)]
  0x00007f074c5e9000 JavaThread "C2 CompilerThread0" daemon [_thread_blocked, id=829, stack(0x00007f0726efb000,0x00007f0726ffc000)]
  0x00007f074c197800 JavaThread "JDWP Event Helper Thread" daemon [_thread_blocked, id=827, stack(0x00007f07275f3000,0x00007f07276f4000)]
  0x00007f074c185800 JavaThread "Signal Dispatcher" daemon [_thread_blocked, id=823, stack(0x00007f07279fa000,0x00007f0727afb000)]
  0x00007f074c154000 JavaThread "Finalizer" daemon [_thread_blocked, id=810, stack(0x00007f0727afb000,0x00007f0727bfc000)]
  0x00007f074c151800 JavaThread "Reference Handler" daemon [_thread_blocked, id=809, stack(0x00007f0727bfc000,0x00007f0727cfd000)]
=>0x00007f074c013000 JavaThread "main" [_thread_in_native, id=795, stack(0x00007f07559b4000,0x00007f0755ab5000)]

Other Threads:
  0x00007f074c148000 VMThread [stack: 0x00007f0727cfd000,0x00007f0727dfe000] [id=804]
  0x00007f074c5f6800 WatcherThread [stack: 0x00007f0726af7000,0x00007f0726bf8000] [id=833]

VM state:not at safepoint (normal execution)

VM Mutex/Monitor currently owned by a thread: None

heap address: 0x0000000084e00000, size: 1970 MB, Compressed Oops mode: 32-bit
Narrow klass base: 0x0000000000000000, Narrow klass shift: 3
Compressed class space size: 1073741824 Address: 0x0000000100000000

Heap:
 PSYoungGen      total 133120K, used 3809K [0x00000000d6f80000, 0x00000000e3380000, 0x0000000100000000)
  eden space 124416K, 3% used [0x00000000d6f80000,0x00000000d7338650,0x00000000de900000)
  from space 8704K, 0% used [0x00000000de900000,0x00000000de900000,0x00000000df180000)
  to   space 10240K, 0% used [0x00000000e2980000,0x00000000e2980000,0x00000000e3380000)
 ParOldGen       total 86016K, used 13946K [0x0000000084e00000, 0x000000008a200000, 0x00000000d6f80000)
  object space 86016K, 16% used [0x0000000084e00000,0x0000000085b9e9d8,0x000000008a200000)
 Metaspace       used 34395K, capacity 35346K, committed 35544K, reserved 1079296K
  class space    used 4656K, capacity 4981K, committed 5080K, reserved 1048576K

Card table byte_map: [0x00007f07511f0000,0x00007f07515ca000] byte_map_base: 0x00007f0750dc9000

Marking Bits: (ParMarkBitMap*) 0x00007f0754c91560
 Begin Bits: [0x00007f072c270000, 0x00007f072e138000)
 End Bits:   [0x00007f072e138000, 0x00007f0730000000)

Polling page: 0x00007f0755ae5000

CodeCache: size=245760Kb used=9407Kb max_used=9484Kb free=236352Kb
 bounds [0x00007f073d000000, 0x00007f073d970000, 0x00007f074c000000]
 total_blobs=3021 nmethods=2600 adapters=343
 compilation: enabled

Compilation events (10 events):
Event: 1070,679 Thread 0x00007f074c5ee800 nmethod 2638 0x00007f073d8d1ad0 code [0x00007f073d8d1c60, 0x00007f073d8d2048]
Event: 1070,679 Thread 0x00007f074c5ee800 2639       3       java.util.Formatter$Conversion::isGeneral (64 bytes)
Event: 1070,679 Thread 0x00007f074c5ee800 nmethod 2639 0x00007f073d8d02d0 code [0x00007f073d8d0420, 0x00007f073d8d0590]
Event: 1079,519 Thread 0x00007f074c5ee800 2640       3       java.util.Optional::toString (29 bytes)
Event: 1079,520 Thread 0x00007f074c5ee800 nmethod 2640 0x00007f073d8ca790 code [0x00007f073d8ca9c0, 0x00007f073d8cb648]
Event: 1079,520 Thread 0x00007f074c5ee800 2641       3       java.util.regex.Pattern$LastNode::match (45 bytes)
Event: 1079,521 Thread 0x00007f074c5ee800 nmethod 2641 0x00007f073d8ca290 code [0x00007f073d8ca400, 0x00007f073d8ca630]
Event: 2336,211 Thread 0x00007f074c5ee800 2643       1       de.monticore.ast.ASTCNode::getEnclosingScopeOpt (5 bytes)
Event: 2336,211 Thread 0x00007f074c5ee800 nmethod 2643 0x00007f073d8c9fd0 code [0x00007f073d8ca120, 0x00007f073d8ca230]
Event: 2336,212 Thread 0x00007f074c5ee800 2642       3       de.monticore.ast.ASTCNode::setEnclosingScope (9 bytes)

GC Heap History (10 events):
Event: 7,177 GC heap before
{Heap before GC invocations=5 (full 0):
 PSYoungGen      total 68608K, used 64468K [0x00000000d6f80000, 0x00000000db780000, 0x0000000100000000)
  eden space 63488K, 94% used [0x00000000d6f80000,0x00000000daa32e10,0x00000000dad80000)
  from space 5120K, 85% used [0x00000000db280000,0x00000000db6c2418,0x00000000db780000)
  to   space 5120K, 0% used [0x00000000dad80000,0x00000000dad80000,0x00000000db280000)
 ParOldGen       total 84992K, used 32K [0x0000000084e00000, 0x000000008a100000, 0x00000000d6f80000)
  object space 84992K, 0% used [0x0000000084e00000,0x0000000084e08000,0x000000008a100000)
 Metaspace       used 20799K, capacity 21127K, committed 21248K, reserved 1067008K
  class space    used 2629K, capacity 2735K, committed 2816K, reserved 1048576K
Event: 7,188 GC heap after
Heap after GC invocations=5 (full 0):
 PSYoungGen      total 68608K, used 5111K [0x00000000d6f80000, 0x00000000dfa80000, 0x0000000100000000)
  eden space 63488K, 0% used [0x00000000d6f80000,0x00000000d6f80000,0x00000000dad80000)
  from space 5120K, 99% used [0x00000000dad80000,0x00000000db27de80,0x00000000db280000)
  to   space 7680K, 0% used [0x00000000df300000,0x00000000df300000,0x00000000dfa80000)
 ParOldGen       total 84992K, used 3160K [0x0000000084e00000, 0x000000008a100000, 0x00000000d6f80000)
  object space 84992K, 3% used [0x0000000084e00000,0x0000000085116180,0x000000008a100000)
 Metaspace       used 20799K, capacity 21127K, committed 21248K, reserved 1067008K
  class space    used 2629K, capacity 2735K, committed 2816K, reserved 1048576K
}
Event: 7,188 GC heap before
{Heap before GC invocations=6 (full 1):
 PSYoungGen      total 68608K, used 5111K [0x00000000d6f80000, 0x00000000dfa80000, 0x0000000100000000)
  eden space 63488K, 0% used [0x00000000d6f80000,0x00000000d6f80000,0x00000000dad80000)
  from space 5120K, 99% used [0x00000000dad80000,0x00000000db27de80,0x00000000db280000)
  to   space 7680K, 0% used [0x00000000df300000,0x00000000df300000,0x00000000dfa80000)
 ParOldGen       total 84992K, used 3160K [0x0000000084e00000, 0x000000008a100000, 0x00000000d6f80000)
  object space 84992K, 3% used [0x0000000084e00000,0x0000000085116180,0x000000008a100000)
 Metaspace       used 20799K, capacity 21127K, committed 21248K, reserved 1067008K
  class space    used 2629K, capacity 2735K, committed 2816K, reserved 1048576K
Event: 7,230 GC heap after
Heap after GC invocations=6 (full 1):
 PSYoungGen      total 68608K, used 0K [0x00000000d6f80000, 0x00000000dfa80000, 0x0000000100000000)
  eden space 63488K, 0% used [0x00000000d6f80000,0x00000000d6f80000,0x00000000dad80000)
  from space 5120K, 0% used [0x00000000dad80000,0x00000000dad80000,0x00000000db280000)
  to   space 7680K, 0% used [0x00000000df300000,0x00000000df300000,0x00000000dfa80000)
 ParOldGen       total 52224K, used 8126K [0x0000000084e00000, 0x0000000088100000, 0x00000000d6f80000)
  object space 52224K, 15% used [0x0000000084e00000,0x00000000855ef968,0x0000000088100000)
 Metaspace       used 20799K, capacity 21127K, committed 21248K, reserved 1067008K
  class space    used 2629K, capacity 2735K, committed 2816K, reserved 1048576K
}
Event: 8,616 GC heap before
{Heap before GC invocations=7 (full 1):
 PSYoungGen      total 68608K, used 63488K [0x00000000d6f80000, 0x00000000dfa80000, 0x0000000100000000)
  eden space 63488K, 100% used [0x00000000d6f80000,0x00000000dad80000,0x00000000dad80000)
  from space 5120K, 0% used [0x00000000dad80000,0x00000000dad80000,0x00000000db280000)
  to   space 7680K, 0% used [0x00000000df300000,0x00000000df300000,0x00000000dfa80000)
 ParOldGen       total 52224K, used 8126K [0x0000000084e00000, 0x0000000088100000, 0x00000000d6f80000)
  object space 52224K, 15% used [0x0000000084e00000,0x00000000855ef968,0x0000000088100000)
 Metaspace       used 28967K, capacity 29921K, committed 30336K, reserved 1075200K
  class space    used 3784K, capacity 4110K, committed 4224K, reserved 1048576K
Event: 8,627 GC heap after
Heap after GC invocations=7 (full 1):
 PSYoungGen      total 113664K, used 7032K [0x00000000d6f80000, 0x00000000dfa00000, 0x0000000100000000)
  eden space 106496K, 0% used [0x00000000d6f80000,0x00000000d6f80000,0x00000000dd780000)
  from space 7168K, 98% used [0x00000000df300000,0x00000000df9de0e0,0x00000000dfa00000)
  to   space 8704K, 0% used [0x00000000de900000,0x00000000de900000,0x00000000df180000)
 ParOldGen       total 52224K, used 8134K [0x0000000084e00000, 0x0000000088100000, 0x00000000d6f80000)
  object space 52224K, 15% used [0x0000000084e00000,0x00000000855f1968,0x0000000088100000)
 Metaspace       used 28967K, capacity 29921K, committed 30336K, reserved 1075200K
  class space    used 3784K, capacity 4110K, committed 4224K, reserved 1048576K
}
Event: 9,649 GC heap before
{Heap before GC invocations=8 (full 1):
 PSYoungGen      total 113664K, used 87399K [0x00000000d6f80000, 0x00000000dfa00000, 0x0000000100000000)
  eden space 106496K, 75% used [0x00000000d6f80000,0x00000000dbdfbc28,0x00000000dd780000)
  from space 7168K, 98% used [0x00000000df300000,0x00000000df9de0e0,0x00000000dfa00000)
  to   space 8704K, 0% used [0x00000000de900000,0x00000000de900000,0x00000000df180000)
 ParOldGen       total 52224K, used 8134K [0x0000000084e00000, 0x0000000088100000, 0x00000000d6f80000)
  object space 52224K, 15% used [0x0000000084e00000,0x00000000855f1968,0x0000000088100000)
 Metaspace       used 34384K, capacity 35314K, committed 35416K, reserved 1079296K
  class space    used 4654K, capacity 4949K, committed 4952K, reserved 1048576K
Event: 9,666 GC heap after
Heap after GC invocations=8 (full 1):
 PSYoungGen      total 133120K, used 8684K [0x00000000d6f80000, 0x00000000e3380000, 0x0000000100000000)
  eden space 124416K, 0% used [0x00000000d6f80000,0x00000000d6f80000,0x00000000de900000)
  from space 8704K, 99% used [0x00000000de900000,0x00000000df17b3b0,0x00000000df180000)
  to   space 10240K, 0% used [0x00000000e2980000,0x00000000e2980000,0x00000000e3380000)
 ParOldGen       total 52224K, used 8823K [0x0000000084e00000, 0x0000000088100000, 0x00000000d6f80000)
  object space 52224K, 16% used [0x0000000084e00000,0x000000008569dcd8,0x0000000088100000)
 Metaspace       used 34384K, capacity 35314K, committed 35416K, reserved 1079296K
  class space    used 4654K, capacity 4949K, committed 4952K, reserved 1048576K
}
Event: 9,666 GC heap before
{Heap before GC invocations=9 (full 2):
 PSYoungGen      total 133120K, used 8684K [0x00000000d6f80000, 0x00000000e3380000, 0x0000000100000000)
  eden space 124416K, 0% used [0x00000000d6f80000,0x00000000d6f80000,0x00000000de900000)
  from space 8704K, 99% used [0x00000000de900000,0x00000000df17b3b0,0x00000000df180000)
  to   space 10240K, 0% used [0x00000000e2980000,0x00000000e2980000,0x00000000e3380000)
 ParOldGen       total 52224K, used 8823K [0x0000000084e00000, 0x0000000088100000, 0x00000000d6f80000)
  object space 52224K, 16% used [0x0000000084e00000,0x000000008569dcd8,0x0000000088100000)
 Metaspace       used 34384K, capacity 35314K, committed 35416K, reserved 1079296K
  class space    used 4654K, capacity 4949K, committed 4952K, reserved 1048576K
Event: 9,794 GC heap after
Heap after GC invocations=9 (full 2):
 PSYoungGen      total 133120K, used 0K [0x00000000d6f80000, 0x00000000e3380000, 0x0000000100000000)
  eden space 124416K, 0% used [0x00000000d6f80000,0x00000000d6f80000,0x00000000de900000)
  from space 8704K, 0% used [0x00000000de900000,0x00000000de900000,0x00000000df180000)
  to   space 10240K, 0% used [0x00000000e2980000,0x00000000e2980000,0x00000000e3380000)
 ParOldGen       total 86016K, used 13946K [0x0000000084e00000, 0x000000008a200000, 0x00000000d6f80000)
  object space 86016K, 16% used [0x0000000084e00000,0x0000000085b9e9d8,0x000000008a200000)
 Metaspace       used 34384K, capacity 35314K, committed 35416K, reserved 1079296K
  class space    used 4654K, capacity 4949K, committed 4952K, reserved 1048576K
}

Deoptimization events (10 events):
Event: 8,799 Thread 0x00007f074c013000 Uncommon trap: reason=unstable_if action=reinterpret pc=0x00007f073d76ecc4 method=java.lang.CharacterDataLatin1.isWhitespace(I)Z @ 14
Event: 8,897 Thread 0x00007f074c013000 Uncommon trap: reason=unstable_if action=reinterpret pc=0x00007f073d7f00f8 method=java.util.HashMap.putVal(ILjava/lang/Object;Ljava/lang/Object;ZZ)Ljava/lang/Object; @ 162
Event: 8,898 Thread 0x00007f074c013000 Uncommon trap: reason=unstable_if action=reinterpret pc=0x00007f073d7656d4 method=java.util.HashMap.getNode(ILjava/lang/Object;)Ljava/util/HashMap$Node; @ 84
Event: 8,898 Thread 0x00007f074c013000 Uncommon trap: reason=unstable_if action=reinterpret pc=0x00007f073d37193c method=java.util.HashMap.getNode(ILjava/lang/Object;)Ljava/util/HashMap$Node; @ 84
Event: 8,899 Thread 0x00007f074c013000 Uncommon trap: reason=unstable_if action=reinterpret pc=0x00007f073d4c42f4 method=java.util.HashMap.resize()[Ljava/util/HashMap$Node; @ 206
Event: 8,975 Thread 0x00007f074c013000 Uncommon trap: reason=class_check action=maybe_recompile pc=0x00007f073d20fc3c method=sun.misc.URLClassPath.getLoader(I)Lsun/misc/URLClassPath$Loader; @ 94
Event: 9,419 Thread 0x00007f074c013000 Uncommon trap: reason=array_check action=maybe_recompile pc=0x00007f073d7411c8 method=org.antlr.v4.runtime.misc.Array2DHashSet.getOrAddImpl(Ljava/lang/Object;)Ljava/lang/Object; @ 133
Event: 9,419 Thread 0x00007f074c013000 Uncommon trap: reason=array_check action=maybe_recompile pc=0x00007f073d7411c8 method=org.antlr.v4.runtime.misc.Array2DHashSet.getOrAddImpl(Ljava/lang/Object;)Ljava/lang/Object; @ 133
Event: 9,463 Thread 0x00007f074c013000 Uncommon trap: reason=class_check action=maybe_recompile pc=0x00007f073d48ca0c method=org.antlr.v4.runtime.atn.SingletonPredictionContext.equals(Ljava/lang/Object;)Z @ 21
Event: 9,464 Thread 0x00007f074c013000 Uncommon trap: reason=class_check action=maybe_recompile pc=0x00007f073d48ca0c method=org.antlr.v4.runtime.atn.SingletonPredictionContext.equals(Ljava/lang/Object;)Z @ 21

Classes redefined (0 events):
No events

Internal exceptions (10 events):
Event: 930,101 Thread 0x00007f074c013000 Exception <a 'java/lang/NullPointerException'> (0x00000000d6f9f280) thrown at [/build/openjdk-8-0nmX93/openjdk-8-8u232-b09/src/hotspot/src/share/vm/interpreter/linkResolver.cpp, line 1185]
Event: 930,136 Thread 0x00007f074c013000 Exception <a 'java/lang/NullPointerException'> (0x00000000d6f9f4d0) thrown at [/build/openjdk-8-0nmX93/openjdk-8-8u232-b09/src/hotspot/src/share/vm/interpreter/linkResolver.cpp, line 1185]
Event: 940,305 Thread 0x00007f074c013000 Exception <a 'java/lang/NullPointerException'> (0x00000000d6fa0268) thrown at [/build/openjdk-8-0nmX93/openjdk-8-8u232-b09/src/hotspot/src/share/vm/interpreter/linkResolver.cpp, line 1185]
Event: 940,380 Thread 0x00007f074c013000 Exception <a 'java/lang/NullPointerException'> (0x00000000d6fa04b8) thrown at [/build/openjdk-8-0nmX93/openjdk-8-8u232-b09/src/hotspot/src/share/vm/interpreter/linkResolver.cpp, line 1185]
Event: 1021,905 Thread 0x00007f074c013000 Exception <a 'java/lang/NullPointerException'> (0x00000000d6fa1f08) thrown at [/build/openjdk-8-0nmX93/openjdk-8-8u232-b09/src/hotspot/src/share/vm/interpreter/linkResolver.cpp, line 1185]
Event: 1021,923 Thread 0x00007f074c013000 Exception <a 'java/lang/NullPointerException'> (0x00000000d6fa2158) thrown at [/build/openjdk-8-0nmX93/openjdk-8-8u232-b09/src/hotspot/src/share/vm/interpreter/linkResolver.cpp, line 1185]
Event: 1038,561 Thread 0x00007f074c013000 Exception <a 'java/lang/NullPointerException'> (0x00000000d6fa2568) thrown at [/build/openjdk-8-0nmX93/openjdk-8-8u232-b09/src/hotspot/src/share/vm/interpreter/linkResolver.cpp, line 1185]
Event: 1038,564 Thread 0x00007f074c013000 Exception <a 'java/lang/NullPointerException'> (0x00000000d6fa27b8) thrown at [/build/openjdk-8-0nmX93/openjdk-8-8u232-b09/src/hotspot/src/share/vm/interpreter/linkResolver.cpp, line 1185]
Event: 1154,254 Thread 0x00007f074c013000 Exception <a 'java/lang/NullPointerException'> (0x00000000d6fab198) thrown at [/build/openjdk-8-0nmX93/openjdk-8-8u232-b09/src/hotspot/src/share/vm/interpreter/linkResolver.cpp, line 1185]
Event: 1154,255 Thread 0x00007f074c013000 Exception <a 'java/lang/NullPointerException'> (0x00000000d6fab3e8) thrown at [/build/openjdk-8-0nmX93/openjdk-8-8u232-b09/src/hotspot/src/share/vm/interpreter/linkResolver.cpp, line 1185]

Events (10 events):
Event: 2336,211 Thread 0x00007f074c5ee800 flushing nmethod 0x00007f073d119150
Event: 2336,212 Thread 0x00007f074c5ee800 flushing nmethod 0x00007f073d119f50
Event: 2336,212 Thread 0x00007f074c5ee800 flushing nmethod 0x00007f073d11f610
Event: 2336,212 Thread 0x00007f074c5ee800 flushing nmethod 0x00007f073d127350
Event: 2336,212 Thread 0x00007f074c5ee800 flushing nmethod 0x00007f073d1276d0
Event: 2336,212 Thread 0x00007f074c5ee800 flushing nmethod 0x00007f073d129150
Event: 2336,212 loading class de/monticore/lang/monticar/cnntrain/_cocos/CNNTrainCocos
Event: 2336,212 loading class de/monticore/lang/monticar/cnntrain/_cocos/CNNTrainCocos done
Event: 2336,212 Thread 0x00007f074c013000 DEOPT PACKING pc=0x00007f073d7392a8 sp=0x00007f0755ab2390
Event: 2336,212 Thread 0x00007f074c013000 DEOPT UNPACKING pc=0x00007f073d0474c4 sp=0x00007f0755ab2060 mode 1


Dynamic libraries:
00400000-00401000 r-xp 00000000 08:02 5799131                            /usr/lib/jvm/java-8-openjdk-amd64/jre/bin/java
00600000-00601000 r--p 00000000 08:02 5799131                            /usr/lib/jvm/java-8-openjdk-amd64/jre/bin/java
00601000-00602000 rw-p 00001000 08:02 5799131                            /usr/lib/jvm/java-8-openjdk-amd64/jre/bin/java
00d5b000-01605000 rw-p 00000000 00:00 0                                  [heap]
84e00000-8a200000 rw-p 00000000 00:00 0 
8a200000-d6f80000 ---p 00000000 00:00 0 
d6f80000-e3380000 rw-p 00000000 00:00 0 
e3380000-100000000 ---p 00000000 00:00 0 
100000000-1004f6000 rw-p 00000000 00:00 0 
1004f6000-140000000 ---p 00000000 00:00 0 
7f06c8000000-7f06cbff9000 rw-p 00000000 00:00 0 
7f06cbff9000-7f06cc000000 ---p 00000000 00:00 0 
7f06cc000000-7f06cf31f000 rw-p 00000000 00:00 0 
7f06cf31f000-7f06d0000000 ---p 00000000 00:00 0 
7f06d0000000-7f06d3ff9000 rw-p 00000000 00:00 0 
7f06d3ff9000-7f06d4000000 ---p 00000000 00:00 0 
7f06d4000000-7f06d7ff9000 rw-p 00000000 00:00 0 
7f06d7ff9000-7f06d8000000 ---p 00000000 00:00 0 
7f06d8000000-7f06dbffd000 rw-p 00000000 00:00 0 
7f06dbffd000-7f06dc000000 ---p 00000000 00:00 0 
7f06dc000000-7f06dfff9000 rw-p 00000000 00:00 0 
7f06dfff9000-7f06e0000000 ---p 00000000 00:00 0 
7f06e0000000-7f06e3ff9000 rw-p 00000000 00:00 0 
7f06e3ff9000-7f06e4000000 ---p 00000000 00:00 0 
7f06e4000000-7f06e7ff9000 rw-p 00000000 00:00 0 
7f06e7ff9000-7f06e8000000 ---p 00000000 00:00 0 
7f06e8000000-7f06ebff9000 rw-p 00000000 00:00 0 
7f06ebff9000-7f06ec000000 ---p 00000000 00:00 0 
7f06ec000000-7f06f0000000 rw-p 00000000 00:00 0 
7f06f0000000-7f06f0021000 rw-p 00000000 00:00 0 
7f06f0021000-7f06f4000000 ---p 00000000 00:00 0 
7f06f4000000-7f06f4021000 rw-p 00000000 00:00 0 
7f06f4021000-7f06f8000000 ---p 00000000 00:00 0 
7f06f8000000-7f06fa5e0000 rw-p 00000000 00:00 0 
7f06fa5e0000-7f06fc000000 ---p 00000000 00:00 0 
7f06fc000000-7f06fc503000 rw-p 00000000 00:00 0 
7f06fc503000-7f0700000000 ---p 00000000 00:00 0 
7f0700000000-7f0703ffd000 rw-p 00000000 00:00 0 
7f0703ffd000-7f0704000000 ---p 00000000 00:00 0 
7f0704fff000-7f0708000000 rw-p 00000000 00:00 0 
7f0708000000-7f0708081000 rw-p 00000000 00:00 0 
7f0708081000-7f070c000000 ---p 00000000 00:00 0 
7f070c000000-7f070c021000 rw-p 00000000 00:00 0 
7f070c021000-7f0710000000 ---p 00000000 00:00 0 
7f0710000000-7f0710021000 rw-p 00000000 00:00 0 
7f0710021000-7f0714000000 ---p 00000000 00:00 0 
7f0714000000-7f071409a000 rw-p 00000000 00:00 0 
7f071409a000-7f0718000000 ---p 00000000 00:00 0 
7f0718000000-7f0718021000 rw-p 00000000 00:00 0 
7f0718021000-7f071c000000 ---p 00000000 00:00 0 
7f071c000000-7f071c021000 rw-p 00000000 00:00 0 
7f071c021000-7f0720000000 ---p 00000000 00:00 0 
7f0720000000-7f0720021000 rw-p 00000000 00:00 0 
7f0720021000-7f0724000000 ---p 00000000 00:00 0 
7f07254f7000-7f07256b7000 rw-p 00000000 00:00 0 
7f07256b7000-7f07256f7000 ---p 00000000 00:00 0 
7f07256f7000-7f07258f7000 rw-p 00000000 00:00 0 
7f07258f7000-7f0725af7000 rw-p 00000000 00:00 0 
7f0725af7000-7f0725cf7000 rw-p 00000000 00:00 0 
7f0725cf7000-7f0725ef7000 rw-p 00000000 00:00 0 
7f0725ef7000-7f07260f7000 rw-p 00000000 00:00 0 
7f07260f7000-7f07262f7000 rw-p 00000000 00:00 0 
7f07262f7000-7f07264f7000 rw-p 00000000 00:00 0 
7f07264f7000-7f07266f7000 rw-p 00000000 00:00 0 
7f07266f7000-7f07268f7000 rw-p 00000000 00:00 0 
7f07268f7000-7f0726af7000 rw-p 00000000 00:00 0 
7f0726af7000-7f0726af8000 ---p 00000000 00:00 0 
7f0726af8000-7f0726bf8000 rw-p 00000000 00:00 0 
7f0726bf8000-7f0726bfb000 ---p 00000000 00:00 0 
7f0726bfb000-7f0726cf9000 rw-p 00000000 00:00 0 
7f0726cf9000-7f0726cfc000 ---p 00000000 00:00 0 
7f0726cfc000-7f0726dfa000 rw-p 00000000 00:00 0 
7f0726dfa000-7f0726dfd000 ---p 00000000 00:00 0 
7f0726dfd000-7f0726efb000 rw-p 00000000 00:00 0 
7f0726efb000-7f0726efe000 ---p 00000000 00:00 0 
7f0726efe000-7f0726ffc000 rw-p 00000000 00:00 0 
7f0726ffc000-7f0726ffe000 r--s 00001000 08:02 6042325                    /home/julian/idea-IC-192.6817.14/plugins/java/lib/rt/debugger-agent-storage.jar
7f0727000000-7f0727017000 r-xp 00000000 08:02 5799072                    /usr/lib/jvm/java-8-openjdk-amd64/jre/lib/amd64/libnet.so
7f0727017000-7f0727216000 ---p 00017000 08:02 5799072                    /usr/lib/jvm/java-8-openjdk-amd64/jre/lib/amd64/libnet.so
7f0727216000-7f0727217000 r--p 00016000 08:02 5799072                    /usr/lib/jvm/java-8-openjdk-amd64/jre/lib/amd64/libnet.so
7f0727217000-7f0727218000 rw-p 00017000 08:02 5799072                    /usr/lib/jvm/java-8-openjdk-amd64/jre/lib/amd64/libnet.so
7f0727218000-7f0727229000 r-xp 00000000 08:02 5799081                    /usr/lib/jvm/java-8-openjdk-amd64/jre/lib/amd64/libnio.so
7f0727229000-7f0727429000 ---p 00011000 08:02 5799081                    /usr/lib/jvm/java-8-openjdk-amd64/jre/lib/amd64/libnio.so
7f0727429000-7f072742a000 r--p 00011000 08:02 5799081                    /usr/lib/jvm/java-8-openjdk-amd64/jre/lib/amd64/libnio.so
7f072742a000-7f072742b000 rw-p 00012000 08:02 5799081                    /usr/lib/jvm/java-8-openjdk-amd64/jre/lib/amd64/libnio.so
7f072742b000-7f0727432000 r--s 00066000 08:02 6042326                    /home/julian/idea-IC-192.6817.14/plugins/java/lib/rt/debugger-agent.jar
7f0727432000-7f0727434000 r--s 0001b000 08:02 5640425                    /home/julian/idea-IC-192.6817.14/lib/idea_rt.jar
7f0727434000-7f0727443000 r--s 00098000 08:02 8797937                    /home/julian/.m2/repository/org/jscience/jscience/4.3.1/jscience-4.3.1.jar
7f0727443000-7f0727445000 r--s 00006000 08:02 8797805                    /home/julian/.m2/repository/org/slf4j/slf4j-api/1.7.6/slf4j-api-1.7.6.jar
7f0727445000-7f072744f000 r--s 0005f000 08:02 8797820                    /home/julian/.m2/repository/ch/qos/logback/logback-core/1.1.2/logback-core-1.1.2.jar
7f072744f000-7f0727455000 r--s 0003d000 08:02 8797808                    /home/julian/.m2/repository/ch/qos/logback/logback-classic/1.1.2/logback-classic-1.1.2.jar
7f0727455000-7f0727472000 r--s 0013e000 08:02 9190923                    /home/julian/.m2/repository/de/monticore/lang/monticar/embedded-montiarc-dynamics/0.0.4-SNAPSHOT/embedded-montiarc-dynamics-0.0.4-20191030.155723-6.jar
7f0727472000-7f072747c000 r--s 00080000 08:02 11034794                   /home/julian/.m2/repository/de/monticore/lang/math-opt/0.1.1-SNAPSHOT/math-opt-0.1.1-20190823.135259-8.jar
7f072747c000-7f0727482000 r--s 00033000 08:02 11034795                   /home/julian/.m2/repository/com/google/code/gson/gson/2.6.2/gson-2.6.2.jar
7f0727482000-7f0727487000 r--s 00046000 08:02 11034793                   /home/julian/.m2/repository/org/apache/commons/commons-lang3/3.0/commons-lang3-3.0.jar
7f0727487000-7f07274ae000 r--s 001f6000 08:02 8797800                    /home/julian/.m2/repository/org/apache/commons/commons-math3/3.6.1/commons-math3-3.6.1.jar
7f07274ae000-7f07274bc000 r--s 000c4000 08:02 11034799                   /home/julian/.m2/repository/de/monticore/lang/math/0.0.19-SNAPSHOT/math-0.0.19-20190823.134505-5.jar
7f07274bc000-7f07274c4000 r--s 00055000 08:02 9190919                    /home/julian/.m2/repository/de/monticore/lang/monticar/enum/0.0.14-SNAPSHOT/enum-0.0.14-20191030.154731-5.jar
7f07274c4000-7f07274cc000 r--s 00057000 08:02 8792188                    /home/julian/.m2/repository/de/monticore/lang/monticar/struct/0.0.18-SNAPSHOT/struct-0.0.18-20191030.155421-5.jar
7f07274cc000-7f07274f2000 r--s 001dd000 08:02 408911                     /home/julian/.m2/repository/de/monticore/lang/monticar/cnn-train/0.3.9-SNAPSHOT/cnn-train-0.3.9-SNAPSHOT.jar
7f07274f2000-7f07274f5000 ---p 00000000 00:00 0 
7f07274f5000-7f07275f3000 rw-p 00000000 00:00 0 
7f07275f3000-7f07275f6000 ---p 00000000 00:00 0 
7f07275f6000-7f07276f4000 rw-p 00000000 00:00 0 
7f07276f4000-7f07276f7000 ---p 00000000 00:00 0 
7f07276f7000-7f07277f5000 rw-p 00000000 00:00 0 
7f07277f5000-7f07277f9000 r-xp 00000000 08:02 5799075                    /usr/lib/jvm/java-8-openjdk-amd64/jre/lib/amd64/libdt_socket.so
7f07277f9000-7f07279f8000 ---p 00004000 08:02 5799075                    /usr/lib/jvm/java-8-openjdk-amd64/jre/lib/amd64/libdt_socket.so
7f07279f8000-7f07279f9000 r--p 00003000 08:02 5799075                    /usr/lib/jvm/java-8-openjdk-amd64/jre/lib/amd64/libdt_socket.so
7f07279f9000-7f07279fa000 rw-p 00004000 08:02 5799075                    /usr/lib/jvm/java-8-openjdk-amd64/jre/lib/amd64/libdt_socket.so
7f07279fa000-7f07279fd000 ---p 00000000 00:00 0 
7f07279fd000-7f0727afb000 rw-p 00000000 00:00 0 
7f0727afb000-7f0727afe000 ---p 00000000 00:00 0 
7f0727afe000-7f0727bfc000 rw-p 00000000 00:00 0 
7f0727bfc000-7f0727bff000 ---p 00000000 00:00 0 
7f0727bff000-7f0727cfd000 rw-p 00000000 00:00 0 
7f0727cfd000-7f0727cfe000 ---p 00000000 00:00 0 
7f0727cfe000-7f0728000000 rw-p 00000000 00:00 0 
7f0728000000-7f0728021000 rw-p 00000000 00:00 0 
7f0728021000-7f072c000000 ---p 00000000 00:00 0 
7f072c000000-7f072c005000 r--s 00043000 08:02 11034801                   /home/julian/.m2/repository/it/unibo/alice/tuprolog/tuprolog/3.2.1/tuprolog-3.2.1.jar
7f072c005000-7f072c007000 r--s 00011000 08:02 10897383                   /home/julian/.m2/repository/de/monticore/lang/monticar/embedded-montiarc-behaviour/0.0.16-SNAPSHOT/embedded-montiarc-behaviour-0.0.16-20190823.132417-4.jar
7f072c007000-7f072c015000 r--s 000ba000 08:02 8797804                    /home/julian/.m2/repository/de/monticore/lang/Tagging/0.0.6/Tagging-0.0.6.jar
7f072c015000-7f072c024000 r--s 000a3000 08:02 10897379                   /home/julian/.m2/repository/de/monticore/lang/monticar/embedded-montiarc/0.1.9-SNAPSHOT/embedded-montiarc-0.1.9-20190130.143827-2.jar
7f072c024000-7f072c025000 r--s 00000000 08:02 6191933                    /home/julian/.m2/repository/javax/inject/javax.inject/1/javax.inject-1.jar
7f072c025000-7f072c06e000 r--s 003fb000 08:02 8792177                    /home/julian/.m2/repository/org/codehaus/groovy/groovy/2.3.7/groovy-2.3.7.jar
7f072c06e000-7f0730000000 rw-p 00000000 00:00 0 
7f0730000000-7f0730021000 rw-p 00000000 00:00 0 
7f0730021000-7f0734000000 ---p 00000000 00:00 0 
7f0734000000-7f0734021000 rw-p 00000000 00:00 0 
7f0734021000-7f0738000000 ---p 00000000 00:00 0 
7f0738000000-7f0738021000 rw-p 00000000 00:00 0 
7f0738021000-7f073c000000 ---p 00000000 00:00 0 
7f073c000000-7f073c002000 r--s 0000e000 08:02 6191936                    /home/julian/.m2/repository/de/se_rwth/commons/se-commons-utilities/1.7.8/se-commons-utilities-1.7.8.jar
7f073c002000-7f073c006000 r--s 00031000 08:02 8797300                    /home/julian/.m2/repository/commons-io/commons-io/2.6/commons-io-2.6.jar
7f073c006000-7f073c016000 r--s 000d0000 08:02 787224                     /home/julian/.m2/repository/de/monticore/lang/monticar/embedded-montiarc-deeplearning/0.2.11-SNAPSHOT/embedded-montiarc-deeplearning-0.2.11-20191202.133308-1.jar
7f073c016000-7f073c018000 r--s 00007000 08:02 787222                     /home/julian/.m2/repository/de/monticore/lang/monticar/cnnarch-caffe2-generator/0.2.14-SNAPSHOT/cnnarch-caffe2-generator-0.2.14-20191206.120056-1.jar
7f073c018000-7f073c01a000 r--s 00006000 08:02 265613                     /home/julian/.m2/repository/de/monticore/lang/monticar/cnnarch-tensorflow-generator/0.1.0-SNAPSHOT/cnnarch-tensorflow-generator-0.1.0-20190926.141015-1.jar
7f073c01a000-7f073c01e000 r--s 00031000 08:02 8792179                    /home/julian/.m2/repository/jline/jline/2.12/jline-2.12.jar
7f073c01e000-7f073c01f000 r--s 00001000 08:02 8797816                    /home/julian/.m2/repository/de/se_rwth/commons/se-commons-groovy/1.7.7/se-commons-groovy-1.7.7.jar
7f073c01f000-7f073c03f000 r--s 0015a000 08:02 8797806                    /home/julian/.m2/repository/de/monticore/monticore-grammar/5.0.0/monticore-grammar-5.0.0.jar
7f073c03f000-7f073c043000 r--s 0000f000 08:02 8792169                    /home/julian/.m2/repository/com/google/code/findbugs/annotations/2.0.1/annotations-2.0.1.jar
7f073c043000-7f073c04d000 r--s 000a5000 08:02 8792167                    /home/julian/.m2/repository/org/javassist/javassist/3.18.2-GA/javassist-3.18.2-GA.jar
7f073c04d000-7f073c050000 r--s 00020000 08:02 6191944                    /home/julian/.m2/repository/org/reflections/reflections/0.9.9/reflections-0.9.9.jar
7f073c050000-7f073c056000 r--s 00044000 08:02 8792190                    /home/julian/.m2/repository/de/monticore/monticore-runtime/5.0.0/monticore-runtime-5.0.0.jar
7f073c056000-7f073c057000 r--s 00002000 08:02 8797931                    /home/julian/.m2/repository/de/se_rwth/commons/se-commons-logging/1.7.7/se-commons-logging-1.7.7.jar
7f073c057000-7f073c084000 r--s 00223000 08:02 9190925                    /home/julian/.m2/repository/de/monticore/lang/monticar/common-monticar/0.0.14-SNAPSHOT/common-monticar-0.0.14-20180704.113055-2.jar
7f073c084000-7f073c087000 r--s 00010000 08:02 265522                     /home/julian/.m2/repository/de/monticore/lang/monticar/embedded-montiarc-emadl-pythonwrapper-generator/0.0.2-SNAPSHOT/embedded-montiarc-emadl-pythonwrapper-generator-0.0.2-20191007.132734-4.jar
7f073c087000-7f073c08b000 r--s 00015000 08:02 787121                     /home/julian/.m2/repository/de/monticore/lang/monticar/cnnarch-gluon-generator/0.2.10-SNAPSHOT/cnnarch-gluon-generator-0.2.10-SNAPSHOT.jar
7f073c08b000-7f073c08d000 r--s 00005000 08:02 265611                     /home/julian/.m2/repository/de/monticore/lang/monticar/cnnarch-mxnet-generator/0.2.17-SNAPSHOT/cnnarch-mxnet-generator-0.2.17-20191104.171511-3.jar
7f073c08d000-7f073c08f000 r--s 00003000 08:02 9331756                    /home/julian/.m2/repository/com/github/stefanbirkner/system-rules/1.3.0/system-rules-1.3.0.jar
7f073c08f000-7f073c092000 r--s 0000f000 08:02 11813465                   /home/julian/.m2/repository/de/monticore/lang/NumberUnit/0.0.11/NumberUnit-0.0.11.jar
7f073c092000-7f073c0a5000 r--s 0010d000 08:02 408871                     /home/julian/.m2/repository/de/monticore/lang/monticar/cnn-arch/0.3.4-SNAPSHOT/cnn-arch-0.3.4-SNAPSHOT.jar
7f073c0a5000-7f073c0a7000 r--s 00008000 08:02 408863                     /home/julian/.m2/repository/de/monticore/lang/monticar/cnnarch-generator/0.0.5-SNAPSHOT/cnnarch-generator-0.0.5-SNAPSHOT.jar
7f073c0a7000-7f073c0a9000 r--s 0000c000 08:02 11963361                   /home/julian/.m2/repository/commons-cli/commons-cli/1.4/commons-cli-1.4.jar
7f073c0a9000-7f073c0c1000 r--s 00132000 08:02 8792176                    /home/julian/.m2/repository/org/freemarker/freemarker/2.3.23/freemarker-2.3.23.jar
7f073c0c1000-7f073c0c3000 r--s 00003000 08:02 11813537                   /home/julian/.m2/repository/de/monticore/monticore-grammar/4.5.2/monticore-grammar-4.5.2-grammars.jar
7f073c0c3000-7f073c0c8000 r--s 0002c000 08:02 11684180                   /home/julian/.m2/repository/org/eclipse/emf/org.eclipse.emf.compare.diff/1.2.0/org.eclipse.emf.compare.diff-1.2.0.jar
7f073c0c8000-7f073c0cc000 r--s 00022000 08:02 11684178                   /home/julian/.m2/repository/org/eclipse/emf/org.eclipse.emf.compare.match/1.2.0/org.eclipse.emf.compare.match-1.2.0.jar
7f073c0cc000-7f073c0cd000 r--s 0000b000 08:02 11684176                   /home/julian/.m2/repository/org/eclipse/emf/org.eclipse.emf.compare/1.2.0/org.eclipse.emf.compare-1.2.0.jar
7f073c0cd000-7f073c0e5000 r--s 00152000 08:02 11430085                   /home/julian/.m2/repository/org/antlr/antlr4/4.5.1/antlr4-4.5.1.jar
7f073c0e5000-7f073c0e9000 r--s 0002e000 08:02 11572091                   /home/julian/.m2/repository/org/mod4j/org/eclipse/emf/common/2.5.0/common-2.5.0.jar
7f073c0e9000-7f073c0ed000 r--s 00032000 08:02 11572080                   /home/julian/.m2/repository/org/mod4j/org/eclipse/emf/ecore/xmi/2.5.0/xmi-2.5.0.jar
7f073c0ed000-7f073c0ef000 r--s 00012000 08:02 11572094                   /home/julian/.m2/repository/org/mod4j/org/eclipse/equinox/app/1.2.0/app-1.2.0.jar
7f073c0ef000-7f073c0f2000 r--s 00013000 08:02 11572083                   /home/julian/.m2/repository/org/mod4j/org/eclipse/core/contenttype/3.4.0/contenttype-3.4.0.jar
7f073c0f2000-7f073c0f5000 r--s 00017000 08:02 11572087                   /home/julian/.m2/repository/org/mod4j/org/eclipse/equinox/preferences/3.2.300/preferences-3.2.300.jar
7f073c0f5000-7f073c0f9000 r--s 00027000 08:02 11572089                   /home/julian/.m2/repository/org/mod4j/org/eclipse/equinox/registry/3.4.100/registry-3.4.100.jar
7f073c0f9000-7f073d000000 rw-p 00000000 00:00 0 
7f073d000000-7f073d970000 rwxp 00000000 00:00 0 
7f073d970000-7f074c000000 ---p 00000000 00:00 0 
7f074c000000-7f074fffc000 rw-p 00000000 00:00 0 
7f074fffc000-7f0750000000 ---p 00000000 00:00 0 
7f0750000000-7f0750001000 r--s 00003000 08:02 11812449                   /home/julian/.m2/repository/de/monticore/monticore-emf-runtime/4.5.2/monticore-emf-runtime-4.5.2.jar
7f0750001000-7f0750003000 r--s 00012000 08:02 11572081                   /home/julian/.m2/repository/org/mod4j/org/eclipse/core/jobs/3.4.100/jobs-3.4.100.jar
7f0750003000-7f0750006000 r--s 00016000 08:02 11572085                   /home/julian/.m2/repository/org/mod4j/org/eclipse/equinox/common/3.5.0/common-3.5.0.jar
7f0750006000-7f0750017000 r--s 00102000 08:02 11572074                   /home/julian/.m2/repository/org/mod4j/org/eclipse/osgi/3.5.0/osgi-3.5.0.jar
7f0750017000-7f0750019000 r--s 00010000 08:02 11430077                   /home/julian/.m2/repository/org/mod4j/org/eclipse/core/runtime/3.5.0/runtime-3.5.0.jar
7f0750019000-7f0750028000 r--s 000f3000 08:02 11430083                   /home/julian/.m2/repository/org/mod4j/org/eclipse/emf/ecore/2.5.0/ecore-2.5.0.jar
7f0750028000-7f075003e000 r--s 00147000 08:02 11684170                   /home/julian/.m2/repository/de/monticore/javaDSL/4.3.8/javaDSL-4.3.8.jar
7f075003e000-7f0750041000 r--s 00006000 08:02 6191948                    /home/julian/.m2/repository/com/google/code/findbugs/jsr305/3.0.0/jsr305-3.0.0.jar
7f0750041000-7f0750042000 r--s 00004000 08:02 11168253                   /home/julian/.m2/repository/montiarc/languages/common/4.0.1-SNAPSHOT/common-4.0.1-20170606.145240-123-grammars.jar
7f0750042000-7f0750044000 r--s 00012000 08:02 11813535                   /home/julian/.m2/repository/de/monticore/lang/SIUnit/0.0.3-SNAPSHOT/SIUnit-0.0.3-20170518.205929-8.jar
7f0750044000-7f0750045000 r--s 00002000 08:02 11684172                   /home/julian/.m2/repository/de/monticore/javaDSL/4.3.8/javaDSL-4.3.8-grammars.jar
7f0750045000-7f0750063000 r--s 00163000 08:02 11168252                   /home/julian/.m2/repository/montiarc/languages/common/4.0.1-SNAPSHOT/common-4.0.1-20170606.145240-123.jar
7f0750063000-7f0750064000 r--s 00001000 08:02 11168250                   /home/julian/.m2/repository/montiarc/languages/montiarc-fe/4.0.1-SNAPSHOT/montiarc-fe-4.0.1-20170606.145242-122-grammars.jar
7f0750064000-7f075006e000 r--s 00076000 08:02 11811319                   /home/julian/.m2/repository/de/monticore/lang/cd4analysis/1.3.9/cd4analysis-1.3.9.jar
7f075006e000-7f075007e000 r--s 000bf000 08:02 11813529                   /home/julian/.m2/repository/montiarc/languages/tagging/4.0.1-SNAPSHOT/tagging-4.0.1-20170606.145243-123.jar
7f075007e000-7f0750090000 r--s 000db000 08:02 11168245                   /home/julian/.m2/repository/montiarc/languages/montiarc-fe/4.0.1-SNAPSHOT/montiarc-fe-4.0.1-20170606.145242-122.jar
7f0750090000-7f07500a2000 r--s 000ad000 08:02 408808                     /home/julian/.m2/repository/de/monticore/lang/monticar/embedded-montiarc-math/0.1.11-SNAPSHOT/embedded-montiarc-math-0.1.11-20190827.142536-1.jar
7f07500a2000-7f07500ac000 r--s 00083000 08:02 408816                     /home/julian/.m2/repository/de/monticore/lang/monticar/embedded-montiarc-math-generator/0.1.16-SNAPSHOT/embedded-montiarc-math-generator-0.1.16-SNAPSHOT.jar
7f07500ac000-7f07500d7000 r--s 001fc000 08:02 5786670                    /home/julian/.m2/repository/com/google/guava/guava/18.0/guava-18.0.jar
7f07500d7000-7f07500ea000 r--s 00346000 08:02 5785994                    /usr/lib/jvm/java-8-openjdk-amd64/jre/lib/resources.jar
7f07500ea000-7f075053c000 rw-p 00000000 00:00 0 
7f075053c000-7f075070c000 r--s 03c5f000 08:02 5785984                    /usr/lib/jvm/java-8-openjdk-amd64/jre/lib/rt.jar
7f075070c000-7f0750b5b000 rw-p 00000000 00:00 0 
7f0750b5b000-7f0750b5c000 ---p 00000000 00:00 0 
7f0750b5c000-7f0750c5c000 rw-p 00000000 00:00 0 
7f0750c5c000-7f0750c5d000 ---p 00000000 00:00 0 
7f0750c5d000-7f0750d5d000 rw-p 00000000 00:00 0 
7f0750d5d000-7f0750d5e000 ---p 00000000 00:00 0 
7f0750d5e000-7f0750e5e000 rw-p 00000000 00:00 0 
7f0750e5e000-7f0750e5f000 ---p 00000000 00:00 0 
7f0750e5f000-7f0750f89000 rw-p 00000000 00:00 0 
7f0750f89000-7f07511f0000 ---p 00000000 00:00 0 
7f07511f0000-7f075121a000 rw-p 00000000 00:00 0 
7f075121a000-7f0751480000 ---p 00000000 00:00 0 
7f0751480000-7f07514e3000 rw-p 00000000 00:00 0 
7f07514e3000-7f07515c9000 ---p 00000000 00:00 0 
7f07515c9000-7f07515f0000 rw-p 00000000 00:00 0 
7f07515f0000-7f075198a000 ---p 00000000 00:00 0 
7f075198a000-7f0751992000 r-xp 00000000 08:02 5799073                    /usr/lib/jvm/java-8-openjdk-amd64/jre/lib/amd64/libzip.so
7f0751992000-7f0751b91000 ---p 00008000 08:02 5799073                    /usr/lib/jvm/java-8-openjdk-amd64/jre/lib/amd64/libzip.so
7f0751b91000-7f0751b92000 r--p 00007000 08:02 5799073                    /usr/lib/jvm/java-8-openjdk-amd64/jre/lib/amd64/libzip.so
7f0751b92000-7f0751b93000 rw-p 00008000 08:02 5799073                    /usr/lib/jvm/java-8-openjdk-amd64/jre/lib/amd64/libzip.so
7f0751b93000-7f0751b9e000 r-xp 00000000 08:02 13375011                   /lib/x86_64-linux-gnu/libnss_files-2.23.so
7f0751b9e000-7f0751d9d000 ---p 0000b000 08:02 13375011                   /lib/x86_64-linux-gnu/libnss_files-2.23.so
7f0751d9d000-7f0751d9e000 r--p 0000a000 08:02 13375011                   /lib/x86_64-linux-gnu/libnss_files-2.23.so
7f0751d9e000-7f0751d9f000 rw-p 0000b000 08:02 13375011                   /lib/x86_64-linux-gnu/libnss_files-2.23.so
7f0751d9f000-7f0751da5000 rw-p 00000000 00:00 0 
7f0751da5000-7f0751db0000 r-xp 00000000 08:02 13375004                   /lib/x86_64-linux-gnu/libnss_nis-2.23.so
7f0751db0000-7f0751faf000 ---p 0000b000 08:02 13375004                   /lib/x86_64-linux-gnu/libnss_nis-2.23.so
7f0751faf000-7f0751fb0000 r--p 0000a000 08:02 13375004                   /lib/x86_64-linux-gnu/libnss_nis-2.23.so
7f0751fb0000-7f0751fb1000 rw-p 0000b000 08:02 13375004                   /lib/x86_64-linux-gnu/libnss_nis-2.23.so
7f0751fb1000-7f0751fc7000 r-xp 00000000 08:02 13375009                   /lib/x86_64-linux-gnu/libnsl-2.23.so
7f0751fc7000-7f07521c6000 ---p 00016000 08:02 13375009                   /lib/x86_64-linux-gnu/libnsl-2.23.so
7f07521c6000-7f07521c7000 r--p 00015000 08:02 13375009                   /lib/x86_64-linux-gnu/libnsl-2.23.so
7f07521c7000-7f07521c8000 rw-p 00016000 08:02 13375009                   /lib/x86_64-linux-gnu/libnsl-2.23.so
7f07521c8000-7f07521ca000 rw-p 00000000 00:00 0 
7f07521ca000-7f07521d2000 r-xp 00000000 08:02 13375015                   /lib/x86_64-linux-gnu/libnss_compat-2.23.so
7f07521d2000-7f07523d1000 ---p 00008000 08:02 13375015                   /lib/x86_64-linux-gnu/libnss_compat-2.23.so
7f07523d1000-7f07523d2000 r--p 00007000 08:02 13375015                   /lib/x86_64-linux-gnu/libnss_compat-2.23.so
7f07523d2000-7f07523d3000 rw-p 00008000 08:02 13375015                   /lib/x86_64-linux-gnu/libnss_compat-2.23.so
7f07523d3000-7f07523dd000 r-xp 00000000 08:02 5799093                    /usr/lib/jvm/java-8-openjdk-amd64/jre/lib/amd64/libinstrument.so
7f07523dd000-7f07525dc000 ---p 0000a000 08:02 5799093                    /usr/lib/jvm/java-8-openjdk-amd64/jre/lib/amd64/libinstrument.so
7f07525dc000-7f07525dd000 r--p 00009000 08:02 5799093                    /usr/lib/jvm/java-8-openjdk-amd64/jre/lib/amd64/libinstrument.so
7f07525dd000-7f07525de000 rw-p 0000a000 08:02 5799093                    /usr/lib/jvm/java-8-openjdk-amd64/jre/lib/amd64/libinstrument.so
7f07525de000-7f0752a34000 r--p 00000000 08:02 5768131                    /usr/lib/locale/locale-archive
7f0752a34000-7f0752a36000 r-xp 00000000 08:02 5799089                    /usr/lib/jvm/java-8-openjdk-amd64/jre/lib/amd64/libnpt.so
7f0752a36000-7f0752c36000 ---p 00002000 08:02 5799089                    /usr/lib/jvm/java-8-openjdk-amd64/jre/lib/amd64/libnpt.so
7f0752c36000-7f0752c37000 r--p 00002000 08:02 5799089                    /usr/lib/jvm/java-8-openjdk-amd64/jre/lib/amd64/libnpt.so
7f0752c37000-7f0752c38000 rw-p 00003000 08:02 5799089                    /usr/lib/jvm/java-8-openjdk-amd64/jre/lib/amd64/libnpt.so
7f0752c38000-7f0752c73000 r-xp 00000000 08:02 5799067                    /usr/lib/jvm/java-8-openjdk-amd64/jre/lib/amd64/libjdwp.so
7f0752c73000-7f0752e73000 ---p 0003b000 08:02 5799067                    /usr/lib/jvm/java-8-openjdk-amd64/jre/lib/amd64/libjdwp.so
7f0752e73000-7f0752e74000 r--p 0003b000 08:02 5799067                    /usr/lib/jvm/java-8-openjdk-amd64/jre/lib/amd64/libjdwp.so
7f0752e74000-7f0752e75000 rw-p 0003c000 08:02 5799067                    /usr/lib/jvm/java-8-openjdk-amd64/jre/lib/amd64/libjdwp.so
7f0752e75000-7f0752e9e000 r-xp 00000000 08:02 5799092                    /usr/lib/jvm/java-8-openjdk-amd64/jre/lib/amd64/libjava.so
7f0752e9e000-7f075309e000 ---p 00029000 08:02 5799092                    /usr/lib/jvm/java-8-openjdk-amd64/jre/lib/amd64/libjava.so
7f075309e000-7f075309f000 r--p 00029000 08:02 5799092                    /usr/lib/jvm/java-8-openjdk-amd64/jre/lib/amd64/libjava.so
7f075309f000-7f07530a1000 rw-p 0002a000 08:02 5799092                    /usr/lib/jvm/java-8-openjdk-amd64/jre/lib/amd64/libjava.so
7f07530a1000-7f07530b0000 r-xp 00000000 08:02 5799082                    /usr/lib/jvm/java-8-openjdk-amd64/jre/lib/amd64/libverify.so
7f07530b0000-7f07532af000 ---p 0000f000 08:02 5799082                    /usr/lib/jvm/java-8-openjdk-amd64/jre/lib/amd64/libverify.so
7f07532af000-7f07532b1000 r--p 0000e000 08:02 5799082                    /usr/lib/jvm/java-8-openjdk-amd64/jre/lib/amd64/libverify.so
7f07532b1000-7f07532b2000 rw-p 00010000 08:02 5799082                    /usr/lib/jvm/java-8-openjdk-amd64/jre/lib/amd64/libverify.so
7f07532b2000-7f07532b9000 r-xp 00000000 08:02 13373789                   /lib/x86_64-linux-gnu/librt-2.23.so
7f07532b9000-7f07534b8000 ---p 00007000 08:02 13373789                   /lib/x86_64-linux-gnu/librt-2.23.so
7f07534b8000-7f07534b9000 r--p 00006000 08:02 13373789                   /lib/x86_64-linux-gnu/librt-2.23.so
7f07534b9000-7f07534ba000 rw-p 00007000 08:02 13373789                   /lib/x86_64-linux-gnu/librt-2.23.so
7f07534ba000-7f07534d0000 r-xp 00000000 08:02 13373943                   /lib/x86_64-linux-gnu/libgcc_s.so.1
7f07534d0000-7f07536cf000 ---p 00016000 08:02 13373943                   /lib/x86_64-linux-gnu/libgcc_s.so.1
7f07536cf000-7f07536d0000 rw-p 00015000 08:02 13373943                   /lib/x86_64-linux-gnu/libgcc_s.so.1
7f07536d0000-7f07537d8000 r-xp 00000000 08:02 13375017                   /lib/x86_64-linux-gnu/libm-2.23.so
7f07537d8000-7f07539d7000 ---p 00108000 08:02 13375017                   /lib/x86_64-linux-gnu/libm-2.23.so
7f07539d7000-7f07539d8000 r--p 00107000 08:02 13375017                   /lib/x86_64-linux-gnu/libm-2.23.so
7f07539d8000-7f07539d9000 rw-p 00108000 08:02 13375017                   /lib/x86_64-linux-gnu/libm-2.23.so
7f07539d9000-7f0753b4b000 r-xp 00000000 08:02 5767405                    /usr/lib/x86_64-linux-gnu/libstdc++.so.6.0.21
7f0753b4b000-7f0753d4b000 ---p 00172000 08:02 5767405                    /usr/lib/x86_64-linux-gnu/libstdc++.so.6.0.21
7f0753d4b000-7f0753d55000 r--p 00172000 08:02 5767405                    /usr/lib/x86_64-linux-gnu/libstdc++.so.6.0.21
7f0753d55000-7f0753d57000 rw-p 0017c000 08:02 5767405                    /usr/lib/x86_64-linux-gnu/libstdc++.so.6.0.21
7f0753d57000-7f0753d5b000 rw-p 00000000 00:00 0 
7f0753d5b000-7f07549c1000 r-xp 00000000 08:02 5799088                    /usr/lib/jvm/java-8-openjdk-amd64/jre/lib/amd64/server/libjvm.so
7f07549c1000-7f0754bc1000 ---p 00c66000 08:02 5799088                    /usr/lib/jvm/java-8-openjdk-amd64/jre/lib/amd64/server/libjvm.so
7f0754bc1000-7f0754c55000 r--p 00c66000 08:02 5799088                    /usr/lib/jvm/java-8-openjdk-amd64/jre/lib/amd64/server/libjvm.so
7f0754c55000-7f0754c7e000 rw-p 00cfa000 08:02 5799088                    /usr/lib/jvm/java-8-openjdk-amd64/jre/lib/amd64/server/libjvm.so
7f0754c7e000-7f0754cae000 rw-p 00000000 00:00 0 
7f0754cae000-7f0754cc6000 r-xp 00000000 08:02 13373873                   /lib/x86_64-linux-gnu/libpthread-2.23.so
7f0754cc6000-7f0754ec5000 ---p 00018000 08:02 13373873                   /lib/x86_64-linux-gnu/libpthread-2.23.so
7f0754ec5000-7f0754ec6000 r--p 00017000 08:02 13373873                   /lib/x86_64-linux-gnu/libpthread-2.23.so
7f0754ec6000-7f0754ec7000 rw-p 00018000 08:02 13373873                   /lib/x86_64-linux-gnu/libpthread-2.23.so
7f0754ec7000-7f0754ecb000 rw-p 00000000 00:00 0 
7f0754ecb000-7f0754ece000 r-xp 00000000 08:02 13373864                   /lib/x86_64-linux-gnu/libdl-2.23.so
7f0754ece000-7f07550cd000 ---p 00003000 08:02 13373864                   /lib/x86_64-linux-gnu/libdl-2.23.so
7f07550cd000-7f07550ce000 r--p 00002000 08:02 13373864                   /lib/x86_64-linux-gnu/libdl-2.23.so
7f07550ce000-7f07550cf000 rw-p 00003000 08:02 13373864                   /lib/x86_64-linux-gnu/libdl-2.23.so
7f07550cf000-7f07550e8000 r-xp 00000000 08:02 13369373                   /lib/x86_64-linux-gnu/libz.so.1.2.8
7f07550e8000-7f07552e7000 ---p 00019000 08:02 13369373                   /lib/x86_64-linux-gnu/libz.so.1.2.8
7f07552e7000-7f07552e8000 r--p 00018000 08:02 13369373                   /lib/x86_64-linux-gnu/libz.so.1.2.8
7f07552e8000-7f07552e9000 rw-p 00019000 08:02 13369373                   /lib/x86_64-linux-gnu/libz.so.1.2.8
7f07552e9000-7f07554a9000 r-xp 00000000 08:02 13375014                   /lib/x86_64-linux-gnu/libc-2.23.so
7f07554a9000-7f07556a9000 ---p 001c0000 08:02 13375014                   /lib/x86_64-linux-gnu/libc-2.23.so
7f07556a9000-7f07556ad000 r--p 001c0000 08:02 13375014                   /lib/x86_64-linux-gnu/libc-2.23.so
7f07556ad000-7f07556af000 rw-p 001c4000 08:02 13375014                   /lib/x86_64-linux-gnu/libc-2.23.so
7f07556af000-7f07556b3000 rw-p 00000000 00:00 0 
7f07556b3000-7f07556c0000 r-xp 00000000 08:02 5799100                    /usr/lib/jvm/java-8-openjdk-amd64/jre/lib/amd64/jli/libjli.so
7f07556c0000-7f07558c0000 ---p 0000d000 08:02 5799100                    /usr/lib/jvm/java-8-openjdk-amd64/jre/lib/amd64/jli/libjli.so
7f07558c0000-7f07558c1000 r--p 0000d000 08:02 5799100                    /usr/lib/jvm/java-8-openjdk-amd64/jre/lib/amd64/jli/libjli.so
7f07558c1000-7f07558c2000 rw-p 0000e000 08:02 5799100                    /usr/lib/jvm/java-8-openjdk-amd64/jre/lib/amd64/jli/libjli.so
7f07558c2000-7f07558e8000 r-xp 00000000 08:02 13373868                   /lib/x86_64-linux-gnu/ld-2.23.so
7f07558e8000-7f07558e9000 r--s 00001000 08:02 11813531                   /home/julian/.m2/repository/montiarc/languages/tagging/4.0.1-SNAPSHOT/tagging-4.0.1-20170606.145243-123-grammars.jar
7f07558e9000-7f07558ed000 r--s 00026000 08:02 11034797                   /home/julian/.m2/repository/montiarc/verification/montiarc-execution-order/4.0.1-SNAPSHOT/montiarc-execution-order-4.0.1-20170606.145246-121.jar
7f07558ed000-7f07558f0000 r--s 0000e000 08:02 265435                     /home/julian/.m2/repository/de/monticore/lang/monticar/embedded-montiarc-math-opt-generator/0.1.5/embedded-montiarc-math-opt-generator-0.1.5.jar
7f07558f0000-7f07558f7000 r--s 0004c000 08:02 6191961                    /home/julian/.m2/repository/org/antlr/antlr4-runtime/4.7.1/antlr4-runtime-4.7.1.jar
7f07558f7000-7f07558fc000 r--s 000a3000 08:02 5786042                    /usr/lib/jvm/java-8-openjdk-amd64/jre/lib/jsse.jar
7f07558fc000-7f07558fe000 r--s 00016000 08:02 5799051                    /usr/lib/jvm/java-8-openjdk-amd64/jre/lib/jce.jar
7f07558fe000-7f0755903000 r--s 002f9000 08:02 5799122                    /usr/lib/jvm/java-8-openjdk-amd64/jre/lib/charsets.jar
7f0755903000-7f075591e000 r--s 001d6000 08:02 5798650                    /usr/lib/jvm/java-8-openjdk-amd64/jre/lib/ext/nashorn.jar
7f075591e000-7f0755928000 r--s 00116000 08:02 5798578                    /usr/lib/jvm/java-8-openjdk-amd64/jre/lib/ext/localedata.jar
7f0755928000-7f075592d000 r--s 0003d000 08:02 5798572                    /usr/lib/jvm/java-8-openjdk-amd64/jre/lib/ext/sunjce_provider.jar
7f075592d000-7f075592f000 r--s 00001000 08:02 5786193                    /usr/lib/jvm/java-8-openjdk-amd64/jre/lib/ext/dnsns.jar
7f075592f000-7f0755932000 r--s 0000f000 08:02 5798636                    /usr/lib/jvm/java-8-openjdk-amd64/jre/lib/ext/icedtea-sound.jar
7f0755932000-7f07559b4000 rw-p 00000000 00:00 0 
7f07559b4000-7f07559b7000 ---p 00000000 00:00 0 
7f07559b7000-7f0755ab9000 rw-p 00000000 00:00 0 
7f0755ab9000-7f0755aba000 r--s 00000000 08:02 5799110                    /usr/lib/jvm/java-8-openjdk-amd64/jre/lib/management-agent.jar
7f0755aba000-7f0755abe000 r--s 0003a000 08:02 5798632                    /usr/lib/jvm/java-8-openjdk-amd64/jre/lib/ext/sunpkcs11.jar
7f0755abe000-7f0755abf000 r--s 00010000 08:02 5798634                    /usr/lib/jvm/java-8-openjdk-amd64/jre/lib/ext/zipfs.jar
7f0755abf000-7f0755ac0000 r--s 0000d000 08:02 5786053                    /usr/lib/jvm/java-8-openjdk-amd64/jre/lib/ext/sunec.jar
7f0755ac0000-7f0755ac1000 r--s 0000a000 08:02 5798577                    /usr/lib/jvm/java-8-openjdk-amd64/jre/lib/ext/jaccess.jar
7f0755ac1000-7f0755adc000 r--s 00394000 08:02 5798638                    /usr/lib/jvm/java-8-openjdk-amd64/jre/lib/ext/cldrdata.jar
7f0755adc000-7f0755ae4000 rw-s 00000000 08:02 12607482                   /tmp/hsperfdata_julian/794
7f0755ae4000-7f0755ae5000 rw-p 00000000 00:00 0 
7f0755ae5000-7f0755ae6000 r--p 00000000 00:00 0 
7f0755ae6000-7f0755ae7000 rw-p 00000000 00:00 0 
7f0755ae7000-7f0755ae8000 r--p 00025000 08:02 13373868                   /lib/x86_64-linux-gnu/ld-2.23.so
7f0755ae8000-7f0755ae9000 rw-p 00026000 08:02 13373868                   /lib/x86_64-linux-gnu/ld-2.23.so
7f0755ae9000-7f0755aea000 rw-p 00000000 00:00 0 
7ffd653e6000-7ffd65409000 rw-p 00000000 00:00 0                          [stack]
7ffd655a4000-7ffd655a7000 r--p 00000000 00:00 0                          [vvar]
7ffd655a7000-7ffd655a9000 r-xp 00000000 00:00 0                          [vdso]
ffffffffff600000-ffffffffff601000 r-xp 00000000 00:00 0                  [vsyscall]

VM Arguments:
jvm_args: -agentlib:jdwp=transport=dt_socket,address=127.0.0.1:50469,suspend=y,server=n -javaagent:/home/julian/idea-IC-192.6817.14/plugins/java/lib/rt/debugger-agent.jar -Dfile.encoding=UTF-8 
java_command: de.monticore.lang.monticar.emadl.generator.EMADLGeneratorCli -m ../../layersaddition2/mnistgenerator/gluon/src/emadl/models -r cNNCalculator.Connector -o target -b GLUON
java_class_path (initial): /usr/lib/jvm/java-8-openjdk-amd64/jre/lib/charsets.jar:/usr/lib/jvm/java-8-openjdk-amd64/jre/lib/ext/cldrdata.jar:/usr/lib/jvm/java-8-openjdk-amd64/jre/lib/ext/dnsns.jar:/usr/lib/jvm/java-8-openjdk-amd64/jre/lib/ext/icedtea-sound.jar:/usr/lib/jvm/java-8-openjdk-amd64/jre/lib/ext/jaccess.jar:/usr/lib/jvm/java-8-openjdk-amd64/jre/lib/ext/localedata.jar:/usr/lib/jvm/java-8-openjdk-amd64/jre/lib/ext/nashorn.jar:/usr/lib/jvm/java-8-openjdk-amd64/jre/lib/ext/sunec.jar:/usr/lib/jvm/java-8-openjdk-amd64/jre/lib/ext/sunjce_provider.jar:/usr/lib/jvm/java-8-openjdk-amd64/jre/lib/ext/sunpkcs11.jar:/usr/lib/jvm/java-8-openjdk-amd64/jre/lib/ext/zipfs.jar:/usr/lib/jvm/java-8-openjdk-amd64/jre/lib/jce.jar:/usr/lib/jvm/java-8-openjdk-amd64/jre/lib/jsse.jar:/usr/lib/jvm/java-8-openjdk-amd64/jre/lib/management-agent.jar:/usr/lib/jvm/java-8-openjdk-amd64/jre/lib/resources.jar:/usr/lib/jvm/java-8-openjdk-amd64/jre/lib/rt.jar:/home/julian/Dropbox/Dokumente/bachelorarbeit/pipeline/EMADL2CPP/target/classes:/home/julian/.m2/repository/org/antlr/antlr4-runtime/4.7.1/antlr4-runtime-4.7.1.jar:/home/julian/.m2/repository/com/google/guava/guava/18.0/guava-18.0.jar:/home/julian/.m2/repository/de/monticore/lang/monticar/embedded-montiarc-math-opt-generator/0.1.5/embedded-montiarc-math-opt-generator-0.1.5.jar:/home/julian/.m2/repository/de/monticore/lang/monticar/embedded-montiarc-math-generator/0.1.16-SNAPSHOT/embedded-montiarc-math-generator-0.1.16-SNAPSHOT.jar:/home/julian/.m2/repository/de/monticore/lang/monticar/embedded-montiarc-math/0.1.11-SNAPSHOT/embedded-montiarc-math-0.1.11-20190827.142536-1.jar:/home/julian/.m2/repository/montiarc/verification/montiarc-execution-order/4.0.1-SNAPSHOT/montiarc-execution-order-4.0.1-20170606.145246-121.jar:/home/julian/.m2/repository/montiarc/languages/montiarc-fe/4.0.1-SNAPSHOT/montiarc-fe-4.0.1-20170606.145242-122.jar:/home/julian/.m2/repository/montiarc/languages/tagging/4.0.1-SNAPSHOT/tagging-4.0.1-20170606.145243-123.jar:/
Launcher Type: SUN_STANDARD

Environment Variables:
PATH=/home/julian/bin:/home/julian/.local/bin:/usr/local/sbin:/usr/local/bin:/usr/sbin:/usr/bin:/sbin:/bin:/usr/games:/usr/local/games:/home/julian/apache-maven-3.6.2/bin
USERNAME=julian
SHELL=/bin/bash
DISPLAY=:0

Signal Handlers:
SIGSEGV: [libjvm.so+0xa7a0e0], sa_mask[0]=11111111011111111101111111111110, sa_flags=SA_RESTART|SA_SIGINFO
SIGBUS: [libjvm.so+0xa7a0e0], sa_mask[0]=11111111011111111101111111111110, sa_flags=SA_RESTART|SA_SIGINFO
SIGFPE: [libjvm.so+0x8c2e80], sa_mask[0]=11111111011111111101111111111110, sa_flags=SA_RESTART|SA_SIGINFO
SIGPIPE: [libjvm.so+0x8c2e80], sa_mask[0]=11111111011111111101111111111110, sa_flags=SA_RESTART|SA_SIGINFO
SIGXFSZ: [libjvm.so+0x8c2e80], sa_mask[0]=11111111011111111101111111111110, sa_flags=SA_RESTART|SA_SIGINFO
SIGILL: [libjvm.so+0x8c2e80], sa_mask[0]=11111111011111111101111111111110, sa_flags=SA_RESTART|SA_SIGINFO
SIGUSR1: SIG_DFL, sa_mask[0]=00000000000000000000000000000000, sa_flags=none
SIGUSR2: [libjvm.so+0x8c2d30], sa_mask[0]=00100000000000000000000000000000, sa_flags=SA_RESTART|SA_SIGINFO
SIGHUP: [libjvm.so+0x8c33c0], sa_mask[0]=11111111011111111101111111111110, sa_flags=SA_RESTART|SA_SIGINFO
SIGINT: [libjvm.so+0x8c33c0], sa_mask[0]=11111111011111111101111111111110, sa_flags=SA_RESTART|SA_SIGINFO
SIGTERM: [libjvm.so+0x8c33c0], sa_mask[0]=11111111011111111101111111111110, sa_flags=SA_RESTART|SA_SIGINFO
SIGQUIT: [libjvm.so+0x8c33c0], sa_mask[0]=11111111011111111101111111111110, sa_flags=SA_RESTART|SA_SIGINFO


---------------  S Y S T E M  ---------------

OS:DISTRIB_ID=LinuxMint
DISTRIB_RELEASE=18.3
DISTRIB_CODENAME=sylvia
DISTRIB_DESCRIPTION="Linux Mint 18.3 Sylvia"

uname:Linux 4.15.0-72-generic #81~16.04.1-Ubuntu SMP Tue Nov 26 16:34:21 UTC 2019 x86_64
libc:glibc 2.23 NPTL 2.23 
rlimit: STACK 8192k, CORE 0k, NPROC 30855, NOFILE 1048576, AS infinity
load average:6,54 6,09 4,90

/proc/meminfo:
MemTotal:        8062532 kB
MemFree:         1178024 kB
MemAvailable:    2180760 kB
Buffers:          138060 kB
Cached:          1533700 kB
SwapCached:        32772 kB
Active:          3908012 kB
Inactive:        2672240 kB
Active(anon):    3027160 kB
Inactive(anon):  2366124 kB
Active(file):     880852 kB
Inactive(file):   306116 kB
Unevictable:           0 kB
Mlocked:               0 kB
SwapTotal:       8282108 kB
SwapFree:        3052292 kB
Dirty:             34752 kB
Writeback:           120 kB
AnonPages:       4879344 kB
Mapped:           547656 kB
Shmem:            484552 kB
Slab:             144780 kB
SReclaimable:      80276 kB
SUnreclaim:        64504 kB
KernelStack:       20388 kB
PageTables:        72424 kB
NFS_Unstable:          0 kB
Bounce:                0 kB
WritebackTmp:          0 kB
CommitLimit:    12313372 kB
Committed_AS:   15734204 kB
VmallocTotal:   34359738367 kB
VmallocUsed:           0 kB
VmallocChunk:          0 kB
HardwareCorrupted:     0 kB
AnonHugePages:         0 kB
ShmemHugePages:        0 kB
ShmemPmdMapped:        0 kB
CmaTotal:              0 kB
CmaFree:               0 kB
HugePages_Total:       0
HugePages_Free:        0
HugePages_Rsvd:        0
HugePages_Surp:        0
Hugepagesize:       2048 kB
DirectMap4k:      227944 kB
DirectMap2M:     8054784 kB
DirectMap1G:           0 kB

container (cgroup) information:
container_type: cgroupv1
cpu_cpuset_cpus: 0-3
cpu_memory_nodes: 0
active_processor_count: 4
cpu_quota: -1
cpu_period: 100000
cpu_shares: -1
memory_limit_in_bytes: -1
memory_and_swap_limit_in_bytes: -2
memory_soft_limit_in_bytes: -1
memory_usage_in_bytes: 6709985280
memory_max_usage_in_bytes: 18586976256


CPU:total 4 (initial active 4) (2 cores per cpu, 2 threads per core) family 6 model 78 stepping 3, cmov, cx8, fxsr, mmx, sse, sse2, sse3, ssse3, sse4.1, sse4.2, popcnt, avx, avx2, aes, clmul, erms, 3dnowpref, lzcnt, ht, tsc, tscinvbit, bmi1, bmi2, adx

/proc/cpuinfo:
processor	: 0
vendor_id	: GenuineIntel
cpu family	: 6
model		: 78
model name	: Intel(R) Core(TM) i5-6200U CPU @ 2.30GHz
stepping	: 3
microcode	: 0xd6
cpu MHz		: 2700.000
cache size	: 3072 KB
physical id	: 0
siblings	: 4
core id		: 0
cpu cores	: 2
apicid		: 0
initial apicid	: 0
fpu		: yes
fpu_exception	: yes
cpuid level	: 22
wp		: yes
flags		: fpu vme de pse tsc msr pae mce cx8 apic sep mtrr pge mca cmov pat pse36 clflush dts acpi mmx fxsr sse sse2 ss ht tm pbe syscall nx pdpe1gb rdtscp lm constant_tsc art arch_perfmon pebs bts rep_good nopl xtopology nonstop_tsc cpuid aperfmperf tsc_known_freq pni pclmulqdq dtes64 monitor ds_cpl vmx est tm2 ssse3 sdbg fma cx16 xtpr pdcm pcid sse4_1 sse4_2 x2apic movbe popcnt tsc_deadline_timer aes xsave avx f16c rdrand lahf_lm abm 3dnowprefetch cpuid_fault epb invpcid_single pti ssbd ibrs ibpb stibp tpr_shadow vnmi flexpriority ept vpid fsgsbase tsc_adjust bmi1 avx2 smep bmi2 erms invpcid mpx rdseed adx smap clflushopt intel_pt xsaveopt xsavec xgetbv1 xsaves dtherm ida arat pln pts hwp hwp_notify hwp_act_window hwp_epp md_clear flush_l1d
bugs		: cpu_meltdown spectre_v1 spectre_v2 spec_store_bypass l1tf mds swapgs itlb_multihit
bogomips	: 4800.00
clflush size	: 64
cache_alignment	: 64
address sizes	: 39 bits physical, 48 bits virtual
power management:

processor	: 1
vendor_id	: GenuineIntel
cpu family	: 6
model		: 78
model name	: Intel(R) Core(TM) i5-6200U CPU @ 2.30GHz
stepping	: 3
microcode	: 0xd6
cpu MHz		: 2700.000
cache size	: 3072 KB
physical id	: 0
siblings	: 4
core id		: 1
cpu cores	: 2
apicid		: 2
initial apicid	: 2
fpu		: yes
fpu_exception	: yes
cpuid level	: 22
wp		: yes
flags		: fpu vme de pse tsc msr pae mce cx8 apic sep mtrr pge mca cmov pat pse36 clflush dts acpi mmx fxsr sse sse2 ss ht tm pbe syscall nx pdpe1gb rdtscp lm constant_tsc art arch_perfmon pebs bts rep_good nopl xtopology nonstop_tsc cpuid aperfmperf tsc_known_freq pni pclmulqdq dtes64 monitor ds_cpl vmx est tm2 ssse3 sdbg fma cx16 xtpr pdcm pcid sse4_1 sse4_2 x2apic movbe popcnt tsc_deadline_timer aes xsave avx f16c rdrand lahf_lm abm 3dnowprefetch cpuid_fault epb invpcid_single pti ssbd ibrs ibpb stibp tpr_shadow vnmi flexpriority ept vpid fsgsbase tsc_adjust bmi1 avx2 smep bmi2 erms invpcid mpx rdseed adx smap clflushopt intel_pt xsaveopt xsavec xgetbv1 xsaves dtherm ida arat pln pts hwp hwp_notify hwp_act_window hwp_epp md_clear flush_l1d
bugs		: cpu_meltdown spectre_v1 spectre_v2 spec_store_bypass l1tf mds swapgs itlb_multihit
bogomips	: 4800.00
clflush size	: 64
cache_alignment	: 64
address sizes	: 39 bits physical, 48 bits virtual
power management:

processor	: 2
vendor_id	: GenuineIntel
cpu family	: 6
model		: 78
model name	: Intel(R) Core(TM) i5-6200U CPU @ 2.30GHz
stepping	: 3
microcode	: 0xd6
cpu MHz		: 2699.999
cache size	: 3072 KB
physical id	: 0
siblings	: 4
core id		: 0
cpu cores	: 2
apicid		: 1
initial apicid	: 1
fpu		: yes
fpu_exception	: yes
cpuid level	: 22
wp		: yes
flags		: fpu vme de pse tsc msr pae mce cx8 apic sep mtrr pge mca cmov pat pse36 clflush dts acpi mmx fxsr sse sse2 ss ht tm pbe syscall nx pdpe1gb rdtscp lm constant_tsc art arch_perfmon pebs bts rep_good nopl xtopology nonstop_tsc cpuid aperfmperf tsc_known_freq pni pclmulqdq dtes64 monitor ds_cpl vmx est tm2 ssse3 sdbg fma cx16 xtpr pdcm pcid sse4_1 sse4_2 x2apic movbe popcnt tsc_deadline_timer aes xsave avx f16c rdrand lahf_lm abm 3dnowprefetch cpuid_fault epb invpcid_single pti ssbd ibrs ibpb stibp tpr_shadow vnmi flexpriority ept vpid fsgsbase tsc_adjust bmi1 avx2 smep bmi2 erms invpcid mpx rdseed adx smap clflushopt intel_pt xsaveopt xsavec xgetbv1 xsaves dtherm ida arat pln pts hwp hwp_notify hwp_act_window hwp_epp md_clear flush_l1d
bugs		: cpu_meltdown spectre_v1 spectre_v2 spec_store_bypass l1tf mds swapgs itlb_multihit
bogomips	: 4800.00
clflush size	: 64
cache_alignment	: 64
address sizes	: 39 bits physical, 48 bits virtual
power management:

processor	: 3
vendor_id	: GenuineIntel
cpu family	: 6
model		: 78
model name	: Intel(R) Core(TM) i5-6200U CPU @ 2.30GHz
stepping	: 3
microcode	: 0xd6
cpu MHz		: 2699.998
cache size	: 3072 KB
physical id	: 0
siblings	: 4
core id		: 1
cpu cores	: 2
apicid		: 3
initial apicid	: 3
fpu		: yes
fpu_exception	: yes
cpuid level	: 22
wp		: yes
flags		: fpu vme de pse tsc msr pae mce cx8 apic sep mtrr pge mca cmov pat pse36 clflush dts acpi mmx fxsr sse sse2 ss ht tm pbe syscall nx pdpe1gb rdtscp lm constant_tsc art arch_perfmon pebs bts rep_good nopl xtopology nonstop_tsc cpuid aperfmperf tsc_known_freq pni pclmulqdq dtes64 monitor ds_cpl vmx est tm2 ssse3 sdbg fma cx16 xtpr pdcm pcid sse4_1 sse4_2 x2apic movbe popcnt tsc_deadline_timer aes xsave avx f16c rdrand lahf_lm abm 3dnowprefetch cpuid_fault epb invpcid_single pti ssbd ibrs ibpb stibp tpr_shadow vnmi flexpriority ept vpid fsgsbase tsc_adjust bmi1 avx2 smep bmi2 erms invpcid mpx rdseed adx smap clflushopt intel_pt xsaveopt xsavec xgetbv1 xsaves dtherm ida arat pln pts hwp hwp_notify hwp_act_window hwp_epp md_clear flush_l1d
bugs		: cpu_meltdown spectre_v1 spectre_v2 spec_store_bypass l1tf mds swapgs itlb_multihit
bogomips	: 4800.00
clflush size	: 64
cache_alignment	: 64
address sizes	: 39 bits physical, 48 bits virtual
power management:



Memory: 4k page, physical 8062532k(1177980k free), swap 8282108k(3052292k free)

vm_info: OpenJDK 64-Bit Server VM (25.232-b09) for linux-amd64 JRE (1.8.0_232-8u232-b09-0ubuntu1~16.04.1-b09), built on Oct 16 2019 22:12:35 by "buildd" with gcc 5.4.0 20160609

time: Sat Jan  4 21:43:19 2020
timezone: CET
elapsed time: 2336 seconds (0d 0h 38m 56s)

