#
# A fatal error has been detected by the Java Runtime Environment:
#
#  SIGBUS (0x7) at pc=0x00007f35a40a7156, pid=15415, tid=0x00007f35a4723700
#
# JRE version: OpenJDK Runtime Environment (8.0_222-b10) (build 1.8.0_222-8u222-b10-1ubuntu1~16.04.1-b10)
# Java VM: OpenJDK 64-Bit Server VM (25.222-b10 mixed mode linux-amd64 compressed oops)
# Problematic frame:
# C  [libc.so.6+0x14e156]
#
# Failed to write core dump. Core dumps have been disabled. To enable core dumping, try "ulimit -c unlimited" before starting Java again
#
# If you would like to submit a bug report, please visit:
#   http://bugreport.java.com/bugreport/crash.jsp
# The crash happened outside the Java Virtual Machine in native code.
# See problematic frame for where to report the bug.
#

---------------  T H R E A D  ---------------

Current thread (0x00007f359c013000):  JavaThread "main" [_thread_in_native, id=15418, stack(0x00007f35a4623000,0x00007f35a4724000)]

siginfo: si_signo: 7 (SIGBUS), si_code: 2 (BUS_ADRERR), si_addr: 0x00007f35a0029000

Registers:
RAX=0x00007f359c6aa060, RBX=0x00007f359c266430, RCX=0x0000000000004c4c, RDX=0x0000000000006f69
RSP=0x00007f35a471f548, RBP=0x00007f35a471f5c0, RSI=0x00007f35a0029000, RDI=0x00007f359c6ac37d
R8 =0x00007f359c000108, R9 =0x0000000000000000, R10=0x00007f359c000078, R11=0x00007f359c000078
R12=0x000000000000536e, R13=0x0000000000006f69, R14=0x00007f35a0026cb5, R15=0x00007f35370d73c0
RIP=0x00007f35a40a7156, EFLAGS=0x0000000000010287, CSGSFS=0x002b000000000033, ERR=0x0000000000000004
  TRAPNO=0x000000000000000e

Top of Stack: (sp=0x00007f35a471f548)
0x00007f35a471f548:   00007f35a0603ee4 00007f358d0468e0
0x00007f35a471f558:   00007f350000000d 0000000000000000
0x00007f35a471f568:   00000000692f7265 0000000074617a69
0x00007f35a471f578:   0000000000006f69 0000000000006c6f
0x00007f35a471f588:   000000006d697470 000000000000004e
0x00007f35a471f598:   00007f359c2673d0 0000000044360d32
0x00007f35a471f5a8:   00007f35a471f67d 00007f35370d4a30
0x00007f35a471f5b8:   00007f359c266430 00007f35a471f610
0x00007f35a471f5c8:   00007f35a0604bd4 00007f35a471f630
0x00007f35a471f5d8:   0000004e01974e00 00007f35a471f610
0x00007f35a471f5e8:   000000000000004e 00007f359c0131e0
0x00007f35a471f5f8:   00000000000000ea 00007f35a471fa88
0x00007f35a471f608:   00007f359c266430 00007f35a471fa70
0x00007f35a471f618:   00007f35a0602b3c 00007f35a471f630
0x00007f35a471f628:   00000001a471f7d0 69746e6f6d2f6564
0x00007f35a471f638:   6e616c2f65726f63 6369746e6f6d2f67
0x00007f35a471f648:   72656e65672f7261 7070632f726f7461
0x00007f35a471f658:   646e616d6d6f632f 63536874614d2f73
0x00007f35a471f668:   4365627543656c61 3124646e616d6d6f
0x00007f35a471f678:   00007373616c632e 00007f357f804470
0x00007f35a471f688:   00007f359c013000 00007f357f804470
0x00007f35a471f698:   00007f359c013000 00007f359c011fb0
0x00007f35a471f6a8:   00007f359c0109a0 00007f359c0109b0
0x00007f35a471f6b8:   00007f359c010d88 00000000000003d8
0x00007f35a471f6c8:   00007f35a471f70f 00007f357f804470
0x00007f35a471f6d8:   00007f359c013000 000000005b8e08d1
0x00007f35a471f6e8:   00007f35a471f72f 0000000000000000
0x00007f35a471f6f8:   0000005c000000b2 00007f357f804470
0x00007f35a471f708:   00007f359c013000 0000006e00000060
0x00007f35a471f718:   00000000dbc98a78 0000000084e11268
0x00007f35a471f728:   0000007c00000077 00007f35a471f7b0
0x00007f35a471f738:   00007f359c000020 0000000000000058 

Instructions: (pc=0x00007f35a40a7156)
0x00007f35a40a7136:   89 c0 c3 0f 1f 80 00 00 00 00 48 8b 0d 91 60 27
0x00007f35a40a7146:   00 48 c1 e1 03 48 39 ca 73 10 48 89 d1 48 89 d1
0x00007f35a40a7156:   f3 a4 c3 0f 1f 80 00 00 00 00 48 8d 0c 16 c5 fe
0x00007f35a40a7166:   6f 26 c5 fa 6f 6c 16 80 c5 fa 6f 71 90 c5 fa 6f 

Register to memory mapping:

RAX=0x00007f359c6aa060 is an unknown value
RBX=0x00007f359c266430 is an unknown value
RCX=0x0000000000004c4c is an unknown value
RDX=0x0000000000006f69 is an unknown value
RSP=0x00007f35a471f548 is pointing into the stack for thread: 0x00007f359c013000
RBP=0x00007f35a471f5c0 is pointing into the stack for thread: 0x00007f359c013000
RSI=0x00007f35a0029000 is an unknown value
RDI=0x00007f359c6ac37d is an unknown value
R8 =0x00007f359c000108 is an unknown value
R9 =0x0000000000000000 is an unknown value
R10=0x00007f359c000078 is an unknown value
R11=0x00007f359c000078 is an unknown value
R12=0x000000000000536e is an unknown value
R13=0x0000000000006f69 is an unknown value
R14=0x00007f35a0026cb5 is an unknown value
R15=0x00007f35370d73c0 is an unknown value


Stack: [0x00007f35a4623000,0x00007f35a4724000],  sp=0x00007f35a471f548,  free space=1009k
Native frames: (J=compiled Java code, j=interpreted, Vv=VM code, C=native code)
C  [libc.so.6+0x14e156]
C  [libzip.so+0x5bd4]
C  [libzip.so+0x3b3c]  Java_java_util_zip_ZipFile_getEntry+0xfc
J 32  java.util.zip.ZipFile.getEntry(J[BZ)J (0 bytes) @ 0x00007f358d10360e [0x00007f358d103540+0xce]
J 251 C2 java.util.jar.JarFile.getEntry(Ljava/lang/String;)Ljava/util/zip/ZipEntry; (22 bytes) @ 0x00007f358d1bfd08 [0x00007f358d1bf980+0x388]
J 428 C2 sun.misc.URLClassPath.getResource(Ljava/lang/String;Z)Lsun/misc/Resource; (83 bytes) @ 0x00007f358d260340 [0x00007f358d260060+0x2e0]
J 2557 C2 java.net.URLClassLoader$1.run()Ljava/lang/Object; (5 bytes) @ 0x00007f358d9351d4 [0x00007f358d934c40+0x594]
v  ~StubRoutines::call_stub
V  [libjvm.so+0x6685d0]
V  [libjvm.so+0x6bbc03]  JVM_DoPrivileged+0x473
J 155  java.security.AccessController.doPrivileged(Ljava/security/PrivilegedExceptionAction;Ljava/security/AccessControlContext;)Ljava/lang/Object; (0 bytes) @ 0x00007f358d153295 [0x00007f358d1531c0+0xd5]
J 2555 C2 java.net.URLClassLoader.findClass(Ljava/lang/String;)Ljava/lang/Class; (47 bytes) @ 0x00007f358d82eaf8 [0x00007f358d82ea60+0x98]
j  java.lang.ClassLoader.loadClass(Ljava/lang/String;Z)Ljava/lang/Class;+70
J 272 C1 sun.misc.Launcher$AppClassLoader.loadClass(Ljava/lang/String;Z)Ljava/lang/Class; (85 bytes) @ 0x00007f358d1b801c [0x00007f358d1b7660+0x9bc]
J 269 C1 java.lang.ClassLoader.loadClass(Ljava/lang/String;)Ljava/lang/Class; (7 bytes) @ 0x00007f358d1b329c [0x00007f358d1b3180+0x11c]
v  ~StubRoutines::call_stub
V  [libjvm.so+0x6685d0]
V  [libjvm.so+0x665ab4]
V  [libjvm.so+0x666113]
V  [libjvm.so+0x9edf0d]
V  [libjvm.so+0x9ec886]
V  [libjvm.so+0x9ee9ca]
V  [libjvm.so+0x4ba23f]
V  [libjvm.so+0x654faf]
j  de.monticore.lang.monticar.generator.cpp.commands.MathScaleCubeCommand.ifClauses()Lde/monticore/lang/monticar/generator/Instruction;+0
j  de.monticore.lang.monticar.generator.cpp.commands.MathScaleCubeCommand.getScalerCalculationMethod(Lde/monticore/lang/math/_symboltable/matrix/MathMatrixAccessSymbol;Lde/monticore/lang/math/_symboltable/matrix/MathMatrixAccessSymbol;Lde/monticore/lang/math/_symboltable/matrix/MathMatrixAccessSymbol;Lde/monticore/lang/math/_symboltable/matrix/MathMatrixAccessSymbol;Lde/monticore/lang/monticar/generator/BluePrint;)Lde/monticore/lang/monticar/generator/Method;+226
j  de.monticore.lang.monticar.generator.cpp.commands.MathScaleCubeCommand.convertExtendedScalerImplementationArmadillo(Lde/monticore/lang/math/_symboltable/matrix/MathMatrixNameExpressionSymbol;Lde/monticore/lang/math/_symboltable/matrix/MathMatrixAccessSymbol;Lde/monticore/lang/math/_symboltable/matrix/MathMatrixAccessSymbol;Lde/monticore/lang/math/_symboltable/matrix/MathMatrixAccessSymbol;Lde/monticore/lang/math/_symboltable/matrix/MathMatrixAccessSymbol;Lde/monticore/lang/monticar/generator/cpp/BluePrintCPP;)V+39
j  de.monticore.lang.monticar.generator.cpp.commands.MathScaleCubeCommand.convertUsingArmadilloBackend(Lde/monticore/lang/math/_symboltable/expression/MathExpressionSymbol;Lde/monticore/lang/monticar/generator/BluePrint;)V+246
j  de.monticore.lang.monticar.generator.cpp.commands.MathScaleCubeCommand.convert(Lde/monticore/lang/math/_symboltable/expression/MathExpressionSymbol;Lde/monticore/lang/monticar/generator/BluePrint;)V+39
j  de.monticore.lang.monticar.generator.MathCommand.convertAndSetTargetLanguageName(Lde/monticore/lang/math/_symboltable/expression/MathExpressionSymbol;Lde/monticore/lang/monticar/generator/BluePrint;)V+3
j  de.monticore.lang.monticar.generator.cpp.MathFunctionFixer.fixMathFunctions(Lde/monticore/lang/math/_symboltable/matrix/MathMatrixNameExpressionSymbol;Lde/monticore/lang/monticar/generator/cpp/BluePrintCPP;)V+148
j  de.monticore.lang.monticar.generator.cpp.MathFunctionFixer.fixMathFunctions(Lde/monticore/lang/math/_symboltable/matrix/MathMatrixExpressionSymbol;Lde/monticore/lang/monticar/generator/cpp/BluePrintCPP;)V+12
j  de.monticore.lang.monticar.generator.cpp.MathFunctionFixer.doFixMathFunction(Lde/monticore/lang/math/_symboltable/expression/MathExpressionSymbol;Lde/monticore/lang/monticar/generator/cpp/BluePrintCPP;)V+43
j  de.monticore.lang.monticar.generator.BaseMathFunctionFixerHandler.handleFixMathFunction(Lde/monticore/lang/math/_symboltable/expression/MathExpressionSymbol;Lde/monticore/lang/monticar/generator/cpp/BluePrintCPP;)V+11
j  de.monticore.lang.monticar.generator.BaseMathFunctionFixerHandler.handleFixMathFunction(Lde/monticore/lang/math/_symboltable/expression/MathExpressionSymbol;Lde/monticore/lang/monticar/generator/cpp/BluePrintCPP;)V+33
j  de.monticore.lang.monticar.generator.BaseMathFunctionFixerHandler.chainHandleFixMathFunction(Lde/monticore/lang/math/_symboltable/expression/MathExpressionSymbol;Lde/monticore/lang/monticar/generator/cpp/BluePrintCPP;)V+9
j  de.monticore.lang.monticar.generator.cpp.MathFunctionFixer.fixMathFunctions(Lde/monticore/lang/math/_symboltable/expression/MathExpressionSymbol;Lde/monticore/lang/monticar/generator/cpp/BluePrintCPP;)V+5
j  de.monticore.lang.monticar.generator.cpp.MathFunctionFixer.fixMathFunctions(Lde/monticore/lang/math/_symboltable/expression/MathValueSymbol;Lde/monticore/lang/monticar/generator/cpp/BluePrintCPP;)V+20
j  de.monticore.lang.monticar.generator.cpp.MathFunctionFixer.doFixMathFunction(Lde/monticore/lang/math/_symboltable/expression/MathExpressionSymbol;Lde/monticore/lang/monticar/generator/cpp/BluePrintCPP;)V+123
j  de.monticore.lang.monticar.generator.BaseMathFunctionFixerHandler.handleFixMathFunction(Lde/monticore/lang/math/_symboltable/expression/MathExpressionSymbol;Lde/monticore/lang/monticar/generator/cpp/BluePrintCPP;)V+11
j  de.monticore.lang.monticar.generator.BaseMathFunctionFixerHandler.handleFixMathFunction(Lde/monticore/lang/math/_symboltable/expression/MathExpressionSymbol;Lde/monticore/lang/monticar/generator/cpp/BluePrintCPP;)V+33
j  de.monticore.lang.monticar.generator.BaseMathFunctionFixerHandler.chainHandleFixMathFunction(Lde/monticore/lang/math/_symboltable/expression/MathExpressionSymbol;Lde/monticore/lang/monticar/generator/cpp/BluePrintCPP;)V+9
j  de.monticore.lang.monticar.generator.cpp.MathFunctionFixer.fixMathFunctions(Lde/monticore/lang/math/_symboltable/expression/MathExpressionSymbol;Lde/monticore/lang/monticar/generator/cpp/BluePrintCPP;)V+5
j  de.monticore.lang.monticar.generator.cpp.converter.ComponentConverterMethodGeneration.generateInstruction(Lde/monticore/lang/monticar/generator/Method;Lde/monticore/lang/math/_symboltable/expression/MathExpressionSymbol;Lde/monticore/lang/monticar/generator/cpp/BluePrintCPP;Ljava/util/List;)V+2
j  de.monticore.lang.monticar.generator.cpp.converter.ComponentConverterMethodGeneration.handleMathStatementGeneration(Lde/monticore/lang/monticar/generator/Method;Lde/monticore/lang/monticar/generator/cpp/BluePrintCPP;Lde/monticore/lang/math/_symboltable/MathStatementsSymbol;Lde/monticore/lang/monticar/generator/cpp/GeneratorCPP;Ljava/util/List;)V+160
j  de.monticore.lang.monticar.generator.cpp.converter.ComponentConverterMethodGeneration.generateExecuteMethodInner(Lde/monticore/lang/monticar/generator/Method;Lde/monticore/lang/embeddedmontiarc/embeddedmontiarc/_symboltable/instanceStructure/EMAComponentInstanceSymbol;Lde/monticore/lang/monticar/generator/cpp/BluePrintCPP;Lde/monticore/lang/math/_symboltable/MathStatementsSymbol;Lde/monticore/lang/monticar/generator/cpp/GeneratorCPP;Ljava/util/List;)V+24
j  de.monticore.lang.monticar.generator.cpp.converter.ComponentConverterMethodGeneration.generateExecuteMethod(Lde/monticore/lang/embeddedmontiarc/embeddedmontiarc/_symboltable/instanceStructure/EMAComponentInstanceSymbol;Lde/monticore/lang/monticar/generator/cpp/BluePrintCPP;Lde/monticore/lang/math/_symboltable/MathStatementsSymbol;Lde/monticore/lang/monticar/generator/cpp/GeneratorCPP;Ljava/util/List;)Lde/monticore/lang/monticar/generator/Method;+25
j  de.monticore.lang.monticar.generator.cpp.converter.ComponentConverter.convertComponentSymbolToBluePrint(Lde/monticore/lang/embeddedmontiarc/embeddedmontiarc/_symboltable/instanceStructure/EMAComponentInstanceSymbol;Lde/monticore/lang/math/_symboltable/MathStatementsSymbol;Ljava/util/List;Lde/monticore/lang/monticar/generator/cpp/GeneratorCPP;)Lde/monticore/lang/monticar/generator/BluePrint;+227
j  de.monticore.lang.monticar.generator.cpp.LanguageUnitCPP.generateBluePrints()V+148
j  de.monticore.lang.monticar.generator.cpp.GeneratorCPP.generateString(Lde/monticore/lang/tagging/_symboltable/TaggingResolver;Lde/monticore/lang/embeddedmontiarc/embeddedmontiarc/_symboltable/instanceStructure/EMAComponentInstanceSymbol;Lde/monticore/lang/math/_symboltable/MathStatementsSymbol;)Ljava/lang/String;+49
j  de.monticore.lang.monticar.emadl.generator.EMADLGenerator.generateMathComponent(Ljava/util/List;Lde/monticore/lang/tagging/_symboltable/TaggingResolver;Lde/monticore/lang/embeddedmontiarc/embeddedmontiarc/_symboltable/instanceStructure/EMAComponentInstanceSymbol;Lde/monticore/lang/math/_symboltable/MathStatementsSymbol;)V+13
j  de.monticore.lang.monticar.emadl.generator.EMADLGenerator.generateComponent(Ljava/util/List;Ljava/util/Set;Lde/monticore/lang/tagging/_symboltable/TaggingResolver;Lde/monticore/lang/embeddedmontiarc/embeddedmontiarc/_symboltable/instanceStructure/EMAComponentInstanceSymbol;Lde/monticore/symboltable/Scope;)V+207
j  de.monticore.lang.monticar.emadl.generator.EMADLGenerator.generateCNNTrainer(Ljava/util/Set;Ljava/lang/String;)Ljava/util/List;+1137
j  de.monticore.lang.monticar.emadl.generator.EMADLGenerator.generateStrings(Lde/monticore/lang/tagging/_symboltable/TaggingResolver;Lde/monticore/lang/embeddedmontiarc/embeddedmontiarc/_symboltable/instanceStructure/EMAComponentInstanceSymbol;Lde/monticore/symboltable/Scope;Ljava/util/Set;Ljava/lang/String;)Ljava/util/List;+54
j  de.monticore.lang.monticar.emadl.generator.EMADLGenerator.generateFiles(Lde/monticore/lang/tagging/_symboltable/TaggingResolver;Lde/monticore/lang/embeddedmontiarc/embeddedmontiarc/_symboltable/instanceStructure/EMAComponentInstanceSymbol;Lde/monticore/symboltable/Scope;Ljava/lang/String;Ljava/lang/String;)V+17
j  de.monticore.lang.monticar.emadl.generator.EMADLGenerator.generate(Ljava/lang/String;Ljava/lang/String;Ljava/lang/String;Ljava/lang/String;Z)V+51
j  de.monticore.lang.monticar.emadl.generator.EMADLGeneratorCli.runGenerator(Lorg/apache/commons/cli/CommandLine;)V+344
j  de.monticore.lang.monticar.emadl.generator.EMADLGeneratorCli.main([Ljava/lang/String;)V+24
v  ~StubRoutines::call_stub
V  [libjvm.so+0x6685d0]
V  [libjvm.so+0x68b07e]
V  [libjvm.so+0x68d9af]
C  [libjli.so+0x34e2]
C  [libjli.so+0x737d]
C  [libpthread.so.0+0x76ba]  start_thread+0xca

Java frames: (J=compiled Java code, j=interpreted, Vv=VM code)
J 32  java.util.zip.ZipFile.getEntry(J[BZ)J (0 bytes) @ 0x00007f358d103598 [0x00007f358d103540+0x58]
J 251 C2 java.util.jar.JarFile.getEntry(Ljava/lang/String;)Ljava/util/zip/ZipEntry; (22 bytes) @ 0x00007f358d1bfd08 [0x00007f358d1bf980+0x388]
J 428 C2 sun.misc.URLClassPath.getResource(Ljava/lang/String;Z)Lsun/misc/Resource; (83 bytes) @ 0x00007f358d260340 [0x00007f358d260060+0x2e0]
J 2557 C2 java.net.URLClassLoader$1.run()Ljava/lang/Object; (5 bytes) @ 0x00007f358d9351d4 [0x00007f358d934c40+0x594]
v  ~StubRoutines::call_stub
J 155  java.security.AccessController.doPrivileged(Ljava/security/PrivilegedExceptionAction;Ljava/security/AccessControlContext;)Ljava/lang/Object; (0 bytes) @ 0x00007f358d153223 [0x00007f358d1531c0+0x63]
J 2555 C2 java.net.URLClassLoader.findClass(Ljava/lang/String;)Ljava/lang/Class; (47 bytes) @ 0x00007f358d82eaf8 [0x00007f358d82ea60+0x98]
j  java.lang.ClassLoader.loadClass(Ljava/lang/String;Z)Ljava/lang/Class;+70
J 272 C1 sun.misc.Launcher$AppClassLoader.loadClass(Ljava/lang/String;Z)Ljava/lang/Class; (85 bytes) @ 0x00007f358d1b801c [0x00007f358d1b7660+0x9bc]
J 269 C1 java.lang.ClassLoader.loadClass(Ljava/lang/String;)Ljava/lang/Class; (7 bytes) @ 0x00007f358d1b329c [0x00007f358d1b3180+0x11c]
v  ~StubRoutines::call_stub
j  de.monticore.lang.monticar.generator.cpp.commands.MathScaleCubeCommand.ifClauses()Lde/monticore/lang/monticar/generator/Instruction;+0
j  de.monticore.lang.monticar.generator.cpp.commands.MathScaleCubeCommand.getScalerCalculationMethod(Lde/monticore/lang/math/_symboltable/matrix/MathMatrixAccessSymbol;Lde/monticore/lang/math/_symboltable/matrix/MathMatrixAccessSymbol;Lde/monticore/lang/math/_symboltable/matrix/MathMatrixAccessSymbol;Lde/monticore/lang/math/_symboltable/matrix/MathMatrixAccessSymbol;Lde/monticore/lang/monticar/generator/BluePrint;)Lde/monticore/lang/monticar/generator/Method;+226
j  de.monticore.lang.monticar.generator.cpp.commands.MathScaleCubeCommand.convertExtendedScalerImplementationArmadillo(Lde/monticore/lang/math/_symboltable/matrix/MathMatrixNameExpressionSymbol;Lde/monticore/lang/math/_symboltable/matrix/MathMatrixAccessSymbol;Lde/monticore/lang/math/_symboltable/matrix/MathMatrixAccessSymbol;Lde/monticore/lang/math/_symboltable/matrix/MathMatrixAccessSymbol;Lde/monticore/lang/math/_symboltable/matrix/MathMatrixAccessSymbol;Lde/monticore/lang/monticar/generator/cpp/BluePrintCPP;)V+39
j  de.monticore.lang.monticar.generator.cpp.commands.MathScaleCubeCommand.convertUsingArmadilloBackend(Lde/monticore/lang/math/_symboltable/expression/MathExpressionSymbol;Lde/monticore/lang/monticar/generator/BluePrint;)V+246
j  de.monticore.lang.monticar.generator.cpp.commands.MathScaleCubeCommand.convert(Lde/monticore/lang/math/_symboltable/expression/MathExpressionSymbol;Lde/monticore/lang/monticar/generator/BluePrint;)V+39
j  de.monticore.lang.monticar.generator.MathCommand.convertAndSetTargetLanguageName(Lde/monticore/lang/math/_symboltable/expression/MathExpressionSymbol;Lde/monticore/lang/monticar/generator/BluePrint;)V+3
j  de.monticore.lang.monticar.generator.cpp.MathFunctionFixer.fixMathFunctions(Lde/monticore/lang/math/_symboltable/matrix/MathMatrixNameExpressionSymbol;Lde/monticore/lang/monticar/generator/cpp/BluePrintCPP;)V+148
j  de.monticore.lang.monticar.generator.cpp.MathFunctionFixer.fixMathFunctions(Lde/monticore/lang/math/_symboltable/matrix/MathMatrixExpressionSymbol;Lde/monticore/lang/monticar/generator/cpp/BluePrintCPP;)V+12
j  de.monticore.lang.monticar.generator.cpp.MathFunctionFixer.doFixMathFunction(Lde/monticore/lang/math/_symboltable/expression/MathExpressionSymbol;Lde/monticore/lang/monticar/generator/cpp/BluePrintCPP;)V+43
j  de.monticore.lang.monticar.generator.BaseMathFunctionFixerHandler.handleFixMathFunction(Lde/monticore/lang/math/_symboltable/expression/MathExpressionSymbol;Lde/monticore/lang/monticar/generator/cpp/BluePrintCPP;)V+11
j  de.monticore.lang.monticar.generator.BaseMathFunctionFixerHandler.handleFixMathFunction(Lde/monticore/lang/math/_symboltable/expression/MathExpressionSymbol;Lde/monticore/lang/monticar/generator/cpp/BluePrintCPP;)V+33
j  de.monticore.lang.monticar.generator.BaseMathFunctionFixerHandler.chainHandleFixMathFunction(Lde/monticore/lang/math/_symboltable/expression/MathExpressionSymbol;Lde/monticore/lang/monticar/generator/cpp/BluePrintCPP;)V+9
j  de.monticore.lang.monticar.generator.cpp.MathFunctionFixer.fixMathFunctions(Lde/monticore/lang/math/_symboltable/expression/MathExpressionSymbol;Lde/monticore/lang/monticar/generator/cpp/BluePrintCPP;)V+5
j  de.monticore.lang.monticar.generator.cpp.MathFunctionFixer.fixMathFunctions(Lde/monticore/lang/math/_symboltable/expression/MathValueSymbol;Lde/monticore/lang/monticar/generator/cpp/BluePrintCPP;)V+20
j  de.monticore.lang.monticar.generator.cpp.MathFunctionFixer.doFixMathFunction(Lde/monticore/lang/math/_symboltable/expression/MathExpressionSymbol;Lde/monticore/lang/monticar/generator/cpp/BluePrintCPP;)V+123
j  de.monticore.lang.monticar.generator.BaseMathFunctionFixerHandler.handleFixMathFunction(Lde/monticore/lang/math/_symboltable/expression/MathExpressionSymbol;Lde/monticore/lang/monticar/generator/cpp/BluePrintCPP;)V+11
j  de.monticore.lang.monticar.generator.BaseMathFunctionFixerHandler.handleFixMathFunction(Lde/monticore/lang/math/_symboltable/expression/MathExpressionSymbol;Lde/monticore/lang/monticar/generator/cpp/BluePrintCPP;)V+33
j  de.monticore.lang.monticar.generator.BaseMathFunctionFixerHandler.chainHandleFixMathFunction(Lde/monticore/lang/math/_symboltable/expression/MathExpressionSymbol;Lde/monticore/lang/monticar/generator/cpp/BluePrintCPP;)V+9
j  de.monticore.lang.monticar.generator.cpp.MathFunctionFixer.fixMathFunctions(Lde/monticore/lang/math/_symboltable/expression/MathExpressionSymbol;Lde/monticore/lang/monticar/generator/cpp/BluePrintCPP;)V+5
j  de.monticore.lang.monticar.generator.cpp.converter.ComponentConverterMethodGeneration.generateInstruction(Lde/monticore/lang/monticar/generator/Method;Lde/monticore/lang/math/_symboltable/expression/MathExpressionSymbol;Lde/monticore/lang/monticar/generator/cpp/BluePrintCPP;Ljava/util/List;)V+2
j  de.monticore.lang.monticar.generator.cpp.converter.ComponentConverterMethodGeneration.handleMathStatementGeneration(Lde/monticore/lang/monticar/generator/Method;Lde/monticore/lang/monticar/generator/cpp/BluePrintCPP;Lde/monticore/lang/math/_symboltable/MathStatementsSymbol;Lde/monticore/lang/monticar/generator/cpp/GeneratorCPP;Ljava/util/List;)V+160
j  de.monticore.lang.monticar.generator.cpp.converter.ComponentConverterMethodGeneration.generateExecuteMethodInner(Lde/monticore/lang/monticar/generator/Method;Lde/monticore/lang/embeddedmontiarc/embeddedmontiarc/_symboltable/instanceStructure/EMAComponentInstanceSymbol;Lde/monticore/lang/monticar/generator/cpp/BluePrintCPP;Lde/monticore/lang/math/_symboltable/MathStatementsSymbol;Lde/monticore/lang/monticar/generator/cpp/GeneratorCPP;Ljava/util/List;)V+24
j  de.monticore.lang.monticar.generator.cpp.converter.ComponentConverterMethodGeneration.generateExecuteMethod(Lde/monticore/lang/embeddedmontiarc/embeddedmontiarc/_symboltable/instanceStructure/EMAComponentInstanceSymbol;Lde/monticore/lang/monticar/generator/cpp/BluePrintCPP;Lde/monticore/lang/math/_symboltable/MathStatementsSymbol;Lde/monticore/lang/monticar/generator/cpp/GeneratorCPP;Ljava/util/List;)Lde/monticore/lang/monticar/generator/Method;+25
j  de.monticore.lang.monticar.generator.cpp.converter.ComponentConverter.convertComponentSymbolToBluePrint(Lde/monticore/lang/embeddedmontiarc/embeddedmontiarc/_symboltable/instanceStructure/EMAComponentInstanceSymbol;Lde/monticore/lang/math/_symboltable/MathStatementsSymbol;Ljava/util/List;Lde/monticore/lang/monticar/generator/cpp/GeneratorCPP;)Lde/monticore/lang/monticar/generator/BluePrint;+227
j  de.monticore.lang.monticar.generator.cpp.LanguageUnitCPP.generateBluePrints()V+148
j  de.monticore.lang.monticar.generator.cpp.GeneratorCPP.generateString(Lde/monticore/lang/tagging/_symboltable/TaggingResolver;Lde/monticore/lang/embeddedmontiarc/embeddedmontiarc/_symboltable/instanceStructure/EMAComponentInstanceSymbol;Lde/monticore/lang/math/_symboltable/MathStatementsSymbol;)Ljava/lang/String;+49
j  de.monticore.lang.monticar.emadl.generator.EMADLGenerator.generateMathComponent(Ljava/util/List;Lde/monticore/lang/tagging/_symboltable/TaggingResolver;Lde/monticore/lang/embeddedmontiarc/embeddedmontiarc/_symboltable/instanceStructure/EMAComponentInstanceSymbol;Lde/monticore/lang/math/_symboltable/MathStatementsSymbol;)V+13
j  de.monticore.lang.monticar.emadl.generator.EMADLGenerator.generateComponent(Ljava/util/List;Ljava/util/Set;Lde/monticore/lang/tagging/_symboltable/TaggingResolver;Lde/monticore/lang/embeddedmontiarc/embeddedmontiarc/_symboltable/instanceStructure/EMAComponentInstanceSymbol;Lde/monticore/symboltable/Scope;)V+207
j  de.monticore.lang.monticar.emadl.generator.EMADLGenerator.generateCNNTrainer(Ljava/util/Set;Ljava/lang/String;)Ljava/util/List;+1137
j  de.monticore.lang.monticar.emadl.generator.EMADLGenerator.generateStrings(Lde/monticore/lang/tagging/_symboltable/TaggingResolver;Lde/monticore/lang/embeddedmontiarc/embeddedmontiarc/_symboltable/instanceStructure/EMAComponentInstanceSymbol;Lde/monticore/symboltable/Scope;Ljava/util/Set;Ljava/lang/String;)Ljava/util/List;+54
j  de.monticore.lang.monticar.emadl.generator.EMADLGenerator.generateFiles(Lde/monticore/lang/tagging/_symboltable/TaggingResolver;Lde/monticore/lang/embeddedmontiarc/embeddedmontiarc/_symboltable/instanceStructure/EMAComponentInstanceSymbol;Lde/monticore/symboltable/Scope;Ljava/lang/String;Ljava/lang/String;)V+17
j  de.monticore.lang.monticar.emadl.generator.EMADLGenerator.generate(Ljava/lang/String;Ljava/lang/String;Ljava/lang/String;Ljava/lang/String;Z)V+51
j  de.monticore.lang.monticar.emadl.generator.EMADLGeneratorCli.runGenerator(Lorg/apache/commons/cli/CommandLine;)V+344
j  de.monticore.lang.monticar.emadl.generator.EMADLGeneratorCli.main([Ljava/lang/String;)V+24
v  ~StubRoutines::call_stub

---------------  P R O C E S S  ---------------

Java Threads: ( => current thread )
  0x00007f3560001000 JavaThread "SIGINT handler" daemon [_thread_blocked, id=10775, stack(0x00007f357e4ea000,0x00007f357e5eb000)]
  0x00007f359c5eb000 JavaThread "Service Thread" daemon [_thread_blocked, id=15443, stack(0x00007f357dc9a000,0x00007f357dd9b000)]
  0x00007f359c5df000 JavaThread "C1 CompilerThread2" daemon [_thread_blocked, id=15442, stack(0x00007f357dd9b000,0x00007f357de9c000)]
  0x00007f359c5d9800 JavaThread "C2 CompilerThread1" daemon [_thread_in_native, id=15440, stack(0x00007f357de9c000,0x00007f357df9d000)]
  0x00007f359c5d6800 JavaThread "C2 CompilerThread0" daemon [_thread_blocked, id=15437, stack(0x00007f357df9d000,0x00007f357e09e000)]
  0x00007f359c197800 JavaThread "JDWP Event Helper Thread" daemon [_thread_blocked, id=15433, stack(0x00007f357e3e9000,0x00007f357e4ea000)]
  0x00007f359c185800 JavaThread "Signal Dispatcher" daemon [_thread_blocked, id=15430, stack(0x00007f357e7f0000,0x00007f357e8f1000)]
  0x00007f359c154000 JavaThread "Finalizer" daemon [_thread_blocked, id=15429, stack(0x00007f357e8f1000,0x00007f357e9f2000)]
  0x00007f359c151800 JavaThread "Reference Handler" daemon [_thread_blocked, id=15428, stack(0x00007f357e9f2000,0x00007f357eaf3000)]
=>0x00007f359c013000 JavaThread "main" [_thread_in_native, id=15418, stack(0x00007f35a4623000,0x00007f35a4724000)]

Other Threads:
  0x00007f359c148000 VMThread [stack: 0x00007f357eaf3000,0x00007f357ebf4000] [id=15427]
  0x00007f359c5ed800 WatcherThread [stack: 0x00007f357db99000,0x00007f357dc9a000] [id=15444]

VM state:not at safepoint (normal execution)

VM Mutex/Monitor currently owned by a thread: None

heap address: 0x0000000084e00000, size: 1970 MB, Compressed Oops mode: 32-bit
Narrow klass base: 0x0000000000000000, Narrow klass shift: 3
Compressed class space size: 1073741824 Address: 0x0000000100000000

Heap:
 PSYoungGen      total 213504K, used 87209K [0x00000000d6f80000, 0x00000000e5280000, 0x0000000100000000)
  eden space 201216K, 43% used [0x00000000d6f80000,0x00000000dc4aa608,0x00000000e3400000)
  from space 12288K, 0% used [0x00000000e3f80000,0x00000000e3f80000,0x00000000e4b80000)
  to   space 11776K, 0% used [0x00000000e3400000,0x00000000e3400000,0x00000000e3f80000)
 ParOldGen       total 89600K, used 12243K [0x0000000084e00000, 0x000000008a580000, 0x00000000d6f80000)
  object space 89600K, 13% used [0x0000000084e00000,0x00000000859f4c80,0x000000008a580000)
 Metaspace       used 36007K, capacity 37197K, committed 37464K, reserved 1081344K
  class space    used 5102K, capacity 5437K, committed 5504K, reserved 1048576K

Card table byte_map: [0x00007f358cc26000,0x00007f358d000000] byte_map_base: 0x00007f358c7ff000

Marking Bits: (ParMarkBitMap*) 0x00007f35a3901540
 Begin Bits: [0x00007f3584270000, 0x00007f3586138000)
 End Bits:   [0x00007f3586138000, 0x00007f3588000000)

Polling page: 0x00007f35a4754000

CodeCache: size=245760Kb used=9620Kb max_used=9691Kb free=236139Kb
 bounds [0x00007f358d000000, 0x00007f358d990000, 0x00007f359c000000]
 total_blobs=3237 nmethods=2816 adapters=343
 compilation: enabled

Compilation events (10 events):
Event: 8,637 Thread 0x00007f359c5d9800 2629       4       java.util.BitSet::checkInvariants (111 bytes)
Event: 8,638 Thread 0x00007f359c5d9800 nmethod 2629 0x00007f358d82d150 code [0x00007f358d82d2a0, 0x00007f358d82d2f8]
Event: 8,638 Thread 0x00007f359c5d9800 2628       4       org.antlr.v4.runtime.atn.PredictionMode$AltAndContextConfigEqualityComparator::hashCode (9 bytes)
Event: 8,640 Thread 0x00007f359c5d9800 nmethod 2628 0x00007f358d10d5d0 code [0x00007f358d10d720, 0x00007f358d10d8b8]
Event: 8,640 Thread 0x00007f359c5d9800 2631       4       java.util.BitSet::set (58 bytes)
Event: 8,642 Thread 0x00007f359c5d9800 nmethod 2631 0x00007f358d11f310 code [0x00007f358d11f480, 0x00007f358d11f6a8]
Event: 8,643 Thread 0x00007f359c5d9800 2591       4       java.lang.ref.ReferenceQueue::reallyPoll (65 bytes)
Event: 8,644 Thread 0x00007f359c5d9800 nmethod 2591 0x00007f358d103090 code [0x00007f358d1031e0, 0x00007f358d103318]
Event: 9,057 Thread 0x00007f359c5d6800 nmethod 2839 0x00007f358d96cb10 code [0x00007f358d96d400, 0x00007f358d97bd20]
Event: 16461,648 Thread 0x00007f359c5d9800 2867  s    4       sun.misc.URLClassPath::getNextLoader (88 bytes)

GC Heap History (10 events):
Event: 5,492 GC heap before
{Heap before GC invocations=4 (full 0):
 PSYoungGen      total 68608K, used 66919K [0x00000000d6f80000, 0x00000000df580000, 0x0000000100000000)
  eden space 63488K, 97% used [0x00000000d6f80000,0x00000000dabe1890,0x00000000dad80000)
  from space 5120K, 99% used [0x00000000dad80000,0x00000000db278380,0x00000000db280000)
  to   space 5120K, 0% used [0x00000000df080000,0x00000000df080000,0x00000000df580000)
 ParOldGen       total 84992K, used 674K [0x0000000084e00000, 0x000000008a100000, 0x00000000d6f80000)
  object space 84992K, 0% used [0x0000000084e00000,0x0000000084ea8b78,0x000000008a100000)
 Metaspace       used 20761K, capacity 21131K, committed 21248K, reserved 1067008K
  class space    used 2620K, capacity 2735K, committed 2816K, reserved 1048576K
Event: 5,502 GC heap after
Heap after GC invocations=4 (full 0):
 PSYoungGen      total 132096K, used 5114K [0x00000000d6f80000, 0x00000000df580000, 0x0000000100000000)
  eden space 126976K, 0% used [0x00000000d6f80000,0x00000000d6f80000,0x00000000deb80000)
  from space 5120K, 99% used [0x00000000df080000,0x00000000df57eb20,0x00000000df580000)
  to   space 5120K, 0% used [0x00000000deb80000,0x00000000deb80000,0x00000000df080000)
 ParOldGen       total 84992K, used 3612K [0x0000000084e00000, 0x000000008a100000, 0x00000000d6f80000)
  object space 84992K, 4% used [0x0000000084e00000,0x00000000851871e8,0x000000008a100000)
 Metaspace       used 20761K, capacity 21131K, committed 21248K, reserved 1067008K
  class space    used 2620K, capacity 2735K, committed 2816K, reserved 1048576K
}
Event: 5,502 GC heap before
{Heap before GC invocations=5 (full 1):
 PSYoungGen      total 132096K, used 5114K [0x00000000d6f80000, 0x00000000df580000, 0x0000000100000000)
  eden space 126976K, 0% used [0x00000000d6f80000,0x00000000d6f80000,0x00000000deb80000)
  from space 5120K, 99% used [0x00000000df080000,0x00000000df57eb20,0x00000000df580000)
  to   space 5120K, 0% used [0x00000000deb80000,0x00000000deb80000,0x00000000df080000)
 ParOldGen       total 84992K, used 3612K [0x0000000084e00000, 0x000000008a100000, 0x00000000d6f80000)
  object space 84992K, 4% used [0x0000000084e00000,0x00000000851871e8,0x000000008a100000)
 Metaspace       used 20761K, capacity 21131K, committed 21248K, reserved 1067008K
  class space    used 2620K, capacity 2735K, committed 2816K, reserved 1048576K
Event: 5,554 GC heap after
Heap after GC invocations=5 (full 1):
 PSYoungGen      total 132096K, used 0K [0x00000000d6f80000, 0x00000000df580000, 0x0000000100000000)
  eden space 126976K, 0% used [0x00000000d6f80000,0x00000000d6f80000,0x00000000deb80000)
  from space 5120K, 0% used [0x00000000df080000,0x00000000df080000,0x00000000df580000)
  to   space 5120K, 0% used [0x00000000deb80000,0x00000000deb80000,0x00000000df080000)
 ParOldGen       total 55296K, used 7911K [0x0000000084e00000, 0x0000000088400000, 0x00000000d6f80000)
  object space 55296K, 14% used [0x0000000084e00000,0x00000000855b9df8,0x0000000088400000)
 Metaspace       used 20761K, capacity 21131K, committed 21248K, reserved 1067008K
  class space    used 2620K, capacity 2735K, committed 2816K, reserved 1048576K
}
Event: 7,041 GC heap before
{Heap before GC invocations=6 (full 1):
 PSYoungGen      total 132096K, used 126976K [0x00000000d6f80000, 0x00000000df580000, 0x0000000100000000)
  eden space 126976K, 100% used [0x00000000d6f80000,0x00000000deb80000,0x00000000deb80000)
  from space 5120K, 0% used [0x00000000df080000,0x00000000df080000,0x00000000df580000)
  to   space 5120K, 0% used [0x00000000deb80000,0x00000000deb80000,0x00000000df080000)
 ParOldGen       total 55296K, used 7911K [0x0000000084e00000, 0x0000000088400000, 0x00000000d6f80000)
  object space 55296K, 14% used [0x0000000084e00000,0x00000000855b9df8,0x0000000088400000)
 Metaspace       used 32841K, capacity 33819K, committed 34176K, reserved 1079296K
  class space    used 4368K, capacity 4663K, committed 4736K, reserved 1048576K
Event: 7,053 GC heap after
Heap after GC invocations=6 (full 1):
 PSYoungGen      total 132096K, used 5093K [0x00000000d6f80000, 0x00000000e4b80000, 0x0000000100000000)
  eden space 126976K, 0% used [0x00000000d6f80000,0x00000000d6f80000,0x00000000deb80000)
  from space 5120K, 99% used [0x00000000deb80000,0x00000000df079660,0x00000000df080000)
  to   space 12288K, 0% used [0x00000000e3f80000,0x00000000e3f80000,0x00000000e4b80000)
 ParOldGen       total 55296K, used 14404K [0x0000000084e00000, 0x0000000088400000, 0x00000000d6f80000)
  object space 55296K, 26% used [0x0000000084e00000,0x0000000085c11378,0x0000000088400000)
 Metaspace       used 32841K, capacity 33819K, committed 34176K, reserved 1079296K
  class space    used 4368K, capacity 4663K, committed 4736K, reserved 1048576K
}
Event: 7,351 GC heap before
{Heap before GC invocations=7 (full 1):
 PSYoungGen      total 132096K, used 23218K [0x00000000d6f80000, 0x00000000e4b80000, 0x0000000100000000)
  eden space 126976K, 14% used [0x00000000d6f80000,0x00000000d81331e8,0x00000000deb80000)
  from space 5120K, 99% used [0x00000000deb80000,0x00000000df079660,0x00000000df080000)
  to   space 12288K, 0% used [0x00000000e3f80000,0x00000000e3f80000,0x00000000e4b80000)
 ParOldGen       total 55296K, used 14404K [0x0000000084e00000, 0x0000000088400000, 0x00000000d6f80000)
  object space 55296K, 26% used [0x0000000084e00000,0x0000000085c11378,0x0000000088400000)
 Metaspace       used 34282K, capacity 35215K, committed 35416K, reserved 1079296K
  class space    used 4622K, capacity 4919K, committed 4992K, reserved 1048576K
Event: 7,360 GC heap after
Heap after GC invocations=7 (full 1):
 PSYoungGen      total 213504K, used 7409K [0x00000000d6f80000, 0x00000000e5280000, 0x0000000100000000)
  eden space 201216K, 0% used [0x00000000d6f80000,0x00000000d6f80000,0x00000000e3400000)
  from space 12288K, 60% used [0x00000000e3f80000,0x00000000e46bc5e0,0x00000000e4b80000)
  to   space 11776K, 0% used [0x00000000e3400000,0x00000000e3400000,0x00000000e3f80000)
 ParOldGen       total 55296K, used 14412K [0x0000000084e00000, 0x0000000088400000, 0x00000000d6f80000)
  object space 55296K, 26% used [0x0000000084e00000,0x0000000085c13378,0x0000000088400000)
 Metaspace       used 34282K, capacity 35215K, committed 35416K, reserved 1079296K
  class space    used 4622K, capacity 4919K, committed 4992K, reserved 1048576K
}
Event: 7,360 GC heap before
{Heap before GC invocations=8 (full 2):
 PSYoungGen      total 213504K, used 7409K [0x00000000d6f80000, 0x00000000e5280000, 0x0000000100000000)
  eden space 201216K, 0% used [0x00000000d6f80000,0x00000000d6f80000,0x00000000e3400000)
  from space 12288K, 60% used [0x00000000e3f80000,0x00000000e46bc5e0,0x00000000e4b80000)
  to   space 11776K, 0% used [0x00000000e3400000,0x00000000e3400000,0x00000000e3f80000)
 ParOldGen       total 55296K, used 14412K [0x0000000084e00000, 0x0000000088400000, 0x00000000d6f80000)
  object space 55296K, 26% used [0x0000000084e00000,0x0000000085c13378,0x0000000088400000)
 Metaspace       used 34282K, capacity 35215K, committed 35416K, reserved 1079296K
  class space    used 4622K, capacity 4919K, committed 4992K, reserved 1048576K
Event: 7,437 GC heap after
Heap after GC invocations=8 (full 2):
 PSYoungGen      total 213504K, used 0K [0x00000000d6f80000, 0x00000000e5280000, 0x0000000100000000)
  eden space 201216K, 0% used [0x00000000d6f80000,0x00000000d6f80000,0x00000000e3400000)
  from space 12288K, 0% used [0x00000000e3f80000,0x00000000e3f80000,0x00000000e4b80000)
  to   space 11776K, 0% used [0x00000000e3400000,0x00000000e3400000,0x00000000e3f80000)
 ParOldGen       total 89600K, used 12243K [0x0000000084e00000, 0x000000008a580000, 0x00000000d6f80000)
  object space 89600K, 13% used [0x0000000084e00000,0x00000000859f4c80,0x000000008a580000)
 Metaspace       used 34282K, capacity 35215K, committed 35416K, reserved 1079296K
  class space    used 4622K, capacity 4919K, committed 4992K, reserved 1048576K
}

Deoptimization events (10 events):
Event: 6,665 Thread 0x00007f359c013000 Uncommon trap: reason=unstable_if action=reinterpret pc=0x00007f358d4c9e74 method=java.util.HashMap.resize()[Ljava/util/HashMap$Node; @ 206
Event: 6,726 Thread 0x00007f359c013000 Uncommon trap: reason=class_check action=maybe_recompile pc=0x00007f358d203e8c method=sun.misc.URLClassPath.getLoader(I)Lsun/misc/URLClassPath$Loader; @ 94
Event: 7,110 Thread 0x00007f359c013000 Uncommon trap: reason=array_check action=maybe_recompile pc=0x00007f358d6ff1dc method=org.antlr.v4.runtime.misc.Array2DHashSet.getOrAddImpl(Ljava/lang/Object;)Ljava/lang/Object; @ 133
Event: 7,110 Thread 0x00007f359c013000 Uncommon trap: reason=array_check action=maybe_recompile pc=0x00007f358d6ff1dc method=org.antlr.v4.runtime.misc.Array2DHashSet.getOrAddImpl(Ljava/lang/Object;)Ljava/lang/Object; @ 133
Event: 7,623 Thread 0x00007f359c013000 Uncommon trap: reason=class_check action=maybe_recompile pc=0x00007f358d203e8c method=sun.misc.URLClassPath.getLoader(I)Lsun/misc/URLClassPath$Loader; @ 94
Event: 7,697 Thread 0x00007f359c013000 Uncommon trap: reason=class_check action=maybe_recompile pc=0x00007f358d203e8c method=sun.misc.URLClassPath.getLoader(I)Lsun/misc/URLClassPath$Loader; @ 94
Event: 7,728 Thread 0x00007f359c013000 Uncommon trap: reason=class_check action=maybe_recompile pc=0x00007f358d20fe9c method=sun.misc.URLClassPath.getLoader(I)Lsun/misc/URLClassPath$Loader; @ 94
Event: 7,782 Thread 0x00007f359c013000 Uncommon trap: reason=unstable_if action=reinterpret pc=0x00007f358d4bbb04 method=org.antlr.v4.runtime.atn.PredictionContext.merge(Lorg/antlr/v4/runtime/atn/PredictionContext;Lorg/antlr/v4/runtime/atn/PredictionContext;ZLorg/antlr/v4/runtime/misc/DoubleKe
Event: 7,782 Thread 0x00007f359c013000 Uncommon trap: reason=unstable_if action=reinterpret pc=0x00007f358d87a130 method=org.antlr.v4.runtime.atn.PredictionContext.mergeRoot(Lorg/antlr/v4/runtime/atn/SingletonPredictionContext;Lorg/antlr/v4/runtime/atn/SingletonPredictionContext;Z)Lorg/antlr/v
Event: 7,896 Thread 0x00007f359c013000 Uncommon trap: reason=unstable_if action=reinterpret pc=0x00007f358d652d84 method=java.lang.String.concat(Ljava/lang/String;)Ljava/lang/String; @ 6

Classes redefined (0 events):
No events

Internal exceptions (10 events):
Event: 6,614 Thread 0x00007f359c013000 Exception <a 'java/lang/ArrayIndexOutOfBoundsException': 50> (0x00000000dbb69aa8) thrown at [/build/openjdk-8-g3XteX/openjdk-8-8u222-b10/src/hotspot/src/share/vm/interpreter/interpreterRuntime.cpp, line 368]
Event: 6,654 Thread 0x00007f359c013000 Exception <a 'java/lang/ClassNotFoundException': java/util/OptionalBeanInfo> (0x00000000dc085910) thrown at [/build/openjdk-8-g3XteX/openjdk-8-8u222-b10/src/hotspot/src/share/vm/classfile/systemDictionary.cpp, line 210]
Event: 6,655 Thread 0x00007f359c013000 Exception <a 'java/lang/ClassNotFoundException': java/util/OptionalCustomizer> (0x00000000dc08e940) thrown at [/build/openjdk-8-g3XteX/openjdk-8-8u222-b10/src/hotspot/src/share/vm/classfile/systemDictionary.cpp, line 210]
Event: 6,666 Thread 0x00007f359c013000 Exception <a 'java/lang/ClassNotFoundException': de/monticore/lang/monticar/types2/_ast/ASTElementTypeBeanInfo> (0x00000000dc0f4e50) thrown at [/build/openjdk-8-g3XteX/openjdk-8-8u222-b10/src/hotspot/src/share/vm/classfile/systemDictionary.cpp, line 210]
Event: 6,667 Thread 0x00007f359c013000 Exception <a 'java/lang/ClassNotFoundException': de/monticore/lang/monticar/types2/_ast/ASTElementTypeTOPBeanInfo> (0x00000000dc1124e8) thrown at [/build/openjdk-8-g3XteX/openjdk-8-8u222-b10/src/hotspot/src/share/vm/classfile/systemDictionary.cpp, line 21
Event: 6,667 Thread 0x00007f359c013000 Exception <a 'java/lang/ClassNotFoundException': de/monticore/ast/ASTCNodeBeanInfo> (0x00000000dc1255e0) thrown at [/build/openjdk-8-g3XteX/openjdk-8-8u222-b10/src/hotspot/src/share/vm/classfile/systemDictionary.cpp, line 210]
Event: 6,668 Thread 0x00007f359c013000 Exception <a 'java/lang/ClassNotFoundException': de/monticore/ast/ASTCNodeCustomizer> (0x00000000dc139ad8) thrown at [/build/openjdk-8-g3XteX/openjdk-8-8u222-b10/src/hotspot/src/share/vm/classfile/systemDictionary.cpp, line 210]
Event: 6,676 Thread 0x00007f359c013000 Exception <a 'java/lang/ClassNotFoundException': de/monticore/lang/monticar/types2/_ast/ASTElementTypeTOPCustomizer> (0x00000000dc1d7448) thrown at [/build/openjdk-8-g3XteX/openjdk-8-8u222-b10/src/hotspot/src/share/vm/classfile/systemDictionary.cpp, line 
Event: 6,681 Thread 0x00007f359c013000 Exception <a 'java/lang/ClassNotFoundException': de/monticore/lang/monticar/types2/_ast/ASTElementTypeCustomizer> (0x00000000dc22cb88) thrown at [/build/openjdk-8-g3XteX/openjdk-8-8u222-b10/src/hotspot/src/share/vm/classfile/systemDictionary.cpp, line 210
Event: 6,705 Thread 0x00007f359c013000 Exception <a 'sun/nio/fs/UnixException'> (0x00000000dc3b6770) thrown at [/build/openjdk-8-g3XteX/openjdk-8-8u222-b10/src/hotspot/src/share/vm/prims/jni.cpp, line 710]

Events (10 events):
Event: 16461,554 Executing VM operation: ChangeBreakpoints done
Event: 16461,593 loading class sun/misc/Signal$1
Event: 16461,593 Thread 0x00007f359c193800 Thread exited: 0x00007f359c193800
Event: 16461,604 loading class de/monticore/lang/monticar/generator/cpp/commands/MathScaleCubeCommand$1
Event: 16461,604 loading class de/monticore/lang/monticar/generator/cpp/commands/MathScaleCubeCommand$1 done
Event: 16461,622 loading class sun/misc/Signal$1 done
Event: 16461,622 Thread 0x00007f359c013000 DEOPT PACKING pc=0x00007f358d6ed568 sp=0x00007f35a47208b0
Event: 16461,624 Thread 0x00007f359c013000 DEOPT UNPACKING pc=0x00007f358d0474c4 sp=0x00007f35a4720580 mode 1
Event: 16461,628 Thread 0x00007f3560001000 Thread added: 0x00007f3560001000
Event: 16461,633 Thread 0x00007f3564001000 Thread added: 0x00007f3564001000


Dynamic libraries:
00400000-00401000 r-xp 00000000 08:02 5772888                            /usr/lib/jvm/java-8-openjdk-amd64/jre/bin/java
00600000-00601000 r--p 00000000 08:02 5772888                            /usr/lib/jvm/java-8-openjdk-amd64/jre/bin/java
00601000-00602000 rw-p 00001000 08:02 5772888                            /usr/lib/jvm/java-8-openjdk-amd64/jre/bin/java
017cc000-017ed000 rw-p 00000000 00:00 0                                  [heap]
84e00000-8a580000 rw-p 00000000 00:00 0 
8a580000-d6f80000 ---p 00000000 00:00 0 
d6f80000-e5280000 rw-p 00000000 00:00 0 
e5280000-100000000 ---p 00000000 00:00 0 
100000000-100560000 rw-p 00000000 00:00 0 
100560000-140000000 ---p 00000000 00:00 0 
7f3514000000-7f3517ff9000 rw-p 00000000 00:00 0 
7f3517ff9000-7f3518000000 ---p 00000000 00:00 0 
7f3518000000-7f3518f10000 rw-p 00000000 00:00 0 
7f3518f10000-7f351c000000 ---p 00000000 00:00 0 
7f351c000000-7f351fff9000 rw-p 00000000 00:00 0 
7f351fff9000-7f3520000000 ---p 00000000 00:00 0 
7f3520000000-7f3523ff9000 rw-p 00000000 00:00 0 
7f3523ff9000-7f3524000000 ---p 00000000 00:00 0 
7f3524000000-7f3527ffd000 rw-p 00000000 00:00 0 
7f3527ffd000-7f3528000000 ---p 00000000 00:00 0 
7f3528000000-7f352bff9000 rw-p 00000000 00:00 0 
7f352bff9000-7f352c000000 ---p 00000000 00:00 0 
7f352c000000-7f352fff9000 rw-p 00000000 00:00 0 
7f352fff9000-7f3530000000 ---p 00000000 00:00 0 
7f3530000000-7f3533ff9000 rw-p 00000000 00:00 0 
7f3533ff9000-7f3534000000 ---p 00000000 00:00 0 
7f3534000000-7f353bff9000 rw-p 00000000 00:00 0 
7f353bff9000-7f353c000000 ---p 00000000 00:00 0 
7f353c000000-7f353fffd000 rw-p 00000000 00:00 0 
7f353fffd000-7f3540000000 ---p 00000000 00:00 0 
7f3540000000-7f3540021000 rw-p 00000000 00:00 0 
7f3540021000-7f3544000000 ---p 00000000 00:00 0 
7f3544dff000-7f3544f3f000 rw-p 00000000 00:00 0 
7f3544f3f000-7f3544fff000 ---p 00000000 00:00 0 
7f3544fff000-7f3548000000 rw-p 00000000 00:00 0 
7f3548000000-7f354852c000 rw-p 00000000 00:00 0 
7f354852c000-7f354c000000 ---p 00000000 00:00 0 
7f354c000000-7f354c021000 rw-p 00000000 00:00 0 
7f354c021000-7f3550000000 ---p 00000000 00:00 0 
7f3550000000-7f3552135000 rw-p 00000000 00:00 0 
7f3552135000-7f3554000000 ---p 00000000 00:00 0 
7f3554000000-7f3555d75000 rw-p 00000000 00:00 0 
7f3555d75000-7f3558000000 ---p 00000000 00:00 0 
7f3558000000-7f355805e000 rw-p 00000000 00:00 0 
7f355805e000-7f355c000000 ---p 00000000 00:00 0 
7f355c000000-7f355c021000 rw-p 00000000 00:00 0 
7f355c021000-7f3560000000 ---p 00000000 00:00 0 
7f3560000000-7f3560021000 rw-p 00000000 00:00 0 
7f3560021000-7f3564000000 ---p 00000000 00:00 0 
7f3564000000-7f3564024000 rw-p 00000000 00:00 0 
7f3564024000-7f3568000000 ---p 00000000 00:00 0 
7f3568000000-7f3568021000 rw-p 00000000 00:00 0 
7f3568021000-7f356c000000 ---p 00000000 00:00 0 
7f356c000000-7f356c021000 rw-p 00000000 00:00 0 
7f356c021000-7f3570000000 ---p 00000000 00:00 0 
7f3570000000-7f3570021000 rw-p 00000000 00:00 0 
7f3570021000-7f3574000000 ---p 00000000 00:00 0 
7f3574000000-7f3574021000 rw-p 00000000 00:00 0 
7f3574021000-7f3578000000 ---p 00000000 00:00 0 
7f3578000000-7f3578021000 rw-p 00000000 00:00 0 
7f3578021000-7f357c000000 ---p 00000000 00:00 0 
7f357c131000-7f357c327000 rw-p 00000000 00:00 0 
7f357c327000-7f357c331000 ---p 00000000 00:00 0 
7f357c331000-7f357c531000 rw-p 00000000 00:00 0 
7f357c531000-7f357c731000 rw-p 00000000 00:00 0 
7f357c731000-7f357c931000 rw-p 00000000 00:00 0 
7f357c931000-7f357cb31000 rw-p 00000000 00:00 0 
7f357cb31000-7f357cd31000 rw-p 00000000 00:00 0 
7f357cd6f000-7f357cf6f000 rw-p 00000000 00:00 0 
7f357cf6f000-7f357d16f000 rw-p 00000000 00:00 0 
7f357d16f000-7f357d36f000 rw-p 00000000 00:00 0 
7f357d36f000-7f357d56f000 rw-p 00000000 00:00 0 
7f357d56f000-7f357d585000 r-xp 00000000 08:02 5782369                    /usr/lib/jvm/java-8-openjdk-amd64/jre/lib/amd64/libnet.so
7f357d585000-7f357d785000 ---p 00016000 08:02 5782369                    /usr/lib/jvm/java-8-openjdk-amd64/jre/lib/amd64/libnet.so
7f357d785000-7f357d786000 r--p 00016000 08:02 5782369                    /usr/lib/jvm/java-8-openjdk-amd64/jre/lib/amd64/libnet.so
7f357d786000-7f357d787000 rw-p 00017000 08:02 5782369                    /usr/lib/jvm/java-8-openjdk-amd64/jre/lib/amd64/libnet.so
7f357d787000-7f357d798000 r-xp 00000000 08:02 5798602                    /usr/lib/jvm/java-8-openjdk-amd64/jre/lib/amd64/libnio.so
7f357d798000-7f357d997000 ---p 00011000 08:02 5798602                    /usr/lib/jvm/java-8-openjdk-amd64/jre/lib/amd64/libnio.so
7f357d997000-7f357d998000 r--p 00010000 08:02 5798602                    /usr/lib/jvm/java-8-openjdk-amd64/jre/lib/amd64/libnio.so
7f357d998000-7f357d999000 rw-p 00011000 08:02 5798602                    /usr/lib/jvm/java-8-openjdk-amd64/jre/lib/amd64/libnio.so
7f357d999000-7f357db99000 rw-p 00000000 00:00 0 
7f357db99000-7f357db9a000 ---p 00000000 00:00 0 
7f357db9a000-7f357dc9a000 rw-p 00000000 00:00 0 
7f357dc9a000-7f357dc9d000 ---p 00000000 00:00 0 
7f357dc9d000-7f357dd9b000 rw-p 00000000 00:00 0 
7f357dd9b000-7f357dd9e000 ---p 00000000 00:00 0 
7f357dd9e000-7f357de9c000 rw-p 00000000 00:00 0 
7f357de9c000-7f357de9f000 ---p 00000000 00:00 0 
7f357de9f000-7f357df9d000 rw-p 00000000 00:00 0 
7f357df9d000-7f357dfa0000 ---p 00000000 00:00 0 
7f357dfa0000-7f357e09e000 rw-p 00000000 00:00 0 
7f357e09e000-7f357e0a0000 r--s 00001000 08:02 6042325                    /home/julian/idea-IC-192.6817.14/plugins/java/lib/rt/debugger-agent-storage.jar
7f357e0a2000-7f357e0a9000 r--s 00066000 08:02 6042326                    /home/julian/idea-IC-192.6817.14/plugins/java/lib/rt/debugger-agent.jar
7f357e0a9000-7f357e0ab000 r--s 0001b000 08:02 5640425                    /home/julian/idea-IC-192.6817.14/lib/idea_rt.jar
7f357e0ab000-7f357e0ba000 r--s 00098000 08:02 11430087                   /home/julian/.m2/repository/org/jscience/jscience/4.3.1/jscience-4.3.1.jar
7f357e0ba000-7f357e0bc000 r--s 00006000 08:02 8792158                    /home/julian/.m2/repository/org/slf4j/slf4j-api/1.7.6/slf4j-api-1.7.6.jar
7f357e0bc000-7f357e0c6000 r--s 0005f000 08:02 11430092                   /home/julian/.m2/repository/ch/qos/logback/logback-core/1.1.2/logback-core-1.1.2.jar
7f357e0c6000-7f357e0cc000 r--s 0003d000 08:02 11430085                   /home/julian/.m2/repository/ch/qos/logback/logback-classic/1.1.2/logback-classic-1.1.2.jar
7f357e0cc000-7f357e0e9000 r--s 0013e000 08:02 13507302                   /home/julian/.m2/repository/de/monticore/lang/monticar/embedded-montiarc-dynamics/0.0.4-SNAPSHOT/embedded-montiarc-dynamics-0.0.4-20191030.155723-6.jar
7f357e0e9000-7f357e0f3000 r--s 00080000 08:02 14177689                   /home/julian/.m2/repository/de/monticore/lang/math-opt/0.1.1-SNAPSHOT/math-opt-0.1.1-20190823.135259-8.jar
7f357e0f3000-7f357e0f9000 r--s 00033000 08:02 11684162                   /home/julian/.m2/repository/com/google/code/gson/gson/2.6.2/gson-2.6.2.jar
7f357e0f9000-7f357e0fe000 r--s 00046000 08:02 11684160                   /home/julian/.m2/repository/org/apache/commons/commons-lang3/3.0/commons-lang3-3.0.jar
7f357e0fe000-7f357e103000 r--s 00043000 08:02 11684164                   /home/julian/.m2/repository/it/unibo/alice/tuprolog/tuprolog/3.2.1/tuprolog-3.2.1.jar
7f357e103000-7f357e12a000 r--s 001f6000 08:02 11572093                   /home/julian/.m2/repository/org/apache/commons/commons-math3/3.6.1/commons-math3-3.6.1.jar
7f357e12a000-7f357e138000 r--s 000c4000 08:02 11572143                   /home/julian/.m2/repository/de/monticore/lang/math/0.0.19-SNAPSHOT/math-0.0.19-20190823.134505-5.jar
7f357e138000-7f357e13a000 r--s 00011000 08:02 14040120                   /home/julian/.m2/repository/de/monticore/lang/monticar/embedded-montiarc-behaviour/0.0.16-SNAPSHOT/embedded-montiarc-behaviour-0.0.16-20190823.132417-4.jar
7f357e13a000-7f357e142000 r--s 00055000 08:02 12452437                   /home/julian/.m2/repository/de/monticore/lang/monticar/enum/0.0.14-SNAPSHOT/enum-0.0.14-20191030.154731-5.jar
7f357e142000-7f357e14a000 r--s 00057000 08:02 12339496                   /home/julian/.m2/repository/de/monticore/lang/monticar/struct/0.0.18-SNAPSHOT/struct-0.0.18-20191030.155421-5.jar
7f357e14a000-7f357e158000 r--s 000ba000 08:02 13787375                   /home/julian/.m2/repository/de/monticore/lang/Tagging/0.0.6/Tagging-0.0.6.jar
7f357e158000-7f357e167000 r--s 000a3000 08:02 12206231                   /home/julian/.m2/repository/de/monticore/lang/monticar/embedded-montiarc/0.1.9-SNAPSHOT/embedded-montiarc-0.1.9-20190130.143827-2.jar
7f357e167000-7f357e168000 r--s 00000000 08:02 8792151                    /home/julian/.m2/repository/javax/inject/javax.inject/1/javax.inject-1.jar
7f357e168000-7f357e16a000 r--s 0000e000 08:02 8792163                    /home/julian/.m2/repository/de/se_rwth/commons/se-commons-utilities/1.7.8/se-commons-utilities-1.7.8.jar
7f357e16a000-7f357e16e000 r--s 00031000 08:02 10769129                   /home/julian/.m2/repository/commons-io/commons-io/2.6/commons-io-2.6.jar
7f357e16e000-7f357e17e000 r--s 000d0000 08:02 14962514                   /home/julian/.m2/repository/de/monticore/lang/monticar/embedded-montiarc-deeplearning/0.2.10-SNAPSHOT/embedded-montiarc-deeplearning-0.2.10-SNAPSHOT.jar
7f357e17e000-7f357e1ab000 r--s 00223000 08:02 11572095                   /home/julian/.m2/repository/de/monticore/lang/monticar/common-monticar/0.0.14-SNAPSHOT/common-monticar-0.0.14-20180704.113055-2.jar
7f357e1ab000-7f357e1af000 r--s 00031000 08:02 9190914                    /home/julian/.m2/repository/jline/jline/2.12/jline-2.12.jar
7f357e1af000-7f357e1f8000 r--s 003fb000 08:02 9190912                    /home/julian/.m2/repository/org/codehaus/groovy/groovy/2.3.7/groovy-2.3.7.jar
7f357e1f8000-7f357e1f9000 r--s 00001000 08:02 9190910                    /home/julian/.m2/repository/de/se_rwth/commons/se-commons-groovy/1.7.8/se-commons-groovy-1.7.8.jar
7f357e1f9000-7f357e219000 r--s 0016d000 08:02 8792150                    /home/julian/.m2/repository/de/monticore/monticore-grammar/5.0.1/monticore-grammar-5.0.1.jar
7f357e219000-7f357e21d000 r--s 0000f000 08:02 8792171                    /home/julian/.m2/repository/com/google/code/findbugs/annotations/2.0.1/annotations-2.0.1.jar
7f357e21d000-7f357e227000 r--s 000a5000 08:02 8792169                    /home/julian/.m2/repository/org/javassist/javassist/3.18.2-GA/javassist-3.18.2-GA.jar
7f357e227000-7f357e22a000 r--s 00020000 08:02 8792183                    /home/julian/.m2/repository/org/reflections/reflections/0.9.9/reflections-0.9.9.jar
7f357e22a000-7f357e230000 r--s 00045000 08:02 8792157                    /home/julian/.m2/repository/de/monticore/monticore-runtime/5.0.1/monticore-runtime-5.0.1.jar
7f357e230000-7f357e231000 r--s 00002000 08:02 8671133                    /home/julian/.m2/repository/de/se_rwth/commons/se-commons-logging/1.7.8/se-commons-logging-1.7.8.jar
7f357e231000-7f357e255000 r--s 001c6000 08:02 14962194                   /home/julian/.m2/repository/de/monticore/lang/monticar/cnn-train/0.3.8-SNAPSHOT/cnn-train-0.3.8-SNAPSHOT.jar
7f357e255000-7f357e257000 r--s 00007000 08:02 14962504                   /home/julian/.m2/repository/de/monticore/lang/monticar/cnnarch-caffe2-generator/0.2.13-SNAPSHOT/cnnarch-caffe2-generator-0.2.13-20190822.142645-2.jar
7f357e257000-7f357e259000 r--s 00006000 08:02 14962500                   /home/julian/.m2/repository/de/monticore/lang/monticar/cnnarch-tensorflow-generator/0.1.0-SNAPSHOT/cnnarch-tensorflow-generator-0.1.0-20190926.141015-1.jar
7f357e259000-7f357e25c000 r--s 00010000 08:02 14962275                   /home/julian/.m2/repository/de/monticore/lang/monticar/embedded-montiarc-emadl-pythonwrapper-generator/0.0.2-SNAPSHOT/embedded-montiarc-emadl-pythonwrapper-generator-0.0.2-SNAPSHOT.jar
7f357e25c000-7f357e260000 r--s 00015000 08:02 14962510                   /home/julian/.m2/repository/de/monticore/lang/monticar/cnnarch-gluon-generator/0.2.9-SNAPSHOT/cnnarch-gluon-generator-0.2.9-SNAPSHOT.jar
7f357e260000-7f357e262000 r--s 00005000 08:02 14962496                   /home/julian/.m2/repository/de/monticore/lang/monticar/cnnarch-mxnet-generator/0.2.17-SNAPSHOT/cnnarch-mxnet-generator-0.2.17-20191104.171511-3.jar
7f357e262000-7f357e264000 r--s 00003000 08:02 14962242                   /home/julian/.m2/repository/com/github/stefanbirkner/system-rules/1.3.0/system-rules-1.3.0.jar
7f357e264000-7f357e267000 r--s 0000f000 08:02 10897384                   /home/julian/.m2/repository/de/monticore/lang/NumberUnit/0.0.11/NumberUnit-0.0.11.jar
7f357e267000-7f357e27b000 r--s 0010c000 08:02 11572134                   /home/julian/.m2/repository/de/monticore/lang/monticar/cnn-arch/0.3.3-SNAPSHOT/cnn-arch-0.3.3-SNAPSHOT.jar
7f357e27b000-7f357e27d000 r--s 00008000 08:02 11430122                   /home/julian/.m2/repository/de/monticore/lang/monticar/cnnarch-generator/0.0.4-SNAPSHOT/cnnarch-generator-0.0.4-SNAPSHOT.jar
7f357e27d000-7f357e27f000 r--s 0000c000 08:02 11811271                   /home/julian/.m2/repository/commons-cli/commons-cli/1.4/commons-cli-1.4.jar
7f357e27f000-7f357e297000 r--s 00132000 08:02 8792165                    /home/julian/.m2/repository/org/freemarker/freemarker/2.3.23/freemarker-2.3.23.jar
7f357e297000-7f357e299000 r--s 00003000 08:02 14962245                   /home/julian/.m2/repository/de/monticore/monticore-grammar/4.5.2/monticore-grammar-4.5.2-grammars.jar
7f357e299000-7f357e29e000 r--s 0002c000 08:02 11168243                   /home/julian/.m2/repository/org/eclipse/emf/org.eclipse.emf.compare.diff/1.2.0/org.eclipse.emf.compare.diff-1.2.0.jar
7f357e29e000-7f357e2a2000 r--s 00022000 08:02 11168254                   /home/julian/.m2/repository/org/eclipse/emf/org.eclipse.emf.compare.match/1.2.0/org.eclipse.emf.compare.match-1.2.0.jar
7f357e2a2000-7f357e2a3000 r--s 0000b000 08:02 11168252                   /home/julian/.m2/repository/org/eclipse/emf/org.eclipse.emf.compare/1.2.0/org.eclipse.emf.compare-1.2.0.jar
7f357e2a3000-7f357e2bb000 r--s 00152000 08:02 10897417                   /home/julian/.m2/repository/org/antlr/antlr4/4.5.1/antlr4-4.5.1.jar
7f357e2bb000-7f357e2bc000 r--s 00003000 08:02 14962237                   /home/julian/.m2/repository/de/monticore/monticore-emf-runtime/4.5.2/monticore-emf-runtime-4.5.2.jar
7f357e2bc000-7f357e2c0000 r--s 0002e000 08:02 11168258                   /home/julian/.m2/repository/org/mod4j/org/eclipse/emf/common/2.5.0/common-2.5.0.jar
7f357e2c0000-7f357e2c4000 r--s 00032000 08:02 11168250                   /home/julian/.m2/repository/org/mod4j/org/eclipse/emf/ecore/xmi/2.5.0/xmi-2.5.0.jar
7f357e2c4000-7f357e2c6000 r--s 00012000 08:02 11168248                   /home/julian/.m2/repository/org/mod4j/org/eclipse/equinox/app/1.2.0/app-1.2.0.jar
7f357e2c6000-7f357e2c9000 r--s 00013000 08:02 11168246                   /home/julian/.m2/repository/org/mod4j/org/eclipse/core/contenttype/3.4.0/contenttype-3.4.0.jar
7f357e2c9000-7f357e2cc000 r--s 00017000 08:02 11168244                   /home/julian/.m2/repository/org/mod4j/org/eclipse/equinox/preferences/3.2.300/preferences-3.2.300.jar
7f357e2cc000-7f357e2d0000 r--s 00027000 08:02 11168242                   /home/julian/.m2/repository/org/mod4j/org/eclipse/equinox/registry/3.4.100/registry-3.4.100.jar
7f357e2d0000-7f357e2d2000 r--s 00012000 08:02 11034795                   /home/julian/.m2/repository/org/mod4j/org/eclipse/core/jobs/3.4.100/jobs-3.4.100.jar
7f357e2d2000-7f357e2d5000 r--s 00016000 08:02 11034793                   /home/julian/.m2/repository/org/mod4j/org/eclipse/equinox/common/3.5.0/common-3.5.0.jar
7f357e2d5000-7f357e2e6000 r--s 00102000 08:02 11034791                   /home/julian/.m2/repository/org/mod4j/org/eclipse/osgi/3.5.0/osgi-3.5.0.jar
7f357e2e6000-7f357e2e8000 r--s 00010000 08:02 11034789                   /home/julian/.m2/repository/org/mod4j/org/eclipse/core/runtime/3.5.0/runtime-3.5.0.jar
7f357e2e8000-7f357e2eb000 ---p 00000000 00:00 0 
7f357e2eb000-7f357e3e9000 rw-p 00000000 00:00 0 
7f357e3e9000-7f357e3ec000 ---p 00000000 00:00 0 
7f357e3ec000-7f357e4ea000 rw-p 00000000 00:00 0 
7f357e4ea000-7f357e4ed000 ---p 00000000 00:00 0 
7f357e4ed000-7f357e5eb000 rw-p 00000000 00:00 0 
7f357e5eb000-7f357e5ef000 r-xp 00000000 08:02 5798603                    /usr/lib/jvm/java-8-openjdk-amd64/jre/lib/amd64/libdt_socket.so
7f357e5ef000-7f357e7ee000 ---p 00004000 08:02 5798603                    /usr/lib/jvm/java-8-openjdk-amd64/jre/lib/amd64/libdt_socket.so
7f357e7ee000-7f357e7ef000 r--p 00003000 08:02 5798603                    /usr/lib/jvm/java-8-openjdk-amd64/jre/lib/amd64/libdt_socket.so
7f357e7ef000-7f357e7f0000 rw-p 00004000 08:02 5798603                    /usr/lib/jvm/java-8-openjdk-amd64/jre/lib/amd64/libdt_socket.so
7f357e7f0000-7f357e7f3000 ---p 00000000 00:00 0 
7f357e7f3000-7f357e8f1000 rw-p 00000000 00:00 0 
7f357e8f1000-7f357e8f4000 ---p 00000000 00:00 0 
7f357e8f4000-7f357e9f2000 rw-p 00000000 00:00 0 
7f357e9f2000-7f357e9f5000 ---p 00000000 00:00 0 
7f357e9f5000-7f357eaf3000 rw-p 00000000 00:00 0 
7f357eaf3000-7f357eaf4000 ---p 00000000 00:00 0 
7f357eaf4000-7f3580000000 rw-p 00000000 00:00 0 
7f3580000000-7f3580021000 rw-p 00000000 00:00 0 
7f3580021000-7f3584000000 ---p 00000000 00:00 0 
7f3584000000-7f358400f000 r--s 000f3000 08:02 11034787                   /home/julian/.m2/repository/org/mod4j/org/eclipse/emf/ecore/2.5.0/ecore-2.5.0.jar
7f358400f000-7f3584025000 r--s 00147000 08:02 14695696                   /home/julian/.m2/repository/de/monticore/javaDSL/4.3.8/javaDSL-4.3.8.jar
7f3584025000-7f3584043000 r--s 00163000 08:02 14962253                   /home/julian/.m2/repository/montiarc/languages/common/4.0.1-SNAPSHOT/common-4.0.1-20170606.145240-123.jar
7f3584043000-7f358406e000 r--s 001fc000 08:02 8792174                    /home/julian/.m2/repository/com/google/guava/guava/18.0/guava-18.0.jar
7f358406e000-7f3588000000 rw-p 00000000 00:00 0 
7f3588000000-7f3588021000 rw-p 00000000 00:00 0 
7f3588021000-7f358c000000 ---p 00000000 00:00 0 
7f358c000000-7f358c003000 r--s 00006000 08:02 8792189                    /home/julian/.m2/repository/com/google/code/findbugs/jsr305/3.0.0/jsr305-3.0.0.jar
7f358c003000-7f358c013000 r--s 000bf000 08:02 14962239                   /home/julian/.m2/repository/montiarc/languages/tagging/4.0.1-SNAPSHOT/tagging-4.0.1-20170606.145243-123.jar
7f358c013000-7f358c025000 r--s 000db000 08:02 14962231                   /home/julian/.m2/repository/montiarc/languages/montiarc-fe/4.0.1-SNAPSHOT/montiarc-fe-4.0.1-20170606.145242-122.jar
7f358c025000-7f358c174000 rw-p 00000000 00:00 0 
7f358c174000-7f358c344000 r--s 03c5c000 08:02 5782333                    /usr/lib/jvm/java-8-openjdk-amd64/jre/lib/rt.jar
7f358c344000-7f358c793000 rw-p 00000000 00:00 0 
7f358c793000-7f358c794000 ---p 00000000 00:00 0 
7f358c794000-7f358c894000 rw-p 00000000 00:00 0 
7f358c894000-7f358c895000 ---p 00000000 00:00 0 
7f358c895000-7f358c9c1000 rw-p 00000000 00:00 0 
7f358c9c1000-7f358cc26000 ---p 00000000 00:00 0 
7f358cc26000-7f358cc52000 rw-p 00000000 00:00 0 
7f358cc52000-7f358ceb6000 ---p 00000000 00:00 0 
7f358ceb6000-7f358cf29000 rw-p 00000000 00:00 0 
7f358cf29000-7f358cfff000 ---p 00000000 00:00 0 
7f358cfff000-7f358d000000 rw-p 00000000 00:00 0 
7f358d000000-7f358d990000 rwxp 00000000 00:00 0 
7f358d990000-7f359c000000 ---p 00000000 00:00 0 
7f359c000000-7f359fffc000 rw-p 00000000 00:00 0 
7f359fffc000-7f35a0000000 ---p 00000000 00:00 0 
7f35a0000000-7f35a0001000 r--s 00004000 08:02 14962261                   /home/julian/.m2/repository/montiarc/languages/common/4.0.1-SNAPSHOT/common-4.0.1-20170606.145240-123-grammars.jar
7f35a0001000-7f35a0003000 r--s 00012000 08:02 14962243                   /home/julian/.m2/repository/de/monticore/lang/SIUnit/0.0.3-SNAPSHOT/SIUnit-0.0.3-20170518.205929-8.jar
7f35a0003000-7f35a0004000 r--s 00002000 08:02 14695700                   /home/julian/.m2/repository/de/monticore/javaDSL/4.3.8/javaDSL-4.3.8-grammars.jar
7f35a0004000-7f35a000e000 r--s 00076000 08:02 14962236                   /home/julian/.m2/repository/de/monticore/lang/cd4analysis/1.3.9/cd4analysis-1.3.9.jar
7f35a000e000-7f35a0020000 r--s 000ad000 08:02 12073264                   /home/julian/.m2/repository/de/monticore/lang/monticar/embedded-montiarc-math/0.1.11-SNAPSHOT/embedded-montiarc-math-0.1.11-20190827.142536-1.jar
7f35a0020000-7f35a002a000 r--s 00083000 08:02 11965306                   /home/julian/.m2/repository/de/monticore/lang/monticar/embedded-montiarc-math-generator/0.1.15-SNAPSHOT/embedded-montiarc-math-generator-0.1.15-SNAPSHOT.jar
7f35a002a000-7f35a003d000 r--s 00346000 08:02 5798619                    /usr/lib/jvm/java-8-openjdk-amd64/jre/lib/resources.jar
7f35a003d000-7f35a003e000 ---p 00000000 00:00 0 
7f35a003e000-7f35a013e000 rw-p 00000000 00:00 0 
7f35a013e000-7f35a013f000 ---p 00000000 00:00 0 
7f35a013f000-7f35a0266000 rw-p 00000000 00:00 0 
7f35a0266000-7f35a05ff000 ---p 00000000 00:00 0 
7f35a05ff000-7f35a0607000 r-xp 00000000 08:02 5782385                    /usr/lib/jvm/java-8-openjdk-amd64/jre/lib/amd64/libzip.so
7f35a0607000-7f35a0806000 ---p 00008000 08:02 5782385                    /usr/lib/jvm/java-8-openjdk-amd64/jre/lib/amd64/libzip.so
7f35a0806000-7f35a0807000 r--p 00007000 08:02 5782385                    /usr/lib/jvm/java-8-openjdk-amd64/jre/lib/amd64/libzip.so
7f35a0807000-7f35a0808000 rw-p 00008000 08:02 5782385                    /usr/lib/jvm/java-8-openjdk-amd64/jre/lib/amd64/libzip.so
7f35a0808000-7f35a0813000 r-xp 00000000 08:02 13375011                   /lib/x86_64-linux-gnu/libnss_files-2.23.so
7f35a0813000-7f35a0a12000 ---p 0000b000 08:02 13375011                   /lib/x86_64-linux-gnu/libnss_files-2.23.so
7f35a0a12000-7f35a0a13000 r--p 0000a000 08:02 13375011                   /lib/x86_64-linux-gnu/libnss_files-2.23.so
7f35a0a13000-7f35a0a14000 rw-p 0000b000 08:02 13375011                   /lib/x86_64-linux-gnu/libnss_files-2.23.so
7f35a0a14000-7f35a0a1a000 rw-p 00000000 00:00 0 
7f35a0a1a000-7f35a0a25000 r-xp 00000000 08:02 13375004                   /lib/x86_64-linux-gnu/libnss_nis-2.23.so
7f35a0a25000-7f35a0c24000 ---p 0000b000 08:02 13375004                   /lib/x86_64-linux-gnu/libnss_nis-2.23.so
7f35a0c24000-7f35a0c25000 r--p 0000a000 08:02 13375004                   /lib/x86_64-linux-gnu/libnss_nis-2.23.so
7f35a0c25000-7f35a0c26000 rw-p 0000b000 08:02 13375004                   /lib/x86_64-linux-gnu/libnss_nis-2.23.so
7f35a0c26000-7f35a0c3c000 r-xp 00000000 08:02 13375009                   /lib/x86_64-linux-gnu/libnsl-2.23.so
7f35a0c3c000-7f35a0e3b000 ---p 00016000 08:02 13375009                   /lib/x86_64-linux-gnu/libnsl-2.23.so
7f35a0e3b000-7f35a0e3c000 r--p 00015000 08:02 13375009                   /lib/x86_64-linux-gnu/libnsl-2.23.so
7f35a0e3c000-7f35a0e3d000 rw-p 00016000 08:02 13375009                   /lib/x86_64-linux-gnu/libnsl-2.23.so
7f35a0e3d000-7f35a0e3f000 rw-p 00000000 00:00 0 
7f35a0e3f000-7f35a0e47000 r-xp 00000000 08:02 13375015                   /lib/x86_64-linux-gnu/libnss_compat-2.23.so
7f35a0e47000-7f35a1046000 ---p 00008000 08:02 13375015                   /lib/x86_64-linux-gnu/libnss_compat-2.23.so
7f35a1046000-7f35a1047000 r--p 00007000 08:02 13375015                   /lib/x86_64-linux-gnu/libnss_compat-2.23.so
7f35a1047000-7f35a1048000 rw-p 00008000 08:02 13375015                   /lib/x86_64-linux-gnu/libnss_compat-2.23.so
7f35a1048000-7f35a1052000 r-xp 00000000 08:02 5798606                    /usr/lib/jvm/java-8-openjdk-amd64/jre/lib/amd64/libinstrument.so
7f35a1052000-7f35a1251000 ---p 0000a000 08:02 5798606                    /usr/lib/jvm/java-8-openjdk-amd64/jre/lib/amd64/libinstrument.so
7f35a1251000-7f35a1252000 r--p 00009000 08:02 5798606                    /usr/lib/jvm/java-8-openjdk-amd64/jre/lib/amd64/libinstrument.so
7f35a1252000-7f35a1253000 rw-p 0000a000 08:02 5798606                    /usr/lib/jvm/java-8-openjdk-amd64/jre/lib/amd64/libinstrument.so
7f35a1253000-7f35a16a9000 r--p 00000000 08:02 5768131                    /usr/lib/locale/locale-archive
7f35a16a9000-7f35a16ab000 r-xp 00000000 08:02 5798615                    /usr/lib/jvm/java-8-openjdk-amd64/jre/lib/amd64/libnpt.so
7f35a16ab000-7f35a18ab000 ---p 00002000 08:02 5798615                    /usr/lib/jvm/java-8-openjdk-amd64/jre/lib/amd64/libnpt.so
7f35a18ab000-7f35a18ac000 r--p 00002000 08:02 5798615                    /usr/lib/jvm/java-8-openjdk-amd64/jre/lib/amd64/libnpt.so
7f35a18ac000-7f35a18ad000 rw-p 00003000 08:02 5798615                    /usr/lib/jvm/java-8-openjdk-amd64/jre/lib/amd64/libnpt.so
7f35a18ad000-7f35a18e7000 r-xp 00000000 08:02 5782370                    /usr/lib/jvm/java-8-openjdk-amd64/jre/lib/amd64/libjdwp.so
7f35a18e7000-7f35a1ae7000 ---p 0003a000 08:02 5782370                    /usr/lib/jvm/java-8-openjdk-amd64/jre/lib/amd64/libjdwp.so
7f35a1ae7000-7f35a1ae8000 r--p 0003a000 08:02 5782370                    /usr/lib/jvm/java-8-openjdk-amd64/jre/lib/amd64/libjdwp.so
7f35a1ae8000-7f35a1ae9000 rw-p 0003b000 08:02 5782370                    /usr/lib/jvm/java-8-openjdk-amd64/jre/lib/amd64/libjdwp.so
7f35a1ae9000-7f35a1b12000 r-xp 00000000 08:02 5782368                    /usr/lib/jvm/java-8-openjdk-amd64/jre/lib/amd64/libjava.so
7f35a1b12000-7f35a1d11000 ---p 00029000 08:02 5782368                    /usr/lib/jvm/java-8-openjdk-amd64/jre/lib/amd64/libjava.so
7f35a1d11000-7f35a1d12000 r--p 00028000 08:02 5782368                    /usr/lib/jvm/java-8-openjdk-amd64/jre/lib/amd64/libjava.so
7f35a1d12000-7f35a1d14000 rw-p 00029000 08:02 5782368                    /usr/lib/jvm/java-8-openjdk-amd64/jre/lib/amd64/libjava.so
7f35a1d14000-7f35a1d23000 r-xp 00000000 08:02 5798600                    /usr/lib/jvm/java-8-openjdk-amd64/jre/lib/amd64/libverify.so
7f35a1d23000-7f35a1f22000 ---p 0000f000 08:02 5798600                    /usr/lib/jvm/java-8-openjdk-amd64/jre/lib/amd64/libverify.so
7f35a1f22000-7f35a1f24000 r--p 0000e000 08:02 5798600                    /usr/lib/jvm/java-8-openjdk-amd64/jre/lib/amd64/libverify.so
7f35a1f24000-7f35a1f25000 rw-p 00010000 08:02 5798600                    /usr/lib/jvm/java-8-openjdk-amd64/jre/lib/amd64/libverify.so
7f35a1f25000-7f35a1f2c000 r-xp 00000000 08:02 13373789                   /lib/x86_64-linux-gnu/librt-2.23.so
7f35a1f2c000-7f35a212b000 ---p 00007000 08:02 13373789                   /lib/x86_64-linux-gnu/librt-2.23.so
7f35a212b000-7f35a212c000 r--p 00006000 08:02 13373789                   /lib/x86_64-linux-gnu/librt-2.23.so
7f35a212c000-7f35a212d000 rw-p 00007000 08:02 13373789                   /lib/x86_64-linux-gnu/librt-2.23.so
7f35a212d000-7f35a2143000 r-xp 00000000 08:02 13373943                   /lib/x86_64-linux-gnu/libgcc_s.so.1
7f35a2143000-7f35a2342000 ---p 00016000 08:02 13373943                   /lib/x86_64-linux-gnu/libgcc_s.so.1
7f35a2342000-7f35a2343000 rw-p 00015000 08:02 13373943                   /lib/x86_64-linux-gnu/libgcc_s.so.1
7f35a2343000-7f35a244b000 r-xp 00000000 08:02 13375017                   /lib/x86_64-linux-gnu/libm-2.23.so
7f35a244b000-7f35a264a000 ---p 00108000 08:02 13375017                   /lib/x86_64-linux-gnu/libm-2.23.so
7f35a264a000-7f35a264b000 r--p 00107000 08:02 13375017                   /lib/x86_64-linux-gnu/libm-2.23.so
7f35a264b000-7f35a264c000 rw-p 00108000 08:02 13375017                   /lib/x86_64-linux-gnu/libm-2.23.so
7f35a264c000-7f35a27be000 r-xp 00000000 08:02 5767405                    /usr/lib/x86_64-linux-gnu/libstdc++.so.6.0.21
7f35a27be000-7f35a29be000 ---p 00172000 08:02 5767405                    /usr/lib/x86_64-linux-gnu/libstdc++.so.6.0.21
7f35a29be000-7f35a29c8000 r--p 00172000 08:02 5767405                    /usr/lib/x86_64-linux-gnu/libstdc++.so.6.0.21
7f35a29c8000-7f35a29ca000 rw-p 0017c000 08:02 5767405                    /usr/lib/x86_64-linux-gnu/libstdc++.so.6.0.21
7f35a29ca000-7f35a29ce000 rw-p 00000000 00:00 0 
7f35a29ce000-7f35a3632000 r-xp 00000000 08:02 5798611                    /usr/lib/jvm/java-8-openjdk-amd64/jre/lib/amd64/server/libjvm.so
7f35a3632000-7f35a3831000 ---p 00c64000 08:02 5798611                    /usr/lib/jvm/java-8-openjdk-amd64/jre/lib/amd64/server/libjvm.so
7f35a3831000-7f35a38c5000 r--p 00c63000 08:02 5798611                    /usr/lib/jvm/java-8-openjdk-amd64/jre/lib/amd64/server/libjvm.so
7f35a38c5000-7f35a38ee000 rw-p 00cf7000 08:02 5798611                    /usr/lib/jvm/java-8-openjdk-amd64/jre/lib/amd64/server/libjvm.so
7f35a38ee000-7f35a391e000 rw-p 00000000 00:00 0 
7f35a391e000-7f35a3936000 r-xp 00000000 08:02 13373873                   /lib/x86_64-linux-gnu/libpthread-2.23.so
7f35a3936000-7f35a3b35000 ---p 00018000 08:02 13373873                   /lib/x86_64-linux-gnu/libpthread-2.23.so
7f35a3b35000-7f35a3b36000 r--p 00017000 08:02 13373873                   /lib/x86_64-linux-gnu/libpthread-2.23.so
7f35a3b36000-7f35a3b37000 rw-p 00018000 08:02 13373873                   /lib/x86_64-linux-gnu/libpthread-2.23.so
7f35a3b37000-7f35a3b3b000 rw-p 00000000 00:00 0 
7f35a3b3b000-7f35a3b3e000 r-xp 00000000 08:02 13373864                   /lib/x86_64-linux-gnu/libdl-2.23.so
7f35a3b3e000-7f35a3d3d000 ---p 00003000 08:02 13373864                   /lib/x86_64-linux-gnu/libdl-2.23.so
7f35a3d3d000-7f35a3d3e000 r--p 00002000 08:02 13373864                   /lib/x86_64-linux-gnu/libdl-2.23.so
7f35a3d3e000-7f35a3d3f000 rw-p 00003000 08:02 13373864                   /lib/x86_64-linux-gnu/libdl-2.23.so
7f35a3d3f000-7f35a3d58000 r-xp 00000000 08:02 13369373                   /lib/x86_64-linux-gnu/libz.so.1.2.8
7f35a3d58000-7f35a3f57000 ---p 00019000 08:02 13369373                   /lib/x86_64-linux-gnu/libz.so.1.2.8
7f35a3f57000-7f35a3f58000 r--p 00018000 08:02 13369373                   /lib/x86_64-linux-gnu/libz.so.1.2.8
7f35a3f58000-7f35a3f59000 rw-p 00019000 08:02 13369373                   /lib/x86_64-linux-gnu/libz.so.1.2.8
7f35a3f59000-7f35a4119000 r-xp 00000000 08:02 13375014                   /lib/x86_64-linux-gnu/libc-2.23.so
7f35a4119000-7f35a4319000 ---p 001c0000 08:02 13375014                   /lib/x86_64-linux-gnu/libc-2.23.so
7f35a4319000-7f35a431d000 r--p 001c0000 08:02 13375014                   /lib/x86_64-linux-gnu/libc-2.23.so
7f35a431d000-7f35a431f000 rw-p 001c4000 08:02 13375014                   /lib/x86_64-linux-gnu/libc-2.23.so
7f35a431f000-7f35a4323000 rw-p 00000000 00:00 0 
7f35a4323000-7f35a4330000 r-xp 00000000 08:02 5782377                    /usr/lib/jvm/java-8-openjdk-amd64/jre/lib/amd64/jli/libjli.so
7f35a4330000-7f35a452f000 ---p 0000d000 08:02 5782377                    /usr/lib/jvm/java-8-openjdk-amd64/jre/lib/amd64/jli/libjli.so
7f35a452f000-7f35a4530000 r--p 0000c000 08:02 5782377                    /usr/lib/jvm/java-8-openjdk-amd64/jre/lib/amd64/jli/libjli.so
7f35a4530000-7f35a4531000 rw-p 0000d000 08:02 5782377                    /usr/lib/jvm/java-8-openjdk-amd64/jre/lib/amd64/jli/libjli.so
7f35a4531000-7f35a4557000 r-xp 00000000 08:02 13373868                   /lib/x86_64-linux-gnu/ld-2.23.so
7f35a4557000-7f35a4558000 r--s 00001000 08:02 14962251                   /home/julian/.m2/repository/montiarc/languages/montiarc-fe/4.0.1-SNAPSHOT/montiarc-fe-4.0.1-20170606.145242-122-grammars.jar
7f35a4558000-7f35a4559000 r--s 00001000 08:02 14962257                   /home/julian/.m2/repository/montiarc/languages/tagging/4.0.1-SNAPSHOT/tagging-4.0.1-20170606.145243-123-grammars.jar
7f35a4559000-7f35a455d000 r--s 00026000 08:02 14962229                   /home/julian/.m2/repository/montiarc/verification/montiarc-execution-order/4.0.1-SNAPSHOT/montiarc-execution-order-4.0.1-20170606.145246-121.jar
7f35a455d000-7f35a4560000 r--s 0000e000 08:02 11963393                   /home/julian/.m2/repository/de/monticore/lang/monticar/embedded-montiarc-math-opt-generator/0.1.4/embedded-montiarc-math-opt-generator-0.1.4.jar
7f35a4560000-7f35a4567000 r--s 0004c000 08:02 5785185                    /home/julian/.m2/repository/org/antlr/antlr4-runtime/4.7.1/antlr4-runtime-4.7.1.jar
7f35a4567000-7f35a4568000 r--s 00000000 08:02 5782353                    /usr/lib/jvm/java-8-openjdk-amd64/jre/lib/management-agent.jar
7f35a4568000-7f35a456d000 r--s 000a3000 08:02 5798618                    /usr/lib/jvm/java-8-openjdk-amd64/jre/lib/jsse.jar
7f35a456d000-7f35a456f000 r--s 00016000 08:02 5782342                    /usr/lib/jvm/java-8-openjdk-amd64/jre/lib/jce.jar
7f35a456f000-7f35a4574000 r--s 002f9000 08:02 5798616                    /usr/lib/jvm/java-8-openjdk-amd64/jre/lib/charsets.jar
7f35a4574000-7f35a458f000 r--s 001d6000 08:02 5782345                    /usr/lib/jvm/java-8-openjdk-amd64/jre/lib/ext/nashorn.jar
7f35a458f000-7f35a4599000 r--s 00116000 08:02 5782352                    /usr/lib/jvm/java-8-openjdk-amd64/jre/lib/ext/localedata.jar
7f35a4599000-7f35a459e000 r--s 0003c000 08:02 5782350                    /usr/lib/jvm/java-8-openjdk-amd64/jre/lib/ext/sunjce_provider.jar
7f35a459e000-7f35a45a1000 r--s 0000f000 08:02 5782344                    /usr/lib/jvm/java-8-openjdk-amd64/jre/lib/ext/icedtea-sound.jar
7f35a45a1000-7f35a4623000 rw-p 00000000 00:00 0 
7f35a4623000-7f35a4626000 ---p 00000000 00:00 0 
7f35a4626000-7f35a4728000 rw-p 00000000 00:00 0 
7f35a4728000-7f35a472a000 r--s 00001000 08:02 5782349                    /usr/lib/jvm/java-8-openjdk-amd64/jre/lib/ext/dnsns.jar
7f35a472a000-7f35a472d000 r--s 00039000 08:02 5782347                    /usr/lib/jvm/java-8-openjdk-amd64/jre/lib/ext/sunpkcs11.jar
7f35a472d000-7f35a472e000 r--s 00010000 08:02 5782351                    /usr/lib/jvm/java-8-openjdk-amd64/jre/lib/ext/zipfs.jar
7f35a472e000-7f35a472f000 r--s 0000d000 08:02 5782343                    /usr/lib/jvm/java-8-openjdk-amd64/jre/lib/ext/sunec.jar
7f35a472f000-7f35a4730000 r--s 0000a000 08:02 5782346                    /usr/lib/jvm/java-8-openjdk-amd64/jre/lib/ext/jaccess.jar
7f35a4730000-7f35a474b000 r--s 00394000 08:02 5782348                    /usr/lib/jvm/java-8-openjdk-amd64/jre/lib/ext/cldrdata.jar
7f35a474b000-7f35a4753000 rw-s 00000000 08:02 12603618                   /tmp/hsperfdata_julian/15415
7f35a4753000-7f35a4754000 rw-p 00000000 00:00 0 
7f35a4754000-7f35a4755000 r--p 00000000 00:00 0 
7f35a4755000-7f35a4756000 rw-p 00000000 00:00 0 
7f35a4756000-7f35a4757000 r--p 00025000 08:02 13373868                   /lib/x86_64-linux-gnu/ld-2.23.so
7f35a4757000-7f35a4758000 rw-p 00026000 08:02 13373868                   /lib/x86_64-linux-gnu/ld-2.23.so
7f35a4758000-7f35a4759000 rw-p 00000000 00:00 0 
7ffc8f14f000-7ffc8f172000 rw-p 00000000 00:00 0                          [stack]
7ffc8f1c3000-7ffc8f1c6000 r--p 00000000 00:00 0                          [vvar]
7ffc8f1c6000-7ffc8f1c8000 r-xp 00000000 00:00 0                          [vdso]
ffffffffff600000-ffffffffff601000 r-xp 00000000 00:00 0                  [vsyscall]

VM Arguments:
jvm_args: -agentlib:jdwp=transport=dt_socket,address=127.0.0.1:55421,suspend=y,server=n -javaagent:/home/julian/idea-IC-192.6817.14/plugins/java/lib/rt/debugger-agent.jar -Dfile.encoding=UTF-8 
java_command: de.monticore.lang.monticar.emadl.generator.EMADLGeneratorCli -m ../../layersaddition2/mnistgenerator/gluon/src/emadl/models -r cNNCalculator.Connector -o target -b GLUON
java_class_path (initial): /usr/lib/jvm/java-8-openjdk-amd64/jre/lib/charsets.jar:/usr/lib/jvm/java-8-openjdk-amd64/jre/lib/ext/cldrdata.jar:/usr/lib/jvm/java-8-openjdk-amd64/jre/lib/ext/dnsns.jar:/usr/lib/jvm/java-8-openjdk-amd64/jre/lib/ext/icedtea-sound.jar:/usr/lib/jvm/java-8-openjdk-amd64/jre/lib/ext/jaccess.jar:/usr/lib/jvm/java-8-openjdk-amd64/jre/lib/ext/localedata.jar:/usr/lib/jvm/java-8-openjdk-amd64/jre/lib/ext/nashorn.jar:/usr/lib/jvm/java-8-openjdk-amd64/jre/lib/ext/sunec.jar:/usr/lib/jvm/java-8-openjdk-amd64/jre/lib/ext/sunjce_provider.jar:/usr/lib/jvm/java-8-openjdk-amd64/jre/lib/ext/sunpkcs11.jar:/usr/lib/jvm/java-8-openjdk-amd64/jre/lib/ext/zipfs.jar:/usr/lib/jvm/java-8-openjdk-amd64/jre/lib/jce.jar:/usr/lib/jvm/java-8-openjdk-amd64/jre/lib/jsse.jar:/usr/lib/jvm/java-8-openjdk-amd64/jre/lib/management-agent.jar:/usr/lib/jvm/java-8-openjdk-amd64/jre/lib/resources.jar:/usr/lib/jvm/java-8-openjdk-amd64/jre/lib/rt.jar:/home/julian/Dropbox/Dokumente/bachelorarbeit/pipeline/EMADL2CPP/target/classes:/home/julian/.m2/repository/org/antlr/antlr4-runtime/4.7.1/antlr4-runtime-4.7.1.jar:/home/julian/.m2/repository/com/google/guava/guava/18.0/guava-18.0.jar:/home/julian/.m2/repository/de/monticore/lang/monticar/embedded-montiarc-math-opt-generator/0.1.4/embedded-montiarc-math-opt-generator-0.1.4.jar:/home/julian/.m2/repository/de/monticore/lang/monticar/embedded-montiarc-math-generator/0.1.15-SNAPSHOT/embedded-montiarc-math-generator-0.1.15-SNAPSHOT.jar:/home/julian/.m2/repository/de/monticore/lang/monticar/embedded-montiarc-math/0.1.11-SNAPSHOT/embedded-montiarc-math-0.1.11-20190827.142536-1.jar:/home/julian/.m2/repository/montiarc/verification/montiarc-execution-order/4.0.1-SNAPSHOT/montiarc-execution-order-4.0.1-20170606.145246-121.jar:/home/julian/.m2/repository/montiarc/languages/montiarc-fe/4.0.1-SNAPSHOT/montiarc-fe-4.0.1-20170606.145242-122.jar:/home/julian/.m2/repository/montiarc/languages/tagging/4.0.1-SNAPSHOT/tagging-4.0.1-20170606.145243-123.jar:/
Launcher Type: SUN_STANDARD

Environment Variables:
PATH=/home/julian/bin:/home/julian/.local/bin:/usr/local/sbin:/usr/local/bin:/usr/sbin:/usr/bin:/sbin:/bin:/usr/games:/usr/local/games:/home/julian/apache-maven-3.6.2/bin
USERNAME=julian
SHELL=/bin/bash
DISPLAY=:0

Signal Handlers:
SIGSEGV: [libjvm.so+0xa783e0], sa_mask[0]=11111111011111111101111111111110, sa_flags=SA_RESTART|SA_SIGINFO
SIGBUS: [libjvm.so+0xa783e0], sa_mask[0]=11111111011111111101111111111110, sa_flags=SA_RESTART|SA_SIGINFO
SIGFPE: [libjvm.so+0x8c0e10], sa_mask[0]=11111111011111111101111111111110, sa_flags=SA_RESTART|SA_SIGINFO
SIGPIPE: [libjvm.so+0x8c0e10], sa_mask[0]=11111111011111111101111111111110, sa_flags=SA_RESTART|SA_SIGINFO
SIGXFSZ: [libjvm.so+0x8c0e10], sa_mask[0]=11111111011111111101111111111110, sa_flags=SA_RESTART|SA_SIGINFO
SIGILL: [libjvm.so+0x8c0e10], sa_mask[0]=11111111011111111101111111111110, sa_flags=SA_RESTART|SA_SIGINFO
SIGUSR1: SIG_DFL, sa_mask[0]=00000000000000000000000000000000, sa_flags=none
SIGUSR2: [libjvm.so+0x8c0cc0], sa_mask[0]=00100000000000000000000000000000, sa_flags=SA_RESTART|SA_SIGINFO
SIGHUP: [libjvm.so+0x8c1350], sa_mask[0]=11111111011111111101111111111110, sa_flags=SA_RESTART|SA_SIGINFO
SIGINT: [libjvm.so+0x8c1350], sa_mask[0]=11111111011111111101111111111110, sa_flags=SA_RESTART|SA_SIGINFO
SIGTERM: [libjvm.so+0x8c1350], sa_mask[0]=11111111011111111101111111111110, sa_flags=SA_RESTART|SA_SIGINFO
SIGQUIT: [libjvm.so+0x8c1350], sa_mask[0]=11111111011111111101111111111110, sa_flags=SA_RESTART|SA_SIGINFO


---------------  S Y S T E M  ---------------

OS:DISTRIB_ID=LinuxMint
DISTRIB_RELEASE=18.3
DISTRIB_CODENAME=sylvia
DISTRIB_DESCRIPTION="Linux Mint 18.3 Sylvia"

uname:Linux 4.15.0-72-generic #81~16.04.1-Ubuntu SMP Tue Nov 26 16:34:21 UTC 2019 x86_64
libc:glibc 2.23 NPTL 2.23 
rlimit: STACK 8192k, CORE 0k, NPROC 30855, NOFILE 1048576, AS infinity
load average:1,86 1,86 2,13

/proc/meminfo:
MemTotal:        8062532 kB
MemFree:         2338780 kB
MemAvailable:    3606980 kB
Buffers:          208960 kB
Cached:          1800164 kB
SwapCached:       128448 kB
Active:          3984268 kB
Inactive:        1438564 kB
Active(anon):    3146784 kB
Inactive(anon):   829844 kB
Active(file):     837484 kB
Inactive(file):   608720 kB
Unevictable:           0 kB
Mlocked:               0 kB
SwapTotal:       8282108 kB
SwapFree:        5104648 kB
Dirty:              8200 kB
Writeback:             0 kB
AnonPages:       3383504 kB
Mapped:           493308 kB
Shmem:            563164 kB
Slab:             161296 kB
SReclaimable:      92732 kB
SUnreclaim:        68564 kB
KernelStack:       15456 kB
PageTables:        58388 kB
NFS_Unstable:          0 kB
Bounce:                0 kB
WritebackTmp:          0 kB
CommitLimit:    12313372 kB
Committed_AS:   10885596 kB
VmallocTotal:   34359738367 kB
VmallocUsed:           0 kB
VmallocChunk:          0 kB
HardwareCorrupted:     0 kB
AnonHugePages:         0 kB
ShmemHugePages:        0 kB
ShmemPmdMapped:        0 kB
CmaTotal:              0 kB
CmaFree:               0 kB
HugePages_Total:       0
HugePages_Free:        0
HugePages_Rsvd:        0
HugePages_Surp:        0
Hugepagesize:       2048 kB
DirectMap4k:      260712 kB
DirectMap2M:     8022016 kB
DirectMap1G:           0 kB

container (cgroup) information:
container_type: cgroupv1
cpu_cpuset_cpus: 0-3
cpu_memory_nodes: 0
active_processor_count: 4
cpu_quota: -1
cpu_period: 100000
cpu_shares: -1
memory_limit_in_bytes: -1
memory_and_swap_limit_in_bytes: -2
memory_soft_limit_in_bytes: -1
memory_usage_in_bytes: 5526093824
memory_max_usage_in_bytes: 8820887552


CPU:total 4 (initial active 4) (2 cores per cpu, 2 threads per core) family 6 model 78 stepping 3, cmov, cx8, fxsr, mmx, sse, sse2, sse3, ssse3, sse4.1, sse4.2, popcnt, avx, avx2, aes, clmul, erms, 3dnowpref, lzcnt, ht, tsc, tscinvbit, bmi1, bmi2, adx

/proc/cpuinfo:
processor	: 0
vendor_id	: GenuineIntel
cpu family	: 6
model		: 78
model name	: Intel(R) Core(TM) i5-6200U CPU @ 2.30GHz
stepping	: 3
microcode	: 0xd6
cpu MHz		: 2700.057
cache size	: 3072 KB
physical id	: 0
siblings	: 4
core id		: 0
cpu cores	: 2
apicid		: 0
initial apicid	: 0
fpu		: yes
fpu_exception	: yes
cpuid level	: 22
wp		: yes
flags		: fpu vme de pse tsc msr pae mce cx8 apic sep mtrr pge mca cmov pat pse36 clflush dts acpi mmx fxsr sse sse2 ss ht tm pbe syscall nx pdpe1gb rdtscp lm constant_tsc art arch_perfmon pebs bts rep_good nopl xtopology nonstop_tsc cpuid aperfmperf tsc_known_freq pni pclmulqdq dtes64 monitor ds_cpl vmx est tm2 ssse3 sdbg fma cx16 xtpr pdcm pcid sse4_1 sse4_2 x2apic movbe popcnt tsc_deadline_timer aes xsave avx f16c rdrand lahf_lm abm 3dnowprefetch cpuid_fault epb invpcid_single pti ssbd ibrs ibpb stibp tpr_shadow vnmi flexpriority ept vpid fsgsbase tsc_adjust bmi1 avx2 smep bmi2 erms invpcid mpx rdseed adx smap clflushopt intel_pt xsaveopt xsavec xgetbv1 xsaves dtherm ida arat pln pts hwp hwp_notify hwp_act_window hwp_epp md_clear flush_l1d
bugs		: cpu_meltdown spectre_v1 spectre_v2 spec_store_bypass l1tf mds swapgs itlb_multihit
bogomips	: 4800.00
clflush size	: 64
cache_alignment	: 64
address sizes	: 39 bits physical, 48 bits virtual
power management:

processor	: 1
vendor_id	: GenuineIntel
cpu family	: 6
model		: 78
model name	: Intel(R) Core(TM) i5-6200U CPU @ 2.30GHz
stepping	: 3
microcode	: 0xd6
cpu MHz		: 2700.065
cache size	: 3072 KB
physical id	: 0
siblings	: 4
core id		: 1
cpu cores	: 2
apicid		: 2
initial apicid	: 2
fpu		: yes
fpu_exception	: yes
cpuid level	: 22
wp		: yes
flags		: fpu vme de pse tsc msr pae mce cx8 apic sep mtrr pge mca cmov pat pse36 clflush dts acpi mmx fxsr sse sse2 ss ht tm pbe syscall nx pdpe1gb rdtscp lm constant_tsc art arch_perfmon pebs bts rep_good nopl xtopology nonstop_tsc cpuid aperfmperf tsc_known_freq pni pclmulqdq dtes64 monitor ds_cpl vmx est tm2 ssse3 sdbg fma cx16 xtpr pdcm pcid sse4_1 sse4_2 x2apic movbe popcnt tsc_deadline_timer aes xsave avx f16c rdrand lahf_lm abm 3dnowprefetch cpuid_fault epb invpcid_single pti ssbd ibrs ibpb stibp tpr_shadow vnmi flexpriority ept vpid fsgsbase tsc_adjust bmi1 avx2 smep bmi2 erms invpcid mpx rdseed adx smap clflushopt intel_pt xsaveopt xsavec xgetbv1 xsaves dtherm ida arat pln pts hwp hwp_notify hwp_act_window hwp_epp md_clear flush_l1d
bugs		: cpu_meltdown spectre_v1 spectre_v2 spec_store_bypass l1tf mds swapgs itlb_multihit
bogomips	: 4800.00
clflush size	: 64
cache_alignment	: 64
address sizes	: 39 bits physical, 48 bits virtual
power management:

processor	: 2
vendor_id	: GenuineIntel
cpu family	: 6
model		: 78
model name	: Intel(R) Core(TM) i5-6200U CPU @ 2.30GHz
stepping	: 3
microcode	: 0xd6
cpu MHz		: 2700.016
cache size	: 3072 KB
physical id	: 0
siblings	: 4
core id		: 0
cpu cores	: 2
apicid		: 1
initial apicid	: 1
fpu		: yes
fpu_exception	: yes
cpuid level	: 22
wp		: yes
flags		: fpu vme de pse tsc msr pae mce cx8 apic sep mtrr pge mca cmov pat pse36 clflush dts acpi mmx fxsr sse sse2 ss ht tm pbe syscall nx pdpe1gb rdtscp lm constant_tsc art arch_perfmon pebs bts rep_good nopl xtopology nonstop_tsc cpuid aperfmperf tsc_known_freq pni pclmulqdq dtes64 monitor ds_cpl vmx est tm2 ssse3 sdbg fma cx16 xtpr pdcm pcid sse4_1 sse4_2 x2apic movbe popcnt tsc_deadline_timer aes xsave avx f16c rdrand lahf_lm abm 3dnowprefetch cpuid_fault epb invpcid_single pti ssbd ibrs ibpb stibp tpr_shadow vnmi flexpriority ept vpid fsgsbase tsc_adjust bmi1 avx2 smep bmi2 erms invpcid mpx rdseed adx smap clflushopt intel_pt xsaveopt xsavec xgetbv1 xsaves dtherm ida arat pln pts hwp hwp_notify hwp_act_window hwp_epp md_clear flush_l1d
bugs		: cpu_meltdown spectre_v1 spectre_v2 spec_store_bypass l1tf mds swapgs itlb_multihit
bogomips	: 4800.00
clflush size	: 64
cache_alignment	: 64
address sizes	: 39 bits physical, 48 bits virtual
power management:

processor	: 3
vendor_id	: GenuineIntel
cpu family	: 6
model		: 78
model name	: Intel(R) Core(TM) i5-6200U CPU @ 2.30GHz
stepping	: 3
microcode	: 0xd6
cpu MHz		: 2700.001
cache size	: 3072 KB
physical id	: 0
siblings	: 4
core id		: 1
cpu cores	: 2
apicid		: 3
initial apicid	: 3
fpu		: yes
fpu_exception	: yes
cpuid level	: 22
wp		: yes
flags		: fpu vme de pse tsc msr pae mce cx8 apic sep mtrr pge mca cmov pat pse36 clflush dts acpi mmx fxsr sse sse2 ss ht tm pbe syscall nx pdpe1gb rdtscp lm constant_tsc art arch_perfmon pebs bts rep_good nopl xtopology nonstop_tsc cpuid aperfmperf tsc_known_freq pni pclmulqdq dtes64 monitor ds_cpl vmx est tm2 ssse3 sdbg fma cx16 xtpr pdcm pcid sse4_1 sse4_2 x2apic movbe popcnt tsc_deadline_timer aes xsave avx f16c rdrand lahf_lm abm 3dnowprefetch cpuid_fault epb invpcid_single pti ssbd ibrs ibpb stibp tpr_shadow vnmi flexpriority ept vpid fsgsbase tsc_adjust bmi1 avx2 smep bmi2 erms invpcid mpx rdseed adx smap clflushopt intel_pt xsaveopt xsavec xgetbv1 xsaves dtherm ida arat pln pts hwp hwp_notify hwp_act_window hwp_epp md_clear flush_l1d
bugs		: cpu_meltdown spectre_v1 spectre_v2 spec_store_bypass l1tf mds swapgs itlb_multihit
bogomips	: 4800.00
clflush size	: 64
cache_alignment	: 64
address sizes	: 39 bits physical, 48 bits virtual
power management:



Memory: 4k page, physical 8062532k(2338160k free), swap 8282108k(5104904k free)

vm_info: OpenJDK 64-Bit Server VM (25.222-b10) for linux-amd64 JRE (1.8.0_222-8u222-b10-1ubuntu1~16.04.1-b10), built on Jul 18 2019 20:25:18 by "buildd" with gcc 5.4.0 20160609

time: Thu Dec 19 23:54:37 2019
timezone: CET
elapsed time: 16461 seconds (0d 4h 34m 21s)

