{'data_0_': 
[[[108.55556  113.22222  114.55556  ... 125.666664 127.22222  123.44444 ]
  [113.77778  117.       117.111115 ... 127.44444  131.33333  124.333336]
  [114.888885 121.       115.       ... 127.333336 131.66667  122.888885]
  ...
  [ 97.44444   90.333336  86.77778  ... 109.       103.888885 101.888885]
  [ 97.333336  89.77778   89.44444  ... 101.111115 104.22222  100.55556 ]
  [ 97.333336  88.888885  90.44444  ... 100.111115 101.       102.22222 ]]

 [[122.666664 127.22222  128.88889  ... 134.       136.11111  134.11111 ]
  [131.33333  132.66667  132.11111  ... 136.77777  140.44444  134.44444 ]
  [134.11111  137.66667  131.44444  ... 138.88889  140.66667  133.44444 ]
  ...
  [110.       100.666664  95.888885 ... 119.44444  115.       115.55556 ]
  [112.       102.666664 101.       ... 110.77778  114.333336 112.77778 ]
  [110.666664 103.       104.22222  ... 108.44444  113.22222  113.22222 ]]

 [[132.22223  137.77777  142.55556  ... 142.11111  142.44444  143.33333 ]
  [143.77777  144.33333  144.88889  ... 146.44444  148.22223  142.44444 ]
  [149.88889  151.77777  144.55556  ... 151.       150.55556  142.55556 ]
  ...
  [112.44444  103.        97.44444  ... 112.111115 110.       113.44444 ]
  [111.888885 102.77778  101.       ... 105.333336 110.333336 111.77778 ]
  [109.22222  102.44444  104.111115 ... 103.22222  109.888885 111.55556 ]]]
<NDArray 3x32x32 @cpu(0)>, 'data_1_': 
[[[108.55556  113.22222  114.55556  ... 125.666664 127.22222  123.44444 ]
  [113.77778  117.       117.111115 ... 127.44444  131.33333  124.333336]
  [114.888885 121.       115.       ... 127.333336 131.66667  122.888885]
  ...
  [ 97.44444   90.333336  86.77778  ... 109.       103.888885 101.888885]
  [ 97.333336  89.77778   89.44444  ... 101.111115 104.22222  100.55556 ]
  [ 97.333336  88.888885  90.44444  ... 100.111115 101.       102.22222 ]]

 [[122.666664 127.22222  128.88889  ... 134.       136.11111  134.11111 ]
  [131.33333  132.66667  132.11111  ... 136.77777  140.44444  134.44444 ]
  [134.11111  137.66667  131.44444  ... 138.88889  140.66667  133.44444 ]
  ...
  [110.       100.666664  95.888885 ... 119.44444  115.       115.55556 ]
  [112.       102.666664 101.       ... 110.77778  114.333336 112.77778 ]
  [110.666664 103.       104.22222  ... 108.44444  113.22222  113.22222 ]]

 [[132.22223  137.77777  142.55556  ... 142.11111  142.44444  143.33333 ]
  [143.77777  144.33333  144.88889  ... 146.44444  148.22223  142.44444 ]
  [149.88889  151.77777  144.55556  ... 151.       150.55556  142.55556 ]
  ...
  [112.44444  103.        97.44444  ... 112.111115 110.       113.44444 ]
  [111.888885 102.77778  101.       ... 105.333336 110.333336 111.77778 ]
  [109.22222  102.44444  104.111115 ... 103.22222  109.888885 111.55556 ]]]
<NDArray 3x32x32 @cpu(0)>}
