Epoch[0] Train-accuracy=0.100000
Epoch[0] Time cost=0.076
Epoch[0] Validation-accuracy=0.500000
Epoch[1] Train-accuracy=0.500000
Epoch[1] Time cost=0.061
Epoch[1] Validation-accuracy=0.300000
Epoch[2] Train-accuracy=0.600000
Epoch[2] Time cost=0.096
Epoch[2] Validation-accuracy=0.300000
Epoch[3] Train-accuracy=0.500000
Epoch[3] Time cost=0.076
Epoch[3] Validation-accuracy=0.200000
Epoch[4] Train-accuracy=0.600000
Epoch[4] Time cost=0.048
Saved checkpoint to "model/instanceTestCifar.CifarNetwork/model-0005.params"
Epoch[4] Validation-accuracy=0.200000
Epoch[5] Train-accuracy=0.400000
Epoch[5] Time cost=0.070
Epoch[5] Validation-accuracy=0.200000
Epoch[6] Train-accuracy=0.400000
Epoch[6] Time cost=0.062
Epoch[6] Validation-accuracy=0.100000
Epoch[7] Train-accuracy=0.500000
Epoch[7] Time cost=0.046
Epoch[7] Validation-accuracy=0.100000
Epoch[8] Train-accuracy=0.400000
Epoch[8] Time cost=0.061
Epoch[8] Validation-accuracy=0.100000
Epoch[9] Train-accuracy=0.400000
Epoch[9] Time cost=0.066
Saved checkpoint to "model/instanceTestCifar.CifarNetwork/model-0010.params"
Epoch[9] Validation-accuracy=0.100000
Saved checkpoint to "model/instanceTestCifar.CifarNetwork/model-0010.params"
Saved checkpoint to "model/instanceTestCifar.CifarNetwork/model_newest-0000.params"
