Performing C SOURCE FILE Test CMAKE_HAVE_LIBC_PTHREAD failed with the following output:
Change Dir: /home/julian/Documents/MontiCore/mnistcalculator/gluon-cpp/build/CMakeFiles/CMakeTmp

Run Build Command(s):/usr/bin/make cmTC_d664d/fast && /usr/bin/make  -f CMakeFiles/cmTC_d664d.dir/build.make CMakeFiles/cmTC_d664d.dir/build
make[1]: Entering directory '/home/julian/Documents/MontiCore/mnistcalculator/gluon-cpp/build/CMakeFiles/CMakeTmp'
Building C object CMakeFiles/cmTC_d664d.dir/src.c.o
/usr/bin/cc   -fPIC -DCMAKE_HAVE_LIBC_PTHREAD   -o CMakeFiles/cmTC_d664d.dir/src.c.o   -c /home/julian/Documents/MontiCore/mnistcalculator/gluon-cpp/build/CMakeFiles/CMakeTmp/src.c
Linking C executable cmTC_d664d
/home/julian/.local/lib/python3.5/site-packages/cmake/data/bin/cmake -E cmake_link_script CMakeFiles/cmTC_d664d.dir/link.txt --verbose=1
/usr/bin/cc -fPIC -DCMAKE_HAVE_LIBC_PTHREAD    CMakeFiles/cmTC_d664d.dir/src.c.o  -o cmTC_d664d 
CMakeFiles/cmTC_d664d.dir/src.c.o: In function `main':
src.c:(.text+0x3e): undefined reference to `pthread_create'
src.c:(.text+0x4a): undefined reference to `pthread_detach'
src.c:(.text+0x56): undefined reference to `pthread_cancel'
src.c:(.text+0x67): undefined reference to `pthread_join'
src.c:(.text+0x7b): undefined reference to `pthread_atfork'
collect2: error: ld returned 1 exit status
CMakeFiles/cmTC_d664d.dir/build.make:106: recipe for target 'cmTC_d664d' failed
make[1]: *** [cmTC_d664d] Error 1
make[1]: Leaving directory '/home/julian/Documents/MontiCore/mnistcalculator/gluon-cpp/build/CMakeFiles/CMakeTmp'
Makefile:141: recipe for target 'cmTC_d664d/fast' failed
make: *** [cmTC_d664d/fast] Error 2


Source file was:
#include <pthread.h>

void* test_func(void* data)
{
  return data;
}

int main(void)
{
  pthread_t thread;
  pthread_create(&thread, NULL, test_func, NULL);
  pthread_detach(thread);
  pthread_cancel(thread);
  pthread_join(thread, NULL);
  pthread_atfork(NULL, NULL, NULL);
  pthread_exit(NULL);

  return 0;
}

Determining if the function pthread_create exists in the pthreads failed with the following output:
Change Dir: /home/julian/Documents/MontiCore/mnistcalculator/gluon-cpp/build/CMakeFiles/CMakeTmp

Run Build Command(s):/usr/bin/make cmTC_41813/fast && /usr/bin/make  -f CMakeFiles/cmTC_41813.dir/build.make CMakeFiles/cmTC_41813.dir/build
make[1]: Entering directory '/home/julian/Documents/MontiCore/mnistcalculator/gluon-cpp/build/CMakeFiles/CMakeTmp'
Building C object CMakeFiles/cmTC_41813.dir/CheckFunctionExists.c.o
/usr/bin/cc   -fPIC -DCHECK_FUNCTION_EXISTS=pthread_create   -o CMakeFiles/cmTC_41813.dir/CheckFunctionExists.c.o   -c /home/julian/.local/lib/python3.5/site-packages/cmake/data/share/cmake-3.17/Modules/CheckFunctionExists.c
Linking C executable cmTC_41813
/home/julian/.local/lib/python3.5/site-packages/cmake/data/bin/cmake -E cmake_link_script CMakeFiles/cmTC_41813.dir/link.txt --verbose=1
/usr/bin/cc -fPIC -DCHECK_FUNCTION_EXISTS=pthread_create    CMakeFiles/cmTC_41813.dir/CheckFunctionExists.c.o  -o cmTC_41813  -lpthreads 
/usr/bin/ld: cannot find -lpthreads
collect2: error: ld returned 1 exit status
CMakeFiles/cmTC_41813.dir/build.make:106: recipe for target 'cmTC_41813' failed
make[1]: *** [cmTC_41813] Error 1
make[1]: Leaving directory '/home/julian/Documents/MontiCore/mnistcalculator/gluon-cpp/build/CMakeFiles/CMakeTmp'
Makefile:141: recipe for target 'cmTC_41813/fast' failed
make: *** [cmTC_41813/fast] Error 2



