2017-11-22 09:44:10 [DEBUG] MAIN --------------------------------
2017-11-22 09:44:10 [DEBUG] MAIN MontiCore
2017-11-22 09:44:10 [DEBUG] MAIN  - eating your models since 2005
2017-11-22 09:44:10 [DEBUG] MAIN --------------------------------
2017-11-22 09:44:10 [DEBUG] MAIN Grammar argument    : [Simulation.mc4]
2017-11-22 09:44:10 [DEBUG] MAIN Grammar files       : [C:\Users\Delta2-PC\Desktop\Uni\SimLang\Simulation.mc4]
2017-11-22 09:44:10 [DEBUG] MAIN Modelpath           : [file:/C:/Users/Delta2-PC/Desktop/Uni/SimLang/monticore-cli.jar, file:/C:/Users/Delta2-PC/Desktop/Uni/SimLang/out/]
2017-11-22 09:44:10 [DEBUG] MAIN Output dir          : out
2017-11-22 09:44:10 [DEBUG] MAIN Handcoded argument  : []
2017-11-22 09:44:10 [DEBUG] MAIN Handcoded files     : [empty iterable path]
2017-11-22 09:44:10 [DEBUG] d.s.commons.logging.Log Switching logging component from de.se_rwth.commons.logging.Slf4jLog to de.monticore.generating.templateengine.reporting.Reporting
2017-11-22 09:44:10 [DEBUG] d.m.i.IncrementalChecker The input file C:\Users\Delta2-PC\Desktop\Uni\SimLang\Simulation.mc4 has changed.
2017-11-22 09:44:10 [INFO]  d.m.i.IncrementalChecker Changes detected for C:\Users\Delta2-PC\Desktop\Uni\SimLang\Simulation.mc4. Regenerating...
2017-11-22 09:44:11 [DEBUG] d.m.g.t.GrammarTransformer Change the name of WeatherObj list-attribute: WeatherPhenomena
2017-11-22 09:44:11 [DEBUG] d.m.g.t.GrammarTransformer Change the name of WeatherObj list-attribute: OpticalPhenomena
2017-11-22 09:44:11 [DEBUG] d.m.g.t.GrammarTransformer Change the name of WeatherObj list-attribute: ArtificialPhenomena
2017-11-22 09:44:11 [DEBUG] d.m.g.t.GrammarTransformer Change the name of Vehicles list-attribute: ExplicitVehicle
2017-11-22 09:44:11 [DEBUG] d.m.g.t.GrammarTransformer Change the name of Vehicles list-attribute: PathedVehicle
2017-11-22 09:44:11 [DEBUG] d.m.g.t.GrammarTransformer Change the name of Vehicles list-attribute: RandomVehicle
2017-11-22 09:44:11 [DEBUG] d.m.g.t.r.c.ReportingRepository going to scan these urls:
file:/C:/Program%20Files/Java/jre1.8.0_151/lib/ext/dnsns.jar
file:/C:/Program%20Files/Java/jre1.8.0_151/lib/ext/localedata.jar
file:/C:/Program%20Files/Java/jre1.8.0_151/lib/ext/jaccess.jar
file:/C:/Program%20Files/Java/jre1.8.0_151/lib/ext/cldrdata.jar
file:/C:/Program%20Files/Java/jre1.8.0_151/lib/ext/sunjce_provider.jar
file:/C:/Users/Delta2-PC/Desktop/Uni/SimLang/monticore-cli.jar
file:/C:/Program%20Files/Java/jre1.8.0_151/lib/ext/sunmscapi.jar
file:/C:/Program%20Files/Java/jre1.8.0_151/lib/ext/sunec.jar
file:/C:/Program%20Files/Java/jre1.8.0_151/lib/ext/sunpkcs11.jar
file:/C:/Program%20Files/Java/jre1.8.0_151/lib/ext/access-bridge-64.jar
file:/C:/Program%20Files/Java/jre1.8.0_151/lib/ext/nashorn.jar
file:/C:/Program%20Files/Java/jre1.8.0_151/lib/ext/jfxrt.jar
file:/C:/Program%20Files/Java/jre1.8.0_151/lib/ext/zipfs.jar
2017-11-22 09:44:11 [DEBUG] d.m.g.t.r.c.ReportingRepository Reflections took 34 ms to scan 13 urls, producing 916 keys and 1031 values 
2017-11-22 09:44:11 [DEBUG] MontiCoreGrammarSymbolTableCreator Building Symboltable for Grammar: Simulation
2017-11-22 09:44:11 [DEBUG] SymbolReference Load full information of 'Weather' (Kind de.monticore.grammar.symboltable.MCGrammarSymbol$EssentialMCGrammarKind).
2017-11-22 09:44:11 [DEBUG] ModelingLanguageModelLoader Start parsing model Location: file:/C:/Users/Delta2-PC/Desktop/Uni/SimLang/Weather.mc4 Package: Weather.mc4.
2017-11-22 09:44:11 [DEBUG] ModelingLanguageModelLoader Parsed model Location: file:/C:/Users/Delta2-PC/Desktop/Uni/SimLang/Weather.mc4 Package: Weather.mc4 successfully.
2017-11-22 09:44:11 [DEBUG] MontiCoreGrammarSymbolTableCreator Start creation of symbol table for model "Weather".
2017-11-22 09:44:11 [DEBUG] MontiCoreGrammarSymbolTableCreator Building Symboltable for Grammar: Weather
2017-11-22 09:44:11 [DEBUG] SymbolReference Load full information of 'SI' (Kind de.monticore.grammar.symboltable.MCGrammarSymbol$EssentialMCGrammarKind).
2017-11-22 09:44:11 [DEBUG] ModelingLanguageModelLoader Start parsing model Location: file:/C:/Users/Delta2-PC/Desktop/Uni/SimLang/SI.mc4 Package: SI.mc4.
2017-11-22 09:44:11 [DEBUG] ModelingLanguageModelLoader Parsed model Location: file:/C:/Users/Delta2-PC/Desktop/Uni/SimLang/SI.mc4 Package: SI.mc4 successfully.
2017-11-22 09:44:11 [DEBUG] MontiCoreGrammarSymbolTableCreator Start creation of symbol table for model "SI".
2017-11-22 09:44:11 [DEBUG] MontiCoreGrammarSymbolTableCreator Building Symboltable for Grammar: SI
2017-11-22 09:44:11 [DEBUG] MontiCoreGrammarSymbolTableCreator Created symbol table for model "SI".
2017-11-22 09:44:11 [DEBUG] SymbolReference Loaded full information of 'SI' successfully.
2017-11-22 09:44:11 [DEBUG] CommonSymbolReference Full information of 'SI' already loaded. Use cached version.
2017-11-22 09:44:11 [DEBUG] CommonSymbolReference Full information of 'SI' already loaded. Use cached version.
2017-11-22 09:44:11 [DEBUG] CommonSymbolReference Full information of 'SI' already loaded. Use cached version.
2017-11-22 09:44:11 [DEBUG] CommonSymbolReference Full information of 'SI' already loaded. Use cached version.
2017-11-22 09:44:11 [DEBUG] CommonSymbolReference Full information of 'SI' already loaded. Use cached version.
2017-11-22 09:44:11 [DEBUG] CommonSymbolReference Full information of 'SI' already loaded. Use cached version.
2017-11-22 09:44:11 [DEBUG] CommonSymbolReference Full information of 'SI' already loaded. Use cached version.
2017-11-22 09:44:11 [DEBUG] MontiCoreGrammarSymbolTableCreator Created symbol table for model "Weather".
2017-11-22 09:44:11 [DEBUG] SymbolReference Loaded full information of 'Weather' successfully.
2017-11-22 09:44:11 [DEBUG] CommonSymbolReference Full information of 'SI' already loaded. Use cached version.
2017-11-22 09:44:11 [DEBUG] CommonSymbolReference Full information of 'Weather' already loaded. Use cached version.
2017-11-22 09:44:11 [DEBUG] CommonSymbolReference Full information of 'SI' already loaded. Use cached version.
2017-11-22 09:44:11 [DEBUG] SymbolReference Load full information of 'SI' (Kind de.monticore.grammar.symboltable.MCGrammarSymbol$EssentialMCGrammarKind).
2017-11-22 09:44:11 [DEBUG] SymbolReference Loaded full information of 'SI' successfully.
2017-11-22 09:44:11 [DEBUG] CommonSymbolReference Full information of 'Weather' already loaded. Use cached version.
2017-11-22 09:44:11 [DEBUG] CommonSymbolReference Full information of 'SI' already loaded. Use cached version.
2017-11-22 09:44:11 [DEBUG] CommonSymbolReference Full information of 'SI' already loaded. Use cached version.
2017-11-22 09:44:11 [DEBUG] CommonSymbolReference Full information of 'Weather' already loaded. Use cached version.
2017-11-22 09:44:11 [DEBUG] CommonSymbolReference Full information of 'SI' already loaded. Use cached version.
2017-11-22 09:44:11 [DEBUG] CommonSymbolReference Full information of 'SI' already loaded. Use cached version.
2017-11-22 09:44:11 [DEBUG] CommonSymbolReference Full information of 'Weather' already loaded. Use cached version.
2017-11-22 09:44:11 [DEBUG] CommonSymbolReference Full information of 'SI' already loaded. Use cached version.
2017-11-22 09:44:11 [DEBUG] CommonSymbolReference Full information of 'SI' already loaded. Use cached version.
2017-11-22 09:44:11 [DEBUG] CommonSymbolReference Full information of 'Weather' already loaded. Use cached version.
2017-11-22 09:44:11 [DEBUG] CommonSymbolReference Full information of 'SI' already loaded. Use cached version.
2017-11-22 09:44:11 [DEBUG] CommonSymbolReference Full information of 'SI' already loaded. Use cached version.
2017-11-22 09:44:11 [DEBUG] CommonSymbolReference Full information of 'Weather' already loaded. Use cached version.
2017-11-22 09:44:11 [DEBUG] CommonSymbolReference Full information of 'SI' already loaded. Use cached version.
2017-11-22 09:44:11 [DEBUG] CommonSymbolReference Full information of 'SI' already loaded. Use cached version.
2017-11-22 09:44:11 [DEBUG] CommonSymbolReference Full information of 'Weather' already loaded. Use cached version.
2017-11-22 09:44:11 [DEBUG] CommonSymbolReference Full information of 'SI' already loaded. Use cached version.
2017-11-22 09:44:11 [DEBUG] CommonSymbolReference Full information of 'SI' already loaded. Use cached version.
2017-11-22 09:44:11 [DEBUG] CommonSymbolReference Full information of 'Weather' already loaded. Use cached version.
2017-11-22 09:44:11 [DEBUG] CommonSymbolReference Full information of 'SI' already loaded. Use cached version.
2017-11-22 09:44:11 [DEBUG] CommonSymbolReference Full information of 'SI' already loaded. Use cached version.
2017-11-22 09:44:11 [DEBUG] CommonSymbolReference Full information of 'Weather' already loaded. Use cached version.
2017-11-22 09:44:11 [DEBUG] CommonSymbolReference Full information of 'SI' already loaded. Use cached version.
2017-11-22 09:44:11 [DEBUG] CommonSymbolReference Full information of 'SI' already loaded. Use cached version.
2017-11-22 09:44:11 [DEBUG] CommonSymbolReference Full information of 'Weather' already loaded. Use cached version.
2017-11-22 09:44:11 [DEBUG] CommonSymbolReference Full information of 'SI' already loaded. Use cached version.
2017-11-22 09:44:11 [DEBUG] CommonSymbolReference Full information of 'SI' already loaded. Use cached version.
2017-11-22 09:44:11 [DEBUG] CommonSymbolReference Full information of 'Weather' already loaded. Use cached version.
2017-11-22 09:44:11 [DEBUG] CommonSymbolReference Full information of 'SI' already loaded. Use cached version.
2017-11-22 09:44:11 [DEBUG] CommonSymbolReference Full information of 'SI' already loaded. Use cached version.
2017-11-22 09:44:11 [DEBUG] CommonSymbolReference Full information of 'Weather' already loaded. Use cached version.
2017-11-22 09:44:11 [DEBUG] CommonSymbolReference Full information of 'SI' already loaded. Use cached version.
2017-11-22 09:44:11 [DEBUG] CommonSymbolReference Full information of 'SI' already loaded. Use cached version.
2017-11-22 09:44:11 [DEBUG] CommonSymbolReference Full information of 'Weather' already loaded. Use cached version.
2017-11-22 09:44:11 [DEBUG] CommonSymbolReference Full information of 'SI' already loaded. Use cached version.
2017-11-22 09:44:11 [DEBUG] CommonSymbolReference Full information of 'SI' already loaded. Use cached version.
2017-11-22 09:44:11 [DEBUG] CommonSymbolReference Full information of 'Weather' already loaded. Use cached version.
2017-11-22 09:44:11 [DEBUG] CommonSymbolReference Full information of 'SI' already loaded. Use cached version.
2017-11-22 09:44:11 [DEBUG] CommonSymbolReference Full information of 'SI' already loaded. Use cached version.
2017-11-22 09:44:11 [DEBUG] CommonSymbolReference Full information of 'Weather' already loaded. Use cached version.
2017-11-22 09:44:11 [DEBUG] CommonSymbolReference Full information of 'SI' already loaded. Use cached version.
2017-11-22 09:44:11 [DEBUG] CommonSymbolReference Full information of 'SI' already loaded. Use cached version.
2017-11-22 09:44:11 [DEBUG] CommonSymbolReference Full information of 'Weather' already loaded. Use cached version.
2017-11-22 09:44:11 [DEBUG] CommonSymbolReference Full information of 'SI' already loaded. Use cached version.
2017-11-22 09:44:11 [DEBUG] CommonSymbolReference Full information of 'SI' already loaded. Use cached version.
2017-11-22 09:44:11 [DEBUG] CommonSymbolReference Full information of 'Weather' already loaded. Use cached version.
2017-11-22 09:44:11 [DEBUG] CommonSymbolReference Full information of 'SI' already loaded. Use cached version.
2017-11-22 09:44:11 [DEBUG] CommonSymbolReference Full information of 'SI' already loaded. Use cached version.
2017-11-22 09:44:11 [DEBUG] CommonSymbolReference Full information of 'Weather' already loaded. Use cached version.
2017-11-22 09:44:11 [DEBUG] CommonSymbolReference Full information of 'SI' already loaded. Use cached version.
2017-11-22 09:44:11 [DEBUG] CommonSymbolReference Full information of 'Weather' already loaded. Use cached version.
2017-11-22 09:44:11 [DEBUG] CommonSymbolReference Full information of 'Weather' already loaded. Use cached version.
2017-11-22 09:44:11 [DEBUG] CommonSymbolReference Full information of 'Weather' already loaded. Use cached version.
2017-11-22 09:44:11 [DEBUG] CommonSymbolReference Full information of 'Weather' already loaded. Use cached version.
2017-11-22 09:44:11 [DEBUG] CommonSymbolReference Full information of 'Weather' already loaded. Use cached version.
2017-11-22 09:44:11 [DEBUG] CommonSymbolReference Full information of 'Weather' already loaded. Use cached version.
2017-11-22 09:44:11 [DEBUG] CommonSymbolReference Full information of 'Weather' already loaded. Use cached version.
2017-11-22 09:44:11 [DEBUG] CommonSymbolReference Full information of 'Weather' already loaded. Use cached version.
2017-11-22 09:44:11 [DEBUG] CommonSymbolReference Full information of 'Weather' already loaded. Use cached version.
2017-11-22 09:44:11 [DEBUG] CommonSymbolReference Full information of 'Weather' already loaded. Use cached version.
2017-11-22 09:44:11 [DEBUG] CommonSymbolReference Full information of 'Weather' already loaded. Use cached version.
2017-11-22 09:44:11 [DEBUG] CommonSymbolReference Full information of 'Weather' already loaded. Use cached version.
2017-11-22 09:44:11 [DEBUG] CommonSymbolReference Full information of 'Weather' already loaded. Use cached version.
2017-11-22 09:44:11 [DEBUG] CommonSymbolReference Full information of 'SI' already loaded. Use cached version.
2017-11-22 09:44:11 [DEBUG] CommonSymbolReference Full information of 'SI' already loaded. Use cached version.
2017-11-22 09:44:11 [DEBUG] CommonSymbolReference Full information of 'Weather' already loaded. Use cached version.
2017-11-22 09:44:11 [DEBUG] CommonSymbolReference Full information of 'SI' already loaded. Use cached version.
2017-11-22 09:44:11 [DEBUG] CommonSymbolReference Full information of 'SI' already loaded. Use cached version.
2017-11-22 09:44:11 [DEBUG] CommonSymbolReference Full information of 'Weather' already loaded. Use cached version.
2017-11-22 09:44:11 [DEBUG] CommonSymbolReference Full information of 'SI' already loaded. Use cached version.
2017-11-22 09:44:11 [DEBUG] CommonSymbolReference Full information of 'SI' already loaded. Use cached version.
2017-11-22 09:44:11 [DEBUG] CommonSymbolReference Full information of 'Weather' already loaded. Use cached version.
2017-11-22 09:44:11 [DEBUG] CommonSymbolReference Full information of 'SI' already loaded. Use cached version.
2017-11-22 09:44:11 [DEBUG] CommonSymbolReference Full information of 'SI' already loaded. Use cached version.
2017-11-22 09:44:11 [DEBUG] CommonSymbolReference Full information of 'Weather' already loaded. Use cached version.
2017-11-22 09:44:11 [DEBUG] CommonSymbolReference Full information of 'SI' already loaded. Use cached version.
2017-11-22 09:44:11 [DEBUG] CommonSymbolReference Full information of 'Weather' already loaded. Use cached version.
2017-11-22 09:44:11 [DEBUG] CommonSymbolReference Full information of 'SI' already loaded. Use cached version.
2017-11-22 09:44:11 [DEBUG] CommonSymbolReference Full information of 'Weather' already loaded. Use cached version.
2017-11-22 09:44:11 [DEBUG] CommonSymbolReference Full information of 'SI' already loaded. Use cached version.
2017-11-22 09:44:11 [DEBUG] CommonSymbolReference Full information of 'Weather' already loaded. Use cached version.
2017-11-22 09:44:11 [DEBUG] CommonSymbolReference Full information of 'SI' already loaded. Use cached version.
2017-11-22 09:44:11 [DEBUG] CommonSymbolReference Full information of 'Weather' already loaded. Use cached version.
2017-11-22 09:44:11 [DEBUG] CommonSymbolReference Full information of 'SI' already loaded. Use cached version.
2017-11-22 09:44:11 [DEBUG] CommonSymbolReference Full information of 'Weather' already loaded. Use cached version.
2017-11-22 09:44:11 [DEBUG] CommonSymbolReference Full information of 'SI' already loaded. Use cached version.
2017-11-22 09:44:11 [DEBUG] CommonSymbolReference Full information of 'Weather' already loaded. Use cached version.
2017-11-22 09:44:11 [DEBUG] CommonSymbolReference Full information of 'SI' already loaded. Use cached version.
2017-11-22 09:44:11 [DEBUG] CommonSymbolReference Full information of 'Weather' already loaded. Use cached version.
2017-11-22 09:44:11 [DEBUG] CommonSymbolReference Full information of 'SI' already loaded. Use cached version.
2017-11-22 09:44:11 [DEBUG] CommonSymbolReference Full information of 'Weather' already loaded. Use cached version.
2017-11-22 09:44:11 [DEBUG] CommonSymbolReference Full information of 'SI' already loaded. Use cached version.
2017-11-22 09:44:11 [DEBUG] CommonSymbolReference Full information of 'Weather' already loaded. Use cached version.
2017-11-22 09:44:11 [DEBUG] CommonSymbolReference Full information of 'SI' already loaded. Use cached version.
2017-11-22 09:44:11 [DEBUG] CommonSymbolReference Full information of 'Weather' already loaded. Use cached version.
2017-11-22 09:44:11 [DEBUG] CommonSymbolReference Full information of 'SI' already loaded. Use cached version.
2017-11-22 09:44:11 [DEBUG] CommonSymbolReference Full information of 'Weather' already loaded. Use cached version.
2017-11-22 09:44:11 [DEBUG] CommonSymbolReference Full information of 'SI' already loaded. Use cached version.
2017-11-22 09:44:11 [DEBUG] CommonSymbolReference Full information of 'Weather' already loaded. Use cached version.
2017-11-22 09:44:11 [DEBUG] CommonSymbolReference Full information of 'SI' already loaded. Use cached version.
2017-11-22 09:44:11 [DEBUG] CommonSymbolReference Full information of 'Weather' already loaded. Use cached version.
2017-11-22 09:44:11 [DEBUG] CommonSymbolReference Full information of 'SI' already loaded. Use cached version.
2017-11-22 09:44:11 [DEBUG] CommonSymbolReference Full information of 'Weather' already loaded. Use cached version.
2017-11-22 09:44:11 [DEBUG] CommonSymbolReference Full information of 'SI' already loaded. Use cached version.
2017-11-22 09:44:11 [DEBUG] CommonSymbolReference Full information of 'SI' already loaded. Use cached version.
2017-11-22 09:44:11 [DEBUG] CommonSymbolReference Full information of 'Weather' already loaded. Use cached version.
2017-11-22 09:44:11 [DEBUG] CommonSymbolReference Full information of 'SI' already loaded. Use cached version.
2017-11-22 09:44:11 [DEBUG] CommonSymbolReference Full information of 'SI' already loaded. Use cached version.
2017-11-22 09:44:11 [DEBUG] CommonSymbolReference Full information of 'Weather' already loaded. Use cached version.
2017-11-22 09:44:11 [DEBUG] CommonSymbolReference Full information of 'SI' already loaded. Use cached version.
2017-11-22 09:44:11 [DEBUG] CommonSymbolReference Full information of 'SI' already loaded. Use cached version.
2017-11-22 09:44:11 [DEBUG] CommonSymbolReference Full information of 'Weather' already loaded. Use cached version.
2017-11-22 09:44:11 [DEBUG] CommonSymbolReference Full information of 'SI' already loaded. Use cached version.
2017-11-22 09:44:11 [DEBUG] CommonSymbolReference Full information of 'Weather' already loaded. Use cached version.
2017-11-22 09:44:11 [DEBUG] CommonSymbolReference Full information of 'SI' already loaded. Use cached version.
2017-11-22 09:44:11 [DEBUG] CommonSymbolReference Full information of 'Weather' already loaded. Use cached version.
2017-11-22 09:44:11 [DEBUG] CommonSymbolReference Full information of 'SI' already loaded. Use cached version.
2017-11-22 09:44:11 [DEBUG] CommonSymbolReference Full information of 'Weather' already loaded. Use cached version.
2017-11-22 09:44:11 [DEBUG] CommonSymbolReference Full information of 'SI' already loaded. Use cached version.
2017-11-22 09:44:11 [DEBUG] CommonSymbolReference Full information of 'Weather' already loaded. Use cached version.
2017-11-22 09:44:11 [DEBUG] CommonSymbolReference Full information of 'SI' already loaded. Use cached version.
2017-11-22 09:44:11 [DEBUG] CommonSymbolReference Full information of 'Weather' already loaded. Use cached version.
2017-11-22 09:44:11 [DEBUG] CommonSymbolReference Full information of 'SI' already loaded. Use cached version.
2017-11-22 09:44:11 [DEBUG] CommonSymbolReference Full information of 'Weather' already loaded. Use cached version.
2017-11-22 09:44:11 [DEBUG] CommonSymbolReference Full information of 'SI' already loaded. Use cached version.
2017-11-22 09:44:11 [DEBUG] CommonSymbolReference Full information of 'Weather' already loaded. Use cached version.
2017-11-22 09:44:11 [DEBUG] CommonSymbolReference Full information of 'SI' already loaded. Use cached version.
2017-11-22 09:44:11 [DEBUG] CommonSymbolReference Full information of 'Weather' already loaded. Use cached version.
2017-11-22 09:44:11 [DEBUG] CommonSymbolReference Full information of 'SI' already loaded. Use cached version.
2017-11-22 09:44:11 [DEBUG] CommonSymbolReference Full information of 'Weather' already loaded. Use cached version.
2017-11-22 09:44:11 [DEBUG] CommonSymbolReference Full information of 'SI' already loaded. Use cached version.
2017-11-22 09:44:11 [DEBUG] CommonSymbolReference Full information of 'Weather' already loaded. Use cached version.
2017-11-22 09:44:11 [DEBUG] CommonSymbolReference Full information of 'SI' already loaded. Use cached version.
2017-11-22 09:44:11 [DEBUG] CommonSymbolReference Full information of 'Weather' already loaded. Use cached version.
2017-11-22 09:44:11 [DEBUG] CommonSymbolReference Full information of 'SI' already loaded. Use cached version.
2017-11-22 09:44:11 [DEBUG] CommonSymbolReference Full information of 'Weather' already loaded. Use cached version.
2017-11-22 09:44:11 [DEBUG] CommonSymbolReference Full information of 'SI' already loaded. Use cached version.
2017-11-22 09:44:11 [DEBUG] CommonSymbolReference Full information of 'Weather' already loaded. Use cached version.
2017-11-22 09:44:11 [DEBUG] CommonSymbolReference Full information of 'SI' already loaded. Use cached version.
2017-11-22 09:44:11 [DEBUG] CommonSymbolReference Full information of 'Weather' already loaded. Use cached version.
2017-11-22 09:44:11 [DEBUG] CommonSymbolReference Full information of 'SI' already loaded. Use cached version.
2017-11-22 09:44:11 [DEBUG] CommonSymbolReference Full information of 'Weather' already loaded. Use cached version.
2017-11-22 09:44:11 [DEBUG] CommonSymbolReference Full information of 'SI' already loaded. Use cached version.
2017-11-22 09:44:11 [DEBUG] CommonSymbolReference Full information of 'Weather' already loaded. Use cached version.
2017-11-22 09:44:11 [DEBUG] CommonSymbolReference Full information of 'SI' already loaded. Use cached version.
2017-11-22 09:44:11 [DEBUG] CommonSymbolReference Full information of 'SI' already loaded. Use cached version.
2017-11-22 09:44:11 [DEBUG] CommonSymbolReference Full information of 'Weather' already loaded. Use cached version.
2017-11-22 09:44:11 [DEBUG] CommonSymbolReference Full information of 'SI' already loaded. Use cached version.
2017-11-22 09:44:12 [DEBUG] CommonSymbolReference Full information of 'Weather' already loaded. Use cached version.
2017-11-22 09:44:12 [DEBUG] CommonSymbolReference Full information of 'Weather' already loaded. Use cached version.
2017-11-22 09:44:12 [DEBUG] CommonSymbolReference Full information of 'SI' already loaded. Use cached version.
2017-11-22 09:44:12 [DEBUG] CommonSymbolReference Full information of 'SI' already loaded. Use cached version.
2017-11-22 09:44:12 [DEBUG] CommonSymbolReference Full information of 'SI' already loaded. Use cached version.
2017-11-22 09:44:12 [DEBUG] CommonSymbolReference Full information of 'SI' already loaded. Use cached version.
2017-11-22 09:44:12 [DEBUG] CommonSymbolReference Full information of 'Weather' already loaded. Use cached version.
2017-11-22 09:44:12 [DEBUG] CommonSymbolReference Full information of 'SI' already loaded. Use cached version.
2017-11-22 09:44:12 [DEBUG] CommonSymbolReference Full information of 'SI' already loaded. Use cached version.
2017-11-22 09:44:12 [DEBUG] CommonSymbolReference Full information of 'Weather' already loaded. Use cached version.
2017-11-22 09:44:12 [DEBUG] CommonSymbolReference Full information of 'SI' already loaded. Use cached version.
2017-11-22 09:44:12 [DEBUG] CommonSymbolReference Full information of 'SI' already loaded. Use cached version.
2017-11-22 09:44:12 [DEBUG] CommonSymbolReference Full information of 'Weather' already loaded. Use cached version.
2017-11-22 09:44:12 [DEBUG] CommonSymbolReference Full information of 'SI' already loaded. Use cached version.
2017-11-22 09:44:12 [DEBUG] CommonSymbolReference Full information of 'SI' already loaded. Use cached version.
2017-11-22 09:44:12 [DEBUG] CommonSymbolReference Full information of 'Weather' already loaded. Use cached version.
2017-11-22 09:44:12 [DEBUG] CommonSymbolReference Full information of 'SI' already loaded. Use cached version.
2017-11-22 09:44:12 [DEBUG] CommonSymbolReference Full information of 'SI' already loaded. Use cached version.
2017-11-22 09:44:12 [DEBUG] CommonSymbolReference Full information of 'Weather' already loaded. Use cached version.
2017-11-22 09:44:12 [DEBUG] CommonSymbolReference Full information of 'SI' already loaded. Use cached version.
2017-11-22 09:44:12 [DEBUG] CommonSymbolReference Full information of 'SI' already loaded. Use cached version.
2017-11-22 09:44:12 [DEBUG] CommonSymbolReference Full information of 'Weather' already loaded. Use cached version.
2017-11-22 09:44:12 [DEBUG] CommonSymbolReference Full information of 'SI' already loaded. Use cached version.
2017-11-22 09:44:12 [DEBUG] CommonSymbolReference Full information of 'SI' already loaded. Use cached version.
2017-11-22 09:44:12 [DEBUG] CommonSymbolReference Full information of 'Weather' already loaded. Use cached version.
2017-11-22 09:44:12 [DEBUG] CommonSymbolReference Full information of 'SI' already loaded. Use cached version.
2017-11-22 09:44:12 [DEBUG] CommonSymbolReference Full information of 'SI' already loaded. Use cached version.
2017-11-22 09:44:12 [DEBUG] CommonSymbolReference Full information of 'Weather' already loaded. Use cached version.
2017-11-22 09:44:12 [DEBUG] CommonSymbolReference Full information of 'SI' already loaded. Use cached version.
2017-11-22 09:44:12 [DEBUG] CommonSymbolReference Full information of 'SI' already loaded. Use cached version.
2017-11-22 09:44:12 [DEBUG] CommonSymbolReference Full information of 'Weather' already loaded. Use cached version.
2017-11-22 09:44:12 [DEBUG] CommonSymbolReference Full information of 'SI' already loaded. Use cached version.
2017-11-22 09:44:12 [DEBUG] CommonSymbolReference Full information of 'SI' already loaded. Use cached version.
2017-11-22 09:44:12 [DEBUG] CommonSymbolReference Full information of 'Weather' already loaded. Use cached version.
2017-11-22 09:44:12 [DEBUG] CommonSymbolReference Full information of 'SI' already loaded. Use cached version.
2017-11-22 09:44:12 [DEBUG] CommonSymbolReference Full information of 'SI' already loaded. Use cached version.
2017-11-22 09:44:12 [DEBUG] CommonSymbolReference Full information of 'Weather' already loaded. Use cached version.
2017-11-22 09:44:12 [DEBUG] CommonSymbolReference Full information of 'SI' already loaded. Use cached version.
2017-11-22 09:44:12 [DEBUG] CommonSymbolReference Full information of 'SI' already loaded. Use cached version.
2017-11-22 09:44:12 [DEBUG] CommonSymbolReference Full information of 'Weather' already loaded. Use cached version.
2017-11-22 09:44:12 [DEBUG] CommonSymbolReference Full information of 'SI' already loaded. Use cached version.
2017-11-22 09:44:12 [DEBUG] CommonSymbolReference Full information of 'SI' already loaded. Use cached version.
2017-11-22 09:44:12 [DEBUG] CommonSymbolReference Full information of 'Weather' already loaded. Use cached version.
2017-11-22 09:44:12 [DEBUG] CommonSymbolReference Full information of 'SI' already loaded. Use cached version.
2017-11-22 09:44:12 [DEBUG] CommonSymbolReference Full information of 'SI' already loaded. Use cached version.
2017-11-22 09:44:12 [DEBUG] CommonSymbolReference Full information of 'Weather' already loaded. Use cached version.
2017-11-22 09:44:12 [DEBUG] CommonSymbolReference Full information of 'SI' already loaded. Use cached version.
2017-11-22 09:44:12 [DEBUG] CommonSymbolReference Full information of 'SI' already loaded. Use cached version.
2017-11-22 09:44:12 [DEBUG] CommonSymbolReference Full information of 'Weather' already loaded. Use cached version.
2017-11-22 09:44:12 [DEBUG] CommonSymbolReference Full information of 'SI' already loaded. Use cached version.
2017-11-22 09:44:12 [DEBUG] CommonSymbolReference Full information of 'SI' already loaded. Use cached version.
2017-11-22 09:44:12 [DEBUG] CommonSymbolReference Full information of 'Weather' already loaded. Use cached version.
2017-11-22 09:44:12 [DEBUG] CommonSymbolReference Full information of 'SI' already loaded. Use cached version.
2017-11-22 09:44:12 [DEBUG] CommonSymbolReference Full information of 'SI' already loaded. Use cached version.
2017-11-22 09:44:12 [DEBUG] CommonSymbolReference Full information of 'Weather' already loaded. Use cached version.
2017-11-22 09:44:12 [DEBUG] CommonSymbolReference Full information of 'SI' already loaded. Use cached version.
2017-11-22 09:44:12 [DEBUG] CommonSymbolReference Full information of 'SI' already loaded. Use cached version.
2017-11-22 09:44:12 [DEBUG] CommonSymbolReference Full information of 'Weather' already loaded. Use cached version.
2017-11-22 09:44:12 [DEBUG] CommonSymbolReference Full information of 'SI' already loaded. Use cached version.
2017-11-22 09:44:12 [DEBUG] CommonSymbolReference Full information of 'SI' already loaded. Use cached version.
2017-11-22 09:44:12 [DEBUG] CommonSymbolReference Full information of 'Weather' already loaded. Use cached version.
2017-11-22 09:44:12 [DEBUG] CommonSymbolReference Full information of 'SI' already loaded. Use cached version.
2017-11-22 09:44:12 [DEBUG] CommonSymbolReference Full information of 'SI' already loaded. Use cached version.
2017-11-22 09:44:12 [DEBUG] CommonSymbolReference Full information of 'Weather' already loaded. Use cached version.
2017-11-22 09:44:12 [DEBUG] CommonSymbolReference Full information of 'SI' already loaded. Use cached version.
2017-11-22 09:44:12 [DEBUG] CommonSymbolReference Full information of 'SI' already loaded. Use cached version.
2017-11-22 09:44:12 [DEBUG] CommonSymbolReference Full information of 'Weather' already loaded. Use cached version.
2017-11-22 09:44:12 [DEBUG] CommonSymbolReference Full information of 'SI' already loaded. Use cached version.
2017-11-22 09:44:12 [DEBUG] CommonSymbolReference Full information of 'SI' already loaded. Use cached version.
2017-11-22 09:44:12 [DEBUG] CommonSymbolReference Full information of 'Weather' already loaded. Use cached version.
2017-11-22 09:44:12 [DEBUG] CommonSymbolReference Full information of 'SI' already loaded. Use cached version.
2017-11-22 09:44:12 [DEBUG] CommonSymbolReference Full information of 'SI' already loaded. Use cached version.
2017-11-22 09:44:12 [DEBUG] CommonSymbolReference Full information of 'Weather' already loaded. Use cached version.
2017-11-22 09:44:12 [DEBUG] CommonSymbolReference Full information of 'SI' already loaded. Use cached version.
2017-11-22 09:44:12 [DEBUG] CommonSymbolReference Full information of 'SI' already loaded. Use cached version.
2017-11-22 09:44:12 [DEBUG] CommonSymbolReference Full information of 'Weather' already loaded. Use cached version.
2017-11-22 09:44:12 [DEBUG] CommonSymbolReference Full information of 'SI' already loaded. Use cached version.
2017-11-22 09:44:12 [DEBUG] CommonSymbolReference Full information of 'SI' already loaded. Use cached version.
2017-11-22 09:44:12 [DEBUG] CommonSymbolReference Full information of 'Weather' already loaded. Use cached version.
2017-11-22 09:44:12 [DEBUG] CommonSymbolReference Full information of 'SI' already loaded. Use cached version.
2017-11-22 09:44:12 [DEBUG] CommonSymbolReference Full information of 'SI' already loaded. Use cached version.
2017-11-22 09:44:12 [DEBUG] CommonSymbolReference Full information of 'Weather' already loaded. Use cached version.
2017-11-22 09:44:12 [DEBUG] CommonSymbolReference Full information of 'SI' already loaded. Use cached version.
2017-11-22 09:44:12 [DEBUG] CommonSymbolReference Full information of 'SI' already loaded. Use cached version.
2017-11-22 09:44:12 [DEBUG] CommonSymbolReference Full information of 'Weather' already loaded. Use cached version.
2017-11-22 09:44:12 [DEBUG] CommonSymbolReference Full information of 'SI' already loaded. Use cached version.
2017-11-22 09:44:12 [DEBUG] CommonSymbolReference Full information of 'Weather' already loaded. Use cached version.
2017-11-22 09:44:12 [DEBUG] CommonSymbolReference Full information of 'Weather' already loaded. Use cached version.
2017-11-22 09:44:12 [DEBUG] CommonSymbolReference Full information of 'SI' already loaded. Use cached version.
2017-11-22 09:44:12 [DEBUG] CommonSymbolReference Full information of 'SI' already loaded. Use cached version.
2017-11-22 09:44:12 [DEBUG] CommonSymbolReference Full information of 'Weather' already loaded. Use cached version.
2017-11-22 09:44:12 [DEBUG] CommonSymbolReference Full information of 'Weather' already loaded. Use cached version.
2017-11-22 09:44:12 [DEBUG] CommonSymbolReference Full information of 'SI' already loaded. Use cached version.
2017-11-22 09:44:12 [DEBUG] CommonSymbolReference Full information of 'SI' already loaded. Use cached version.
2017-11-22 09:44:12 [DEBUG] CommonSymbolReference Full information of 'Weather' already loaded. Use cached version.
2017-11-22 09:44:12 [DEBUG] CommonSymbolReference Full information of 'Weather' already loaded. Use cached version.
2017-11-22 09:44:12 [DEBUG] CommonSymbolReference Full information of 'SI' already loaded. Use cached version.
2017-11-22 09:44:12 [DEBUG] CommonSymbolReference Full information of 'SI' already loaded. Use cached version.
2017-11-22 09:44:12 [DEBUG] CommonSymbolReference Full information of 'Weather' already loaded. Use cached version.
2017-11-22 09:44:12 [DEBUG] CommonSymbolReference Full information of 'Weather' already loaded. Use cached version.
2017-11-22 09:44:12 [DEBUG] CommonSymbolReference Full information of 'SI' already loaded. Use cached version.
2017-11-22 09:44:12 [DEBUG] CommonSymbolReference Full information of 'SI' already loaded. Use cached version.
2017-11-22 09:44:12 [DEBUG] CommonSymbolReference Full information of 'SI' already loaded. Use cached version.
2017-11-22 09:44:12 [DEBUG] CommonSymbolReference Full information of 'Weather' already loaded. Use cached version.
2017-11-22 09:44:12 [DEBUG] CommonSymbolReference Full information of 'Weather' already loaded. Use cached version.
2017-11-22 09:44:12 [DEBUG] CommonSymbolReference Full information of 'SI' already loaded. Use cached version.
2017-11-22 09:44:12 [DEBUG] CommonSymbolReference Full information of 'SI' already loaded. Use cached version.
2017-11-22 09:44:12 [DEBUG] CommonSymbolReference Full information of 'SI' already loaded. Use cached version.
2017-11-22 09:44:12 [DEBUG] CommonSymbolReference Full information of 'SI' already loaded. Use cached version.
2017-11-22 09:44:12 [DEBUG] CommonSymbolReference Full information of 'SI' already loaded. Use cached version.
2017-11-22 09:44:12 [DEBUG] CommonSymbolReference Full information of 'Weather' already loaded. Use cached version.
2017-11-22 09:44:12 [DEBUG] CommonSymbolReference Full information of 'SI' already loaded. Use cached version.
2017-11-22 09:44:12 [DEBUG] CommonSymbolReference Full information of 'Weather' already loaded. Use cached version.
2017-11-22 09:44:12 [DEBUG] CommonSymbolReference Full information of 'Weather' already loaded. Use cached version.
2017-11-22 09:44:12 [DEBUG] CommonSymbolReference Full information of 'SI' already loaded. Use cached version.
2017-11-22 09:44:12 [DEBUG] CommonSymbolReference Full information of 'SI' already loaded. Use cached version.
2017-11-22 09:44:12 [DEBUG] CommonSymbolReference Full information of 'SI' already loaded. Use cached version.
2017-11-22 09:44:12 [DEBUG] CommonSymbolReference Full information of 'SI' already loaded. Use cached version.
2017-11-22 09:44:12 [ERROR] ROOT Simulation.mc4:<8,2>: 0xA4058 Ensure that the symbol Simulation contains a 'Name'.
