2017-11-20 10:01:10 [DEBUG] MAIN --------------------------------
2017-11-20 10:01:10 [DEBUG] MAIN MontiCore
2017-11-20 10:01:10 [DEBUG] MAIN  - eating your models since 2005
2017-11-20 10:01:10 [DEBUG] MAIN --------------------------------
2017-11-20 10:01:10 [DEBUG] MAIN Grammar argument    : [SI.mc4]
2017-11-20 10:01:10 [DEBUG] MAIN Grammar files       : [C:\Users\Delta2-PC\Desktop\Uni\SimLang\SI.mc4]
2017-11-20 10:01:10 [DEBUG] MAIN Modelpath           : [file:/C:/Users/Delta2-PC/Desktop/Uni/SimLang/monticore-cli.jar, file:/C:/Users/Delta2-PC/Desktop/Uni/SimLang/out/]
2017-11-20 10:01:10 [DEBUG] MAIN Output dir          : out
2017-11-20 10:01:10 [DEBUG] MAIN Handcoded argument  : []
2017-11-20 10:01:10 [DEBUG] MAIN Handcoded files     : [empty iterable path]
2017-11-20 10:01:10 [DEBUG] d.s.commons.logging.Log Switching logging component from de.se_rwth.commons.logging.Slf4jLog to de.monticore.generating.templateengine.reporting.Reporting
2017-11-20 10:01:11 [DEBUG] d.m.i.IncrementalChecker There is no input output report for C:\Users\Delta2-PC\Desktop\Uni\SimLang\SI.mc4
2017-11-20 10:01:11 [INFO]  d.m.i.IncrementalChecker Changes detected for C:\Users\Delta2-PC\Desktop\Uni\SimLang\SI.mc4. Regenerating...
2017-11-20 10:01:11 [DEBUG] d.m.g.t.r.c.ReportingRepository going to scan these urls:
file:/C:/Program%20Files/Java/jre1.8.0_151/lib/ext/dnsns.jar
file:/C:/Program%20Files/Java/jre1.8.0_151/lib/ext/localedata.jar
file:/C:/Program%20Files/Java/jre1.8.0_151/lib/ext/jaccess.jar
file:/C:/Program%20Files/Java/jre1.8.0_151/lib/ext/cldrdata.jar
file:/C:/Program%20Files/Java/jre1.8.0_151/lib/ext/sunjce_provider.jar
file:/C:/Users/Delta2-PC/Desktop/Uni/SimLang/monticore-cli.jar
file:/C:/Program%20Files/Java/jre1.8.0_151/lib/ext/sunmscapi.jar
file:/C:/Program%20Files/Java/jre1.8.0_151/lib/ext/sunec.jar
file:/C:/Program%20Files/Java/jre1.8.0_151/lib/ext/sunpkcs11.jar
file:/C:/Program%20Files/Java/jre1.8.0_151/lib/ext/access-bridge-64.jar
file:/C:/Program%20Files/Java/jre1.8.0_151/lib/ext/nashorn.jar
file:/C:/Program%20Files/Java/jre1.8.0_151/lib/ext/jfxrt.jar
file:/C:/Program%20Files/Java/jre1.8.0_151/lib/ext/zipfs.jar
2017-11-20 10:01:11 [DEBUG] d.m.g.t.r.c.ReportingRepository Reflections took 380 ms to scan 13 urls, producing 916 keys and 1031 values 
2017-11-20 10:01:11 [DEBUG] MontiCoreGrammarSymbolTableCreator Building Symboltable for Grammar: SI
2017-11-20 10:01:11 [DEBUG] CD4AnalysisSymbolTableCreator Building Symboltable for CD: SI
2017-11-20 10:01:11 [DEBUG] CD4AnalysisSymbolTableCreator Finished build of symboltable for CD: SI
2017-11-20 10:01:12 [DEBUG] ParserGenerator Start parser generation for the grammar SI
2017-11-20 10:01:12 [DEBUG] d.m.g.t.f.MontiCoreTemplateLoader Requested template de.monticore.generating.templateengine.freemarker.Aliases
2017-11-20 10:01:12 [DEBUG] d.m.g.t.f.MontiCoreTemplateLoader Requested template parser.Parser
2017-11-20 10:01:12 [DEBUG] d.m.g.t.f.MontiCoreTemplateLoader Requested template parser.ParserHeader
2017-11-20 10:01:12 [DEBUG] d.m.g.t.f.MontiCoreTemplateLoader Requested template parser.LexerMember
2017-11-20 10:01:12 [DEBUG] d.m.g.t.TemplateController C:\Users\Delta2-PC\Desktop\Uni\SimLang\out\si\_parser\SIAntlr.g4 written successfully!
2017-11-20 10:01:12 [DEBUG] ParserGenerator Start Antlr generation for the antlr file C:\Users\Delta2-PC\Desktop\Uni\SimLang\out\si\_parser\SIAntlr.g4
2017-11-20 10:01:12 [DEBUG] ParserGenerator End parser generation for the grammar SI
2017-11-20 10:01:12 [DEBUG] d.m.c.m.TransformationHelper Checking existence of handwritten class si._parser.SIParser by searching for si\_parser\SIParser.java
2017-11-20 10:01:12 [DEBUG] d.m.g.t.f.MontiCoreTemplateLoader Requested template de.monticore.generating.templateengine.freemarker.Aliases
2017-11-20 10:01:12 [DEBUG] d.m.g.t.f.MontiCoreTemplateLoader Requested template parser.MCParser
2017-11-20 10:01:12 [DEBUG] d.m.g.t.f.MontiCoreTemplateLoader Requested template parser.MCParserMethods
2017-11-20 10:01:12 [DEBUG] d.m.g.t.TemplateController C:\Users\Delta2-PC\Desktop\Uni\SimLang\out\si\_parser\SIParser.java written successfully!
2017-11-20 10:01:12 [DEBUG] GeneratorHelper CD or Java type couldn't be resolved: si._ast.ASTFloatPointUnitNumber
2017-11-20 10:01:12 [DEBUG] GlobalScope Already tried to load model for 'si._ast.ASTHexUnitNumber'. If model exists, continue with cached version.
2017-11-20 10:01:12 [DEBUG] GeneratorHelper CD or Java type couldn't be resolved: si._ast.ASTHexUnitNumber
2017-11-20 10:01:12 [DEBUG] GlobalScope Already tried to load model for 'si._ast.ASTComplexNumber'. If model exists, continue with cached version.
2017-11-20 10:01:12 [DEBUG] GeneratorHelper CD or Java type couldn't be resolved: si._ast.ASTComplexNumber
2017-11-20 10:01:12 [DEBUG] GlobalScope Already tried to load model for 'si._ast.ASTUnitNumber'. If model exists, continue with cached version.
2017-11-20 10:01:12 [DEBUG] GeneratorHelper CD or Java type couldn't be resolved: si._ast.ASTUnitNumber
2017-11-20 10:01:12 [DEBUG] SymbolReference Load full information of 'SI.ASTFloatPointUnitNumber' (Kind de.monticore.umlcd4a.symboltable.CDTypeSymbolKind).
2017-11-20 10:01:12 [DEBUG] SymbolReference Loaded full information of 'SI.ASTFloatPointUnitNumber' successfully.
2017-11-20 10:01:12 [DEBUG] SymbolReference Load full information of 'SI.ASTFloatPointUnitNumber' (Kind de.monticore.umlcd4a.symboltable.CDTypeSymbolKind).
2017-11-20 10:01:12 [DEBUG] SymbolReference Loaded full information of 'SI.ASTFloatPointUnitNumber' successfully.
2017-11-20 10:01:12 [DEBUG] SymbolReference Load full information of 'SI.ASTHexUnitNumber' (Kind de.monticore.umlcd4a.symboltable.CDTypeSymbolKind).
2017-11-20 10:01:12 [DEBUG] SymbolReference Loaded full information of 'SI.ASTHexUnitNumber' successfully.
2017-11-20 10:01:12 [DEBUG] SymbolReference Load full information of 'SI.ASTHexUnitNumber' (Kind de.monticore.umlcd4a.symboltable.CDTypeSymbolKind).
2017-11-20 10:01:12 [DEBUG] SymbolReference Loaded full information of 'SI.ASTHexUnitNumber' successfully.
2017-11-20 10:01:12 [DEBUG] SymbolReference Load full information of 'SI.ASTComplexNumber' (Kind de.monticore.umlcd4a.symboltable.CDTypeSymbolKind).
2017-11-20 10:01:12 [DEBUG] SymbolReference Loaded full information of 'SI.ASTComplexNumber' successfully.
2017-11-20 10:01:12 [DEBUG] SymbolReference Load full information of 'SI.ASTComplexNumber' (Kind de.monticore.umlcd4a.symboltable.CDTypeSymbolKind).
2017-11-20 10:01:12 [DEBUG] SymbolReference Loaded full information of 'SI.ASTComplexNumber' successfully.
2017-11-20 10:01:12 [DEBUG] SymbolReference Load full information of 'SI.ASTUnitNumber' (Kind de.monticore.umlcd4a.symboltable.CDTypeSymbolKind).
2017-11-20 10:01:12 [DEBUG] SymbolReference Loaded full information of 'SI.ASTUnitNumber' successfully.
2017-11-20 10:01:12 [DEBUG] SymbolReference Load full information of 'SI.ASTUnitNumber' (Kind de.monticore.umlcd4a.symboltable.CDTypeSymbolKind).
2017-11-20 10:01:12 [DEBUG] SymbolReference Loaded full information of 'SI.ASTUnitNumber' successfully.
2017-11-20 10:01:12 [DEBUG] d.m.c.m.TransformationHelper Checking existence of handwritten class si._ast.SINodeFactory by searching for si\_ast\SINodeFactory.java
2017-11-20 10:01:12 [DEBUG] d.m.c.m.TransformationHelper Checking existence of handwritten class si._ast.ASTNumber by searching for si\_ast\ASTNumber.java
2017-11-20 10:01:12 [DEBUG] d.m.c.m.TransformationHelper Checking existence of handwritten class si._ast.ASTFloatPointUnitNumber by searching for si\_ast\ASTFloatPointUnitNumber.java
2017-11-20 10:01:12 [DEBUG] d.m.c.m.TransformationHelper Checking existence of handwritten class si._ast.ASTHexUnitNumber by searching for si\_ast\ASTHexUnitNumber.java
2017-11-20 10:01:12 [DEBUG] d.m.c.m.TransformationHelper Checking existence of handwritten class si._ast.ASTUnitNumber by searching for si\_ast\ASTUnitNumber.java
2017-11-20 10:01:12 [DEBUG] d.m.c.m.TransformationHelper Checking existence of handwritten class si._ast.ASTComplexNumber by searching for si\_ast\ASTComplexNumber.java
2017-11-20 10:01:12 [DEBUG] d.m.c.m.TransformationHelper Checking existence of handwritten class si._ast.Builder_ASTNumber by searching for si\_ast\Builder_ASTNumber.java
2017-11-20 10:01:12 [DEBUG] d.m.c.m.TransformationHelper Checking existence of handwritten class si._ast.Builder_ASTFloatPointUnitNumber by searching for si\_ast\Builder_ASTFloatPointUnitNumber.java
2017-11-20 10:01:12 [DEBUG] d.m.c.m.TransformationHelper Checking existence of handwritten class si._ast.Builder_ASTHexUnitNumber by searching for si\_ast\Builder_ASTHexUnitNumber.java
2017-11-20 10:01:12 [DEBUG] d.m.c.m.TransformationHelper Checking existence of handwritten class si._ast.Builder_ASTUnitNumber by searching for si\_ast\Builder_ASTUnitNumber.java
2017-11-20 10:01:12 [DEBUG] d.m.c.m.TransformationHelper Checking existence of handwritten class si._ast.Builder_ASTComplexNumber by searching for si\_ast\Builder_ASTComplexNumber.java
2017-11-20 10:01:12 [DEBUG] d.m.c.m.TransformationHelper Checking existence of handwritten class si._ast.SINodeFactory by searching for si\_ast\SINodeFactory.java
2017-11-20 10:01:12 [DEBUG] d.m.c.m.TransformationHelper Checking existence of handwritten class si._ast.ASTSINode by searching for si\_ast\ASTSINode.java
2017-11-20 10:01:12 [DEBUG] d.m.c.m.TransformationHelper Checking existence of handwritten class si._ast.SILiterals by searching for si\_ast\SILiterals.java
2017-11-20 10:01:12 [DEBUG] d.m.c.m.TransformationHelper Checking existence of handwritten class si._ast.SIPackage by searching for si\_ast\SIPackage.java
2017-11-20 10:01:12 [DEBUG] d.m.c.m.TransformationHelper Checking existence of handwritten class si._ast.SIPackageImpl by searching for si\_ast\SIPackageImpl.java
2017-11-20 10:01:12 [DEBUG] SymbolTableGenerator Start symbol table generation for the grammar SI
2017-11-20 10:01:12 [DEBUG] d.m.c.m.TransformationHelper Checking existence of handwritten class si._symboltable.SILanguage by searching for si\_symboltable\SILanguage.java
2017-11-20 10:01:12 [DEBUG] d.m.c.m.TransformationHelper Checking existence of handwritten class si._symboltable.SILanguage by searching for si\_symboltable\SILanguage.java
2017-11-20 10:01:12 [DEBUG] d.m.g.t.f.MontiCoreTemplateLoader Requested template de.monticore.generating.templateengine.freemarker.Aliases
2017-11-20 10:01:12 [DEBUG] d.m.g.t.f.MontiCoreTemplateLoader Requested template symboltable.ModelingLanguage
2017-11-20 10:01:12 [DEBUG] d.m.g.t.TemplateController C:\Users\Delta2-PC\Desktop\Uni\SimLang\out\si\_symboltable\SILanguage.java written successfully!
2017-11-20 10:01:12 [DEBUG] d.m.c.m.TransformationHelper Checking existence of handwritten class si._symboltable.SIModelLoader by searching for si\_symboltable\SIModelLoader.java
2017-11-20 10:01:12 [DEBUG] d.m.g.t.f.MontiCoreTemplateLoader Requested template symboltable.ModelLoader
2017-11-20 10:01:12 [DEBUG] d.m.g.t.TemplateController C:\Users\Delta2-PC\Desktop\Uni\SimLang\out\si\_symboltable\SIModelLoader.java written successfully!
2017-11-20 10:01:12 [DEBUG] SymbolTableGenerator End symbol table generation for the grammar SI
2017-11-20 10:01:12 [DEBUG] d.m.g.t.f.MontiCoreTemplateLoader Requested template de.monticore.generating.templateengine.freemarker.Aliases
2017-11-20 10:01:12 [DEBUG] d.m.g.t.f.MontiCoreTemplateLoader Requested template ast.AstClass
2017-11-20 10:01:12 [DEBUG] d.m.g.t.f.MontiCoreTemplateLoader Requested template ast_emf.AstEImports
2017-11-20 10:01:12 [DEBUG] d.m.g.t.f.MontiCoreTemplateLoader Requested template ast.AstSuperTypes
2017-11-20 10:01:12 [DEBUG] d.m.g.t.f.MontiCoreTemplateLoader Requested template ast.AstSuperInterfaces
2017-11-20 10:01:12 [DEBUG] d.m.g.t.f.MontiCoreTemplateLoader Requested template ast.Attribute
2017-11-20 10:01:12 [DEBUG] d.m.g.t.f.MontiCoreTemplateLoader Requested template ast.Constructor
2017-11-20 10:01:12 [DEBUG] d.m.g.t.f.MontiCoreTemplateLoader Requested template ast.ParametersDeclaration
2017-11-20 10:01:12 [DEBUG] d.m.g.t.f.MontiCoreTemplateLoader Requested template ast.EmptyMethodBody
2017-11-20 10:01:12 [DEBUG] d.m.g.t.f.MontiCoreTemplateLoader Requested template ast.ConstructorParametersDeclaration
2017-11-20 10:01:12 [DEBUG] d.m.g.t.f.MontiCoreTemplateLoader Requested template ast.ConstructorAttributesSetter
2017-11-20 10:01:12 [DEBUG] d.m.g.t.f.MontiCoreTemplateLoader Requested template ast.ClassMethod
2017-11-20 10:01:12 [DEBUG] d.m.g.t.f.MontiCoreTemplateLoader Requested template ast.ErrorIfNull
2017-11-20 10:01:12 [DEBUG] d.m.g.t.f.MontiCoreTemplateLoader Requested template ast.additionalmethods.Accept
2017-11-20 10:01:12 [DEBUG] d.m.g.t.f.MontiCoreTemplateLoader Requested template ast.additionalmethods.DeepEqualsWithOrder
2017-11-20 10:01:12 [DEBUG] CommonSymbolReference Full information of 'SI.ASTFloatPointUnitNumber' already loaded. Use cached version.
2017-11-20 10:01:12 [DEBUG] CommonSymbolReference Full information of 'SI.ASTFloatPointUnitNumber' already loaded. Use cached version.
2017-11-20 10:01:12 [DEBUG] CommonSymbolReference Full information of 'SI.ASTHexUnitNumber' already loaded. Use cached version.
2017-11-20 10:01:12 [DEBUG] CommonSymbolReference Full information of 'SI.ASTHexUnitNumber' already loaded. Use cached version.
2017-11-20 10:01:12 [DEBUG] CommonSymbolReference Full information of 'SI.ASTComplexNumber' already loaded. Use cached version.
2017-11-20 10:01:12 [DEBUG] CommonSymbolReference Full information of 'SI.ASTComplexNumber' already loaded. Use cached version.
2017-11-20 10:01:12 [DEBUG] CommonSymbolReference Full information of 'SI.ASTUnitNumber' already loaded. Use cached version.
2017-11-20 10:01:12 [DEBUG] CommonSymbolReference Full information of 'SI.ASTUnitNumber' already loaded. Use cached version.
2017-11-20 10:01:12 [DEBUG] d.m.g.t.f.MontiCoreTemplateLoader Requested template ast.additionalmethods.DeepEqualsWithComments
2017-11-20 10:01:12 [DEBUG] CommonSymbolReference Full information of 'SI.ASTFloatPointUnitNumber' already loaded. Use cached version.
2017-11-20 10:01:12 [DEBUG] CommonSymbolReference Full information of 'SI.ASTFloatPointUnitNumber' already loaded. Use cached version.
2017-11-20 10:01:12 [DEBUG] CommonSymbolReference Full information of 'SI.ASTHexUnitNumber' already loaded. Use cached version.
2017-11-20 10:01:12 [DEBUG] CommonSymbolReference Full information of 'SI.ASTHexUnitNumber' already loaded. Use cached version.
2017-11-20 10:01:12 [DEBUG] CommonSymbolReference Full information of 'SI.ASTComplexNumber' already loaded. Use cached version.
2017-11-20 10:01:12 [DEBUG] CommonSymbolReference Full information of 'SI.ASTComplexNumber' already loaded. Use cached version.
2017-11-20 10:01:12 [DEBUG] CommonSymbolReference Full information of 'SI.ASTUnitNumber' already loaded. Use cached version.
2017-11-20 10:01:12 [DEBUG] CommonSymbolReference Full information of 'SI.ASTUnitNumber' already loaded. Use cached version.
2017-11-20 10:01:12 [DEBUG] d.m.g.t.f.MontiCoreTemplateLoader Requested template ast.additionalmethods.EqualAttributes
2017-11-20 10:01:12 [DEBUG] CommonSymbolReference Full information of 'SI.ASTFloatPointUnitNumber' already loaded. Use cached version.
2017-11-20 10:01:12 [DEBUG] CommonSymbolReference Full information of 'SI.ASTFloatPointUnitNumber' already loaded. Use cached version.
2017-11-20 10:01:12 [DEBUG] CommonSymbolReference Full information of 'SI.ASTHexUnitNumber' already loaded. Use cached version.
2017-11-20 10:01:12 [DEBUG] CommonSymbolReference Full information of 'SI.ASTHexUnitNumber' already loaded. Use cached version.
2017-11-20 10:01:12 [DEBUG] CommonSymbolReference Full information of 'SI.ASTComplexNumber' already loaded. Use cached version.
2017-11-20 10:01:12 [DEBUG] CommonSymbolReference Full information of 'SI.ASTComplexNumber' already loaded. Use cached version.
2017-11-20 10:01:12 [DEBUG] CommonSymbolReference Full information of 'SI.ASTUnitNumber' already loaded. Use cached version.
2017-11-20 10:01:12 [DEBUG] CommonSymbolReference Full information of 'SI.ASTUnitNumber' already loaded. Use cached version.
2017-11-20 10:01:12 [DEBUG] d.m.g.t.f.MontiCoreTemplateLoader Requested template ast.additionalmethods.EqualsWithComments
2017-11-20 10:01:12 [DEBUG] d.m.g.t.f.MontiCoreTemplateLoader Requested template ast.additionalmethods.GetChildren
2017-11-20 10:01:12 [DEBUG] CommonSymbolReference Full information of 'SI.ASTFloatPointUnitNumber' already loaded. Use cached version.
2017-11-20 10:01:12 [DEBUG] CommonSymbolReference Full information of 'SI.ASTFloatPointUnitNumber' already loaded. Use cached version.
2017-11-20 10:01:12 [DEBUG] CommonSymbolReference Full information of 'SI.ASTHexUnitNumber' already loaded. Use cached version.
2017-11-20 10:01:12 [DEBUG] CommonSymbolReference Full information of 'SI.ASTHexUnitNumber' already loaded. Use cached version.
2017-11-20 10:01:12 [DEBUG] CommonSymbolReference Full information of 'SI.ASTComplexNumber' already loaded. Use cached version.
2017-11-20 10:01:12 [DEBUG] CommonSymbolReference Full information of 'SI.ASTComplexNumber' already loaded. Use cached version.
2017-11-20 10:01:12 [DEBUG] CommonSymbolReference Full information of 'SI.ASTUnitNumber' already loaded. Use cached version.
2017-11-20 10:01:12 [DEBUG] CommonSymbolReference Full information of 'SI.ASTUnitNumber' already loaded. Use cached version.
2017-11-20 10:01:12 [DEBUG] d.m.g.t.f.MontiCoreTemplateLoader Requested template ast.additionalmethods.RemoveChild
2017-11-20 10:01:13 [DEBUG] CommonSymbolReference Full information of 'SI.ASTFloatPointUnitNumber' already loaded. Use cached version.
2017-11-20 10:01:13 [DEBUG] CommonSymbolReference Full information of 'SI.ASTFloatPointUnitNumber' already loaded. Use cached version.
2017-11-20 10:01:13 [DEBUG] CommonSymbolReference Full information of 'SI.ASTHexUnitNumber' already loaded. Use cached version.
2017-11-20 10:01:13 [DEBUG] CommonSymbolReference Full information of 'SI.ASTHexUnitNumber' already loaded. Use cached version.
2017-11-20 10:01:13 [DEBUG] CommonSymbolReference Full information of 'SI.ASTComplexNumber' already loaded. Use cached version.
2017-11-20 10:01:13 [DEBUG] CommonSymbolReference Full information of 'SI.ASTComplexNumber' already loaded. Use cached version.
2017-11-20 10:01:13 [DEBUG] CommonSymbolReference Full information of 'SI.ASTUnitNumber' already loaded. Use cached version.
2017-11-20 10:01:13 [DEBUG] CommonSymbolReference Full information of 'SI.ASTUnitNumber' already loaded. Use cached version.
2017-11-20 10:01:13 [DEBUG] d.m.g.t.f.MontiCoreTemplateLoader Requested template ast.additionalmethods.DeepCloneWithParameters
2017-11-20 10:01:13 [DEBUG] CommonSymbolReference Full information of 'SI.ASTFloatPointUnitNumber' already loaded. Use cached version.
2017-11-20 10:01:13 [DEBUG] CommonSymbolReference Full information of 'SI.ASTFloatPointUnitNumber' already loaded. Use cached version.
2017-11-20 10:01:13 [DEBUG] CommonSymbolReference Full information of 'SI.ASTFloatPointUnitNumber' already loaded. Use cached version.
2017-11-20 10:01:13 [DEBUG] CommonSymbolReference Full information of 'SI.ASTFloatPointUnitNumber' already loaded. Use cached version.
2017-11-20 10:01:13 [DEBUG] CommonSymbolReference Full information of 'SI.ASTHexUnitNumber' already loaded. Use cached version.
2017-11-20 10:01:13 [DEBUG] CommonSymbolReference Full information of 'SI.ASTHexUnitNumber' already loaded. Use cached version.
2017-11-20 10:01:13 [DEBUG] CommonSymbolReference Full information of 'SI.ASTHexUnitNumber' already loaded. Use cached version.
2017-11-20 10:01:13 [DEBUG] CommonSymbolReference Full information of 'SI.ASTHexUnitNumber' already loaded. Use cached version.
2017-11-20 10:01:13 [DEBUG] CommonSymbolReference Full information of 'SI.ASTComplexNumber' already loaded. Use cached version.
2017-11-20 10:01:13 [DEBUG] CommonSymbolReference Full information of 'SI.ASTComplexNumber' already loaded. Use cached version.
2017-11-20 10:01:13 [DEBUG] CommonSymbolReference Full information of 'SI.ASTComplexNumber' already loaded. Use cached version.
2017-11-20 10:01:13 [DEBUG] CommonSymbolReference Full information of 'SI.ASTComplexNumber' already loaded. Use cached version.
2017-11-20 10:01:13 [DEBUG] CommonSymbolReference Full information of 'SI.ASTUnitNumber' already loaded. Use cached version.
2017-11-20 10:01:13 [DEBUG] CommonSymbolReference Full information of 'SI.ASTUnitNumber' already loaded. Use cached version.
2017-11-20 10:01:13 [DEBUG] CommonSymbolReference Full information of 'SI.ASTUnitNumber' already loaded. Use cached version.
2017-11-20 10:01:13 [DEBUG] CommonSymbolReference Full information of 'SI.ASTUnitNumber' already loaded. Use cached version.
2017-11-20 10:01:13 [DEBUG] d.m.g.t.f.MontiCoreTemplateLoader Requested template ast.additionalmethods.Get
2017-11-20 10:01:13 [DEBUG] d.m.g.t.f.MontiCoreTemplateLoader Requested template ast_emf.additionalmethods.Set
2017-11-20 10:01:13 [DEBUG] d.m.g.t.f.MontiCoreTemplateLoader Requested template ast_emf.additionalmethods.EGet
2017-11-20 10:01:13 [DEBUG] d.m.g.t.f.MontiCoreTemplateLoader Requested template ast_emf.additionalmethods.ESet
2017-11-20 10:01:13 [DEBUG] CommonSymbolReference Full information of 'SI.ASTFloatPointUnitNumber' already loaded. Use cached version.
2017-11-20 10:01:13 [DEBUG] CommonSymbolReference Full information of 'SI.ASTFloatPointUnitNumber' already loaded. Use cached version.
2017-11-20 10:01:13 [DEBUG] CommonSymbolReference Full information of 'SI.ASTFloatPointUnitNumber' already loaded. Use cached version.
2017-11-20 10:01:13 [DEBUG] CommonSymbolReference Full information of 'SI.ASTFloatPointUnitNumber' already loaded. Use cached version.
2017-11-20 10:01:13 [DEBUG] CommonSymbolReference Full information of 'SI.ASTHexUnitNumber' already loaded. Use cached version.
2017-11-20 10:01:13 [DEBUG] CommonSymbolReference Full information of 'SI.ASTHexUnitNumber' already loaded. Use cached version.
2017-11-20 10:01:13 [DEBUG] CommonSymbolReference Full information of 'SI.ASTHexUnitNumber' already loaded. Use cached version.
2017-11-20 10:01:13 [DEBUG] CommonSymbolReference Full information of 'SI.ASTHexUnitNumber' already loaded. Use cached version.
2017-11-20 10:01:13 [DEBUG] CommonSymbolReference Full information of 'SI.ASTComplexNumber' already loaded. Use cached version.
2017-11-20 10:01:13 [DEBUG] CommonSymbolReference Full information of 'SI.ASTComplexNumber' already loaded. Use cached version.
2017-11-20 10:01:13 [DEBUG] CommonSymbolReference Full information of 'SI.ASTComplexNumber' already loaded. Use cached version.
2017-11-20 10:01:13 [DEBUG] CommonSymbolReference Full information of 'SI.ASTComplexNumber' already loaded. Use cached version.
2017-11-20 10:01:13 [DEBUG] CommonSymbolReference Full information of 'SI.ASTUnitNumber' already loaded. Use cached version.
2017-11-20 10:01:13 [DEBUG] CommonSymbolReference Full information of 'SI.ASTUnitNumber' already loaded. Use cached version.
2017-11-20 10:01:13 [DEBUG] CommonSymbolReference Full information of 'SI.ASTUnitNumber' already loaded. Use cached version.
2017-11-20 10:01:13 [DEBUG] CommonSymbolReference Full information of 'SI.ASTUnitNumber' already loaded. Use cached version.
2017-11-20 10:01:13 [DEBUG] d.m.g.t.f.MontiCoreTemplateLoader Requested template ast_emf.additionalmethods.EUnset
2017-11-20 10:01:13 [DEBUG] d.m.g.t.f.MontiCoreTemplateLoader Requested template ast_emf.additionalmethods.EIsSet
2017-11-20 10:01:13 [DEBUG] d.m.g.t.f.MontiCoreTemplateLoader Requested template ast_emf.additionalmethods.EStructuralFeature
2017-11-20 10:01:13 [DEBUG] d.m.g.t.f.MontiCoreTemplateLoader Requested template ast_emf.additionalmethods.EToString
2017-11-20 10:01:13 [DEBUG] d.m.g.t.f.MontiCoreTemplateLoader Requested template ast.ClassContent
2017-11-20 10:01:13 [DEBUG] d.m.g.t.f.MontiCoreTemplateLoader Requested template ast.AstBuilder
2017-11-20 10:01:13 [DEBUG] d.m.g.t.f.MontiCoreTemplateLoader Requested template ast.BuilderAttribute
2017-11-20 10:01:13 [DEBUG] d.m.g.t.f.MontiCoreTemplateLoader Requested template ast.BuilderConstructorParametersDeclaration
2017-11-20 10:01:13 [DEBUG] d.m.g.t.f.MontiCoreTemplateLoader Requested template ast.AstBuilderAttributeSetter
2017-11-20 10:01:13 [DEBUG] d.m.g.t.TemplateController C:\Users\Delta2-PC\Desktop\Uni\SimLang\out\si\_ast\ASTNumber.java written successfully!
2017-11-20 10:01:13 [DEBUG] d.m.g.t.TemplateController C:\Users\Delta2-PC\Desktop\Uni\SimLang\out\si\_ast\ASTFloatPointUnitNumber.java written successfully!
2017-11-20 10:01:13 [DEBUG] d.m.g.t.TemplateController C:\Users\Delta2-PC\Desktop\Uni\SimLang\out\si\_ast\ASTHexUnitNumber.java written successfully!
2017-11-20 10:01:13 [DEBUG] d.m.g.t.TemplateController C:\Users\Delta2-PC\Desktop\Uni\SimLang\out\si\_ast\ASTUnitNumber.java written successfully!
2017-11-20 10:01:13 [DEBUG] d.m.g.t.TemplateController C:\Users\Delta2-PC\Desktop\Uni\SimLang\out\si\_ast\ASTComplexNumber.java written successfully!
2017-11-20 10:01:13 [DEBUG] d.m.g.t.f.MontiCoreTemplateLoader Requested template ast.Class
2017-11-20 10:01:13 [DEBUG] d.m.g.t.f.MontiCoreTemplateLoader Requested template ast_emf.AstNodeFactory
2017-11-20 10:01:13 [DEBUG] d.m.g.t.f.MontiCoreTemplateLoader Requested template ast.factorymethods.Create
2017-11-20 10:01:13 [DEBUG] d.m.g.t.f.MontiCoreTemplateLoader Requested template ast.factorymethods.DoCreate
2017-11-20 10:01:13 [DEBUG] d.m.g.t.f.MontiCoreTemplateLoader Requested template ast.factorymethods.ErrorIfNull
2017-11-20 10:01:13 [DEBUG] d.m.g.t.f.MontiCoreTemplateLoader Requested template ast.factorymethods.CreateWithParams
2017-11-20 10:01:13 [DEBUG] d.m.g.t.f.MontiCoreTemplateLoader Requested template ast.factorymethods.DoCreateWithParams
2017-11-20 10:01:13 [DEBUG] d.m.g.t.TemplateController C:\Users\Delta2-PC\Desktop\Uni\SimLang\out\si\_ast\SINodeFactory.java written successfully!
2017-11-20 10:01:13 [DEBUG] GlobalScope Already tried to load model for 'SI.ASTConstantsSI'. If model exists, continue with cached version.
2017-11-20 10:01:13 [DEBUG] d.m.g.t.f.MontiCoreTemplateLoader Requested template ast.ASTConstantsClass
2017-11-20 10:01:13 [DEBUG] d.m.g.t.TemplateController C:\Users\Delta2-PC\Desktop\Uni\SimLang\out\si\_ast\ASTConstantsSI.java written successfully!
2017-11-20 10:01:13 [DEBUG] d.m.g.t.f.MontiCoreTemplateLoader Requested template ast_emf.EPackageImpl
2017-11-20 10:01:13 [DEBUG] d.m.g.t.f.MontiCoreTemplateLoader Requested template ast_emf.epackagemethods.CreatePackageContents
2017-11-20 10:01:13 [DEBUG] d.m.g.t.f.MontiCoreTemplateLoader Requested template ast_emf.epackagemethods.InitializePackageContents
2017-11-20 10:01:13 [DEBUG] d.m.g.t.TemplateController C:\Users\Delta2-PC\Desktop\Uni\SimLang\out\si\_ast\SIPackageImpl.java written successfully!
2017-11-20 10:01:13 [DEBUG] d.m.g.t.f.MontiCoreTemplateLoader Requested template ast.AstInterface
2017-11-20 10:01:13 [DEBUG] d.m.g.t.f.MontiCoreTemplateLoader Requested template ast.ASTNodeBase
2017-11-20 10:01:13 [DEBUG] d.m.g.t.TemplateController C:\Users\Delta2-PC\Desktop\Uni\SimLang\out\si\_ast\ASTSINode.java written successfully!
2017-11-20 10:01:13 [DEBUG] d.m.g.t.f.MontiCoreTemplateLoader Requested template ast_emf.EPackage
2017-11-20 10:01:13 [DEBUG] d.m.g.t.f.MontiCoreTemplateLoader Requested template ast.Constant
2017-11-20 10:01:13 [DEBUG] d.m.g.t.TemplateController C:\Users\Delta2-PC\Desktop\Uni\SimLang\out\si\_ast\SIPackage.java written successfully!
2017-11-20 10:01:13 [DEBUG] d.m.g.t.f.MontiCoreTemplateLoader Requested template ast.AstEnum
2017-11-20 10:01:13 [DEBUG] d.m.g.t.TemplateController C:\Users\Delta2-PC\Desktop\Uni\SimLang\out\si\_ast\SILiterals.java written successfully!
2017-11-20 10:01:13 [DEBUG] d.m.g.t.f.MontiCoreTemplateLoader Requested template de.monticore.generating.templateengine.freemarker.Aliases
2017-11-20 10:01:13 [DEBUG] d.m.g.t.f.MontiCoreTemplateLoader Requested template visitor.SimpleVisitor
2017-11-20 10:01:13 [DEBUG] CommonSymbolReference Full information of 'SI.ASTFloatPointUnitNumber' already loaded. Use cached version.
2017-11-20 10:01:13 [DEBUG] CommonSymbolReference Full information of 'SI.ASTFloatPointUnitNumber' already loaded. Use cached version.
2017-11-20 10:01:13 [DEBUG] CommonSymbolReference Full information of 'SI.ASTHexUnitNumber' already loaded. Use cached version.
2017-11-20 10:01:13 [DEBUG] CommonSymbolReference Full information of 'SI.ASTHexUnitNumber' already loaded. Use cached version.
2017-11-20 10:01:13 [DEBUG] CommonSymbolReference Full information of 'SI.ASTComplexNumber' already loaded. Use cached version.
2017-11-20 10:01:13 [DEBUG] CommonSymbolReference Full information of 'SI.ASTComplexNumber' already loaded. Use cached version.
2017-11-20 10:01:13 [DEBUG] CommonSymbolReference Full information of 'SI.ASTUnitNumber' already loaded. Use cached version.
2017-11-20 10:01:13 [DEBUG] CommonSymbolReference Full information of 'SI.ASTUnitNumber' already loaded. Use cached version.
2017-11-20 10:01:13 [DEBUG] d.m.g.t.TemplateController C:\Users\Delta2-PC\Desktop\Uni\SimLang\out\si\_visitor\SIVisitor.java written successfully!
2017-11-20 10:01:13 [DEBUG] d.m.g.t.f.MontiCoreTemplateLoader Requested template visitor.InheritanceVisitor
2017-11-20 10:01:13 [DEBUG] d.m.g.t.TemplateController C:\Users\Delta2-PC\Desktop\Uni\SimLang\out\si\_visitor\SIInheritanceVisitor.java written successfully!
2017-11-20 10:01:13 [DEBUG] d.m.g.t.f.MontiCoreTemplateLoader Requested template visitor.ParentAwareVisitor
2017-11-20 10:01:13 [DEBUG] d.m.g.t.TemplateController C:\Users\Delta2-PC\Desktop\Uni\SimLang\out\si\_visitor\SIParentAwareVisitor.java written successfully!
2017-11-20 10:01:13 [DEBUG] d.m.g.t.f.MontiCoreTemplateLoader Requested template visitor.CommonDelegatorVisitor
2017-11-20 10:01:13 [DEBUG] d.m.g.t.TemplateController C:\Users\Delta2-PC\Desktop\Uni\SimLang\out\si\_visitor\CommonSIDelegatorVisitor.java written successfully!
2017-11-20 10:01:13 [DEBUG] d.m.g.t.f.MontiCoreTemplateLoader Requested template de.monticore.generating.templateengine.freemarker.Aliases
2017-11-20 10:01:13 [DEBUG] d.m.g.t.f.MontiCoreTemplateLoader Requested template cocos.CoCoInterface
2017-11-20 10:01:13 [DEBUG] d.m.g.t.TemplateController C:\Users\Delta2-PC\Desktop\Uni\SimLang\out\si\_cocos\SIASTNumberCoCo.java written successfully!
2017-11-20 10:01:13 [DEBUG] d.m.g.t.TemplateController C:\Users\Delta2-PC\Desktop\Uni\SimLang\out\si\_cocos\SIASTFloatPointUnitNumberCoCo.java written successfully!
2017-11-20 10:01:13 [DEBUG] d.m.g.t.TemplateController C:\Users\Delta2-PC\Desktop\Uni\SimLang\out\si\_cocos\SIASTHexUnitNumberCoCo.java written successfully!
2017-11-20 10:01:13 [DEBUG] d.m.g.t.TemplateController C:\Users\Delta2-PC\Desktop\Uni\SimLang\out\si\_cocos\SIASTUnitNumberCoCo.java written successfully!
2017-11-20 10:01:13 [DEBUG] d.m.g.t.TemplateController C:\Users\Delta2-PC\Desktop\Uni\SimLang\out\si\_cocos\SIASTComplexNumberCoCo.java written successfully!
2017-11-20 10:01:13 [DEBUG] GlobalScope Already tried to load model for 'SI.ASTConstantsSI'. If model exists, continue with cached version.
2017-11-20 10:01:13 [DEBUG] GlobalScope Already tried to load model for 'SI.ASTConstantsSI'. If model exists, continue with cached version.
2017-11-20 10:01:13 [DEBUG] d.m.g.t.TemplateController C:\Users\Delta2-PC\Desktop\Uni\SimLang\out\si\_cocos\SIASTSINodeCoCo.java written successfully!
2017-11-20 10:01:13 [DEBUG] d.m.g.t.TemplateController C:\Users\Delta2-PC\Desktop\Uni\SimLang\out\si\_cocos\SISIPackageCoCo.java written successfully!
2017-11-20 10:01:13 [DEBUG] d.m.g.t.f.MontiCoreTemplateLoader Requested template cocos.CoCoChecker
2017-11-20 10:01:13 [DEBUG] d.m.g.t.TemplateController C:\Users\Delta2-PC\Desktop\Uni\SimLang\out\si\_cocos\SICoCoChecker.java written successfully!
2017-11-20 10:01:13 [DEBUG] d.m.g.t.f.MontiCoreTemplateLoader Requested template de.monticore.generating.templateengine.freemarker.Aliases
2017-11-20 10:01:13 [DEBUG] d.m.g.t.f.MontiCoreTemplateLoader Requested template od.DiagramVisitor
2017-11-20 10:01:13 [DEBUG] CommonSymbolReference Full information of 'SI.ASTFloatPointUnitNumber' already loaded. Use cached version.
2017-11-20 10:01:13 [DEBUG] CommonSymbolReference Full information of 'SI.ASTFloatPointUnitNumber' already loaded. Use cached version.
2017-11-20 10:01:13 [DEBUG] CommonSymbolReference Full information of 'SI.ASTHexUnitNumber' already loaded. Use cached version.
2017-11-20 10:01:13 [DEBUG] CommonSymbolReference Full information of 'SI.ASTHexUnitNumber' already loaded. Use cached version.
2017-11-20 10:01:13 [DEBUG] CommonSymbolReference Full information of 'SI.ASTComplexNumber' already loaded. Use cached version.
2017-11-20 10:01:13 [DEBUG] CommonSymbolReference Full information of 'SI.ASTComplexNumber' already loaded. Use cached version.
2017-11-20 10:01:13 [DEBUG] CommonSymbolReference Full information of 'SI.ASTUnitNumber' already loaded. Use cached version.
2017-11-20 10:01:13 [DEBUG] CommonSymbolReference Full information of 'SI.ASTUnitNumber' already loaded. Use cached version.
2017-11-20 10:01:13 [DEBUG] d.m.g.t.TemplateController C:\Users\Delta2-PC\Desktop\Uni\SimLang\out\si\_od\SI2OD.java written successfully!
2017-11-20 10:01:13 [INFO]  MAIN Grammar SI processed successfully!
