2017-11-20 10:01:20 [DEBUG] MAIN --------------------------------
2017-11-20 10:01:20 [DEBUG] MAIN MontiCore
2017-11-20 10:01:20 [DEBUG] MAIN  - eating your models since 2005
2017-11-20 10:01:20 [DEBUG] MAIN --------------------------------
2017-11-20 10:01:20 [DEBUG] MAIN Grammar argument    : [Weather.mc4]
2017-11-20 10:01:20 [DEBUG] MAIN Grammar files       : [C:\Users\Delta2-PC\Desktop\Uni\SimLang\Weather.mc4]
2017-11-20 10:01:20 [DEBUG] MAIN Modelpath           : [file:/C:/Users/Delta2-PC/Desktop/Uni/SimLang/monticore-cli.jar, file:/C:/Users/Delta2-PC/Desktop/Uni/SimLang/out/]
2017-11-20 10:01:20 [DEBUG] MAIN Output dir          : out
2017-11-20 10:01:20 [DEBUG] MAIN Handcoded argument  : []
2017-11-20 10:01:20 [DEBUG] MAIN Handcoded files     : [empty iterable path]
2017-11-20 10:01:20 [DEBUG] d.s.commons.logging.Log Switching logging component from de.se_rwth.commons.logging.Slf4jLog to de.monticore.generating.templateengine.reporting.Reporting
2017-11-20 10:01:20 [DEBUG] d.m.i.IncrementalChecker There is no input output report for C:\Users\Delta2-PC\Desktop\Uni\SimLang\Weather.mc4
2017-11-20 10:01:20 [INFO]  d.m.i.IncrementalChecker Changes detected for C:\Users\Delta2-PC\Desktop\Uni\SimLang\Weather.mc4. Regenerating...
2017-11-20 10:01:21 [DEBUG] d.m.g.t.r.c.ReportingRepository going to scan these urls:
file:/C:/Program%20Files/Java/jre1.8.0_151/lib/ext/dnsns.jar
file:/C:/Program%20Files/Java/jre1.8.0_151/lib/ext/localedata.jar
file:/C:/Program%20Files/Java/jre1.8.0_151/lib/ext/jaccess.jar
file:/C:/Program%20Files/Java/jre1.8.0_151/lib/ext/cldrdata.jar
file:/C:/Program%20Files/Java/jre1.8.0_151/lib/ext/sunjce_provider.jar
file:/C:/Users/Delta2-PC/Desktop/Uni/SimLang/monticore-cli.jar
file:/C:/Program%20Files/Java/jre1.8.0_151/lib/ext/sunmscapi.jar
file:/C:/Program%20Files/Java/jre1.8.0_151/lib/ext/sunec.jar
file:/C:/Program%20Files/Java/jre1.8.0_151/lib/ext/sunpkcs11.jar
file:/C:/Program%20Files/Java/jre1.8.0_151/lib/ext/access-bridge-64.jar
file:/C:/Program%20Files/Java/jre1.8.0_151/lib/ext/nashorn.jar
file:/C:/Program%20Files/Java/jre1.8.0_151/lib/ext/jfxrt.jar
file:/C:/Program%20Files/Java/jre1.8.0_151/lib/ext/zipfs.jar
2017-11-20 10:01:21 [DEBUG] d.m.g.t.r.c.ReportingRepository Reflections took 43 ms to scan 13 urls, producing 916 keys and 1031 values 
2017-11-20 10:01:21 [DEBUG] MontiCoreGrammarSymbolTableCreator Building Symboltable for Grammar: Weather
2017-11-20 10:01:21 [DEBUG] SymbolReference Load full information of 'SI' (Kind de.monticore.grammar.symboltable.MCGrammarSymbol$EssentialMCGrammarKind).
2017-11-20 10:01:21 [DEBUG] ModelingLanguageModelLoader Start parsing model Location: file:/C:/Users/Delta2-PC/Desktop/Uni/SimLang/SI.mc4 Package: SI.mc4.
2017-11-20 10:01:21 [DEBUG] ModelingLanguageModelLoader Parsed model Location: file:/C:/Users/Delta2-PC/Desktop/Uni/SimLang/SI.mc4 Package: SI.mc4 successfully.
2017-11-20 10:01:21 [DEBUG] MontiCoreGrammarSymbolTableCreator Start creation of symbol table for model "SI".
2017-11-20 10:01:21 [DEBUG] MontiCoreGrammarSymbolTableCreator Building Symboltable for Grammar: SI
2017-11-20 10:01:21 [DEBUG] MontiCoreGrammarSymbolTableCreator Created symbol table for model "SI".
2017-11-20 10:01:21 [DEBUG] SymbolReference Loaded full information of 'SI' successfully.
2017-11-20 10:01:21 [DEBUG] CommonSymbolReference Full information of 'SI' already loaded. Use cached version.
2017-11-20 10:01:21 [DEBUG] CommonSymbolReference Full information of 'SI' already loaded. Use cached version.
2017-11-20 10:01:21 [DEBUG] CommonSymbolReference Full information of 'SI' already loaded. Use cached version.
2017-11-20 10:01:21 [DEBUG] CommonSymbolReference Full information of 'SI' already loaded. Use cached version.
2017-11-20 10:01:21 [DEBUG] CommonSymbolReference Full information of 'SI' already loaded. Use cached version.
2017-11-20 10:01:21 [DEBUG] CommonSymbolReference Full information of 'SI' already loaded. Use cached version.
2017-11-20 10:01:21 [DEBUG] CommonSymbolReference Full information of 'SI' already loaded. Use cached version.
2017-11-20 10:01:21 [DEBUG] CommonSymbolReference Full information of 'SI' already loaded. Use cached version.
2017-11-20 10:01:21 [DEBUG] CommonSymbolReference Full information of 'SI' already loaded. Use cached version.
2017-11-20 10:01:21 [DEBUG] CommonSymbolReference Full information of 'SI' already loaded. Use cached version.
2017-11-20 10:01:21 [DEBUG] CommonSymbolReference Full information of 'SI' already loaded. Use cached version.
2017-11-20 10:01:21 [DEBUG] CommonSymbolReference Full information of 'SI' already loaded. Use cached version.
2017-11-20 10:01:21 [DEBUG] CommonSymbolReference Full information of 'SI' already loaded. Use cached version.
2017-11-20 10:01:21 [DEBUG] CommonSymbolReference Full information of 'SI' already loaded. Use cached version.
2017-11-20 10:01:21 [DEBUG] CommonSymbolReference Full information of 'SI' already loaded. Use cached version.
2017-11-20 10:01:21 [DEBUG] CommonSymbolReference Full information of 'SI' already loaded. Use cached version.
2017-11-20 10:01:21 [DEBUG] CommonSymbolReference Full information of 'SI' already loaded. Use cached version.
2017-11-20 10:01:21 [DEBUG] CommonSymbolReference Full information of 'SI' already loaded. Use cached version.
2017-11-20 10:01:21 [DEBUG] CommonSymbolReference Full information of 'SI' already loaded. Use cached version.
2017-11-20 10:01:21 [DEBUG] CommonSymbolReference Full information of 'SI' already loaded. Use cached version.
2017-11-20 10:01:21 [DEBUG] CommonSymbolReference Full information of 'SI' already loaded. Use cached version.
2017-11-20 10:01:21 [DEBUG] CommonSymbolReference Full information of 'SI' already loaded. Use cached version.
2017-11-20 10:01:21 [DEBUG] CommonSymbolReference Full information of 'SI' already loaded. Use cached version.
2017-11-20 10:01:21 [DEBUG] CommonSymbolReference Full information of 'SI' already loaded. Use cached version.
2017-11-20 10:01:21 [DEBUG] CommonSymbolReference Full information of 'SI' already loaded. Use cached version.
2017-11-20 10:01:21 [DEBUG] CommonSymbolReference Full information of 'SI' already loaded. Use cached version.
2017-11-20 10:01:21 [DEBUG] CommonSymbolReference Full information of 'SI' already loaded. Use cached version.
2017-11-20 10:01:21 [DEBUG] CommonSymbolReference Full information of 'SI' already loaded. Use cached version.
2017-11-20 10:01:21 [DEBUG] CommonSymbolReference Full information of 'SI' already loaded. Use cached version.
2017-11-20 10:01:21 [DEBUG] CommonSymbolReference Full information of 'SI' already loaded. Use cached version.
2017-11-20 10:01:21 [DEBUG] CommonSymbolReference Full information of 'SI' already loaded. Use cached version.
2017-11-20 10:01:21 [DEBUG] CommonSymbolReference Full information of 'SI' already loaded. Use cached version.
2017-11-20 10:01:21 [DEBUG] CommonSymbolReference Full information of 'SI' already loaded. Use cached version.
2017-11-20 10:01:21 [DEBUG] CommonSymbolReference Full information of 'SI' already loaded. Use cached version.
2017-11-20 10:01:21 [DEBUG] CommonSymbolReference Full information of 'SI' already loaded. Use cached version.
2017-11-20 10:01:21 [DEBUG] CommonSymbolReference Full information of 'SI' already loaded. Use cached version.
2017-11-20 10:01:21 [DEBUG] CommonSymbolReference Full information of 'SI' already loaded. Use cached version.
2017-11-20 10:01:21 [DEBUG] CommonSymbolReference Full information of 'SI' already loaded. Use cached version.
2017-11-20 10:01:21 [DEBUG] CommonSymbolReference Full information of 'SI' already loaded. Use cached version.
2017-11-20 10:01:21 [DEBUG] CommonSymbolReference Full information of 'SI' already loaded. Use cached version.
2017-11-20 10:01:21 [DEBUG] CommonSymbolReference Full information of 'SI' already loaded. Use cached version.
2017-11-20 10:01:21 [DEBUG] CommonSymbolReference Full information of 'SI' already loaded. Use cached version.
2017-11-20 10:01:21 [DEBUG] CommonSymbolReference Full information of 'SI' already loaded. Use cached version.
2017-11-20 10:01:21 [DEBUG] CommonSymbolReference Full information of 'SI' already loaded. Use cached version.
2017-11-20 10:01:21 [DEBUG] CommonSymbolReference Full information of 'SI' already loaded. Use cached version.
2017-11-20 10:01:21 [DEBUG] CommonSymbolReference Full information of 'SI' already loaded. Use cached version.
2017-11-20 10:01:21 [DEBUG] CommonSymbolReference Full information of 'SI' already loaded. Use cached version.
2017-11-20 10:01:21 [DEBUG] CommonSymbolReference Full information of 'SI' already loaded. Use cached version.
2017-11-20 10:01:21 [DEBUG] CommonSymbolReference Full information of 'SI' already loaded. Use cached version.
2017-11-20 10:01:21 [DEBUG] CommonSymbolReference Full information of 'SI' already loaded. Use cached version.
2017-11-20 10:01:21 [DEBUG] CommonSymbolReference Full information of 'SI' already loaded. Use cached version.
2017-11-20 10:01:21 [DEBUG] CommonSymbolReference Full information of 'SI' already loaded. Use cached version.
2017-11-20 10:01:21 [DEBUG] CommonSymbolReference Full information of 'SI' already loaded. Use cached version.
2017-11-20 10:01:21 [DEBUG] CommonSymbolReference Full information of 'SI' already loaded. Use cached version.
2017-11-20 10:01:21 [DEBUG] CommonSymbolReference Full information of 'SI' already loaded. Use cached version.
2017-11-20 10:01:21 [DEBUG] CommonSymbolReference Full information of 'SI' already loaded. Use cached version.
2017-11-20 10:01:21 [DEBUG] CommonSymbolReference Full information of 'SI' already loaded. Use cached version.
2017-11-20 10:01:21 [DEBUG] CommonSymbolReference Full information of 'SI' already loaded. Use cached version.
2017-11-20 10:01:21 [DEBUG] CommonSymbolReference Full information of 'SI' already loaded. Use cached version.
2017-11-20 10:01:21 [DEBUG] CommonSymbolReference Full information of 'SI' already loaded. Use cached version.
2017-11-20 10:01:21 [DEBUG] CommonSymbolReference Full information of 'SI' already loaded. Use cached version.
2017-11-20 10:01:21 [DEBUG] CommonSymbolReference Full information of 'SI' already loaded. Use cached version.
2017-11-20 10:01:21 [DEBUG] CommonSymbolReference Full information of 'SI' already loaded. Use cached version.
2017-11-20 10:01:21 [DEBUG] CommonSymbolReference Full information of 'SI' already loaded. Use cached version.
2017-11-20 10:01:21 [DEBUG] CommonSymbolReference Full information of 'SI' already loaded. Use cached version.
2017-11-20 10:01:21 [DEBUG] CommonSymbolReference Full information of 'SI' already loaded. Use cached version.
2017-11-20 10:01:21 [DEBUG] CommonSymbolReference Full information of 'SI' already loaded. Use cached version.
2017-11-20 10:01:21 [DEBUG] CommonSymbolReference Full information of 'SI' already loaded. Use cached version.
2017-11-20 10:01:21 [DEBUG] CommonSymbolReference Full information of 'SI' already loaded. Use cached version.
2017-11-20 10:01:21 [DEBUG] CommonSymbolReference Full information of 'SI' already loaded. Use cached version.
2017-11-20 10:01:21 [DEBUG] CommonSymbolReference Full information of 'SI' already loaded. Use cached version.
2017-11-20 10:01:21 [DEBUG] CommonSymbolReference Full information of 'SI' already loaded. Use cached version.
2017-11-20 10:01:21 [DEBUG] CommonSymbolReference Full information of 'SI' already loaded. Use cached version.
2017-11-20 10:01:21 [DEBUG] CommonSymbolReference Full information of 'SI' already loaded. Use cached version.
2017-11-20 10:01:21 [DEBUG] CommonSymbolReference Full information of 'SI' already loaded. Use cached version.
2017-11-20 10:01:21 [DEBUG] CommonSymbolReference Full information of 'SI' already loaded. Use cached version.
2017-11-20 10:01:21 [DEBUG] CommonSymbolReference Full information of 'SI' already loaded. Use cached version.
2017-11-20 10:01:21 [DEBUG] CommonSymbolReference Full information of 'SI' already loaded. Use cached version.
2017-11-20 10:01:21 [DEBUG] CommonSymbolReference Full information of 'SI' already loaded. Use cached version.
2017-11-20 10:01:21 [DEBUG] CommonSymbolReference Full information of 'SI' already loaded. Use cached version.
2017-11-20 10:01:21 [DEBUG] CommonSymbolReference Full information of 'SI' already loaded. Use cached version.
2017-11-20 10:01:21 [DEBUG] CommonSymbolReference Full information of 'SI' already loaded. Use cached version.
2017-11-20 10:01:21 [DEBUG] CommonSymbolReference Full information of 'SI' already loaded. Use cached version.
2017-11-20 10:01:21 [DEBUG] CommonSymbolReference Full information of 'SI' already loaded. Use cached version.
2017-11-20 10:01:21 [DEBUG] CommonSymbolReference Full information of 'SI' already loaded. Use cached version.
2017-11-20 10:01:21 [DEBUG] CommonSymbolReference Full information of 'SI' already loaded. Use cached version.
2017-11-20 10:01:21 [DEBUG] CommonSymbolReference Full information of 'SI' already loaded. Use cached version.
2017-11-20 10:01:21 [DEBUG] CommonSymbolReference Full information of 'SI' already loaded. Use cached version.
2017-11-20 10:01:21 [DEBUG] CommonSymbolReference Full information of 'SI' already loaded. Use cached version.
2017-11-20 10:01:21 [DEBUG] CommonSymbolReference Full information of 'SI' already loaded. Use cached version.
2017-11-20 10:01:21 [DEBUG] CommonSymbolReference Full information of 'SI' already loaded. Use cached version.
2017-11-20 10:01:21 [DEBUG] CommonSymbolReference Full information of 'SI' already loaded. Use cached version.
2017-11-20 10:01:21 [DEBUG] CommonSymbolReference Full information of 'SI' already loaded. Use cached version.
2017-11-20 10:01:21 [DEBUG] CommonSymbolReference Full information of 'SI' already loaded. Use cached version.
2017-11-20 10:01:21 [DEBUG] CommonSymbolReference Full information of 'SI' already loaded. Use cached version.
2017-11-20 10:01:21 [DEBUG] CommonSymbolReference Full information of 'SI' already loaded. Use cached version.
2017-11-20 10:01:21 [DEBUG] CommonSymbolReference Full information of 'SI' already loaded. Use cached version.
2017-11-20 10:01:21 [DEBUG] CommonSymbolReference Full information of 'SI' already loaded. Use cached version.
2017-11-20 10:01:21 [DEBUG] CommonSymbolReference Full information of 'SI' already loaded. Use cached version.
2017-11-20 10:01:21 [DEBUG] CommonSymbolReference Full information of 'SI' already loaded. Use cached version.
2017-11-20 10:01:21 [DEBUG] CommonSymbolReference Full information of 'SI' already loaded. Use cached version.
2017-11-20 10:01:21 [DEBUG] CommonSymbolReference Full information of 'SI' already loaded. Use cached version.
2017-11-20 10:01:21 [DEBUG] CommonSymbolReference Full information of 'SI' already loaded. Use cached version.
2017-11-20 10:01:21 [DEBUG] CommonSymbolReference Full information of 'SI' already loaded. Use cached version.
2017-11-20 10:01:21 [DEBUG] CommonSymbolReference Full information of 'SI' already loaded. Use cached version.
2017-11-20 10:01:21 [DEBUG] CommonSymbolReference Full information of 'SI' already loaded. Use cached version.
2017-11-20 10:01:21 [DEBUG] CommonSymbolReference Full information of 'SI' already loaded. Use cached version.
2017-11-20 10:01:21 [DEBUG] CommonSymbolReference Full information of 'SI' already loaded. Use cached version.
2017-11-20 10:01:21 [DEBUG] CommonSymbolReference Full information of 'SI' already loaded. Use cached version.
2017-11-20 10:01:21 [DEBUG] CommonSymbolReference Full information of 'SI' already loaded. Use cached version.
2017-11-20 10:01:21 [DEBUG] CommonSymbolReference Full information of 'SI' already loaded. Use cached version.
2017-11-20 10:01:21 [DEBUG] CommonSymbolReference Full information of 'SI' already loaded. Use cached version.
2017-11-20 10:01:21 [DEBUG] CommonSymbolReference Full information of 'SI' already loaded. Use cached version.
2017-11-20 10:01:21 [DEBUG] CommonSymbolReference Full information of 'SI' already loaded. Use cached version.
2017-11-20 10:01:21 [DEBUG] CommonSymbolReference Full information of 'SI' already loaded. Use cached version.
2017-11-20 10:01:21 [DEBUG] CommonSymbolReference Full information of 'SI' already loaded. Use cached version.
2017-11-20 10:01:21 [DEBUG] CommonSymbolReference Full information of 'SI' already loaded. Use cached version.
2017-11-20 10:01:21 [DEBUG] CommonSymbolReference Full information of 'SI' already loaded. Use cached version.
2017-11-20 10:01:21 [DEBUG] CommonSymbolReference Full information of 'SI' already loaded. Use cached version.
2017-11-20 10:01:21 [DEBUG] CommonSymbolReference Full information of 'SI' already loaded. Use cached version.
2017-11-20 10:01:21 [DEBUG] CommonSymbolReference Full information of 'SI' already loaded. Use cached version.
2017-11-20 10:01:21 [DEBUG] CommonSymbolReference Full information of 'SI' already loaded. Use cached version.
2017-11-20 10:01:21 [DEBUG] CommonSymbolReference Full information of 'SI' already loaded. Use cached version.
2017-11-20 10:01:21 [DEBUG] CommonSymbolReference Full information of 'SI' already loaded. Use cached version.
2017-11-20 10:01:21 [DEBUG] CommonSymbolReference Full information of 'SI' already loaded. Use cached version.
2017-11-20 10:01:21 [DEBUG] CommonSymbolReference Full information of 'SI' already loaded. Use cached version.
2017-11-20 10:01:21 [DEBUG] CommonSymbolReference Full information of 'SI' already loaded. Use cached version.
2017-11-20 10:01:21 [DEBUG] CommonSymbolReference Full information of 'SI' already loaded. Use cached version.
2017-11-20 10:01:21 [DEBUG] CommonSymbolReference Full information of 'SI' already loaded. Use cached version.
2017-11-20 10:01:21 [DEBUG] CommonSymbolReference Full information of 'SI' already loaded. Use cached version.
2017-11-20 10:01:21 [DEBUG] CommonSymbolReference Full information of 'SI' already loaded. Use cached version.
2017-11-20 10:01:21 [DEBUG] CommonSymbolReference Full information of 'SI' already loaded. Use cached version.
2017-11-20 10:01:21 [DEBUG] CommonSymbolReference Full information of 'SI' already loaded. Use cached version.
2017-11-20 10:01:21 [DEBUG] CommonSymbolReference Full information of 'SI' already loaded. Use cached version.
2017-11-20 10:01:21 [DEBUG] CommonSymbolReference Full information of 'SI' already loaded. Use cached version.
2017-11-20 10:01:21 [DEBUG] CommonSymbolReference Full information of 'SI' already loaded. Use cached version.
2017-11-20 10:01:21 [DEBUG] CommonSymbolReference Full information of 'SI' already loaded. Use cached version.
2017-11-20 10:01:21 [DEBUG] CommonSymbolReference Full information of 'SI' already loaded. Use cached version.
2017-11-20 10:01:21 [DEBUG] CommonSymbolReference Full information of 'SI' already loaded. Use cached version.
2017-11-20 10:01:21 [DEBUG] CommonSymbolReference Full information of 'SI' already loaded. Use cached version.
2017-11-20 10:01:21 [DEBUG] CommonSymbolReference Full information of 'SI' already loaded. Use cached version.
2017-11-20 10:01:21 [DEBUG] CommonSymbolReference Full information of 'SI' already loaded. Use cached version.
2017-11-20 10:01:21 [DEBUG] CommonSymbolReference Full information of 'SI' already loaded. Use cached version.
2017-11-20 10:01:21 [DEBUG] CommonSymbolReference Full information of 'SI' already loaded. Use cached version.
2017-11-20 10:01:21 [DEBUG] CommonSymbolReference Full information of 'SI' already loaded. Use cached version.
2017-11-20 10:01:21 [DEBUG] CommonSymbolReference Full information of 'SI' already loaded. Use cached version.
2017-11-20 10:01:21 [DEBUG] CommonSymbolReference Full information of 'SI' already loaded. Use cached version.
2017-11-20 10:01:21 [DEBUG] CommonSymbolReference Full information of 'SI' already loaded. Use cached version.
2017-11-20 10:01:21 [DEBUG] CommonSymbolReference Full information of 'SI' already loaded. Use cached version.
2017-11-20 10:01:21 [DEBUG] CommonSymbolReference Full information of 'SI' already loaded. Use cached version.
2017-11-20 10:01:21 [DEBUG] CommonSymbolReference Full information of 'SI' already loaded. Use cached version.
2017-11-20 10:01:21 [DEBUG] CommonSymbolReference Full information of 'SI' already loaded. Use cached version.
2017-11-20 10:01:21 [DEBUG] CommonSymbolReference Full information of 'SI' already loaded. Use cached version.
2017-11-20 10:01:21 [DEBUG] CommonSymbolReference Full information of 'SI' already loaded. Use cached version.
2017-11-20 10:01:21 [DEBUG] CommonSymbolReference Full information of 'SI' already loaded. Use cached version.
2017-11-20 10:01:21 [DEBUG] CommonSymbolReference Full information of 'SI' already loaded. Use cached version.
2017-11-20 10:01:21 [DEBUG] CommonSymbolReference Full information of 'SI' already loaded. Use cached version.
2017-11-20 10:01:21 [DEBUG] CommonSymbolReference Full information of 'SI' already loaded. Use cached version.
2017-11-20 10:01:21 [DEBUG] CommonSymbolReference Full information of 'SI' already loaded. Use cached version.
2017-11-20 10:01:21 [DEBUG] CommonSymbolReference Full information of 'SI' already loaded. Use cached version.
2017-11-20 10:01:21 [DEBUG] CD4AnalysisSymbolTableCreator Building Symboltable for CD: Weather
2017-11-20 10:01:21 [DEBUG] CD4AnalysisSymbolTableCreator Finished build of symboltable for CD: Weather
2017-11-20 10:01:21 [DEBUG] ParserGenerator Start parser generation for the grammar Weather
2017-11-20 10:01:21 [DEBUG] CommonSymbolReference Full information of 'SI' already loaded. Use cached version.
2017-11-20 10:01:21 [DEBUG] CommonSymbolReference Full information of 'SI' already loaded. Use cached version.
2017-11-20 10:01:21 [DEBUG] CommonSymbolReference Full information of 'SI' already loaded. Use cached version.
2017-11-20 10:01:21 [DEBUG] CommonSymbolReference Full information of 'SI' already loaded. Use cached version.
2017-11-20 10:01:21 [DEBUG] CommonSymbolReference Full information of 'SI' already loaded. Use cached version.
2017-11-20 10:01:21 [DEBUG] CommonSymbolReference Full information of 'SI' already loaded. Use cached version.
2017-11-20 10:01:21 [DEBUG] CommonSymbolReference Full information of 'SI' already loaded. Use cached version.
2017-11-20 10:01:21 [DEBUG] CommonSymbolReference Full information of 'SI' already loaded. Use cached version.
2017-11-20 10:01:21 [DEBUG] CommonSymbolReference Full information of 'SI' already loaded. Use cached version.
2017-11-20 10:01:21 [DEBUG] CommonSymbolReference Full information of 'SI' already loaded. Use cached version.
2017-11-20 10:01:21 [DEBUG] CommonSymbolReference Full information of 'SI' already loaded. Use cached version.
2017-11-20 10:01:21 [DEBUG] CommonSymbolReference Full information of 'SI' already loaded. Use cached version.
2017-11-20 10:01:21 [DEBUG] d.m.g.t.f.MontiCoreTemplateLoader Requested template de.monticore.generating.templateengine.freemarker.Aliases
2017-11-20 10:01:21 [DEBUG] d.m.g.t.f.MontiCoreTemplateLoader Requested template parser.Parser
2017-11-20 10:01:21 [DEBUG] d.m.g.t.f.MontiCoreTemplateLoader Requested template parser.ParserHeader
2017-11-20 10:01:21 [DEBUG] CommonSymbolReference Full information of 'SI' already loaded. Use cached version.
2017-11-20 10:01:21 [DEBUG] d.m.g.t.f.MontiCoreTemplateLoader Requested template parser.LexerMember
2017-11-20 10:01:21 [DEBUG] CommonSymbolReference Full information of 'SI' already loaded. Use cached version.
2017-11-20 10:01:21 [DEBUG] CommonSymbolReference Full information of 'SI' already loaded. Use cached version.
2017-11-20 10:01:21 [DEBUG] CommonSymbolReference Full information of 'SI' already loaded. Use cached version.
2017-11-20 10:01:21 [DEBUG] CommonSymbolReference Full information of 'SI' already loaded. Use cached version.
2017-11-20 10:01:21 [DEBUG] CommonSymbolReference Full information of 'SI' already loaded. Use cached version.
2017-11-20 10:01:21 [DEBUG] CommonSymbolReference Full information of 'SI' already loaded. Use cached version.
2017-11-20 10:01:21 [DEBUG] CommonSymbolReference Full information of 'SI' already loaded. Use cached version.
2017-11-20 10:01:21 [DEBUG] CommonSymbolReference Full information of 'SI' already loaded. Use cached version.
2017-11-20 10:01:21 [DEBUG] CommonSymbolReference Full information of 'SI' already loaded. Use cached version.
2017-11-20 10:01:21 [DEBUG] CommonSymbolReference Full information of 'SI' already loaded. Use cached version.
2017-11-20 10:01:21 [DEBUG] CommonSymbolReference Full information of 'SI' already loaded. Use cached version.
2017-11-20 10:01:21 [DEBUG] CommonSymbolReference Full information of 'SI' already loaded. Use cached version.
2017-11-20 10:01:21 [DEBUG] CommonSymbolReference Full information of 'SI' already loaded. Use cached version.
2017-11-20 10:01:21 [DEBUG] CommonSymbolReference Full information of 'SI' already loaded. Use cached version.
2017-11-20 10:01:21 [DEBUG] CommonSymbolReference Full information of 'SI' already loaded. Use cached version.
2017-11-20 10:01:21 [DEBUG] CommonSymbolReference Full information of 'SI' already loaded. Use cached version.
2017-11-20 10:01:21 [DEBUG] CommonSymbolReference Full information of 'SI' already loaded. Use cached version.
2017-11-20 10:01:21 [DEBUG] CommonSymbolReference Full information of 'SI' already loaded. Use cached version.
2017-11-20 10:01:21 [DEBUG] CommonSymbolReference Full information of 'SI' already loaded. Use cached version.
2017-11-20 10:01:21 [DEBUG] CommonSymbolReference Full information of 'SI' already loaded. Use cached version.
2017-11-20 10:01:21 [DEBUG] CommonSymbolReference Full information of 'SI' already loaded. Use cached version.
2017-11-20 10:01:21 [DEBUG] CommonSymbolReference Full information of 'SI' already loaded. Use cached version.
2017-11-20 10:01:21 [DEBUG] CommonSymbolReference Full information of 'SI' already loaded. Use cached version.
2017-11-20 10:01:21 [DEBUG] CommonSymbolReference Full information of 'SI' already loaded. Use cached version.
2017-11-20 10:01:21 [DEBUG] CommonSymbolReference Full information of 'SI' already loaded. Use cached version.
2017-11-20 10:01:21 [DEBUG] CommonSymbolReference Full information of 'SI' already loaded. Use cached version.
2017-11-20 10:01:21 [DEBUG] CommonSymbolReference Full information of 'SI' already loaded. Use cached version.
2017-11-20 10:01:21 [DEBUG] CommonSymbolReference Full information of 'SI' already loaded. Use cached version.
2017-11-20 10:01:21 [DEBUG] CommonSymbolReference Full information of 'SI' already loaded. Use cached version.
2017-11-20 10:01:21 [DEBUG] CommonSymbolReference Full information of 'SI' already loaded. Use cached version.
2017-11-20 10:01:21 [DEBUG] CommonSymbolReference Full information of 'SI' already loaded. Use cached version.
2017-11-20 10:01:21 [DEBUG] CommonSymbolReference Full information of 'SI' already loaded. Use cached version.
2017-11-20 10:01:21 [DEBUG] CommonSymbolReference Full information of 'SI' already loaded. Use cached version.
2017-11-20 10:01:21 [DEBUG] CommonSymbolReference Full information of 'SI' already loaded. Use cached version.
2017-11-20 10:01:21 [DEBUG] LexNamer Using lexer symbol TEMPERATURE for symbol 'temperature'
2017-11-20 10:01:21 [DEBUG] CommonSymbolReference Full information of 'SI' already loaded. Use cached version.
2017-11-20 10:01:21 [DEBUG] LexNamer Using lexer symbol HUMIDITY for symbol 'humidity'
2017-11-20 10:01:21 [DEBUG] CommonSymbolReference Full information of 'SI' already loaded. Use cached version.
2017-11-20 10:01:21 [DEBUG] LexNamer Using lexer symbol PRESSURE for symbol 'pressure'
2017-11-20 10:01:21 [DEBUG] CommonSymbolReference Full information of 'SI' already loaded. Use cached version.
2017-11-20 10:01:21 [DEBUG] LexNamer Using lexer symbol WINDSTRENGTH for symbol 'windstrength'
2017-11-20 10:01:21 [DEBUG] CommonSymbolReference Full information of 'SI' already loaded. Use cached version.
2017-11-20 10:01:21 [DEBUG] LexNamer Using lexer symbol WINDDIRECTION for symbol 'winddirection'
2017-11-20 10:01:21 [DEBUG] CommonSymbolReference Full information of 'SI' already loaded. Use cached version.
2017-11-20 10:01:21 [DEBUG] LexNamer Using lexer symbol NONE for symbol 'none'
2017-11-20 10:01:21 [DEBUG] LexNamer Using lexer symbol DRIZZLE for symbol 'drizzle'
2017-11-20 10:01:21 [DEBUG] LexNamer Using lexer symbol RAIN for symbol 'rain'
2017-11-20 10:01:21 [DEBUG] LexNamer Using lexer symbol SNAIN for symbol 'snain'
2017-11-20 10:01:21 [DEBUG] LexNamer Using lexer symbol SNOW for symbol 'snow'
2017-11-20 10:01:21 [DEBUG] LexNamer Using lexer symbol SLEET for symbol 'sleet'
2017-11-20 10:01:21 [DEBUG] LexNamer Using lexer symbol HAIL for symbol 'hail'
2017-11-20 10:01:21 [DEBUG] LexNamer Using lexer symbol GRAUPEL for symbol 'graupel'
2017-11-20 10:01:21 [DEBUG] CommonSymbolReference Full information of 'SI' already loaded. Use cached version.
2017-11-20 10:01:21 [DEBUG] LexNamer Using lexer symbol CLOUDING for symbol 'clouding'
2017-11-20 10:01:21 [DEBUG] LexNamer Using lexer symbol CIRROSTRATUS for symbol 'cirrostratus'
2017-11-20 10:01:21 [DEBUG] LexNamer Using lexer symbol ALTOSTRATUS for symbol 'altostratus'
2017-11-20 10:01:21 [DEBUG] LexNamer Using lexer symbol STRATUS for symbol 'stratus'
2017-11-20 10:01:21 [DEBUG] LexNamer Using lexer symbol NIMBOSTRATUS for symbol 'nimbostratus'
2017-11-20 10:01:21 [DEBUG] LexNamer Using lexer symbol NOCTILUCENT for symbol 'noctilucent'
2017-11-20 10:01:21 [DEBUG] LexNamer Using lexer symbol CIRRUS for symbol 'cirrus'
2017-11-20 10:01:21 [DEBUG] LexNamer Using lexer symbol CIRROCUMULUS for symbol 'cirrocumulus'
2017-11-20 10:01:21 [DEBUG] LexNamer Using lexer symbol ALTOCUMULUS for symbol 'altocumulus'
2017-11-20 10:01:21 [DEBUG] LexNamer Using lexer symbol STRATOCUMULUS for symbol 'stratocumulus'
2017-11-20 10:01:21 [DEBUG] LexNamer Using lexer symbol CUMULONIMBUS for symbol 'cumulonimbus'
2017-11-20 10:01:21 [DEBUG] LexNamer Using lexer symbol SIGHT for symbol 'sight'
2017-11-20 10:01:21 [DEBUG] CommonSymbolReference Full information of 'SI' already loaded. Use cached version.
2017-11-20 10:01:21 [DEBUG] LexNamer Using lexer symbol UNLIMITED for symbol 'unlimited'
2017-11-20 10:01:21 [DEBUG] LexNamer Using lexer symbol FOG for symbol 'fog'
2017-11-20 10:01:21 [DEBUG] LexNamer Using lexer symbol LANDSPOUT for symbol 'landspout'
2017-11-20 10:01:21 [DEBUG] LexNamer Using lexer symbol WATERSPOUT for symbol 'waterspout'
2017-11-20 10:01:21 [DEBUG] LexNamer Using lexer symbol GUSTNADO for symbol 'gustnado'
2017-11-20 10:01:21 [DEBUG] LexNamer Using lexer symbol THUNDERSTORM for symbol 'thunderstorm'
2017-11-20 10:01:21 [DEBUG] LexNamer Using lexer symbol LPAREN for symbol '('
2017-11-20 10:01:21 [DEBUG] LexNamer Using lexer symbol RPAREN for symbol ')'
2017-11-20 10:01:21 [DEBUG] LexNamer Using lexer symbol RAINBOW for symbol 'rainbow'
2017-11-20 10:01:21 [DEBUG] LexNamer Using lexer symbol MIRAGE for symbol 'mirage'
2017-11-20 10:01:21 [DEBUG] LexNamer Using lexer symbol CONTRAILS for symbol 'contrails'
2017-11-20 10:01:21 [DEBUG] LexNamer Using lexer symbol SMOG for symbol 'smog'
2017-11-20 10:01:21 [DEBUG] CommonSymbolReference Full information of 'SI' already loaded. Use cached version.
2017-11-20 10:01:21 [DEBUG] CommonSymbolReference Full information of 'SI' already loaded. Use cached version.
2017-11-20 10:01:21 [DEBUG] CommonSymbolReference Full information of 'SI' already loaded. Use cached version.
2017-11-20 10:01:21 [DEBUG] d.m.g.t.TemplateController C:\Users\Delta2-PC\Desktop\Uni\SimLang\out\weather\_parser\WeatherAntlr.g4 written successfully!
2017-11-20 10:01:21 [DEBUG] ParserGenerator Start Antlr generation for the antlr file C:\Users\Delta2-PC\Desktop\Uni\SimLang\out\weather\_parser\WeatherAntlr.g4
2017-11-20 10:01:22 [DEBUG] ParserGenerator End parser generation for the grammar Weather
2017-11-20 10:01:22 [DEBUG] d.m.c.m.TransformationHelper Checking existence of handwritten class weather._parser.WeatherParser by searching for weather\_parser\WeatherParser.java
2017-11-20 10:01:22 [DEBUG] CommonSymbolReference Full information of 'SI' already loaded. Use cached version.
2017-11-20 10:01:22 [DEBUG] d.m.g.t.f.MontiCoreTemplateLoader Requested template de.monticore.generating.templateengine.freemarker.Aliases
2017-11-20 10:01:22 [DEBUG] d.m.g.t.f.MontiCoreTemplateLoader Requested template parser.MCParser
2017-11-20 10:01:22 [DEBUG] d.m.g.t.f.MontiCoreTemplateLoader Requested template parser.MCParserMethods
2017-11-20 10:01:22 [DEBUG] d.m.g.t.TemplateController C:\Users\Delta2-PC\Desktop\Uni\SimLang\out\weather\_parser\WeatherParser.java written successfully!
2017-11-20 10:01:22 [DEBUG] ModelingLanguageModelLoader Start parsing model Location: file:/C:/Users/Delta2-PC/Desktop/Uni/SimLang/out/SI.cd Package: SI.cd.
2017-11-20 10:01:22 [DEBUG] ModelingLanguageModelLoader Parsed model Location: file:/C:/Users/Delta2-PC/Desktop/Uni/SimLang/out/SI.cd Package: SI.cd successfully.
2017-11-20 10:01:22 [DEBUG] CD4AnalysisModelLoader Start creation of symbol table for model "SI".
2017-11-20 10:01:22 [DEBUG] CD4AnalysisSymbolTableCreator Building Symboltable for CD: SI
2017-11-20 10:01:22 [DEBUG] CD4AnalysisSymbolTableCreator Finished build of symboltable for CD: SI
2017-11-20 10:01:22 [DEBUG] CD4AnalysisModelLoader Created symbol table for model "SI".
2017-11-20 10:01:22 [DEBUG] GeneratorHelper CD or Java type couldn't be resolved: si._ast.ASTUnitNumber
2017-11-20 10:01:22 [DEBUG] SymbolReference Load full information of 'SI.ASTUnitNumber' (Kind de.monticore.umlcd4a.symboltable.CDTypeSymbolKind).
2017-11-20 10:01:22 [DEBUG] SymbolReference Loaded full information of 'SI.ASTUnitNumber' successfully.
2017-11-20 10:01:22 [DEBUG] SymbolReference Load full information of 'SI.ASTUnitNumber' (Kind de.monticore.umlcd4a.symboltable.CDTypeSymbolKind).
2017-11-20 10:01:22 [DEBUG] SymbolReference Loaded full information of 'SI.ASTUnitNumber' successfully.
2017-11-20 10:01:22 [DEBUG] CommonSymbolReference Full information of 'SI.ASTUnitNumber' already loaded. Use cached version.
2017-11-20 10:01:22 [DEBUG] CommonSymbolReference Full information of 'SI.ASTUnitNumber' already loaded. Use cached version.
2017-11-20 10:01:22 [DEBUG] CommonSymbolReference Full information of 'SI.ASTUnitNumber' already loaded. Use cached version.
2017-11-20 10:01:22 [DEBUG] CommonSymbolReference Full information of 'SI.ASTUnitNumber' already loaded. Use cached version.
2017-11-20 10:01:22 [DEBUG] CommonSymbolReference Full information of 'SI.ASTUnitNumber' already loaded. Use cached version.
2017-11-20 10:01:22 [DEBUG] CommonSymbolReference Full information of 'SI.ASTUnitNumber' already loaded. Use cached version.
2017-11-20 10:01:22 [DEBUG] CommonSymbolReference Full information of 'SI.ASTUnitNumber' already loaded. Use cached version.
2017-11-20 10:01:22 [DEBUG] CommonSymbolReference Full information of 'SI.ASTUnitNumber' already loaded. Use cached version.
2017-11-20 10:01:22 [DEBUG] CommonSymbolReference Full information of 'SI.ASTUnitNumber' already loaded. Use cached version.
2017-11-20 10:01:22 [DEBUG] CommonSymbolReference Full information of 'SI.ASTUnitNumber' already loaded. Use cached version.
2017-11-20 10:01:22 [DEBUG] SymbolReference Load full information of 'SI.ASTUnitNumber' (Kind de.monticore.umlcd4a.symboltable.CDTypeSymbolKind).
2017-11-20 10:01:22 [DEBUG] SymbolReference Loaded full information of 'SI.ASTUnitNumber' successfully.
2017-11-20 10:01:22 [DEBUG] SymbolReference Load full information of 'SI.ASTUnitNumber' (Kind de.monticore.umlcd4a.symboltable.CDTypeSymbolKind).
2017-11-20 10:01:22 [DEBUG] SymbolReference Loaded full information of 'SI.ASTUnitNumber' successfully.
2017-11-20 10:01:22 [DEBUG] CommonSymbolReference Full information of 'SI.ASTUnitNumber' already loaded. Use cached version.
2017-11-20 10:01:22 [DEBUG] CommonSymbolReference Full information of 'SI.ASTUnitNumber' already loaded. Use cached version.
2017-11-20 10:01:22 [DEBUG] CommonSymbolReference Full information of 'SI.ASTUnitNumber' already loaded. Use cached version.
2017-11-20 10:01:22 [DEBUG] CommonSymbolReference Full information of 'SI.ASTUnitNumber' already loaded. Use cached version.
2017-11-20 10:01:22 [DEBUG] CommonSymbolReference Full information of 'SI.ASTUnitNumber' already loaded. Use cached version.
2017-11-20 10:01:22 [DEBUG] CommonSymbolReference Full information of 'SI.ASTUnitNumber' already loaded. Use cached version.
2017-11-20 10:01:22 [DEBUG] CommonSymbolReference Full information of 'SI.ASTUnitNumber' already loaded. Use cached version.
2017-11-20 10:01:22 [DEBUG] CommonSymbolReference Full information of 'SI.ASTUnitNumber' already loaded. Use cached version.
2017-11-20 10:01:22 [DEBUG] CommonSymbolReference Full information of 'SI.ASTUnitNumber' already loaded. Use cached version.
2017-11-20 10:01:22 [DEBUG] CommonSymbolReference Full information of 'SI.ASTUnitNumber' already loaded. Use cached version.
2017-11-20 10:01:22 [DEBUG] SymbolReference Load full information of 'SI.ASTUnitNumber' (Kind de.monticore.umlcd4a.symboltable.CDTypeSymbolKind).
2017-11-20 10:01:22 [DEBUG] SymbolReference Loaded full information of 'SI.ASTUnitNumber' successfully.
2017-11-20 10:01:22 [DEBUG] SymbolReference Load full information of 'SI.ASTUnitNumber' (Kind de.monticore.umlcd4a.symboltable.CDTypeSymbolKind).
2017-11-20 10:01:22 [DEBUG] SymbolReference Loaded full information of 'SI.ASTUnitNumber' successfully.
2017-11-20 10:01:22 [DEBUG] CommonSymbolReference Full information of 'SI.ASTUnitNumber' already loaded. Use cached version.
2017-11-20 10:01:22 [DEBUG] CommonSymbolReference Full information of 'SI.ASTUnitNumber' already loaded. Use cached version.
2017-11-20 10:01:22 [DEBUG] CommonSymbolReference Full information of 'SI.ASTUnitNumber' already loaded. Use cached version.
2017-11-20 10:01:22 [DEBUG] CommonSymbolReference Full information of 'SI.ASTUnitNumber' already loaded. Use cached version.
2017-11-20 10:01:22 [DEBUG] CommonSymbolReference Full information of 'SI.ASTUnitNumber' already loaded. Use cached version.
2017-11-20 10:01:22 [DEBUG] CommonSymbolReference Full information of 'SI.ASTUnitNumber' already loaded. Use cached version.
2017-11-20 10:01:22 [DEBUG] CommonSymbolReference Full information of 'SI.ASTUnitNumber' already loaded. Use cached version.
2017-11-20 10:01:22 [DEBUG] CommonSymbolReference Full information of 'SI.ASTUnitNumber' already loaded. Use cached version.
2017-11-20 10:01:22 [DEBUG] CommonSymbolReference Full information of 'SI.ASTUnitNumber' already loaded. Use cached version.
2017-11-20 10:01:22 [DEBUG] CommonSymbolReference Full information of 'SI.ASTUnitNumber' already loaded. Use cached version.
2017-11-20 10:01:22 [DEBUG] SymbolReference Load full information of 'SI.ASTUnitNumber' (Kind de.monticore.umlcd4a.symboltable.CDTypeSymbolKind).
2017-11-20 10:01:22 [DEBUG] SymbolReference Loaded full information of 'SI.ASTUnitNumber' successfully.
2017-11-20 10:01:22 [DEBUG] SymbolReference Load full information of 'SI.ASTUnitNumber' (Kind de.monticore.umlcd4a.symboltable.CDTypeSymbolKind).
2017-11-20 10:01:22 [DEBUG] SymbolReference Loaded full information of 'SI.ASTUnitNumber' successfully.
2017-11-20 10:01:22 [DEBUG] CommonSymbolReference Full information of 'SI.ASTUnitNumber' already loaded. Use cached version.
2017-11-20 10:01:22 [DEBUG] CommonSymbolReference Full information of 'SI.ASTUnitNumber' already loaded. Use cached version.
2017-11-20 10:01:22 [DEBUG] CommonSymbolReference Full information of 'SI.ASTUnitNumber' already loaded. Use cached version.
2017-11-20 10:01:22 [DEBUG] CommonSymbolReference Full information of 'SI.ASTUnitNumber' already loaded. Use cached version.
2017-11-20 10:01:22 [DEBUG] CommonSymbolReference Full information of 'SI.ASTUnitNumber' already loaded. Use cached version.
2017-11-20 10:01:22 [DEBUG] CommonSymbolReference Full information of 'SI.ASTUnitNumber' already loaded. Use cached version.
2017-11-20 10:01:22 [DEBUG] CommonSymbolReference Full information of 'SI.ASTUnitNumber' already loaded. Use cached version.
2017-11-20 10:01:22 [DEBUG] CommonSymbolReference Full information of 'SI.ASTUnitNumber' already loaded. Use cached version.
2017-11-20 10:01:22 [DEBUG] CommonSymbolReference Full information of 'SI.ASTUnitNumber' already loaded. Use cached version.
2017-11-20 10:01:22 [DEBUG] CommonSymbolReference Full information of 'SI.ASTUnitNumber' already loaded. Use cached version.
2017-11-20 10:01:22 [DEBUG] SymbolReference Load full information of 'SI.ASTUnitNumber' (Kind de.monticore.umlcd4a.symboltable.CDTypeSymbolKind).
2017-11-20 10:01:22 [DEBUG] SymbolReference Loaded full information of 'SI.ASTUnitNumber' successfully.
2017-11-20 10:01:22 [DEBUG] SymbolReference Load full information of 'SI.ASTUnitNumber' (Kind de.monticore.umlcd4a.symboltable.CDTypeSymbolKind).
2017-11-20 10:01:22 [DEBUG] SymbolReference Loaded full information of 'SI.ASTUnitNumber' successfully.
2017-11-20 10:01:22 [DEBUG] CommonSymbolReference Full information of 'SI.ASTUnitNumber' already loaded. Use cached version.
2017-11-20 10:01:22 [DEBUG] CommonSymbolReference Full information of 'SI.ASTUnitNumber' already loaded. Use cached version.
2017-11-20 10:01:22 [DEBUG] CommonSymbolReference Full information of 'SI.ASTUnitNumber' already loaded. Use cached version.
2017-11-20 10:01:22 [DEBUG] CommonSymbolReference Full information of 'SI.ASTUnitNumber' already loaded. Use cached version.
2017-11-20 10:01:22 [DEBUG] CommonSymbolReference Full information of 'SI.ASTUnitNumber' already loaded. Use cached version.
2017-11-20 10:01:22 [DEBUG] CommonSymbolReference Full information of 'SI.ASTUnitNumber' already loaded. Use cached version.
2017-11-20 10:01:22 [DEBUG] CommonSymbolReference Full information of 'SI.ASTUnitNumber' already loaded. Use cached version.
2017-11-20 10:01:22 [DEBUG] CommonSymbolReference Full information of 'SI.ASTUnitNumber' already loaded. Use cached version.
2017-11-20 10:01:22 [DEBUG] CommonSymbolReference Full information of 'SI.ASTUnitNumber' already loaded. Use cached version.
2017-11-20 10:01:22 [DEBUG] CommonSymbolReference Full information of 'SI.ASTUnitNumber' already loaded. Use cached version.
2017-11-20 10:01:22 [DEBUG] SymbolReference Load full information of 'SI.ASTUnitNumber' (Kind de.monticore.umlcd4a.symboltable.CDTypeSymbolKind).
2017-11-20 10:01:22 [DEBUG] SymbolReference Loaded full information of 'SI.ASTUnitNumber' successfully.
2017-11-20 10:01:22 [DEBUG] SymbolReference Load full information of 'SI.ASTUnitNumber' (Kind de.monticore.umlcd4a.symboltable.CDTypeSymbolKind).
2017-11-20 10:01:22 [DEBUG] SymbolReference Loaded full information of 'SI.ASTUnitNumber' successfully.
2017-11-20 10:01:22 [DEBUG] CommonSymbolReference Full information of 'SI.ASTUnitNumber' already loaded. Use cached version.
2017-11-20 10:01:22 [DEBUG] CommonSymbolReference Full information of 'SI.ASTUnitNumber' already loaded. Use cached version.
2017-11-20 10:01:22 [DEBUG] CommonSymbolReference Full information of 'SI.ASTUnitNumber' already loaded. Use cached version.
2017-11-20 10:01:22 [DEBUG] CommonSymbolReference Full information of 'SI.ASTUnitNumber' already loaded. Use cached version.
2017-11-20 10:01:22 [DEBUG] CommonSymbolReference Full information of 'SI.ASTUnitNumber' already loaded. Use cached version.
2017-11-20 10:01:22 [DEBUG] CommonSymbolReference Full information of 'SI.ASTUnitNumber' already loaded. Use cached version.
2017-11-20 10:01:22 [DEBUG] CommonSymbolReference Full information of 'SI.ASTUnitNumber' already loaded. Use cached version.
2017-11-20 10:01:22 [DEBUG] CommonSymbolReference Full information of 'SI.ASTUnitNumber' already loaded. Use cached version.
2017-11-20 10:01:22 [DEBUG] CommonSymbolReference Full information of 'SI.ASTUnitNumber' already loaded. Use cached version.
2017-11-20 10:01:22 [DEBUG] CommonSymbolReference Full information of 'SI.ASTUnitNumber' already loaded. Use cached version.
2017-11-20 10:01:22 [DEBUG] SymbolReference Load full information of 'SI.ASTUnitNumber' (Kind de.monticore.umlcd4a.symboltable.CDTypeSymbolKind).
2017-11-20 10:01:22 [DEBUG] SymbolReference Loaded full information of 'SI.ASTUnitNumber' successfully.
2017-11-20 10:01:22 [DEBUG] SymbolReference Load full information of 'SI.ASTUnitNumber' (Kind de.monticore.umlcd4a.symboltable.CDTypeSymbolKind).
2017-11-20 10:01:22 [DEBUG] SymbolReference Loaded full information of 'SI.ASTUnitNumber' successfully.
2017-11-20 10:01:22 [DEBUG] d.m.c.m.TransformationHelper Checking existence of handwritten class weather._ast.WeatherNodeFactory by searching for weather\_ast\WeatherNodeFactory.java
2017-11-20 10:01:22 [DEBUG] CdDecorator  CDSymbol for WeatherNodeFactory : Weather
2017-11-20 10:01:22 [DEBUG] CdDecorator  CDSymbol for WeatherNodeFactory : SI
2017-11-20 10:01:22 [DEBUG] d.m.c.m.TransformationHelper Checking existence of handwritten class weather._ast.ASTTemperature by searching for weather\_ast\ASTTemperature.java
2017-11-20 10:01:22 [DEBUG] d.m.c.m.TransformationHelper Checking existence of handwritten class weather._ast.ASTHumidity by searching for weather\_ast\ASTHumidity.java
2017-11-20 10:01:22 [DEBUG] d.m.c.m.TransformationHelper Checking existence of handwritten class weather._ast.ASTPressure by searching for weather\_ast\ASTPressure.java
2017-11-20 10:01:22 [DEBUG] d.m.c.m.TransformationHelper Checking existence of handwritten class weather._ast.ASTWindstrength by searching for weather\_ast\ASTWindstrength.java
2017-11-20 10:01:22 [DEBUG] d.m.c.m.TransformationHelper Checking existence of handwritten class weather._ast.ASTWinddirection by searching for weather\_ast\ASTWinddirection.java
2017-11-20 10:01:22 [DEBUG] d.m.c.m.TransformationHelper Checking existence of handwritten class weather._ast.ASTPrecipitationtype by searching for weather\_ast\ASTPrecipitationtype.java
2017-11-20 10:01:22 [DEBUG] d.m.c.m.TransformationHelper Checking existence of handwritten class weather._ast.ASTPrecipitationamount by searching for weather\_ast\ASTPrecipitationamount.java
2017-11-20 10:01:22 [DEBUG] d.m.c.m.TransformationHelper Checking existence of handwritten class weather._ast.ASTClouding by searching for weather\_ast\ASTClouding.java
2017-11-20 10:01:22 [DEBUG] d.m.c.m.TransformationHelper Checking existence of handwritten class weather._ast.ASTSight by searching for weather\_ast\ASTSight.java
2017-11-20 10:01:22 [DEBUG] d.m.c.m.TransformationHelper Checking existence of handwritten class weather._ast.ASTWeatherPhenomena by searching for weather\_ast\ASTWeatherPhenomena.java
2017-11-20 10:01:22 [DEBUG] d.m.c.m.TransformationHelper Checking existence of handwritten class weather._ast.ASTOpticalPhenomena by searching for weather\_ast\ASTOpticalPhenomena.java
2017-11-20 10:01:22 [DEBUG] d.m.c.m.TransformationHelper Checking existence of handwritten class weather._ast.ASTArtificialPhenomena by searching for weather\_ast\ASTArtificialPhenomena.java
2017-11-20 10:01:22 [DEBUG] d.m.c.m.TransformationHelper Checking existence of handwritten class weather._ast.Builder_ASTTemperature by searching for weather\_ast\Builder_ASTTemperature.java
2017-11-20 10:01:22 [DEBUG] d.m.c.m.TransformationHelper Checking existence of handwritten class weather._ast.Builder_ASTHumidity by searching for weather\_ast\Builder_ASTHumidity.java
2017-11-20 10:01:22 [DEBUG] d.m.c.m.TransformationHelper Checking existence of handwritten class weather._ast.Builder_ASTPressure by searching for weather\_ast\Builder_ASTPressure.java
2017-11-20 10:01:22 [DEBUG] d.m.c.m.TransformationHelper Checking existence of handwritten class weather._ast.Builder_ASTWindstrength by searching for weather\_ast\Builder_ASTWindstrength.java
2017-11-20 10:01:22 [DEBUG] d.m.c.m.TransformationHelper Checking existence of handwritten class weather._ast.Builder_ASTWinddirection by searching for weather\_ast\Builder_ASTWinddirection.java
2017-11-20 10:01:22 [DEBUG] d.m.c.m.TransformationHelper Checking existence of handwritten class weather._ast.Builder_ASTPrecipitationtype by searching for weather\_ast\Builder_ASTPrecipitationtype.java
2017-11-20 10:01:22 [DEBUG] d.m.c.m.TransformationHelper Checking existence of handwritten class weather._ast.Builder_ASTPrecipitationamount by searching for weather\_ast\Builder_ASTPrecipitationamount.java
2017-11-20 10:01:22 [DEBUG] d.m.c.m.TransformationHelper Checking existence of handwritten class weather._ast.Builder_ASTClouding by searching for weather\_ast\Builder_ASTClouding.java
2017-11-20 10:01:22 [DEBUG] d.m.c.m.TransformationHelper Checking existence of handwritten class weather._ast.Builder_ASTSight by searching for weather\_ast\Builder_ASTSight.java
2017-11-20 10:01:22 [DEBUG] d.m.c.m.TransformationHelper Checking existence of handwritten class weather._ast.Builder_ASTWeatherPhenomena by searching for weather\_ast\Builder_ASTWeatherPhenomena.java
2017-11-20 10:01:22 [DEBUG] d.m.c.m.TransformationHelper Checking existence of handwritten class weather._ast.Builder_ASTOpticalPhenomena by searching for weather\_ast\Builder_ASTOpticalPhenomena.java
2017-11-20 10:01:22 [DEBUG] d.m.c.m.TransformationHelper Checking existence of handwritten class weather._ast.Builder_ASTArtificialPhenomena by searching for weather\_ast\Builder_ASTArtificialPhenomena.java
2017-11-20 10:01:22 [DEBUG] d.m.c.m.TransformationHelper Checking existence of handwritten class weather._ast.WeatherNodeFactory by searching for weather\_ast\WeatherNodeFactory.java
2017-11-20 10:01:22 [DEBUG] d.m.c.m.TransformationHelper Checking existence of handwritten class weather._ast.ASTWeatherNode by searching for weather\_ast\ASTWeatherNode.java
2017-11-20 10:01:22 [DEBUG] d.m.c.m.TransformationHelper Checking existence of handwritten class weather._ast.WeatherLiterals by searching for weather\_ast\WeatherLiterals.java
2017-11-20 10:01:22 [DEBUG] d.m.c.m.TransformationHelper Checking existence of handwritten class weather._ast.WeatherPackage by searching for weather\_ast\WeatherPackage.java
2017-11-20 10:01:22 [DEBUG] d.m.c.m.TransformationHelper Checking existence of handwritten class weather._ast.WeatherPackageImpl by searching for weather\_ast\WeatherPackageImpl.java
2017-11-20 10:01:22 [DEBUG] SymbolTableGenerator Start symbol table generation for the grammar Weather
2017-11-20 10:01:22 [DEBUG] d.m.c.m.TransformationHelper Checking existence of handwritten class weather._symboltable.WeatherLanguage by searching for weather\_symboltable\WeatherLanguage.java
2017-11-20 10:01:22 [DEBUG] d.m.c.m.TransformationHelper Checking existence of handwritten class weather._symboltable.WeatherLanguage by searching for weather\_symboltable\WeatherLanguage.java
2017-11-20 10:01:22 [DEBUG] d.m.g.t.f.MontiCoreTemplateLoader Requested template de.monticore.generating.templateengine.freemarker.Aliases
2017-11-20 10:01:22 [DEBUG] d.m.g.t.f.MontiCoreTemplateLoader Requested template symboltable.ModelingLanguage
2017-11-20 10:01:22 [DEBUG] d.m.g.t.TemplateController C:\Users\Delta2-PC\Desktop\Uni\SimLang\out\weather\_symboltable\WeatherLanguage.java written successfully!
2017-11-20 10:01:22 [DEBUG] d.m.c.m.TransformationHelper Checking existence of handwritten class weather._symboltable.WeatherModelLoader by searching for weather\_symboltable\WeatherModelLoader.java
2017-11-20 10:01:22 [DEBUG] d.m.g.t.f.MontiCoreTemplateLoader Requested template symboltable.ModelLoader
2017-11-20 10:01:22 [DEBUG] d.m.g.t.TemplateController C:\Users\Delta2-PC\Desktop\Uni\SimLang\out\weather\_symboltable\WeatherModelLoader.java written successfully!
2017-11-20 10:01:22 [DEBUG] SymbolTableGenerator End symbol table generation for the grammar Weather
2017-11-20 10:01:22 [DEBUG] d.m.g.t.f.MontiCoreTemplateLoader Requested template de.monticore.generating.templateengine.freemarker.Aliases
2017-11-20 10:01:22 [DEBUG] d.m.g.t.f.MontiCoreTemplateLoader Requested template ast.AstClass
2017-11-20 10:01:22 [DEBUG] d.m.g.t.f.MontiCoreTemplateLoader Requested template ast_emf.AstEImports
2017-11-20 10:01:22 [DEBUG] d.m.g.t.f.MontiCoreTemplateLoader Requested template ast.AstSuperTypes
2017-11-20 10:01:22 [DEBUG] d.m.g.t.f.MontiCoreTemplateLoader Requested template ast.AstSuperInterfaces
2017-11-20 10:01:22 [DEBUG] d.m.g.t.f.MontiCoreTemplateLoader Requested template ast.Attribute
2017-11-20 10:01:22 [DEBUG] d.m.g.t.f.MontiCoreTemplateLoader Requested template ast.Constructor
2017-11-20 10:01:22 [DEBUG] d.m.g.t.f.MontiCoreTemplateLoader Requested template ast.ParametersDeclaration
2017-11-20 10:01:22 [DEBUG] d.m.g.t.f.MontiCoreTemplateLoader Requested template ast.EmptyMethodBody
2017-11-20 10:01:22 [DEBUG] d.m.g.t.f.MontiCoreTemplateLoader Requested template ast.ConstructorParametersDeclaration
2017-11-20 10:01:22 [DEBUG] d.m.g.t.f.MontiCoreTemplateLoader Requested template ast.ConstructorAttributesSetter
2017-11-20 10:01:22 [DEBUG] d.m.g.t.f.MontiCoreTemplateLoader Requested template ast.ClassMethod
2017-11-20 10:01:22 [DEBUG] d.m.g.t.f.MontiCoreTemplateLoader Requested template ast.ErrorIfNull
2017-11-20 10:01:22 [DEBUG] d.m.g.t.f.MontiCoreTemplateLoader Requested template ast.additionalmethods.Accept
2017-11-20 10:01:22 [DEBUG] d.m.g.t.f.MontiCoreTemplateLoader Requested template ast.additionalmethods.AcceptSuper
2017-11-20 10:01:22 [DEBUG] d.m.g.t.f.MontiCoreTemplateLoader Requested template ast.additionalmethods.DeepEqualsWithOrder
2017-11-20 10:01:22 [DEBUG] CommonSymbolReference Full information of 'SI.ASTUnitNumber' already loaded. Use cached version.
2017-11-20 10:01:22 [DEBUG] CommonSymbolReference Full information of 'SI.ASTUnitNumber' already loaded. Use cached version.
2017-11-20 10:01:22 [DEBUG] CommonSymbolReference Full information of 'SI.ASTUnitNumber' already loaded. Use cached version.
2017-11-20 10:01:22 [DEBUG] d.m.g.t.f.MontiCoreTemplateLoader Requested template ast.additionalmethods.DeepEqualsWithComments
2017-11-20 10:01:22 [DEBUG] CommonSymbolReference Full information of 'SI.ASTUnitNumber' already loaded. Use cached version.
2017-11-20 10:01:22 [DEBUG] CommonSymbolReference Full information of 'SI.ASTUnitNumber' already loaded. Use cached version.
2017-11-20 10:01:22 [DEBUG] CommonSymbolReference Full information of 'SI.ASTUnitNumber' already loaded. Use cached version.
2017-11-20 10:01:22 [DEBUG] d.m.g.t.f.MontiCoreTemplateLoader Requested template ast.additionalmethods.EqualAttributes
2017-11-20 10:01:22 [DEBUG] CommonSymbolReference Full information of 'SI.ASTUnitNumber' already loaded. Use cached version.
2017-11-20 10:01:22 [DEBUG] CommonSymbolReference Full information of 'SI.ASTUnitNumber' already loaded. Use cached version.
2017-11-20 10:01:22 [DEBUG] d.m.g.t.f.MontiCoreTemplateLoader Requested template ast.additionalmethods.EqualsWithComments
2017-11-20 10:01:22 [DEBUG] d.m.g.t.f.MontiCoreTemplateLoader Requested template ast.additionalmethods.GetChildren
2017-11-20 10:01:22 [DEBUG] CommonSymbolReference Full information of 'SI.ASTUnitNumber' already loaded. Use cached version.
2017-11-20 10:01:22 [DEBUG] CommonSymbolReference Full information of 'SI.ASTUnitNumber' already loaded. Use cached version.
2017-11-20 10:01:22 [DEBUG] CommonSymbolReference Full information of 'SI.ASTUnitNumber' already loaded. Use cached version.
2017-11-20 10:01:22 [DEBUG] d.m.g.t.f.MontiCoreTemplateLoader Requested template ast.additionalmethods.RemoveChild
2017-11-20 10:01:22 [DEBUG] CommonSymbolReference Full information of 'SI.ASTUnitNumber' already loaded. Use cached version.
2017-11-20 10:01:22 [DEBUG] CommonSymbolReference Full information of 'SI.ASTUnitNumber' already loaded. Use cached version.
2017-11-20 10:01:22 [DEBUG] CommonSymbolReference Full information of 'SI.ASTUnitNumber' already loaded. Use cached version.
2017-11-20 10:01:22 [DEBUG] d.m.g.t.f.MontiCoreTemplateLoader Requested template ast.additionalmethods.DeepCloneWithParameters
2017-11-20 10:01:22 [DEBUG] CommonSymbolReference Full information of 'SI.ASTUnitNumber' already loaded. Use cached version.
2017-11-20 10:01:22 [DEBUG] CommonSymbolReference Full information of 'SI.ASTUnitNumber' already loaded. Use cached version.
2017-11-20 10:01:22 [DEBUG] d.m.g.t.f.MontiCoreTemplateLoader Requested template ast.additionalmethods.Get
2017-11-20 10:01:22 [DEBUG] d.m.g.t.f.MontiCoreTemplateLoader Requested template ast_emf.additionalmethods.Set
2017-11-20 10:01:22 [DEBUG] d.m.g.t.f.MontiCoreTemplateLoader Requested template ast_emf.additionalmethods.EGet
2017-11-20 10:01:22 [DEBUG] CommonSymbolReference Full information of 'SI.ASTUnitNumber' already loaded. Use cached version.
2017-11-20 10:01:22 [DEBUG] CommonSymbolReference Full information of 'SI.ASTUnitNumber' already loaded. Use cached version.
2017-11-20 10:01:22 [DEBUG] d.m.g.t.f.MontiCoreTemplateLoader Requested template ast_emf.additionalmethods.ESet
2017-11-20 10:01:22 [DEBUG] CommonSymbolReference Full information of 'SI.ASTUnitNumber' already loaded. Use cached version.
2017-11-20 10:01:22 [DEBUG] CommonSymbolReference Full information of 'SI.ASTUnitNumber' already loaded. Use cached version.
2017-11-20 10:01:22 [DEBUG] CommonSymbolReference Full information of 'SI.ASTUnitNumber' already loaded. Use cached version.
2017-11-20 10:01:22 [DEBUG] CommonSymbolReference Full information of 'SI.ASTUnitNumber' already loaded. Use cached version.
2017-11-20 10:01:22 [DEBUG] CommonSymbolReference Full information of 'SI.ASTUnitNumber' already loaded. Use cached version.
2017-11-20 10:01:22 [DEBUG] CommonSymbolReference Full information of 'SI.ASTUnitNumber' already loaded. Use cached version.
2017-11-20 10:01:22 [DEBUG] d.m.g.t.f.MontiCoreTemplateLoader Requested template ast_emf.additionalmethods.EUnset
2017-11-20 10:01:22 [DEBUG] CommonSymbolReference Full information of 'SI.ASTUnitNumber' already loaded. Use cached version.
2017-11-20 10:01:22 [DEBUG] CommonSymbolReference Full information of 'SI.ASTUnitNumber' already loaded. Use cached version.
2017-11-20 10:01:22 [DEBUG] CommonSymbolReference Full information of 'SI.ASTUnitNumber' already loaded. Use cached version.
2017-11-20 10:01:22 [DEBUG] CommonSymbolReference Full information of 'SI.ASTUnitNumber' already loaded. Use cached version.
2017-11-20 10:01:22 [DEBUG] CommonSymbolReference Full information of 'SI.ASTUnitNumber' already loaded. Use cached version.
2017-11-20 10:01:22 [DEBUG] d.m.g.t.f.MontiCoreTemplateLoader Requested template ast_emf.additionalmethods.EIsSet
2017-11-20 10:01:22 [DEBUG] CommonSymbolReference Full information of 'SI.ASTUnitNumber' already loaded. Use cached version.
2017-11-20 10:01:22 [DEBUG] CommonSymbolReference Full information of 'SI.ASTUnitNumber' already loaded. Use cached version.
2017-11-20 10:01:22 [DEBUG] CommonSymbolReference Full information of 'SI.ASTUnitNumber' already loaded. Use cached version.
2017-11-20 10:01:22 [DEBUG] CommonSymbolReference Full information of 'SI.ASTUnitNumber' already loaded. Use cached version.
2017-11-20 10:01:22 [DEBUG] CommonSymbolReference Full information of 'SI.ASTUnitNumber' already loaded. Use cached version.
2017-11-20 10:01:22 [DEBUG] d.m.g.t.f.MontiCoreTemplateLoader Requested template ast_emf.additionalmethods.EStructuralFeature
2017-11-20 10:01:22 [DEBUG] d.m.g.t.f.MontiCoreTemplateLoader Requested template ast_emf.additionalmethods.EToString
2017-11-20 10:01:22 [DEBUG] d.m.g.t.f.MontiCoreTemplateLoader Requested template ast.ClassContent
2017-11-20 10:01:22 [DEBUG] d.m.g.t.f.MontiCoreTemplateLoader Requested template ast.AstBuilder
2017-11-20 10:01:22 [DEBUG] d.m.g.t.f.MontiCoreTemplateLoader Requested template ast.BuilderAttribute
2017-11-20 10:01:22 [DEBUG] d.m.g.t.f.MontiCoreTemplateLoader Requested template ast.BuilderConstructorParametersDeclaration
2017-11-20 10:01:22 [DEBUG] d.m.g.t.f.MontiCoreTemplateLoader Requested template ast.AstBuilderAttributeSetter
2017-11-20 10:01:22 [DEBUG] d.m.g.t.TemplateController C:\Users\Delta2-PC\Desktop\Uni\SimLang\out\weather\_ast\ASTTemperature.java written successfully!
2017-11-20 10:01:22 [DEBUG] CommonSymbolReference Full information of 'SI.ASTUnitNumber' already loaded. Use cached version.
2017-11-20 10:01:22 [DEBUG] CommonSymbolReference Full information of 'SI.ASTUnitNumber' already loaded. Use cached version.
2017-11-20 10:01:22 [DEBUG] CommonSymbolReference Full information of 'SI.ASTUnitNumber' already loaded. Use cached version.
2017-11-20 10:01:22 [DEBUG] CommonSymbolReference Full information of 'SI.ASTUnitNumber' already loaded. Use cached version.
2017-11-20 10:01:22 [DEBUG] CommonSymbolReference Full information of 'SI.ASTUnitNumber' already loaded. Use cached version.
2017-11-20 10:01:22 [DEBUG] CommonSymbolReference Full information of 'SI.ASTUnitNumber' already loaded. Use cached version.
2017-11-20 10:01:22 [DEBUG] CommonSymbolReference Full information of 'SI.ASTUnitNumber' already loaded. Use cached version.
2017-11-20 10:01:22 [DEBUG] CommonSymbolReference Full information of 'SI.ASTUnitNumber' already loaded. Use cached version.
2017-11-20 10:01:22 [DEBUG] CommonSymbolReference Full information of 'SI.ASTUnitNumber' already loaded. Use cached version.
2017-11-20 10:01:22 [DEBUG] CommonSymbolReference Full information of 'SI.ASTUnitNumber' already loaded. Use cached version.
2017-11-20 10:01:22 [DEBUG] CommonSymbolReference Full information of 'SI.ASTUnitNumber' already loaded. Use cached version.
2017-11-20 10:01:22 [DEBUG] CommonSymbolReference Full information of 'SI.ASTUnitNumber' already loaded. Use cached version.
2017-11-20 10:01:22 [DEBUG] CommonSymbolReference Full information of 'SI.ASTUnitNumber' already loaded. Use cached version.
2017-11-20 10:01:22 [DEBUG] CommonSymbolReference Full information of 'SI.ASTUnitNumber' already loaded. Use cached version.
2017-11-20 10:01:22 [DEBUG] CommonSymbolReference Full information of 'SI.ASTUnitNumber' already loaded. Use cached version.
2017-11-20 10:01:22 [DEBUG] CommonSymbolReference Full information of 'SI.ASTUnitNumber' already loaded. Use cached version.
2017-11-20 10:01:22 [DEBUG] CommonSymbolReference Full information of 'SI.ASTUnitNumber' already loaded. Use cached version.
2017-11-20 10:01:22 [DEBUG] CommonSymbolReference Full information of 'SI.ASTUnitNumber' already loaded. Use cached version.
2017-11-20 10:01:22 [DEBUG] CommonSymbolReference Full information of 'SI.ASTUnitNumber' already loaded. Use cached version.
2017-11-20 10:01:22 [DEBUG] CommonSymbolReference Full information of 'SI.ASTUnitNumber' already loaded. Use cached version.
2017-11-20 10:01:22 [DEBUG] CommonSymbolReference Full information of 'SI.ASTUnitNumber' already loaded. Use cached version.
2017-11-20 10:01:22 [DEBUG] CommonSymbolReference Full information of 'SI.ASTUnitNumber' already loaded. Use cached version.
2017-11-20 10:01:22 [DEBUG] CommonSymbolReference Full information of 'SI.ASTUnitNumber' already loaded. Use cached version.
2017-11-20 10:01:22 [DEBUG] CommonSymbolReference Full information of 'SI.ASTUnitNumber' already loaded. Use cached version.
2017-11-20 10:01:22 [DEBUG] CommonSymbolReference Full information of 'SI.ASTUnitNumber' already loaded. Use cached version.
2017-11-20 10:01:22 [DEBUG] CommonSymbolReference Full information of 'SI.ASTUnitNumber' already loaded. Use cached version.
2017-11-20 10:01:22 [DEBUG] CommonSymbolReference Full information of 'SI.ASTUnitNumber' already loaded. Use cached version.
2017-11-20 10:01:22 [DEBUG] CommonSymbolReference Full information of 'SI.ASTUnitNumber' already loaded. Use cached version.
2017-11-20 10:01:22 [DEBUG] CommonSymbolReference Full information of 'SI.ASTUnitNumber' already loaded. Use cached version.
2017-11-20 10:01:22 [DEBUG] CommonSymbolReference Full information of 'SI.ASTUnitNumber' already loaded. Use cached version.
2017-11-20 10:01:22 [DEBUG] CommonSymbolReference Full information of 'SI.ASTUnitNumber' already loaded. Use cached version.
2017-11-20 10:01:22 [DEBUG] CommonSymbolReference Full information of 'SI.ASTUnitNumber' already loaded. Use cached version.
2017-11-20 10:01:22 [DEBUG] CommonSymbolReference Full information of 'SI.ASTUnitNumber' already loaded. Use cached version.
2017-11-20 10:01:22 [DEBUG] CommonSymbolReference Full information of 'SI.ASTUnitNumber' already loaded. Use cached version.
2017-11-20 10:01:22 [DEBUG] d.m.g.t.TemplateController C:\Users\Delta2-PC\Desktop\Uni\SimLang\out\weather\_ast\ASTHumidity.java written successfully!
2017-11-20 10:01:22 [DEBUG] CommonSymbolReference Full information of 'SI.ASTUnitNumber' already loaded. Use cached version.
2017-11-20 10:01:22 [DEBUG] CommonSymbolReference Full information of 'SI.ASTUnitNumber' already loaded. Use cached version.
2017-11-20 10:01:22 [DEBUG] CommonSymbolReference Full information of 'SI.ASTUnitNumber' already loaded. Use cached version.
2017-11-20 10:01:22 [DEBUG] CommonSymbolReference Full information of 'SI.ASTUnitNumber' already loaded. Use cached version.
2017-11-20 10:01:22 [DEBUG] CommonSymbolReference Full information of 'SI.ASTUnitNumber' already loaded. Use cached version.
2017-11-20 10:01:22 [DEBUG] CommonSymbolReference Full information of 'SI.ASTUnitNumber' already loaded. Use cached version.
2017-11-20 10:01:22 [DEBUG] CommonSymbolReference Full information of 'SI.ASTUnitNumber' already loaded. Use cached version.
2017-11-20 10:01:22 [DEBUG] CommonSymbolReference Full information of 'SI.ASTUnitNumber' already loaded. Use cached version.
2017-11-20 10:01:22 [DEBUG] CommonSymbolReference Full information of 'SI.ASTUnitNumber' already loaded. Use cached version.
2017-11-20 10:01:22 [DEBUG] CommonSymbolReference Full information of 'SI.ASTUnitNumber' already loaded. Use cached version.
2017-11-20 10:01:22 [DEBUG] CommonSymbolReference Full information of 'SI.ASTUnitNumber' already loaded. Use cached version.
2017-11-20 10:01:22 [DEBUG] CommonSymbolReference Full information of 'SI.ASTUnitNumber' already loaded. Use cached version.
2017-11-20 10:01:22 [DEBUG] CommonSymbolReference Full information of 'SI.ASTUnitNumber' already loaded. Use cached version.
2017-11-20 10:01:22 [DEBUG] CommonSymbolReference Full information of 'SI.ASTUnitNumber' already loaded. Use cached version.
2017-11-20 10:01:22 [DEBUG] CommonSymbolReference Full information of 'SI.ASTUnitNumber' already loaded. Use cached version.
2017-11-20 10:01:22 [DEBUG] CommonSymbolReference Full information of 'SI.ASTUnitNumber' already loaded. Use cached version.
2017-11-20 10:01:22 [DEBUG] CommonSymbolReference Full information of 'SI.ASTUnitNumber' already loaded. Use cached version.
2017-11-20 10:01:22 [DEBUG] CommonSymbolReference Full information of 'SI.ASTUnitNumber' already loaded. Use cached version.
2017-11-20 10:01:22 [DEBUG] CommonSymbolReference Full information of 'SI.ASTUnitNumber' already loaded. Use cached version.
2017-11-20 10:01:22 [DEBUG] CommonSymbolReference Full information of 'SI.ASTUnitNumber' already loaded. Use cached version.
2017-11-20 10:01:22 [DEBUG] CommonSymbolReference Full information of 'SI.ASTUnitNumber' already loaded. Use cached version.
2017-11-20 10:01:22 [DEBUG] CommonSymbolReference Full information of 'SI.ASTUnitNumber' already loaded. Use cached version.
2017-11-20 10:01:22 [DEBUG] CommonSymbolReference Full information of 'SI.ASTUnitNumber' already loaded. Use cached version.
2017-11-20 10:01:22 [DEBUG] CommonSymbolReference Full information of 'SI.ASTUnitNumber' already loaded. Use cached version.
2017-11-20 10:01:22 [DEBUG] CommonSymbolReference Full information of 'SI.ASTUnitNumber' already loaded. Use cached version.
2017-11-20 10:01:22 [DEBUG] CommonSymbolReference Full information of 'SI.ASTUnitNumber' already loaded. Use cached version.
2017-11-20 10:01:22 [DEBUG] CommonSymbolReference Full information of 'SI.ASTUnitNumber' already loaded. Use cached version.
2017-11-20 10:01:22 [DEBUG] CommonSymbolReference Full information of 'SI.ASTUnitNumber' already loaded. Use cached version.
2017-11-20 10:01:22 [DEBUG] CommonSymbolReference Full information of 'SI.ASTUnitNumber' already loaded. Use cached version.
2017-11-20 10:01:22 [DEBUG] CommonSymbolReference Full information of 'SI.ASTUnitNumber' already loaded. Use cached version.
2017-11-20 10:01:22 [DEBUG] CommonSymbolReference Full information of 'SI.ASTUnitNumber' already loaded. Use cached version.
2017-11-20 10:01:22 [DEBUG] CommonSymbolReference Full information of 'SI.ASTUnitNumber' already loaded. Use cached version.
2017-11-20 10:01:22 [DEBUG] CommonSymbolReference Full information of 'SI.ASTUnitNumber' already loaded. Use cached version.
2017-11-20 10:01:22 [DEBUG] CommonSymbolReference Full information of 'SI.ASTUnitNumber' already loaded. Use cached version.
2017-11-20 10:01:23 [DEBUG] d.m.g.t.TemplateController C:\Users\Delta2-PC\Desktop\Uni\SimLang\out\weather\_ast\ASTPressure.java written successfully!
2017-11-20 10:01:23 [DEBUG] CommonSymbolReference Full information of 'SI.ASTUnitNumber' already loaded. Use cached version.
2017-11-20 10:01:23 [DEBUG] CommonSymbolReference Full information of 'SI.ASTUnitNumber' already loaded. Use cached version.
2017-11-20 10:01:23 [DEBUG] CommonSymbolReference Full information of 'SI.ASTUnitNumber' already loaded. Use cached version.
2017-11-20 10:01:23 [DEBUG] CommonSymbolReference Full information of 'SI.ASTUnitNumber' already loaded. Use cached version.
2017-11-20 10:01:23 [DEBUG] CommonSymbolReference Full information of 'SI.ASTUnitNumber' already loaded. Use cached version.
2017-11-20 10:01:23 [DEBUG] CommonSymbolReference Full information of 'SI.ASTUnitNumber' already loaded. Use cached version.
2017-11-20 10:01:23 [DEBUG] CommonSymbolReference Full information of 'SI.ASTUnitNumber' already loaded. Use cached version.
2017-11-20 10:01:23 [DEBUG] CommonSymbolReference Full information of 'SI.ASTUnitNumber' already loaded. Use cached version.
2017-11-20 10:01:23 [DEBUG] CommonSymbolReference Full information of 'SI.ASTUnitNumber' already loaded. Use cached version.
2017-11-20 10:01:23 [DEBUG] CommonSymbolReference Full information of 'SI.ASTUnitNumber' already loaded. Use cached version.
2017-11-20 10:01:23 [DEBUG] CommonSymbolReference Full information of 'SI.ASTUnitNumber' already loaded. Use cached version.
2017-11-20 10:01:23 [DEBUG] CommonSymbolReference Full information of 'SI.ASTUnitNumber' already loaded. Use cached version.
2017-11-20 10:01:23 [DEBUG] CommonSymbolReference Full information of 'SI.ASTUnitNumber' already loaded. Use cached version.
2017-11-20 10:01:23 [DEBUG] CommonSymbolReference Full information of 'SI.ASTUnitNumber' already loaded. Use cached version.
2017-11-20 10:01:23 [DEBUG] CommonSymbolReference Full information of 'SI.ASTUnitNumber' already loaded. Use cached version.
2017-11-20 10:01:23 [DEBUG] CommonSymbolReference Full information of 'SI.ASTUnitNumber' already loaded. Use cached version.
2017-11-20 10:01:23 [DEBUG] CommonSymbolReference Full information of 'SI.ASTUnitNumber' already loaded. Use cached version.
2017-11-20 10:01:23 [DEBUG] CommonSymbolReference Full information of 'SI.ASTUnitNumber' already loaded. Use cached version.
2017-11-20 10:01:23 [DEBUG] CommonSymbolReference Full information of 'SI.ASTUnitNumber' already loaded. Use cached version.
2017-11-20 10:01:23 [DEBUG] CommonSymbolReference Full information of 'SI.ASTUnitNumber' already loaded. Use cached version.
2017-11-20 10:01:23 [DEBUG] CommonSymbolReference Full information of 'SI.ASTUnitNumber' already loaded. Use cached version.
2017-11-20 10:01:23 [DEBUG] CommonSymbolReference Full information of 'SI.ASTUnitNumber' already loaded. Use cached version.
2017-11-20 10:01:23 [DEBUG] CommonSymbolReference Full information of 'SI.ASTUnitNumber' already loaded. Use cached version.
2017-11-20 10:01:23 [DEBUG] CommonSymbolReference Full information of 'SI.ASTUnitNumber' already loaded. Use cached version.
2017-11-20 10:01:23 [DEBUG] CommonSymbolReference Full information of 'SI.ASTUnitNumber' already loaded. Use cached version.
2017-11-20 10:01:23 [DEBUG] CommonSymbolReference Full information of 'SI.ASTUnitNumber' already loaded. Use cached version.
2017-11-20 10:01:23 [DEBUG] CommonSymbolReference Full information of 'SI.ASTUnitNumber' already loaded. Use cached version.
2017-11-20 10:01:23 [DEBUG] CommonSymbolReference Full information of 'SI.ASTUnitNumber' already loaded. Use cached version.
2017-11-20 10:01:23 [DEBUG] CommonSymbolReference Full information of 'SI.ASTUnitNumber' already loaded. Use cached version.
2017-11-20 10:01:23 [DEBUG] CommonSymbolReference Full information of 'SI.ASTUnitNumber' already loaded. Use cached version.
2017-11-20 10:01:23 [DEBUG] CommonSymbolReference Full information of 'SI.ASTUnitNumber' already loaded. Use cached version.
2017-11-20 10:01:23 [DEBUG] CommonSymbolReference Full information of 'SI.ASTUnitNumber' already loaded. Use cached version.
2017-11-20 10:01:23 [DEBUG] CommonSymbolReference Full information of 'SI.ASTUnitNumber' already loaded. Use cached version.
2017-11-20 10:01:23 [DEBUG] CommonSymbolReference Full information of 'SI.ASTUnitNumber' already loaded. Use cached version.
2017-11-20 10:01:23 [DEBUG] d.m.g.t.TemplateController C:\Users\Delta2-PC\Desktop\Uni\SimLang\out\weather\_ast\ASTWindstrength.java written successfully!
2017-11-20 10:01:23 [DEBUG] CommonSymbolReference Full information of 'SI.ASTUnitNumber' already loaded. Use cached version.
2017-11-20 10:01:23 [DEBUG] CommonSymbolReference Full information of 'SI.ASTUnitNumber' already loaded. Use cached version.
2017-11-20 10:01:23 [DEBUG] CommonSymbolReference Full information of 'SI.ASTUnitNumber' already loaded. Use cached version.
2017-11-20 10:01:23 [DEBUG] CommonSymbolReference Full information of 'SI.ASTUnitNumber' already loaded. Use cached version.
2017-11-20 10:01:23 [DEBUG] CommonSymbolReference Full information of 'SI.ASTUnitNumber' already loaded. Use cached version.
2017-11-20 10:01:23 [DEBUG] CommonSymbolReference Full information of 'SI.ASTUnitNumber' already loaded. Use cached version.
2017-11-20 10:01:23 [DEBUG] CommonSymbolReference Full information of 'SI.ASTUnitNumber' already loaded. Use cached version.
2017-11-20 10:01:23 [DEBUG] CommonSymbolReference Full information of 'SI.ASTUnitNumber' already loaded. Use cached version.
2017-11-20 10:01:23 [DEBUG] CommonSymbolReference Full information of 'SI.ASTUnitNumber' already loaded. Use cached version.
2017-11-20 10:01:23 [DEBUG] CommonSymbolReference Full information of 'SI.ASTUnitNumber' already loaded. Use cached version.
2017-11-20 10:01:23 [DEBUG] CommonSymbolReference Full information of 'SI.ASTUnitNumber' already loaded. Use cached version.
2017-11-20 10:01:23 [DEBUG] CommonSymbolReference Full information of 'SI.ASTUnitNumber' already loaded. Use cached version.
2017-11-20 10:01:23 [DEBUG] CommonSymbolReference Full information of 'SI.ASTUnitNumber' already loaded. Use cached version.
2017-11-20 10:01:23 [DEBUG] CommonSymbolReference Full information of 'SI.ASTUnitNumber' already loaded. Use cached version.
2017-11-20 10:01:23 [DEBUG] CommonSymbolReference Full information of 'SI.ASTUnitNumber' already loaded. Use cached version.
2017-11-20 10:01:23 [DEBUG] CommonSymbolReference Full information of 'SI.ASTUnitNumber' already loaded. Use cached version.
2017-11-20 10:01:23 [DEBUG] CommonSymbolReference Full information of 'SI.ASTUnitNumber' already loaded. Use cached version.
2017-11-20 10:01:23 [DEBUG] CommonSymbolReference Full information of 'SI.ASTUnitNumber' already loaded. Use cached version.
2017-11-20 10:01:23 [DEBUG] CommonSymbolReference Full information of 'SI.ASTUnitNumber' already loaded. Use cached version.
2017-11-20 10:01:23 [DEBUG] CommonSymbolReference Full information of 'SI.ASTUnitNumber' already loaded. Use cached version.
2017-11-20 10:01:23 [DEBUG] CommonSymbolReference Full information of 'SI.ASTUnitNumber' already loaded. Use cached version.
2017-11-20 10:01:23 [DEBUG] CommonSymbolReference Full information of 'SI.ASTUnitNumber' already loaded. Use cached version.
2017-11-20 10:01:23 [DEBUG] CommonSymbolReference Full information of 'SI.ASTUnitNumber' already loaded. Use cached version.
2017-11-20 10:01:23 [DEBUG] CommonSymbolReference Full information of 'SI.ASTUnitNumber' already loaded. Use cached version.
2017-11-20 10:01:23 [DEBUG] CommonSymbolReference Full information of 'SI.ASTUnitNumber' already loaded. Use cached version.
2017-11-20 10:01:23 [DEBUG] CommonSymbolReference Full information of 'SI.ASTUnitNumber' already loaded. Use cached version.
2017-11-20 10:01:23 [DEBUG] CommonSymbolReference Full information of 'SI.ASTUnitNumber' already loaded. Use cached version.
2017-11-20 10:01:23 [DEBUG] CommonSymbolReference Full information of 'SI.ASTUnitNumber' already loaded. Use cached version.
2017-11-20 10:01:23 [DEBUG] CommonSymbolReference Full information of 'SI.ASTUnitNumber' already loaded. Use cached version.
2017-11-20 10:01:23 [DEBUG] CommonSymbolReference Full information of 'SI.ASTUnitNumber' already loaded. Use cached version.
2017-11-20 10:01:23 [DEBUG] CommonSymbolReference Full information of 'SI.ASTUnitNumber' already loaded. Use cached version.
2017-11-20 10:01:23 [DEBUG] CommonSymbolReference Full information of 'SI.ASTUnitNumber' already loaded. Use cached version.
2017-11-20 10:01:23 [DEBUG] CommonSymbolReference Full information of 'SI.ASTUnitNumber' already loaded. Use cached version.
2017-11-20 10:01:23 [DEBUG] CommonSymbolReference Full information of 'SI.ASTUnitNumber' already loaded. Use cached version.
2017-11-20 10:01:23 [DEBUG] d.m.g.t.TemplateController C:\Users\Delta2-PC\Desktop\Uni\SimLang\out\weather\_ast\ASTWinddirection.java written successfully!
2017-11-20 10:01:23 [DEBUG] d.m.g.t.TemplateController C:\Users\Delta2-PC\Desktop\Uni\SimLang\out\weather\_ast\ASTPrecipitationtype.java written successfully!
2017-11-20 10:01:23 [DEBUG] CommonSymbolReference Full information of 'SI.ASTUnitNumber' already loaded. Use cached version.
2017-11-20 10:01:23 [DEBUG] CommonSymbolReference Full information of 'SI.ASTUnitNumber' already loaded. Use cached version.
2017-11-20 10:01:23 [DEBUG] CommonSymbolReference Full information of 'SI.ASTUnitNumber' already loaded. Use cached version.
2017-11-20 10:01:23 [DEBUG] CommonSymbolReference Full information of 'SI.ASTUnitNumber' already loaded. Use cached version.
2017-11-20 10:01:23 [DEBUG] CommonSymbolReference Full information of 'SI.ASTUnitNumber' already loaded. Use cached version.
2017-11-20 10:01:23 [DEBUG] CommonSymbolReference Full information of 'SI.ASTUnitNumber' already loaded. Use cached version.
2017-11-20 10:01:23 [DEBUG] CommonSymbolReference Full information of 'SI.ASTUnitNumber' already loaded. Use cached version.
2017-11-20 10:01:23 [DEBUG] CommonSymbolReference Full information of 'SI.ASTUnitNumber' already loaded. Use cached version.
2017-11-20 10:01:23 [DEBUG] CommonSymbolReference Full information of 'SI.ASTUnitNumber' already loaded. Use cached version.
2017-11-20 10:01:23 [DEBUG] CommonSymbolReference Full information of 'SI.ASTUnitNumber' already loaded. Use cached version.
2017-11-20 10:01:23 [DEBUG] CommonSymbolReference Full information of 'SI.ASTUnitNumber' already loaded. Use cached version.
2017-11-20 10:01:23 [DEBUG] CommonSymbolReference Full information of 'SI.ASTUnitNumber' already loaded. Use cached version.
2017-11-20 10:01:23 [DEBUG] CommonSymbolReference Full information of 'SI.ASTUnitNumber' already loaded. Use cached version.
2017-11-20 10:01:23 [DEBUG] CommonSymbolReference Full information of 'SI.ASTUnitNumber' already loaded. Use cached version.
2017-11-20 10:01:23 [DEBUG] CommonSymbolReference Full information of 'SI.ASTUnitNumber' already loaded. Use cached version.
2017-11-20 10:01:23 [DEBUG] CommonSymbolReference Full information of 'SI.ASTUnitNumber' already loaded. Use cached version.
2017-11-20 10:01:23 [DEBUG] CommonSymbolReference Full information of 'SI.ASTUnitNumber' already loaded. Use cached version.
2017-11-20 10:01:23 [DEBUG] CommonSymbolReference Full information of 'SI.ASTUnitNumber' already loaded. Use cached version.
2017-11-20 10:01:23 [DEBUG] CommonSymbolReference Full information of 'SI.ASTUnitNumber' already loaded. Use cached version.
2017-11-20 10:01:23 [DEBUG] CommonSymbolReference Full information of 'SI.ASTUnitNumber' already loaded. Use cached version.
2017-11-20 10:01:23 [DEBUG] CommonSymbolReference Full information of 'SI.ASTUnitNumber' already loaded. Use cached version.
2017-11-20 10:01:23 [DEBUG] CommonSymbolReference Full information of 'SI.ASTUnitNumber' already loaded. Use cached version.
2017-11-20 10:01:23 [DEBUG] CommonSymbolReference Full information of 'SI.ASTUnitNumber' already loaded. Use cached version.
2017-11-20 10:01:23 [DEBUG] CommonSymbolReference Full information of 'SI.ASTUnitNumber' already loaded. Use cached version.
2017-11-20 10:01:23 [DEBUG] CommonSymbolReference Full information of 'SI.ASTUnitNumber' already loaded. Use cached version.
2017-11-20 10:01:23 [DEBUG] CommonSymbolReference Full information of 'SI.ASTUnitNumber' already loaded. Use cached version.
2017-11-20 10:01:23 [DEBUG] CommonSymbolReference Full information of 'SI.ASTUnitNumber' already loaded. Use cached version.
2017-11-20 10:01:23 [DEBUG] CommonSymbolReference Full information of 'SI.ASTUnitNumber' already loaded. Use cached version.
2017-11-20 10:01:23 [DEBUG] CommonSymbolReference Full information of 'SI.ASTUnitNumber' already loaded. Use cached version.
2017-11-20 10:01:23 [DEBUG] CommonSymbolReference Full information of 'SI.ASTUnitNumber' already loaded. Use cached version.
2017-11-20 10:01:23 [DEBUG] CommonSymbolReference Full information of 'SI.ASTUnitNumber' already loaded. Use cached version.
2017-11-20 10:01:23 [DEBUG] CommonSymbolReference Full information of 'SI.ASTUnitNumber' already loaded. Use cached version.
2017-11-20 10:01:23 [DEBUG] CommonSymbolReference Full information of 'SI.ASTUnitNumber' already loaded. Use cached version.
2017-11-20 10:01:23 [DEBUG] CommonSymbolReference Full information of 'SI.ASTUnitNumber' already loaded. Use cached version.
2017-11-20 10:01:23 [DEBUG] d.m.g.t.TemplateController C:\Users\Delta2-PC\Desktop\Uni\SimLang\out\weather\_ast\ASTPrecipitationamount.java written successfully!
2017-11-20 10:01:23 [DEBUG] d.m.g.t.TemplateController C:\Users\Delta2-PC\Desktop\Uni\SimLang\out\weather\_ast\ASTClouding.java written successfully!
2017-11-20 10:01:23 [DEBUG] CommonSymbolReference Full information of 'SI.ASTUnitNumber' already loaded. Use cached version.
2017-11-20 10:01:23 [DEBUG] CommonSymbolReference Full information of 'SI.ASTUnitNumber' already loaded. Use cached version.
2017-11-20 10:01:23 [DEBUG] CommonSymbolReference Full information of 'SI.ASTUnitNumber' already loaded. Use cached version.
2017-11-20 10:01:23 [DEBUG] CommonSymbolReference Full information of 'SI.ASTUnitNumber' already loaded. Use cached version.
2017-11-20 10:01:23 [DEBUG] CommonSymbolReference Full information of 'SI.ASTUnitNumber' already loaded. Use cached version.
2017-11-20 10:01:23 [DEBUG] CommonSymbolReference Full information of 'SI.ASTUnitNumber' already loaded. Use cached version.
2017-11-20 10:01:23 [DEBUG] CommonSymbolReference Full information of 'SI.ASTUnitNumber' already loaded. Use cached version.
2017-11-20 10:01:23 [DEBUG] CommonSymbolReference Full information of 'SI.ASTUnitNumber' already loaded. Use cached version.
2017-11-20 10:01:23 [DEBUG] CommonSymbolReference Full information of 'SI.ASTUnitNumber' already loaded. Use cached version.
2017-11-20 10:01:23 [DEBUG] CommonSymbolReference Full information of 'SI.ASTUnitNumber' already loaded. Use cached version.
2017-11-20 10:01:23 [DEBUG] CommonSymbolReference Full information of 'SI.ASTUnitNumber' already loaded. Use cached version.
2017-11-20 10:01:23 [DEBUG] CommonSymbolReference Full information of 'SI.ASTUnitNumber' already loaded. Use cached version.
2017-11-20 10:01:23 [DEBUG] CommonSymbolReference Full information of 'SI.ASTUnitNumber' already loaded. Use cached version.
2017-11-20 10:01:23 [DEBUG] CommonSymbolReference Full information of 'SI.ASTUnitNumber' already loaded. Use cached version.
2017-11-20 10:01:23 [DEBUG] CommonSymbolReference Full information of 'SI.ASTUnitNumber' already loaded. Use cached version.
2017-11-20 10:01:23 [DEBUG] CommonSymbolReference Full information of 'SI.ASTUnitNumber' already loaded. Use cached version.
2017-11-20 10:01:23 [DEBUG] CommonSymbolReference Full information of 'SI.ASTUnitNumber' already loaded. Use cached version.
2017-11-20 10:01:23 [DEBUG] CommonSymbolReference Full information of 'SI.ASTUnitNumber' already loaded. Use cached version.
2017-11-20 10:01:23 [DEBUG] d.m.g.t.TemplateController C:\Users\Delta2-PC\Desktop\Uni\SimLang\out\weather\_ast\ASTSight.java written successfully!
2017-11-20 10:01:23 [DEBUG] d.m.g.t.TemplateController C:\Users\Delta2-PC\Desktop\Uni\SimLang\out\weather\_ast\ASTWeatherPhenomena.java written successfully!
2017-11-20 10:01:23 [DEBUG] d.m.g.t.TemplateController C:\Users\Delta2-PC\Desktop\Uni\SimLang\out\weather\_ast\ASTOpticalPhenomena.java written successfully!
2017-11-20 10:01:23 [DEBUG] d.m.g.t.TemplateController C:\Users\Delta2-PC\Desktop\Uni\SimLang\out\weather\_ast\ASTArtificialPhenomena.java written successfully!
2017-11-20 10:01:23 [DEBUG] d.m.g.t.f.MontiCoreTemplateLoader Requested template ast.Class
2017-11-20 10:01:23 [DEBUG] d.m.g.t.f.MontiCoreTemplateLoader Requested template ast_emf.AstNodeFactory
2017-11-20 10:01:23 [DEBUG] d.m.g.t.f.MontiCoreTemplateLoader Requested template ast.factorymethods.Create
2017-11-20 10:01:23 [DEBUG] d.m.g.t.f.MontiCoreTemplateLoader Requested template ast.factorymethods.DoCreate
2017-11-20 10:01:23 [DEBUG] d.m.g.t.f.MontiCoreTemplateLoader Requested template ast.factorymethods.CreateWithParams
2017-11-20 10:01:23 [DEBUG] d.m.g.t.f.MontiCoreTemplateLoader Requested template ast.factorymethods.DoCreateWithParams
2017-11-20 10:01:23 [DEBUG] d.m.g.t.f.MontiCoreTemplateLoader Requested template ast.factorymethods.ErrorIfNull
2017-11-20 10:01:23 [DEBUG] d.m.g.t.f.MontiCoreTemplateLoader Requested template ast.factorymethods.CreateDelegate
2017-11-20 10:01:23 [DEBUG] d.m.g.t.f.MontiCoreTemplateLoader Requested template ast.factorymethods.CreateWithParamsDelegate
2017-11-20 10:01:23 [DEBUG] d.m.g.t.TemplateController C:\Users\Delta2-PC\Desktop\Uni\SimLang\out\weather\_ast\WeatherNodeFactory.java written successfully!
2017-11-20 10:01:23 [DEBUG] GlobalScope Already tried to load model for 'Weather.ASTConstantsWeather'. If model exists, continue with cached version.
2017-11-20 10:01:23 [DEBUG] d.m.g.t.f.MontiCoreTemplateLoader Requested template ast.ASTConstantsClass
2017-11-20 10:01:23 [DEBUG] d.m.g.t.TemplateController C:\Users\Delta2-PC\Desktop\Uni\SimLang\out\weather\_ast\ASTConstantsWeather.java written successfully!
2017-11-20 10:01:23 [DEBUG] d.m.g.t.f.MontiCoreTemplateLoader Requested template ast_emf.EPackageImpl
2017-11-20 10:01:23 [DEBUG] d.m.g.t.f.MontiCoreTemplateLoader Requested template ast_emf.epackagemethods.CreatePackageContents
2017-11-20 10:01:23 [DEBUG] d.m.g.t.f.MontiCoreTemplateLoader Requested template ast_emf.epackagemethods.InitializePackageContents
2017-11-20 10:01:23 [DEBUG] d.m.g.t.TemplateController C:\Users\Delta2-PC\Desktop\Uni\SimLang\out\weather\_ast\WeatherPackageImpl.java written successfully!
2017-11-20 10:01:23 [DEBUG] d.m.g.t.f.MontiCoreTemplateLoader Requested template ast.AstInterface
2017-11-20 10:01:23 [DEBUG] d.m.g.t.f.MontiCoreTemplateLoader Requested template ast.ASTNodeBase
2017-11-20 10:01:23 [DEBUG] d.m.g.t.TemplateController C:\Users\Delta2-PC\Desktop\Uni\SimLang\out\weather\_ast\ASTWeatherNode.java written successfully!
2017-11-20 10:01:23 [DEBUG] d.m.g.t.f.MontiCoreTemplateLoader Requested template ast_emf.EPackage
2017-11-20 10:01:23 [DEBUG] d.m.g.t.f.MontiCoreTemplateLoader Requested template ast.Constant
2017-11-20 10:01:23 [DEBUG] d.m.g.t.TemplateController C:\Users\Delta2-PC\Desktop\Uni\SimLang\out\weather\_ast\WeatherPackage.java written successfully!
2017-11-20 10:01:23 [DEBUG] d.m.g.t.f.MontiCoreTemplateLoader Requested template ast.AstEnum
2017-11-20 10:01:23 [DEBUG] d.m.g.t.TemplateController C:\Users\Delta2-PC\Desktop\Uni\SimLang\out\weather\_ast\WeatherLiterals.java written successfully!
2017-11-20 10:01:23 [DEBUG] d.m.g.t.f.MontiCoreTemplateLoader Requested template de.monticore.generating.templateengine.freemarker.Aliases
2017-11-20 10:01:23 [DEBUG] d.m.g.t.f.MontiCoreTemplateLoader Requested template visitor.SimpleVisitor
2017-11-20 10:01:23 [DEBUG] CommonSymbolReference Full information of 'SI.ASTUnitNumber' already loaded. Use cached version.
2017-11-20 10:01:23 [DEBUG] CommonSymbolReference Full information of 'SI.ASTUnitNumber' already loaded. Use cached version.
2017-11-20 10:01:23 [DEBUG] CommonSymbolReference Full information of 'SI.ASTUnitNumber' already loaded. Use cached version.
2017-11-20 10:01:23 [DEBUG] CommonSymbolReference Full information of 'SI.ASTUnitNumber' already loaded. Use cached version.
2017-11-20 10:01:23 [DEBUG] CommonSymbolReference Full information of 'SI.ASTUnitNumber' already loaded. Use cached version.
2017-11-20 10:01:23 [DEBUG] CommonSymbolReference Full information of 'SI.ASTUnitNumber' already loaded. Use cached version.
2017-11-20 10:01:23 [DEBUG] CommonSymbolReference Full information of 'SI.ASTUnitNumber' already loaded. Use cached version.
2017-11-20 10:01:23 [DEBUG] CommonSymbolReference Full information of 'SI.ASTUnitNumber' already loaded. Use cached version.
2017-11-20 10:01:23 [DEBUG] CommonSymbolReference Full information of 'SI.ASTUnitNumber' already loaded. Use cached version.
2017-11-20 10:01:23 [DEBUG] CommonSymbolReference Full information of 'SI.ASTUnitNumber' already loaded. Use cached version.
2017-11-20 10:01:23 [DEBUG] CommonSymbolReference Full information of 'SI.ASTUnitNumber' already loaded. Use cached version.
2017-11-20 10:01:23 [DEBUG] CommonSymbolReference Full information of 'SI.ASTUnitNumber' already loaded. Use cached version.
2017-11-20 10:01:23 [DEBUG] CommonSymbolReference Full information of 'SI.ASTUnitNumber' already loaded. Use cached version.
2017-11-20 10:01:23 [DEBUG] CommonSymbolReference Full information of 'SI.ASTUnitNumber' already loaded. Use cached version.
2017-11-20 10:01:23 [DEBUG] CommonSymbolReference Full information of 'SI.ASTUnitNumber' already loaded. Use cached version.
2017-11-20 10:01:23 [DEBUG] CommonSymbolReference Full information of 'SI.ASTUnitNumber' already loaded. Use cached version.
2017-11-20 10:01:23 [DEBUG] CommonSymbolReference Full information of 'SI.ASTUnitNumber' already loaded. Use cached version.
2017-11-20 10:01:23 [DEBUG] CommonSymbolReference Full information of 'SI.ASTUnitNumber' already loaded. Use cached version.
2017-11-20 10:01:23 [DEBUG] CommonSymbolReference Full information of 'SI.ASTUnitNumber' already loaded. Use cached version.
2017-11-20 10:01:23 [DEBUG] CommonSymbolReference Full information of 'SI.ASTUnitNumber' already loaded. Use cached version.
2017-11-20 10:01:23 [DEBUG] CommonSymbolReference Full information of 'SI.ASTUnitNumber' already loaded. Use cached version.
2017-11-20 10:01:23 [DEBUG] CommonSymbolReference Full information of 'SI.ASTUnitNumber' already loaded. Use cached version.
2017-11-20 10:01:23 [DEBUG] CommonSymbolReference Full information of 'SI.ASTUnitNumber' already loaded. Use cached version.
2017-11-20 10:01:23 [DEBUG] CommonSymbolReference Full information of 'SI.ASTUnitNumber' already loaded. Use cached version.
2017-11-20 10:01:23 [DEBUG] CommonSymbolReference Full information of 'SI.ASTUnitNumber' already loaded. Use cached version.
2017-11-20 10:01:23 [DEBUG] CommonSymbolReference Full information of 'SI.ASTUnitNumber' already loaded. Use cached version.
2017-11-20 10:01:23 [DEBUG] d.m.g.t.TemplateController C:\Users\Delta2-PC\Desktop\Uni\SimLang\out\weather\_visitor\WeatherVisitor.java written successfully!
2017-11-20 10:01:23 [DEBUG] d.m.g.t.f.MontiCoreTemplateLoader Requested template visitor.InheritanceVisitor
2017-11-20 10:01:23 [DEBUG] d.m.g.t.TemplateController C:\Users\Delta2-PC\Desktop\Uni\SimLang\out\weather\_visitor\WeatherInheritanceVisitor.java written successfully!
2017-11-20 10:01:23 [DEBUG] d.m.g.t.f.MontiCoreTemplateLoader Requested template visitor.ParentAwareVisitor
2017-11-20 10:01:23 [DEBUG] d.m.g.t.TemplateController C:\Users\Delta2-PC\Desktop\Uni\SimLang\out\weather\_visitor\WeatherParentAwareVisitor.java written successfully!
2017-11-20 10:01:23 [DEBUG] d.m.g.t.f.MontiCoreTemplateLoader Requested template visitor.CommonDelegatorVisitor
2017-11-20 10:01:23 [DEBUG] d.m.g.t.TemplateController C:\Users\Delta2-PC\Desktop\Uni\SimLang\out\weather\_visitor\CommonWeatherDelegatorVisitor.java written successfully!
2017-11-20 10:01:23 [DEBUG] d.m.g.t.f.MontiCoreTemplateLoader Requested template de.monticore.generating.templateengine.freemarker.Aliases
2017-11-20 10:01:23 [DEBUG] d.m.g.t.f.MontiCoreTemplateLoader Requested template cocos.CoCoInterface
2017-11-20 10:01:23 [DEBUG] d.m.g.t.TemplateController C:\Users\Delta2-PC\Desktop\Uni\SimLang\out\weather\_cocos\WeatherASTTemperatureCoCo.java written successfully!
2017-11-20 10:01:23 [DEBUG] d.m.g.t.TemplateController C:\Users\Delta2-PC\Desktop\Uni\SimLang\out\weather\_cocos\WeatherASTHumidityCoCo.java written successfully!
2017-11-20 10:01:23 [DEBUG] d.m.g.t.TemplateController C:\Users\Delta2-PC\Desktop\Uni\SimLang\out\weather\_cocos\WeatherASTPressureCoCo.java written successfully!
2017-11-20 10:01:23 [DEBUG] d.m.g.t.TemplateController C:\Users\Delta2-PC\Desktop\Uni\SimLang\out\weather\_cocos\WeatherASTWindstrengthCoCo.java written successfully!
2017-11-20 10:01:23 [DEBUG] d.m.g.t.TemplateController C:\Users\Delta2-PC\Desktop\Uni\SimLang\out\weather\_cocos\WeatherASTWinddirectionCoCo.java written successfully!
2017-11-20 10:01:23 [DEBUG] d.m.g.t.TemplateController C:\Users\Delta2-PC\Desktop\Uni\SimLang\out\weather\_cocos\WeatherASTPrecipitationtypeCoCo.java written successfully!
2017-11-20 10:01:23 [DEBUG] d.m.g.t.TemplateController C:\Users\Delta2-PC\Desktop\Uni\SimLang\out\weather\_cocos\WeatherASTPrecipitationamountCoCo.java written successfully!
2017-11-20 10:01:23 [DEBUG] d.m.g.t.TemplateController C:\Users\Delta2-PC\Desktop\Uni\SimLang\out\weather\_cocos\WeatherASTCloudingCoCo.java written successfully!
2017-11-20 10:01:23 [DEBUG] d.m.g.t.TemplateController C:\Users\Delta2-PC\Desktop\Uni\SimLang\out\weather\_cocos\WeatherASTSightCoCo.java written successfully!
2017-11-20 10:01:23 [DEBUG] d.m.g.t.TemplateController C:\Users\Delta2-PC\Desktop\Uni\SimLang\out\weather\_cocos\WeatherASTWeatherPhenomenaCoCo.java written successfully!
2017-11-20 10:01:23 [DEBUG] d.m.g.t.TemplateController C:\Users\Delta2-PC\Desktop\Uni\SimLang\out\weather\_cocos\WeatherASTOpticalPhenomenaCoCo.java written successfully!
2017-11-20 10:01:23 [DEBUG] d.m.g.t.TemplateController C:\Users\Delta2-PC\Desktop\Uni\SimLang\out\weather\_cocos\WeatherASTArtificialPhenomenaCoCo.java written successfully!
2017-11-20 10:01:23 [DEBUG] GlobalScope Already tried to load model for 'Weather.ASTConstantsWeather'. If model exists, continue with cached version.
2017-11-20 10:01:23 [DEBUG] GlobalScope Already tried to load model for 'Weather.ASTConstantsWeather'. If model exists, continue with cached version.
2017-11-20 10:01:23 [DEBUG] d.m.g.t.TemplateController C:\Users\Delta2-PC\Desktop\Uni\SimLang\out\weather\_cocos\WeatherASTWeatherNodeCoCo.java written successfully!
2017-11-20 10:01:23 [DEBUG] d.m.g.t.TemplateController C:\Users\Delta2-PC\Desktop\Uni\SimLang\out\weather\_cocos\WeatherWeatherPackageCoCo.java written successfully!
2017-11-20 10:01:23 [DEBUG] d.m.g.t.f.MontiCoreTemplateLoader Requested template cocos.CoCoChecker
2017-11-20 10:01:23 [DEBUG] d.m.g.t.TemplateController C:\Users\Delta2-PC\Desktop\Uni\SimLang\out\weather\_cocos\WeatherCoCoChecker.java written successfully!
2017-11-20 10:01:23 [DEBUG] d.m.g.t.f.MontiCoreTemplateLoader Requested template de.monticore.generating.templateengine.freemarker.Aliases
2017-11-20 10:01:23 [DEBUG] d.m.g.t.f.MontiCoreTemplateLoader Requested template od.DiagramVisitor
2017-11-20 10:01:23 [DEBUG] CommonSymbolReference Full information of 'SI.ASTUnitNumber' already loaded. Use cached version.
2017-11-20 10:01:23 [DEBUG] CommonSymbolReference Full information of 'SI.ASTUnitNumber' already loaded. Use cached version.
2017-11-20 10:01:23 [DEBUG] CommonSymbolReference Full information of 'SI.ASTUnitNumber' already loaded. Use cached version.
2017-11-20 10:01:23 [DEBUG] CommonSymbolReference Full information of 'SI.ASTUnitNumber' already loaded. Use cached version.
2017-11-20 10:01:23 [DEBUG] CommonSymbolReference Full information of 'SI.ASTUnitNumber' already loaded. Use cached version.
2017-11-20 10:01:23 [DEBUG] CommonSymbolReference Full information of 'SI.ASTUnitNumber' already loaded. Use cached version.
2017-11-20 10:01:23 [DEBUG] CommonSymbolReference Full information of 'SI.ASTUnitNumber' already loaded. Use cached version.
2017-11-20 10:01:23 [DEBUG] CommonSymbolReference Full information of 'SI.ASTUnitNumber' already loaded. Use cached version.
2017-11-20 10:01:23 [DEBUG] CommonSymbolReference Full information of 'SI.ASTUnitNumber' already loaded. Use cached version.
2017-11-20 10:01:23 [DEBUG] CommonSymbolReference Full information of 'SI.ASTUnitNumber' already loaded. Use cached version.
2017-11-20 10:01:23 [DEBUG] CommonSymbolReference Full information of 'SI.ASTUnitNumber' already loaded. Use cached version.
2017-11-20 10:01:23 [DEBUG] CommonSymbolReference Full information of 'SI.ASTUnitNumber' already loaded. Use cached version.
2017-11-20 10:01:23 [DEBUG] CommonSymbolReference Full information of 'SI.ASTUnitNumber' already loaded. Use cached version.
2017-11-20 10:01:23 [DEBUG] CommonSymbolReference Full information of 'SI.ASTUnitNumber' already loaded. Use cached version.
2017-11-20 10:01:23 [DEBUG] CommonSymbolReference Full information of 'SI.ASTUnitNumber' already loaded. Use cached version.
2017-11-20 10:01:23 [DEBUG] CommonSymbolReference Full information of 'SI.ASTUnitNumber' already loaded. Use cached version.
2017-11-20 10:01:23 [DEBUG] CommonSymbolReference Full information of 'SI.ASTUnitNumber' already loaded. Use cached version.
2017-11-20 10:01:23 [DEBUG] CommonSymbolReference Full information of 'SI.ASTUnitNumber' already loaded. Use cached version.
2017-11-20 10:01:23 [DEBUG] CommonSymbolReference Full information of 'SI.ASTUnitNumber' already loaded. Use cached version.
2017-11-20 10:01:23 [DEBUG] CommonSymbolReference Full information of 'SI.ASTUnitNumber' already loaded. Use cached version.
2017-11-20 10:01:23 [DEBUG] CommonSymbolReference Full information of 'SI.ASTUnitNumber' already loaded. Use cached version.
2017-11-20 10:01:23 [DEBUG] CommonSymbolReference Full information of 'SI.ASTUnitNumber' already loaded. Use cached version.
2017-11-20 10:01:23 [DEBUG] CommonSymbolReference Full information of 'SI.ASTUnitNumber' already loaded. Use cached version.
2017-11-20 10:01:23 [DEBUG] CommonSymbolReference Full information of 'SI.ASTUnitNumber' already loaded. Use cached version.
2017-11-20 10:01:23 [DEBUG] CommonSymbolReference Full information of 'SI.ASTUnitNumber' already loaded. Use cached version.
2017-11-20 10:01:23 [DEBUG] CommonSymbolReference Full information of 'SI.ASTUnitNumber' already loaded. Use cached version.
2017-11-20 10:01:23 [DEBUG] d.m.g.t.TemplateController C:\Users\Delta2-PC\Desktop\Uni\SimLang\out\weather\_od\Weather2OD.java written successfully!
2017-11-20 10:01:23 [INFO]  MAIN Grammar Weather processed successfully!
