Determining if the pthread_create exist failed with the following output:
Change Dir: /home/markus/Desktop/Praktikum/vsomeip-master/examples/hello_world/build/CMakeFiles/CMakeTmp

Run Build Command:"/usr/bin/make" "cmTC_b9fc7/fast"
/usr/bin/make -f CMakeFiles/cmTC_b9fc7.dir/build.make CMakeFiles/cmTC_b9fc7.dir/build
make[1]: Verzeichnis „/home/markus/Desktop/Praktikum/vsomeip-master/examples/hello_world/build/CMakeFiles/CMakeTmp“ wird betreten
Building C object CMakeFiles/cmTC_b9fc7.dir/CheckSymbolExists.c.o
/usr/bin/cc    -o CMakeFiles/cmTC_b9fc7.dir/CheckSymbolExists.c.o   -c /home/markus/Desktop/Praktikum/vsomeip-master/examples/hello_world/build/CMakeFiles/CMakeTmp/CheckSymbolExists.c
Linking C executable cmTC_b9fc7
/usr/bin/cmake -E cmake_link_script CMakeFiles/cmTC_b9fc7.dir/link.txt --verbose=1
/usr/bin/cc      -rdynamic CMakeFiles/cmTC_b9fc7.dir/CheckSymbolExists.c.o  -o cmTC_b9fc7 
/usr/bin/ld: CMakeFiles/cmTC_b9fc7.dir/CheckSymbolExists.c.o: in function `main':
CheckSymbolExists.c:(.text+0x1b): undefined reference to `pthread_create'
collect2: error: ld returned 1 exit status
make[1]: *** [CMakeFiles/cmTC_b9fc7.dir/build.make:87: cmTC_b9fc7] Fehler 1
make[1]: Verzeichnis „/home/markus/Desktop/Praktikum/vsomeip-master/examples/hello_world/build/CMakeFiles/CMakeTmp“ wird verlassen
make: *** [Makefile:121: cmTC_b9fc7/fast] Fehler 2

File /home/markus/Desktop/Praktikum/vsomeip-master/examples/hello_world/build/CMakeFiles/CMakeTmp/CheckSymbolExists.c:
/* */
#include <pthread.h>

int main(int argc, char** argv)
{
  (void)argv;
#ifndef pthread_create
  return ((int*)(&pthread_create))[argc];
#else
  (void)argc;
  return 0;
#endif
}

Determining if the function pthread_create exists in the pthreads failed with the following output:
Change Dir: /home/markus/Desktop/Praktikum/vsomeip-master/examples/hello_world/build/CMakeFiles/CMakeTmp

Run Build Command:"/usr/bin/make" "cmTC_7442d/fast"
/usr/bin/make -f CMakeFiles/cmTC_7442d.dir/build.make CMakeFiles/cmTC_7442d.dir/build
make[1]: Verzeichnis „/home/markus/Desktop/Praktikum/vsomeip-master/examples/hello_world/build/CMakeFiles/CMakeTmp“ wird betreten
Building C object CMakeFiles/cmTC_7442d.dir/CheckFunctionExists.c.o
/usr/bin/cc   -DCHECK_FUNCTION_EXISTS=pthread_create   -o CMakeFiles/cmTC_7442d.dir/CheckFunctionExists.c.o   -c /usr/share/cmake-3.12/Modules/CheckFunctionExists.c
Linking C executable cmTC_7442d
/usr/bin/cmake -E cmake_link_script CMakeFiles/cmTC_7442d.dir/link.txt --verbose=1
/usr/bin/cc  -DCHECK_FUNCTION_EXISTS=pthread_create    -rdynamic CMakeFiles/cmTC_7442d.dir/CheckFunctionExists.c.o  -o cmTC_7442d -lpthreads 
/usr/bin/ld: -lpthreads kann nicht gefunden werden
collect2: error: ld returned 1 exit status
make[1]: *** [CMakeFiles/cmTC_7442d.dir/build.make:87: cmTC_7442d] Fehler 1
make[1]: Verzeichnis „/home/markus/Desktop/Praktikum/vsomeip-master/examples/hello_world/build/CMakeFiles/CMakeTmp“ wird verlassen
make: *** [Makefile:121: cmTC_7442d/fast] Fehler 2


