Determining if the pthread_create exist failed with the following output:
Change Dir: /home/nicola/data/master-thesis/emadl-rl-applications/projects/ddpg/halfcheetah/target/build/CMakeFiles/CMakeTmp

Run Build Command(s):/usr/bin/make cmTC_37bc8/fast 
/usr/bin/make -f CMakeFiles/cmTC_37bc8.dir/build.make CMakeFiles/cmTC_37bc8.dir/build
make[1]: Entering directory '/home/nicola/data/master-thesis/emadl-rl-applications/projects/ddpg/halfcheetah/target/build/CMakeFiles/CMakeTmp'
Building C object CMakeFiles/cmTC_37bc8.dir/CheckSymbolExists.c.o
/usr/bin/cc    -o CMakeFiles/cmTC_37bc8.dir/CheckSymbolExists.c.o   -c /home/nicola/data/master-thesis/emadl-rl-applications/projects/ddpg/halfcheetah/target/build/CMakeFiles/CMakeTmp/CheckSymbolExists.c
Linking C executable cmTC_37bc8
/usr/local/bin/cmake -E cmake_link_script CMakeFiles/cmTC_37bc8.dir/link.txt --verbose=1
/usr/bin/cc      CMakeFiles/cmTC_37bc8.dir/CheckSymbolExists.c.o  -o cmTC_37bc8 
CMakeFiles/cmTC_37bc8.dir/CheckSymbolExists.c.o: In function `main':
CheckSymbolExists.c:(.text+0x16): undefined reference to `pthread_create'
collect2: error: ld returned 1 exit status
CMakeFiles/cmTC_37bc8.dir/build.make:86: recipe for target 'cmTC_37bc8' failed
make[1]: *** [cmTC_37bc8] Error 1
make[1]: Leaving directory '/home/nicola/data/master-thesis/emadl-rl-applications/projects/ddpg/halfcheetah/target/build/CMakeFiles/CMakeTmp'
Makefile:121: recipe for target 'cmTC_37bc8/fast' failed
make: *** [cmTC_37bc8/fast] Error 2

File /home/nicola/data/master-thesis/emadl-rl-applications/projects/ddpg/halfcheetah/target/build/CMakeFiles/CMakeTmp/CheckSymbolExists.c:
/* */
#include <pthread.h>

int main(int argc, char** argv)
{
  (void)argv;
#ifndef pthread_create
  return ((int*)(&pthread_create))[argc];
#else
  (void)argc;
  return 0;
#endif
}

