This is pdfTeX, Version 3.14159265-2.6-1.40.19 (MiKTeX 2.9.6700 64-bit) (preloaded format=pdflatex 2018.5.24)  4 SEP 2018 14:59
entering extended mode
**./base.tex
(base.tex
LaTeX2e <2018-04-01> patch level 4
Babel <3.20> and hyphenation patterns for 75 language(s) loaded.
("C:\Program Files\MiKTeX 2.9\tex\latex\elsarticle\elsarticle.cls"
Document Class: elsarticle 2009/09/17, 1.2.0: Elsevier Ltd
\@bls=\dimen102
("C:\Program Files\MiKTeX 2.9\tex\latex\base\article.cls"
Document Class: article 2014/09/29 v1.4h Standard LaTeX document class
("C:\Program Files\MiKTeX 2.9\tex\latex\base\size10.clo"
File: size10.clo 2014/09/29 v1.4h Standard LaTeX file (size option)
)
\c@part=\count80
\c@section=\count81
\c@subsection=\count82
\c@subsubsection=\count83
\c@paragraph=\count84
\c@subparagraph=\count85
\c@figure=\count86
\c@table=\count87
\abovecaptionskip=\skip41
\belowcaptionskip=\skip42
\bibindent=\dimen103
)
("C:\Program Files\MiKTeX 2.9\tex\latex\graphics\graphicx.sty"
Package: graphicx 2017/06/01 v1.1a Enhanced LaTeX Graphics (DPC,SPQR)

("C:\Program Files\MiKTeX 2.9\tex\latex\graphics\keyval.sty"
Package: keyval 2014/10/28 v1.15 key=value parser (DPC)
\KV@toks@=\toks14
)
("C:\Program Files\MiKTeX 2.9\tex\latex\graphics\graphics.sty"
Package: graphics 2017/06/25 v1.2c Standard LaTeX Graphics (DPC,SPQR)

("C:\Program Files\MiKTeX 2.9\tex\latex\graphics\trig.sty"
Package: trig 2016/01/03 v1.10 sin cos tan (DPC)
)
("C:\Program Files\MiKTeX 2.9\tex\latex\graphics-cfg\graphics.cfg"
File: graphics.cfg 2016/06/04 v1.11 sample graphics configuration
)
Package graphics Info: Driver file: pdftex.def on input line 99.

("C:\Program Files\MiKTeX 2.9\tex\latex\graphics-def\pdftex.def"
File: pdftex.def 2018/01/08 v1.0l Graphics/color driver for pdftex
))
\Gin@req@height=\dimen104
\Gin@req@width=\dimen105
)
("C:\Program Files\MiKTeX 2.9\tex\latex\psnfss\pifont.sty"
Package: pifont 2005/04/12 PSNFSS-v9.2a Pi font support (SPQR) 
LaTeX Font Info:    Try loading font information for U+pzd on input line 63.

("C:\Program Files\MiKTeX 2.9\tex\latex\psnfss\upzd.fd"
File: upzd.fd 2001/06/04 font definitions for U/pzd.
)
LaTeX Font Info:    Try loading font information for U+psy on input line 64.

("C:\Program Files\MiKTeX 2.9\tex\latex\psnfss\upsy.fd"
File: upsy.fd 2001/06/04 font definitions for U/psy.
))
\c@tnote=\count88
\c@fnote=\count89
\c@cnote=\count90
\c@ead=\count91
\c@author=\count92
\@eadauthor=\toks15
\c@affn=\count93
\absbox=\box26
\keybox=\box27
\Columnwidth=\dimen106
\space@left=\dimen107
\els@boxa=\box28
\els@boxb=\box29
\leftMargin=\dimen108
\@enLab=\toks16
\@sep=\skip43
\@@sep=\skip44
 (base.spl)
("C:\Program Files\MiKTeX 2.9\tex\latex\natbib\natbib.sty"
Package: natbib 2010/09/13 8.31b (PWD, AO)
\bibhang=\skip45
\bibsep=\skip46
LaTeX Info: Redefining \cite on input line 694.
\c@NAT@ctr=\count94
)
\splwrite=\write3
\openout3 = `base.spl'.

)
("C:\Program Files\MiKTeX 2.9\tex\latex\float\float.sty"
Package: float 2001/11/08 v1.3d Float enhancements (AL)
\c@float@type=\count95
\float@exts=\toks17
\float@box=\box30
\@float@everytoks=\toks18
\@floatcapt=\box31
)
("C:\Program Files\MiKTeX 2.9\tex\latex\lineno\lineno.sty"
Package: lineno 2005/11/02 line numbers on paragraphs v4.41
\linenopenalty=\count96
\output=\toks19
\linenoprevgraf=\count97
\linenumbersep=\dimen109
\linenumberwidth=\dimen110
\c@linenumber=\count98
\c@pagewiselinenumber=\count99
\c@LN@truepage=\count100
\c@internallinenumber=\count101
\c@internallinenumbers=\count102
\quotelinenumbersep=\dimen111
\bframerule=\dimen112
\bframesep=\dimen113
\bframebox=\box32
LaTeX Info: Redefining \\ on input line 3056.
)
("C:\Program Files\MiKTeX 2.9\tex\latex\hyperref\hyperref.sty"
Package: hyperref 2018/02/06 v6.86b Hypertext links for LaTeX

("C:\Program Files\MiKTeX 2.9\tex\generic\oberdiek\hobsub-hyperref.sty"
Package: hobsub-hyperref 2016/05/16 v1.14 Bundle oberdiek, subset hyperref (HO)


("C:\Program Files\MiKTeX 2.9\tex\generic\oberdiek\hobsub-generic.sty"
Package: hobsub-generic 2016/05/16 v1.14 Bundle oberdiek, subset generic (HO)
Package: hobsub 2016/05/16 v1.14 Construct package bundles (HO)
Package: infwarerr 2016/05/16 v1.4 Providing info/warning/error messages (HO)
Package: ltxcmds 2016/05/16 v1.23 LaTeX kernel commands for general use (HO)
Package: ifluatex 2016/05/16 v1.4 Provides the ifluatex switch (HO)
Package ifluatex Info: LuaTeX not detected.
Package: ifvtex 2016/05/16 v1.6 Detect VTeX and its facilities (HO)
Package ifvtex Info: VTeX not detected.
Package: intcalc 2016/05/16 v1.2 Expandable calculations with integers (HO)
Package: ifpdf 2017/03/15 v3.2 Provides the ifpdf switch
Package: etexcmds 2016/05/16 v1.6 Avoid name clashes with e-TeX commands (HO)
Package etexcmds Info: Could not find \expanded.
(etexcmds)             That can mean that you are not using pdfTeX 1.50 or
(etexcmds)             that some package has redefined \expanded.
(etexcmds)             In the latter case, load this package earlier.
Package: kvsetkeys 2016/05/16 v1.17 Key value parser (HO)
Package: kvdefinekeys 2016/05/16 v1.4 Define keys (HO)
Package: pdftexcmds 2018/01/30 v0.27 Utility functions of pdfTeX for LuaTeX (HO
)
Package pdftexcmds Info: LuaTeX not detected.
Package pdftexcmds Info: \pdf@primitive is available.
Package pdftexcmds Info: \pdf@ifprimitive is available.
Package pdftexcmds Info: \pdfdraftmode found.
Package: pdfescape 2016/05/16 v1.14 Implements pdfTeX's escape features (HO)
Package: bigintcalc 2016/05/16 v1.4 Expandable calculations on big integers (HO
)
Package: bitset 2016/05/16 v1.2 Handle bit-vector datatype (HO)
Package: uniquecounter 2016/05/16 v1.3 Provide unlimited unique counter (HO)
)
Package hobsub Info: Skipping package `hobsub' (already loaded).
Package: letltxmacro 2016/05/16 v1.5 Let assignment for LaTeX macros (HO)
Package: hopatch 2016/05/16 v1.3 Wrapper for package hooks (HO)
Package: xcolor-patch 2016/05/16 xcolor patch
Package: atveryend 2016/05/16 v1.9 Hooks at the very end of document (HO)
Package atveryend Info: \enddocument detected (standard20110627).
Package: atbegshi 2016/06/09 v1.18 At begin shipout hook (HO)
Package: refcount 2016/05/16 v3.5 Data extraction from label references (HO)
Package: hycolor 2016/05/16 v1.8 Color options for hyperref/bookmark (HO)
)
("C:\Program Files\MiKTeX 2.9\tex\generic\ifxetex\ifxetex.sty"
Package: ifxetex 2010/09/12 v0.6 Provides ifxetex conditional
)
("C:\Program Files\MiKTeX 2.9\tex\latex\oberdiek\auxhook.sty"
Package: auxhook 2016/05/16 v1.4 Hooks for auxiliary files (HO)
)
("C:\Program Files\MiKTeX 2.9\tex\latex\oberdiek\kvoptions.sty"
Package: kvoptions 2016/05/16 v3.12 Key value format for package options (HO)
)
\@linkdim=\dimen114
\Hy@linkcounter=\count103
\Hy@pagecounter=\count104

("C:\Program Files\MiKTeX 2.9\tex\latex\hyperref\pd1enc.def"
File: pd1enc.def 2018/02/06 v6.86b Hyperref: PDFDocEncoding definition (HO)
Now handling font encoding PD1 ...
... no UTF-8 mapping file for font encoding PD1
)
\Hy@SavedSpaceFactor=\count105

("C:\Program Files\MiKTeX 2.9\tex\latex\00miktex\hyperref.cfg"
File: hyperref.cfg 2002/06/06 v1.2 hyperref configuration of TeXLive
)
Package hyperref Info: Hyper figures OFF on input line 4509.
Package hyperref Info: Link nesting OFF on input line 4514.
Package hyperref Info: Hyper index ON on input line 4517.
Package hyperref Info: Plain pages OFF on input line 4524.
Package hyperref Info: Backreferencing OFF on input line 4529.
Package hyperref Info: Implicit mode ON; LaTeX internals redefined.
Package hyperref Info: Bookmarks ON on input line 4762.
\c@Hy@tempcnt=\count106

("C:\Program Files\MiKTeX 2.9\tex\latex\url\url.sty"
\Urlmuskip=\muskip10
Package: url 2013/09/16  ver 3.4  Verb mode for urls, etc.
)
LaTeX Info: Redefining \url on input line 5115.
\XeTeXLinkMargin=\dimen115
\Fld@menulength=\count107
\Field@Width=\dimen116
\Fld@charsize=\dimen117
Package hyperref Info: Hyper figures OFF on input line 6369.
Package hyperref Info: Link nesting OFF on input line 6374.
Package hyperref Info: Hyper index ON on input line 6377.
Package hyperref Info: backreferencing OFF on input line 6384.
Package hyperref Info: Link coloring OFF on input line 6389.
Package hyperref Info: Link coloring with OCG OFF on input line 6394.
Package hyperref Info: PDF/A mode OFF on input line 6399.
LaTeX Info: Redefining \ref on input line 6439.
LaTeX Info: Redefining \pageref on input line 6443.
\Hy@abspage=\count108
\c@Item=\count109
\c@Hfootnote=\count110
)
Package hyperref Info: Driver (autodetected): hpdftex.

("C:\Program Files\MiKTeX 2.9\tex\latex\hyperref\hpdftex.def"
File: hpdftex.def 2018/02/06 v6.86b Hyperref driver for pdfTeX
\Fld@listcount=\count111
\c@bookmark@seq@number=\count112

("C:\Program Files\MiKTeX 2.9\tex\latex\oberdiek\rerunfilecheck.sty"
Package: rerunfilecheck 2016/05/16 v1.8 Rerun checks for auxiliary files (HO)
Package uniquecounter Info: New unique counter `rerunfilecheck' on input line 2
82.
)
\Hy@SectionHShift=\skip47
)
("C:\Program Files\MiKTeX 2.9\tex\latex\listings\listings.sty"
\lst@mode=\count113
\lst@gtempboxa=\box33
\lst@token=\toks20
\lst@length=\count114
\lst@currlwidth=\dimen118
\lst@column=\count115
\lst@pos=\count116
\lst@lostspace=\dimen119
\lst@width=\dimen120
\lst@newlines=\count117
\lst@lineno=\count118
\lst@maxwidth=\dimen121

("C:\Program Files\MiKTeX 2.9\tex\latex\listings\lstmisc.sty"
File: lstmisc.sty 2015/06/04 1.6 (Carsten Heinz)
\c@lstnumber=\count119
\lst@skipnumbers=\count120
\lst@framebox=\box34
)
("C:\Program Files\MiKTeX 2.9\tex\latex\listings\listings.cfg"
File: listings.cfg 2015/06/04 1.6 listings configuration
))
Package: listings 2015/06/04 1.6 (Carsten Heinz)
 (base.aux)
\openout1 = `base.aux'.

LaTeX Font Info:    Checking defaults for OML/cmm/m/it on input line 11.
LaTeX Font Info:    ... okay on input line 11.
LaTeX Font Info:    Checking defaults for T1/cmr/m/n on input line 11.
LaTeX Font Info:    ... okay on input line 11.
LaTeX Font Info:    Checking defaults for OT1/cmr/m/n on input line 11.
LaTeX Font Info:    ... okay on input line 11.
LaTeX Font Info:    Checking defaults for OMS/cmsy/m/n on input line 11.
LaTeX Font Info:    ... okay on input line 11.
LaTeX Font Info:    Checking defaults for OMX/cmex/m/n on input line 11.
LaTeX Font Info:    ... okay on input line 11.
LaTeX Font Info:    Checking defaults for U/cmr/m/n on input line 11.
LaTeX Font Info:    ... okay on input line 11.
LaTeX Font Info:    Checking defaults for PD1/pdf/m/n on input line 11.
LaTeX Font Info:    ... okay on input line 11.

("C:\Program Files\MiKTeX 2.9\tex\context\base\supp-pdf.mkii"
[Loading MPS to PDF converter (version 2006.09.02).]
\scratchcounter=\count121
\scratchdimen=\dimen122
\scratchbox=\box35
\nofMPsegments=\count122
\nofMParguments=\count123
\everyMPshowfont=\toks21
\MPscratchCnt=\count124
\MPscratchDim=\dimen123
\MPnumerator=\count125
\makeMPintoPDFobject=\count126
\everyMPtoPDFconversion=\toks22
) ("C:\Program Files\MiKTeX 2.9\tex\latex\oberdiek\epstopdf-base.sty"
Package: epstopdf-base 2016/05/15 v2.6 Base part for package epstopdf

("C:\Program Files\MiKTeX 2.9\tex\latex\oberdiek\grfext.sty"
Package: grfext 2016/05/16 v1.2 Manage graphics extensions (HO)
)
Package epstopdf-base Info: Redefining graphics rule for `.eps' on input line 4
38.
Package grfext Info: Graphics extension search list:
(grfext)             [.pdf,.png,.jpg,.mps,.jpeg,.jbig2,.jb2,.PDF,.PNG,.JPG,.JPE
G,.JBIG2,.JB2,.eps]
(grfext)             \AppendGraphicsExtensions on input line 456.
)
\AtBeginShipoutBox=\box36
Package hyperref Info: Link coloring OFF on input line 11.

("C:\Program Files\MiKTeX 2.9\tex\latex\hyperref\nameref.sty"
Package: nameref 2016/05/21 v2.44 Cross-referencing by name of section

("C:\Program Files\MiKTeX 2.9\tex\generic\oberdiek\gettitlestring.sty"
Package: gettitlestring 2016/05/16 v1.5 Cleanup title references (HO)
)
\c@section@level=\count127
)
LaTeX Info: Redefining \ref on input line 11.
LaTeX Info: Redefining \pageref on input line 11.
LaTeX Info: Redefining \nameref on input line 11.

(base.out) (base.out)
\@outlinefile=\write4
\openout4 = `base.out'.

\c@lstlisting=\count128
 (abstract.tex)
LaTeX Font Info:    External font `cmex10' loaded for size
(Font)              <8> on input line 32.
LaTeX Font Info:    External font `cmex10' loaded for size
(Font)              <6> on input line 32.
LaTeX Font Info:    External font `cmex10' loaded for size
(Font)              <5> on input line 32.
LaTeX Font Info:    External font `cmex10' loaded for size
(Font)              <7> on input line 32.
 [1


{C:/Users/Malte/AppData/Local/MiKTeX/2.9/pdftex/config/pdftex.map}] [2] (introd
uction.tex
Underfull \hbox (badness 10000) in paragraph at lines 1--5

 []

LaTeX Font Info:    Try loading font information for OMS+cmr on input line 5.
("C:\Program Files\MiKTeX 2.9\tex\latex\base\omscmr.fd"
File: omscmr.fd 2014/09/29 v2.5h Standard LaTeX font definitions
)
LaTeX Font Info:    Font shape `OMS/cmr/m/n' in size <10> not available
(Font)              Font shape `OMS/cmsy/m/n' tried instead on input line 5.
 [3] [4]) (context.tex
[5]
<pictures/MontiCarOverview.PNG, id=179, 454.69875pt x 234.1247pt>
File: pictures/MontiCarOverview.PNG Graphic file (type png)
<use pictures/MontiCarOverview.PNG>
Package pdftex.def Info: pictures/MontiCarOverview.PNG  used on input line 19.
(pdftex.def)             Requested size: 250.08508pt x 128.76897pt.
 [6]
<pictures/EMA.PNG, id=196, 261.22594pt x 234.8775pt>
File: pictures/EMA.PNG Graphic file (type png)
<use pictures/EMA.PNG>
Package pdftex.def Info: pictures/EMA.PNG  used on input line 28.
(pdftex.def)             Requested size: 182.85689pt x 164.41312pt.
<pictures/EMAMath.PNG, id=198, 241.65282pt x 379.4175pt>
File: pictures/EMAMath.PNG Graphic file (type png)
<use pictures/EMAMath.PNG>
Package pdftex.def Info: pictures/EMAMath.PNG  used on input line 37.
(pdftex.def)             Requested size: 132.90945pt x 208.68027pt.


LaTeX Warning: `!h' float specifier changed to `!ht'.

[7 <./pictures/MontiCarOverview.PNG> <./pictures/EMA.PNG>]
<pictures/EMAStream.PNG, id=209, 334.24875pt x 60.225pt>
File: pictures/EMAStream.PNG Graphic file (type png)
<use pictures/EMAStream.PNG>
Package pdftex.def Info: pictures/EMAStream.PNG  used on input line 46.
(pdftex.def)             Requested size: 183.83737pt x 33.12384pt.
 [8 <./pictures/EMAMath.PNG> <./pictures/EMAStream.PNG>]) (approach.tex
<pictures/Pacman_Condition3.PNG, id=222, 283.0575pt x 353.06906pt>
File: pictures/Pacman_Condition3.PNG Graphic file (type png)
<use pictures/Pacman_Condition3.PNG>
Package pdftex.def Info: pictures/Pacman_Condition3.PNG  used on input line 15.

(pdftex.def)             Requested size: 155.6821pt x 194.18857pt.


LaTeX Warning: `!h' float specifier changed to `!ht'.

<pictures/Pacman_Condition4.PNG, id=223, 283.81032pt x 353.82187pt>
File: pictures/Pacman_Condition4.PNG Graphic file (type png)
<use pictures/Pacman_Condition4.PNG>
Package pdftex.def Info: pictures/Pacman_Condition4.PNG  used on input line 21.

(pdftex.def)             Requested size: 156.09615pt x 194.60262pt.

LaTeX Warning: `!h' float specifier changed to `!ht'.

<pictures/Pacman_Condition6.PNG, id=224, 283.81032pt x 353.82187pt>
File: pictures/Pacman_Condition6.PNG Graphic file (type png)
<use pictures/Pacman_Condition6.PNG>
Package pdftex.def Info: pictures/Pacman_Condition6.PNG  used on input line 27.

(pdftex.def)             Requested size: 156.09615pt x 194.60262pt.

LaTeX Warning: `!h' float specifier changed to `!ht'.

[9] [10 <./pictures/Pacman_Condition3.PNG> <./pictures/Pacman_Condition4.PNG>]
<pictures/Mario1.PNG, id=242, 365.11406pt x 234.8775pt>
File: pictures/Mario1.PNG Graphic file (type png)
<use pictures/Mario1.PNG>
Package pdftex.def Info: pictures/Mario1.PNG  used on input line 50.
(pdftex.def)             Requested size: 200.81334pt x 129.18301pt.


LaTeX Warning: `!h' float specifier changed to `!ht'.

<pictures/Mario2.PNG, id=243, 269.50688pt x 237.88875pt>
File: pictures/Mario2.PNG Graphic file (type png)
<use pictures/Mario2.PNG>
Package pdftex.def Info: pictures/Mario2.PNG  used on input line 56.
(pdftex.def)             Requested size: 148.22923pt x 130.8392pt.

LaTeX Warning: `!h' float specifier changed to `!ht'.

<pictures/Mario3.PNG, id=244, 264.23718pt x 172.39406pt>
File: pictures/Mario3.PNG Graphic file (type png)
<use pictures/Mario3.PNG>
Package pdftex.def Info: pictures/Mario3.PNG  used on input line 62.
(pdftex.def)             Requested size: 145.33089pt x 94.81702pt.

LaTeX Warning: `!h' float specifier changed to `!ht'.

<pictures/Mario4.PNG, id=245, 412.54124pt x 101.62968pt>
File: pictures/Mario4.PNG Graphic file (type png)
<use pictures/Mario4.PNG>
Package pdftex.def Info: pictures/Mario4.PNG  used on input line 68.
(pdftex.def)             Requested size: 226.89838pt x 55.89648pt.

LaTeX Warning: `!h' float specifier changed to `!ht'.

[11 <./pictures/Pacman_Condition6.PNG>] [12 <./pictures/Mario1.PNG> <./pictures
/Mario2.PNG> <./pictures/Mario3.PNG>]

Package natbib Warning: Citation `bertram2017component' on page 13 undefined on
 input line 86.

) (implementation.tex [13 <./pictures/Mario4.PNG>] (ideintegration.tex
<pictures/IDE/IDETop.png, id=270, 183.084pt x 53.60025pt>
File: pictures/IDE/IDETop.png Graphic file (type png)
<use pictures/IDE/IDETop.png>
Package pdftex.def Info: pictures/IDE/IDETop.png  used on input line 10.
(pdftex.def)             Requested size: 100.6965pt x 29.48021pt.
 [14 <./pictures/IDE/IDETop.png>]) (modelling.tex (modelling-pacman.tex
<pictures/VisualizationPacManWrapper.png, id=277, 197.538pt x 133.6995pt>
File: pictures/VisualizationPacManWrapper.png Graphic file (type png)
<use pictures/VisualizationPacManWrapper.png>
Package pdftex.def Info: pictures/VisualizationPacManWrapper.png  used on input
 line 8.
(pdftex.def)             Requested size: 138.27565pt x 93.58899pt.
Package hyperref Info: bookmark level for unknown lstlisting defaults to 0 on i
nput line 12.
 [15 <./pictures/VisualizationPacManWrapper.png>] [16]
<pictures/VisualizationPacManSimple.png, id=302, 500.46976pt x 278.84175pt>
File: pictures/VisualizationPacManSimple.png Graphic file (type png)
<use pictures/VisualizationPacManSimple.png>
Package pdftex.def Info: pictures/VisualizationPacManSimple.png  used on input 
line 35.
(pdftex.def)             Requested size: 350.32643pt x 195.18788pt.

Overfull \hbox (5.32643pt too wide) in paragraph at lines 35--36
 [][] 
 []

[17 <./pictures/VisualizationPacManSimple.png>]
<pictures/PacMan/Controller20.png, id=309, 345.08925pt x 249.3315pt>
File: pictures/PacMan/Controller20.png Graphic file (type png)
<use pictures/PacMan/Controller20.png>
Package pdftex.def Info: pictures/PacMan/Controller20.png  used on input line 5
2.
(pdftex.def)             Requested size: 293.32724pt x 211.93275pt.
 [18 <./pictures/PacMan/Controller20.png>]
Underfull \hbox (badness 10000) in paragraph at lines 63--66

 []

<pictures/PacMan/safePaths.png, id=316, 377.0085pt x 436.029pt>
File: pictures/PacMan/safePaths.png Graphic file (type png)
<use pictures/PacMan/safePaths.png>
Package pdftex.def Info: pictures/PacMan/safePaths.png  used on input line 71.
(pdftex.def)             Requested size: 282.75568pt x 327.02094pt.
<pictures/PacMan/Search.png, id=319, 577.55775pt x 316.18124pt>
File: pictures/PacMan/Search.png Graphic file (type png)
<use pictures/PacMan/Search.png>
Package pdftex.def Info: pictures/PacMan/Search.png  used on input line 78.
(pdftex.def)             Requested size: 288.77817pt x 158.09023pt.
<pictures/PacMan/SearchSingle.png, id=320, 557.08125pt x 437.2335pt>
File: pictures/PacMan/SearchSingle.png Graphic file (type png)
<use pictures/PacMan/SearchSingle.png>
Package pdftex.def Info: pictures/PacMan/SearchSingle.png  used on input line 8
5.
(pdftex.def)             Requested size: 306.39563pt x 240.47916pt.
[19] [20 <./pictures/PacMan/safePaths.png> <./pictures/PacMan/Search.png>]
[21 <./pictures/PacMan/SearchSingle.png>]
<pictures/PacMan/Cone.png, id=338, 324.46219pt x 402.75468pt>
File: pictures/PacMan/Cone.png Graphic file (type png)
<use pictures/PacMan/Cone.png>
Package pdftex.def Info: pictures/PacMan/Cone.png  used on input line 101.
(pdftex.def)             Requested size: 210.8979pt x 261.78743pt.
 [22 <./pictures/PacMan/Cone.png>]
<pictures/PacMan/ConeSearch.png, id=345, 787.743pt x 422.7795pt>
File: pictures/PacMan/ConeSearch.png Graphic file (type png)
<use pictures/PacMan/ConeSearch.png>
Package pdftex.def Info: pictures/PacMan/ConeSearch.png  used on input line 116
.
(pdftex.def)             Requested size: 433.25998pt x 232.52943pt.

Overfull \hbox (88.25998pt too wide) in paragraph at lines 116--117
 [][] 
 []

[23 <./pictures/PacMan/ConeSearch.png>]
<pictures/PacMan/Decision.png, id=352, 457.71pt x 275.22826pt>
File: pictures/PacMan/Decision.png Graphic file (type png)
<use pictures/PacMan/Decision.png>
Package pdftex.def Info: pictures/PacMan/Decision.png  used on input line 133.
(pdftex.def)             Requested size: 251.74129pt x 151.376pt.
 [24 <./pictures/PacMan/Decision.png>])
(modelling-supermario.tex [25]
<pictures/haller_supermariowrapper.PNG, id=366, 589.4522pt x 401.24907pt>
File: pictures/haller_supermariowrapper.PNG Graphic file (type png)
<use pictures/haller_supermariowrapper.PNG>
Package pdftex.def Info: pictures/haller_supermariowrapper.PNG  used on input l
ine 33.
(pdftex.def)             Requested size: 294.72537pt x 200.62404pt.
 [26] [27 <./pictures/haller_supermariowrapper.PNG>]
<pictures/haller_controller.PNG, id=392, 998.22937pt x 405.01312pt>
File: pictures/haller_controller.PNG Graphic file (type png)
<use pictures/haller_controller.PNG>
Package pdftex.def Info: pictures/haller_controller.PNG  used on input line 62.

(pdftex.def)             Requested size: 499.11346pt x 202.50606pt.

Overfull \hbox (154.11346pt too wide) in paragraph at lines 62--63
 [][] 
 []

[28 <./pictures/haller_controller.PNG>]
<pictures/haller_enemycontroller.PNG, id=400, 904.1278pt x 654.94687pt>
File: pictures/haller_enemycontroller.PNG Graphic file (type png)
<use pictures/haller_enemycontroller.PNG>
Package pdftex.def Info: pictures/haller_enemycontroller.PNG  used on input lin
e 73.
(pdftex.def)             Requested size: 361.64471pt x 261.9741pt.

Overfull \hbox (16.64471pt too wide) in paragraph at lines 73--74
 [][] 
 []

[29 <./pictures/haller_enemycontroller.PNG>]
<pictures/haller_enemy.PNG, id=408, 228.855pt x 186.6975pt>
File: pictures/haller_enemy.PNG Graphic file (type png)
<use pictures/haller_enemy.PNG>
Package pdftex.def Info: pictures/haller_enemy.PNG  used on input line 82.
(pdftex.def)             Requested size: 114.42722pt x 93.34851pt.
<pictures/haller_enemystrategy.PNG, id=410, 341.02406pt x 371.13657pt>
File: pictures/haller_enemystrategy.PNG Graphic file (type png)
<use pictures/haller_enemystrategy.PNG>
Package pdftex.def Info: pictures/haller_enemystrategy.PNG  used on input line 
91.
(pdftex.def)             Requested size: 136.4072pt x 148.45198pt.
<pictures/haller_obstaclestrategy.PNG, id=412, 739.26187pt x 594.72188pt>
File: pictures/haller_obstaclestrategy.PNG Graphic file (type png)
<use pictures/haller_obstaclestrategy.PNG>
Package pdftex.def Info: pictures/haller_obstaclestrategy.PNG  used on input li
ne 100.
(pdftex.def)             Requested size: 295.69951pt x 237.88454pt.
 [30 <./pictures/haller_enemy.PNG> <./pictures/haller_enemystrategy.PNG>]))) (e
valuation.tex [31 <./pictures/haller_obstaclestrategy.PNG>] [32]) (conclusion.t
ex) [33] (base.bbl [34])

Package natbib Warning: There were undefined citations.

Package atveryend Info: Empty hook `BeforeClearDocument' on input line 61.
[35]
Package atveryend Info: Empty hook `AfterLastShipout' on input line 61.
 (base.aux)
Package atveryend Info: Executing hook `AtVeryEndDocument' on input line 61.
Package atveryend Info: Executing hook `AtEndAfterFileList' on input line 61.
Package rerunfilecheck Info: File `base.out' has not changed.
(rerunfilecheck)             Checksum: F5FE22E677E36A55BB462196444B0479;2424.
Package atveryend Info: Empty hook `AtVeryVeryEnd' on input line 61.
 ) 
Here is how much of TeX's memory you used:
 7867 strings out of 492976
 113732 string characters out of 3135991
 206060 words of memory out of 3000000
 11474 multiletter control sequences out of 15000+200000
 8285 words of font info for 29 fonts, out of 3000000 for 9000
 1141 hyphenation exceptions out of 8191
 32i,8n,33p,2322b,1838s stack positions out of 5000i,500n,10000p,200000b,50000s
<C:/Program Files/MiKTeX 2.9/fonts/type1/public/amsfonts/cm/cmbx10.pfb><C:/Pr
ogram Files/MiKTeX 2.9/fonts/type1/public/amsfonts/cm/cmr10.pfb><C:/Program Fil
es/MiKTeX 2.9/fonts/type1/public/amsfonts/cm/cmr12.pfb><C:/Program Files/MiKTeX
 2.9/fonts/type1/public/amsfonts/cm/cmr6.pfb><C:/Program Files/MiKTeX 2.9/fonts
/type1/public/amsfonts/cm/cmr7.pfb><C:/Program Files/MiKTeX 2.9/fonts/type1/pub
lic/amsfonts/cm/cmr8.pfb><C:/Program Files/MiKTeX 2.9/fonts/type1/public/amsfon
ts/cm/cmss8.pfb><C:/Program Files/MiKTeX 2.9/fonts/type1/public/amsfonts/cm/cms
y10.pfb><C:/Program Files/MiKTeX 2.9/fonts/type1/public/amsfonts/cm/cmti10.pfb>
<C:/Program Files/MiKTeX 2.9/fonts/type1/public/amsfonts/cm/cmti8.pfb><C:/Progr
am Files/MiKTeX 2.9/fonts/type1/public/amsfonts/cm/cmtt10.pfb><C:/Program Files
/MiKTeX 2.9/fonts/type1/urw/zapfding/uzdr.pfb>
Output written on base.pdf (35 pages, 820238 bytes).
PDF statistics:
 536 PDF objects out of 1000 (max. 8388607)
 140 named destinations out of 1000 (max. 500000)
 400 words of extra memory for PDF output out of 10000 (max. 10000000)

