#
# There is insufficient memory for the Java Runtime Environment to continue.
# Native memory allocation (mmap) failed to map 121110528 bytes for committing reserved memory.
# Possible reasons:
#   The system is out of physical RAM or swap space
#   The process is running with CompressedOops enabled, and the Java Heap may be blocking the growth of the native heap
# Possible solutions:
#   Reduce memory load on the system
#   Increase physical memory or swap space
#   Check if swap backing store is full
#   Decrease Java heap size (-Xmx/-Xms)
#   Decrease number of Java threads
#   Decrease Java thread stack sizes (-Xss)
#   Set larger code cache with -XX:ReservedCodeCacheSize=
#   JVM is running with Unscaled Compressed Oops mode in which the Java heap is
#     placed in the first 4GB address space. The Java Heap base address is the
#     maximum limit for the native heap growth. Please use -XX:HeapBaseMinAddress
#     to set the Java Heap base and to place the Java Heap above 4GB virtual address.
# This output file may be truncated or incomplete.
#
#  Out of Memory Error (os_linux.cpp:2757), pid=1468, tid=0x00007f6bdf121700
#
# JRE version: OpenJDK Runtime Environment (8.0_242-b08) (build 1.8.0_242-8u242-b08-0ubuntu3~16.04-b08)
# Java VM: OpenJDK 64-Bit Server VM (25.242-b08 mixed mode linux-amd64 compressed oops)
# Failed to write core dump. Core dumps have been disabled. To enable core dumping, try "ulimit -c unlimited" before starting Java again
#

---------------  T H R E A D  ---------------

Current thread (0x00007f6c04078800):  VMThread [stack: 0x00007f6bdf021000,0x00007f6bdf122000] [id=1562]

Stack: [0x00007f6bdf021000,0x00007f6bdf122000],  sp=0x00007f6bdf1204a0,  free space=1021k
Native frames: (J=compiled Java code, j=interpreted, Vv=VM code, C=native code)
V  [libjvm.so+0xa7ad8b]
V  [libjvm.so+0x4ccbcc]
V  [libjvm.so+0x8c8a28]
V  [libjvm.so+0x8c006e]
V  [libjvm.so+0x93ddb6]
V  [libjvm.so+0x92d47a]
V  [libjvm.so+0x92d683]
V  [libjvm.so+0x92dfe8]
V  [libjvm.so+0x9342be]
V  [libjvm.so+0x93bc1d]
V  [libjvm.so+0x8ed723]
V  [libjvm.so+0xa7cac2]
V  [libjvm.so+0xa81b57]
V  [libjvm.so+0xa7f3b7]
V  [libjvm.so+0xa8069f]
V  [libjvm.so+0xa80bc2]
V  [libjvm.so+0x8c5d82]

VM_Operation (0x00007f6c0c156e10): ParallelGCFailedAllocation, mode: safepoint, requested by thread 0x00007f6c0400b000


---------------  P R O C E S S  ---------------

Java Threads: ( => current thread )
  0x00007f6c05002000 JavaThread "resolver-5" daemon [_thread_blocked, id=1578, stack(0x00007f6bb42ae000,0x00007f6bb43af000)]
  0x00007f6c051ee000 JavaThread "resolver-4" daemon [_thread_blocked, id=1577, stack(0x00007f6bb43af000,0x00007f6bb44b0000)]
  0x00007f6c051ed000 JavaThread "resolver-3" daemon [_thread_blocked, id=1576, stack(0x00007f6bb44b0000,0x00007f6bb45b1000)]
  0x00007f6c051ec000 JavaThread "resolver-2" daemon [_thread_blocked, id=1575, stack(0x00007f6bb45b1000,0x00007f6bb46b2000)]
  0x00007f6c044c7000 JavaThread "resolver-1" daemon [_thread_blocked, id=1574, stack(0x00007f6bb46b2000,0x00007f6bb47b3000)]
  0x00007f6c040d4000 JavaThread "Service Thread" daemon [_thread_blocked, id=1570, stack(0x00007f6bde4c4000,0x00007f6bde5c5000)]
  0x00007f6c040be800 JavaThread "C1 CompilerThread2" daemon [_thread_blocked, id=1569, stack(0x00007f6bde5c5000,0x00007f6bde6c6000)]
  0x00007f6c040bd000 JavaThread "C2 CompilerThread1" daemon [_thread_blocked, id=1568, stack(0x00007f6bde6c6000,0x00007f6bde7c7000)]
  0x00007f6c040ba000 JavaThread "C2 CompilerThread0" daemon [_thread_blocked, id=1567, stack(0x00007f6bde7c7000,0x00007f6bde8c8000)]
  0x00007f6c040b8800 JavaThread "Signal Dispatcher" daemon [_thread_blocked, id=1566, stack(0x00007f6bde8c8000,0x00007f6bde9c9000)]
  0x00007f6c04087000 JavaThread "Finalizer" daemon [_thread_blocked, id=1564, stack(0x00007f6bdee1f000,0x00007f6bdef20000)]
  0x00007f6c04082800 JavaThread "Reference Handler" daemon [_thread_blocked, id=1563, stack(0x00007f6bdef20000,0x00007f6bdf021000)]
  0x00007f6c0400b000 JavaThread "main" [_thread_blocked, id=1555, stack(0x00007f6c0c059000,0x00007f6c0c15a000)]

Other Threads:
=>0x00007f6c04078800 VMThread [stack: 0x00007f6bdf021000,0x00007f6bdf122000] [id=1562]
  0x00007f6c040d6000 WatcherThread [stack: 0x00007f6bde3c3000,0x00007f6bde4c4000] [id=1571]

VM state:at safepoint (normal execution)

VM Mutex/Monitor currently owned by a thread:  ([mutex/lock_event])
[0x00007f6c04006e70] ExpandHeap_lock - owner thread: 0x00007f6c04078800
[0x00007f6c040074f0] Threads_lock - owner thread: 0x00007f6c04078800
[0x00007f6c040079f0] Heap_lock - owner thread: 0x00007f6c0400b000

heap address: 0x0000000084e00000, size: 1970 MB, Compressed Oops mode: 32-bit
Narrow klass base: 0x0000000000000000, Narrow klass shift: 3
Compressed class space size: 1073741824 Address: 0x0000000100000000

Heap:
 PSYoungGen      total 498176K, used 0K [0x00000000d6f80000, 0x0000000100000000, 0x0000000100000000)
  eden space 386560K, 0% used [0x00000000d6f80000,0x00000000d6f80000,0x00000000ee900000)
  from space 111616K, 0% used [0x00000000ee900000,0x00000000ee900000,0x00000000f5600000)
  to   space 147456K, 0% used [0x00000000f7000000,0x00000000f7000000,0x0000000100000000)
 ParOldGen       total 307200K, used 227228K [0x0000000084e00000, 0x0000000097a00000, 0x00000000d6f80000)
  object space 307200K, 73% used [0x0000000084e00000,0x0000000092be7120,0x0000000097a00000)
 Metaspace       used 40373K, capacity 41664K, committed 41896K, reserved 1085440K
  class space    used 4613K, capacity 5023K, committed 5040K, reserved 1048576K

Card table byte_map: [0x00007f6c08336000,0x00007f6c08710000] byte_map_base: 0x00007f6c07f0f000

Marking Bits: (ParMarkBitMap*) 0x00007f6c0b3375c0
 Begin Bits: [0x00007f6be0270000, 0x00007f6be2138000)
 End Bits:   [0x00007f6be2138000, 0x00007f6be4000000)

Polling page: 0x00007f6c0c18b000

CodeCache: size=245760Kb used=25988Kb max_used=25993Kb free=219771Kb
 bounds [0x00007f6bf5000000, 0x00007f6bf6980000, 0x00007f6c04000000]
 total_blobs=7800 nmethods=7324 adapters=390
 compilation: enabled

Compilation events (10 events):
Event: 22,105 Thread 0x00007f6c040bd000 8830   !   4       java.util.Collections$SynchronizedMap::get (25 bytes)
Event: 22,109 Thread 0x00007f6c040bd000 nmethod 8830 0x00007f6bf697d750 code [0x00007f6bf697d8e0, 0x00007f6bf697de78]
Event: 22,113 Thread 0x00007f6c040be800 8831       3       java.util.jar.JarVerifier$VerifierStream::<init> (69 bytes)
Event: 22,114 Thread 0x00007f6c040be800 nmethod 8831 0x00007f6bf697ce50 code [0x00007f6bf697d000, 0x00007f6bf697d4e8]
Event: 22,152 Thread 0x00007f6c040be800 8832       3       sun.security.jca.ProviderList$ServiceList$1::next (5 bytes)
Event: 22,152 Thread 0x00007f6c040be800 nmethod 8832 0x00007f6bf6940d50 code [0x00007f6bf6940ec0, 0x00007f6bf6941048]
Event: 22,152 Thread 0x00007f6c040be800 8833       3       sun.security.jca.ProviderList$ServiceList$1::next (36 bytes)
Event: 22,152 Thread 0x00007f6c040be800 nmethod 8833 0x00007f6bf697c850 code [0x00007f6bf697c9e0, 0x00007f6bf697ccd8]
Event: 22,162 Thread 0x00007f6c040be800 8834   !   3       sun.reflect.GeneratedConstructorAccessor33::newInstance (49 bytes)
Event: 22,163 Thread 0x00007f6c040be800 nmethod 8834 0x00007f6bf697bdd0 code [0x00007f6bf697bfa0, 0x00007f6bf697c528]

GC Heap History (10 events):
Event: 15,128 GC heap after
Heap after GC invocations=12 (full 2):
 PSYoungGen      total 331776K, used 21500K [0x00000000d6f80000, 0x00000000eed80000, 0x0000000100000000)
  eden space 310272K, 0% used [0x00000000d6f80000,0x00000000d6f80000,0x00000000e9e80000)
  from space 21504K, 99% used [0x00000000ebe80000,0x00000000ed37f150,0x00000000ed380000)
  to   space 32768K, 0% used [0x00000000e9e80000,0x00000000e9e80000,0x00000000ebe80000)
 ParOldGen       total 116224K, used 57126K [0x0000000084e00000, 0x000000008bf80000, 0x00000000d6f80000)
  object space 116224K, 49% used [0x0000000084e00000,0x00000000885c9bb0,0x000000008bf80000)
 Metaspace       used 40046K, capacity 41300K, committed 41384K, reserved 1085440K
  class space    used 4602K, capacity 4989K, committed 5040K, reserved 1048576K
}
Event: 18,470 GC heap before
{Heap before GC invocations=13 (full 2):
 PSYoungGen      total 331776K, used 331772K [0x00000000d6f80000, 0x00000000eed80000, 0x0000000100000000)
  eden space 310272K, 100% used [0x00000000d6f80000,0x00000000e9e80000,0x00000000e9e80000)
  from space 21504K, 99% used [0x00000000ebe80000,0x00000000ed37f150,0x00000000ed380000)
  to   space 32768K, 0% used [0x00000000e9e80000,0x00000000e9e80000,0x00000000ebe80000)
 ParOldGen       total 116224K, used 57126K [0x0000000084e00000, 0x000000008bf80000, 0x00000000d6f80000)
  object space 116224K, 49% used [0x0000000084e00000,0x00000000885c9bb0,0x000000008bf80000)
 Metaspace       used 40055K, capacity 41300K, committed 41384K, reserved 1085440K
  class space    used 4603K, capacity 4989K, committed 5040K, reserved 1048576K
Event: 18,675 GC heap after
Heap after GC invocations=13 (full 2):
 PSYoungGen      total 343040K, used 32750K [0x00000000d6f80000, 0x00000000fa200000, 0x0000000100000000)
  eden space 310272K, 0% used [0x00000000d6f80000,0x00000000d6f80000,0x00000000e9e80000)
  from space 32768K, 99% used [0x00000000e9e80000,0x00000000ebe7b890,0x00000000ebe80000)
  to   space 77824K, 0% used [0x00000000f5600000,0x00000000f5600000,0x00000000fa200000)
 ParOldGen       total 165376K, used 164635K [0x0000000084e00000, 0x000000008ef80000, 0x00000000d6f80000)
  object space 165376K, 99% used [0x0000000084e00000,0x000000008eec6cd0,0x000000008ef80000)
 Metaspace       used 40055K, capacity 41300K, committed 41384K, reserved 1085440K
  class space    used 4603K, capacity 4989K, committed 5040K, reserved 1048576K
}
Event: 18,675 GC heap before
{Heap before GC invocations=14 (full 3):
 PSYoungGen      total 343040K, used 32750K [0x00000000d6f80000, 0x00000000fa200000, 0x0000000100000000)
  eden space 310272K, 0% used [0x00000000d6f80000,0x00000000d6f80000,0x00000000e9e80000)
  from space 32768K, 99% used [0x00000000e9e80000,0x00000000ebe7b890,0x00000000ebe80000)
  to   space 77824K, 0% used [0x00000000f5600000,0x00000000f5600000,0x00000000fa200000)
 ParOldGen       total 165376K, used 164635K [0x0000000084e00000, 0x000000008ef80000, 0x00000000d6f80000)
  object space 165376K, 99% used [0x0000000084e00000,0x000000008eec6cd0,0x000000008ef80000)
 Metaspace       used 40055K, capacity 41300K, committed 41384K, reserved 1085440K
  class space    used 4603K, capacity 4989K, committed 5040K, reserved 1048576K
Event: 19,232 GC heap after
Heap after GC invocations=14 (full 3):
 PSYoungGen      total 343040K, used 27093K [0x00000000d6f80000, 0x00000000fa200000, 0x0000000100000000)
  eden space 310272K, 0% used [0x00000000d6f80000,0x00000000d6f80000,0x00000000e9e80000)
  from space 32768K, 82% used [0x00000000e9e80000,0x00000000eb8f55f8,0x00000000ebe80000)
  to   space 77824K, 0% used [0x00000000f5600000,0x00000000f5600000,0x00000000fa200000)
 ParOldGen       total 307200K, used 156701K [0x0000000084e00000, 0x0000000097a00000, 0x00000000d6f80000)
  object space 307200K, 51% used [0x0000000084e00000,0x000000008e707590,0x0000000097a00000)
 Metaspace       used 40055K, capacity 41300K, committed 41384K, reserved 1085440K
  class space    used 4603K, capacity 4989K, committed 5040K, reserved 1048576K
}
Event: 21,284 GC heap before
{Heap before GC invocations=15 (full 3):
 PSYoungGen      total 343040K, used 337365K [0x00000000d6f80000, 0x00000000fa200000, 0x0000000100000000)
  eden space 310272K, 100% used [0x00000000d6f80000,0x00000000e9e80000,0x00000000e9e80000)
  from space 32768K, 82% used [0x00000000e9e80000,0x00000000eb8f55f8,0x00000000ebe80000)
  to   space 77824K, 0% used [0x00000000f5600000,0x00000000f5600000,0x00000000fa200000)
 ParOldGen       total 307200K, used 156701K [0x0000000084e00000, 0x0000000097a00000, 0x00000000d6f80000)
  object space 307200K, 51% used [0x0000000084e00000,0x000000008e707590,0x0000000097a00000)
 Metaspace       used 40269K, capacity 41536K, committed 41640K, reserved 1085440K
  class space    used 4613K, capacity 5023K, committed 5040K, reserved 1048576K
Event: 21,407 GC heap after
Heap after GC invocations=15 (full 3):
 PSYoungGen      total 464384K, used 77803K [0x00000000d6f80000, 0x00000000fd000000, 0x0000000100000000)
  eden space 386560K, 0% used [0x00000000d6f80000,0x00000000d6f80000,0x00000000ee900000)
  from space 77824K, 99% used [0x00000000f5600000,0x00000000fa1faea0,0x00000000fa200000)
  to   space 111616K, 0% used [0x00000000ee900000,0x00000000ee900000,0x00000000f5600000)
 ParOldGen       total 307200K, used 211168K [0x0000000084e00000, 0x0000000097a00000, 0x00000000d6f80000)
  object space 307200K, 68% used [0x0000000084e00000,0x0000000091c380b8,0x0000000097a00000)
 Metaspace       used 40269K, capacity 41536K, committed 41640K, reserved 1085440K
  class space    used 4613K, capacity 5023K, committed 5040K, reserved 1048576K
}
Event: 22,169 GC heap before
{Heap before GC invocations=16 (full 3):
 PSYoungGen      total 464384K, used 464363K [0x00000000d6f80000, 0x00000000fd000000, 0x0000000100000000)
  eden space 386560K, 100% used [0x00000000d6f80000,0x00000000ee900000,0x00000000ee900000)
  from space 77824K, 99% used [0x00000000f5600000,0x00000000fa1faea0,0x00000000fa200000)
  to   space 111616K, 0% used [0x00000000ee900000,0x00000000ee900000,0x00000000f5600000)
 ParOldGen       total 307200K, used 211168K [0x0000000084e00000, 0x0000000097a00000, 0x00000000d6f80000)
  object space 307200K, 68% used [0x0000000084e00000,0x0000000091c380b8,0x0000000097a00000)
 Metaspace       used 40373K, capacity 41664K, committed 41896K, reserved 1085440K
  class space    used 4613K, capacity 5023K, committed 5040K, reserved 1048576K
Event: 22,373 GC heap after
Heap after GC invocations=16 (full 3):
 PSYoungGen      total 498176K, used 111599K [0x00000000d6f80000, 0x0000000100000000, 0x0000000100000000)
  eden space 386560K, 0% used [0x00000000d6f80000,0x00000000d6f80000,0x00000000ee900000)
  from space 111616K, 99% used [0x00000000ee900000,0x00000000f55fbe80,0x00000000f5600000)
  to   space 147456K, 0% used [0x00000000f7000000,0x00000000f7000000,0x0000000100000000)
 ParOldGen       total 307200K, used 253586K [0x0000000084e00000, 0x0000000097a00000, 0x00000000d6f80000)
  object space 307200K, 82% used [0x0000000084e00000,0x00000000945a4a10,0x0000000097a00000)
 Metaspace       used 40373K, capacity 41664K, committed 41896K, reserved 1085440K
  class space    used 4613K, capacity 5023K, committed 5040K, reserved 1048576K
}
Event: 22,379 GC heap before
{Heap before GC invocations=17 (full 4):
 PSYoungGen      total 498176K, used 111599K [0x00000000d6f80000, 0x0000000100000000, 0x0000000100000000)
  eden space 386560K, 0% used [0x00000000d6f80000,0x00000000d6f80000,0x00000000ee900000)
  from space 111616K, 99% used [0x00000000ee900000,0x00000000f55fbe80,0x00000000f5600000)
  to   space 147456K, 0% used [0x00000000f7000000,0x00000000f7000000,0x0000000100000000)
 ParOldGen       total 307200K, used 253586K [0x0000000084e00000, 0x0000000097a00000, 0x00000000d6f80000)
  object space 307200K, 82% used [0x0000000084e00000,0x00000000945a4a10,0x0000000097a00000)
 Metaspace       used 40373K, capacity 41664K, committed 41896K, reserved 1085440K
  class space    used 4613K, capacity 5023K, committed 5040K, reserved 1048576K

Deoptimization events (10 events):
Event: 20,645 Thread 0x00007f6c0400b000 Uncommon trap: reason=unstable_if action=reinterpret pc=0x00007f6bf5139f68 method=java.util.StringTokenizer.setMaxDelimCodePoint()V @ 71
Event: 20,645 Thread 0x00007f6c0400b000 Uncommon trap: reason=class_check action=maybe_recompile pc=0x00007f6bf554da84 method=java.util.jar.JarFile.getJarEntry(Ljava/lang/String;)Ljava/util/jar/JarEntry; @ 2
Event: 20,646 Thread 0x00007f6c0400b000 Uncommon trap: reason=class_check action=maybe_recompile pc=0x00007f6bf554da84 method=java.util.jar.JarFile.getJarEntry(Ljava/lang/String;)Ljava/util/jar/JarEntry; @ 2
Event: 20,650 Thread 0x00007f6c0400b000 Uncommon trap: reason=unstable_if action=reinterpret pc=0x00007f6bf6753980 method=sun.util.calendar.AbstractCalendar.getCalendarDate(JLsun/util/calendar/CalendarDate;)Lsun/util/calendar/CalendarDate; @ 20
Event: 20,660 Thread 0x00007f6c0400b000 Uncommon trap: reason=class_check action=maybe_recompile pc=0x00007f6bf554da84 method=java.util.jar.JarFile.getJarEntry(Ljava/lang/String;)Ljava/util/jar/JarEntry; @ 2
Event: 20,661 Thread 0x00007f6c0400b000 Uncommon trap: reason=class_check action=maybe_recompile pc=0x00007f6bf6061c10 method=java.io.FilterInputStream.read([BII)I @ 7
Event: 20,661 Thread 0x00007f6c0400b000 Uncommon trap: reason=class_check action=maybe_recompile pc=0x00007f6bf6061c10 method=java.io.FilterInputStream.read([BII)I @ 7
Event: 20,662 Thread 0x00007f6c0400b000 Uncommon trap: reason=unstable_if action=reinterpret pc=0x00007f6bf5500254 method=java.util.jar.JarFile.maybeInstantiateVerifier()V @ 75
Event: 20,672 Thread 0x00007f6c0400b000 Uncommon trap: reason=class_check action=maybe_recompile pc=0x00007f6bf6061c10 method=java.io.FilterInputStream.read([BII)I @ 7
Event: 20,673 Thread 0x00007f6c0400b000 Uncommon trap: reason=class_check action=maybe_recompile pc=0x00007f6bf6061c10 method=java.io.FilterInputStream.read([BII)I @ 7

Classes redefined (0 events):
No events

Internal exceptions (10 events):
Event: 11,153 Thread 0x00007f6c0400b000 Implicit null exception at 0x00007f6bf5b14b42 to 0x00007f6bf5b15515
Event: 11,575 Thread 0x00007f6c044c7000 Implicit null exception at 0x00007f6bf657a60c to 0x00007f6bf657ada1
Event: 11,586 Thread 0x00007f6c051ee000 Implicit null exception at 0x00007f6bf54a7800 to 0x00007f6bf54a8165
Event: 11,617 Thread 0x00007f6c0400b000 Implicit null exception at 0x00007f6bf5232e35 to 0x00007f6bf52331e9
Event: 11,617 Thread 0x00007f6c0400b000 Implicit null exception at 0x00007f6bf52109f6 to 0x00007f6bf5210ddd
Event: 11,957 Thread 0x00007f6c0400b000 Implicit null exception at 0x00007f6bf550376f to 0x00007f6bf55039b6
Event: 11,958 Thread 0x00007f6c0400b000 Implicit null exception at 0x00007f6bf6555bb6 to 0x00007f6bf6555db2
Event: 12,947 Thread 0x00007f6c0400b000 Implicit null exception at 0x00007f6bf6628fab to 0x00007f6bf662d8c1
Event: 13,242 Thread 0x00007f6c0400b000 Exception <a 'java/lang/NoClassDefFoundError': com/google/inject/ConfigurationException> (0x00000000d8c75428) thrown at [/build/openjdk-8-Wut_v1/openjdk-8-8u242-b08/src/hotspot/src/share/vm/classfile/systemDictionary.cpp, line 199]
Event: 20,650 Thread 0x00007f6c0400b000 Implicit null exception at 0x00007f6bf6752e3f to 0x00007f6bf6753969

Events (10 events):
Event: 21,210 Thread 0x00007f6c0400b000 DEOPT UNPACKING pc=0x00007f6bf50474c4 sp=0x00007f6c0c156598 mode 0
Event: 21,214 Thread 0x00007f6c0400b000 DEOPT PACKING pc=0x00007f6bf6860bd1 sp=0x00007f6c0c156f30
Event: 21,214 Thread 0x00007f6c0400b000 DEOPT UNPACKING pc=0x00007f6bf50474c4 sp=0x00007f6c0c156d50 mode 0
Event: 21,284 Executing VM operation: ParallelGCFailedAllocation
Event: 21,407 Executing VM operation: ParallelGCFailedAllocation done
Event: 21,634 Thread 0x00007f6c0400b000 DEOPT PACKING pc=0x00007f6bf68efed5 sp=0x00007f6c0c156f30
Event: 21,634 Thread 0x00007f6c0400b000 DEOPT UNPACKING pc=0x00007f6bf50474c4 sp=0x00007f6c0c156d58 mode 0
Event: 21,852 Thread 0x00007f6c0400b000 DEOPT PACKING pc=0x00007f6bf68e6a49 sp=0x00007f6c0c1571b0
Event: 21,852 Thread 0x00007f6c0400b000 DEOPT UNPACKING pc=0x00007f6bf50474c4 sp=0x00007f6c0c156fa8 mode 0
Event: 22,169 Executing VM operation: ParallelGCFailedAllocation


Dynamic libraries:
00400000-00401000 r-xp 00000000 08:02 5782327                            /usr/lib/jvm/java-8-openjdk-amd64/jre/bin/java
00600000-00601000 r--p 00000000 08:02 5782327                            /usr/lib/jvm/java-8-openjdk-amd64/jre/bin/java
00601000-00602000 rw-p 00001000 08:02 5782327                            /usr/lib/jvm/java-8-openjdk-amd64/jre/bin/java
00b9c000-00bbd000 rw-p 00000000 00:00 0                                  [heap]
84e00000-97a00000 rw-p 00000000 00:00 0 
9ed80000-d6f80000 ---p 00000000 00:00 0 
d6f80000-100000000 rw-p 00000000 00:00 0 
100000000-1004ec000 rw-p 00000000 00:00 0 
1004ec000-140000000 ---p 00000000 00:00 0 
7f6b9fb5b000-7f6b9fb6a000 r--s 000f3000 08:02 11430083                   /home/julian/.m2/repository/org/mod4j/org/eclipse/emf/ecore/2.5.0/ecore-2.5.0.jar
7f6b9fb6a000-7f6b9fb80000 r--s 00147000 08:02 11684170                   /home/julian/.m2/repository/de/monticore/javaDSL/4.3.8/javaDSL-4.3.8.jar
7f6b9fb80000-7f6b9fb9e000 r--s 00163000 08:02 11168254                   /home/julian/.m2/repository/montiarc/languages/common/4.0.1-SNAPSHOT/common-4.0.1-SNAPSHOT.jar
7f6b9fb9e000-7f6b9fbb0000 r--s 000db000 08:02 11168247                   /home/julian/.m2/repository/montiarc/languages/montiarc-fe/4.0.1-SNAPSHOT/montiarc-fe-4.0.1-SNAPSHOT.jar
7f6b9fbb0000-7f6b9fbb4000 r--s 00026000 08:02 11034804                   /home/julian/.m2/repository/montiarc/verification/montiarc-execution-order/4.0.1-SNAPSHOT/montiarc-execution-order-4.0.1-SNAPSHOT.jar
7f6b9fbb4000-7f6b9fbbe000 r--s 00080000 08:02 11034791                   /home/julian/.m2/repository/de/monticore/lang/math-opt/0.1.1-SNAPSHOT/math-opt-0.1.1-SNAPSHOT.jar
7f6b9fbbe000-7f6b9fbc0000 r--s 00011000 08:02 10897381                   /home/julian/.m2/repository/de/monticore/lang/monticar/embedded-montiarc-behaviour/0.0.16-SNAPSHOT/embedded-montiarc-behaviour-0.0.16-SNAPSHOT.jar
7f6b9fbc0000-7f6b9fbdd000 r--s 0013e000 08:02 9190962                    /home/julian/.m2/repository/de/monticore/lang/monticar/embedded-montiarc-dynamics/0.0.4-SNAPSHOT/embedded-montiarc-dynamics-0.0.4-SNAPSHOT.jar
7f6b9fbdd000-7f6b9fbe5000 r--s 00055000 08:02 9190918                    /home/julian/.m2/repository/de/monticore/lang/monticar/enum/0.0.14-SNAPSHOT/enum-0.0.14-SNAPSHOT.jar
7f6b9fbe5000-7f6b9fbed000 r--s 00057000 08:02 8797796                    /home/julian/.m2/repository/de/monticore/lang/monticar/struct/0.0.18-SNAPSHOT/struct-0.0.18-SNAPSHOT.jar
7f6b9fbed000-7f6b9fbfb000 r--s 000ba000 08:02 8797804                    /home/julian/.m2/repository/de/monticore/lang/Tagging/0.0.6/Tagging-0.0.6.jar
7f6b9fbfb000-7f6b9fc0a000 r--s 000a3000 08:02 10897382                   /home/julian/.m2/repository/de/monticore/lang/monticar/embedded-montiarc/0.1.9-SNAPSHOT/embedded-montiarc-0.1.9-SNAPSHOT.jar
7f6b9fc0a000-7f6b9fc1c000 r--s 000ad000 08:02 408807                     /home/julian/.m2/repository/de/monticore/lang/monticar/embedded-montiarc-math/0.1.11-SNAPSHOT/embedded-montiarc-math-0.1.11-SNAPSHOT.jar
7f6b9fc1c000-7f6b9fc26000 r--s 00084000 08:02 408816                     /home/julian/.m2/repository/de/monticore/lang/monticar/embedded-montiarc-math-generator/0.1.15-SNAPSHOT/embedded-montiarc-math-generator-0.1.15-SNAPSHOT.jar
7f6b9fc26000-7f6b9fc29000 r--s 0000e000 08:02 408923                     /home/julian/.m2/repository/de/monticore/lang/monticar/embedded-montiarc-math-opt-generator/0.1.6/embedded-montiarc-math-opt-generator-0.1.6.jar
7f6b9fc29000-7f6b9fc51000 r--s 001f8000 08:02 408911                     /home/julian/.m2/repository/de/monticore/lang/monticar/cnn-train/0.3.9-SNAPSHOT/cnn-train-0.3.9-SNAPSHOT.jar
7f6b9fc51000-7f6b9fc53000 r--s 0000c000 08:02 11963361                   /home/julian/.m2/repository/commons-cli/commons-cli/1.4/commons-cli-1.4.jar
7f6b9fc53000-7f6b9fc59000 r--s 00033000 08:02 11034795                   /home/julian/.m2/repository/com/google/code/gson/gson/2.6.2/gson-2.6.2.jar
7f6b9fc59000-7f6b9fc5e000 r--s 00046000 08:02 11034793                   /home/julian/.m2/repository/org/apache/commons/commons-lang3/3.0/commons-lang3-3.0.jar
7f6b9fc5e000-7f6b9fc63000 r--s 00043000 08:02 11034801                   /home/julian/.m2/repository/it/unibo/alice/tuprolog/tuprolog/3.2.1/tuprolog-3.2.1.jar
7f6b9fc63000-7f6b9fc8a000 r--s 001f6000 08:02 8797800                    /home/julian/.m2/repository/org/apache/commons/commons-math3/3.6.1/commons-math3-3.6.1.jar
7f6b9fc8a000-7f6b9fc98000 r--s 000c4000 08:02 10897385                   /home/julian/.m2/repository/de/monticore/lang/math/0.0.20-SNAPSHOT/math-0.0.20-SNAPSHOT.jar
7f6b9fc98000-7f6b9fcc5000 r--s 00223000 08:02 9190924                    /home/julian/.m2/repository/de/monticore/lang/monticar/common-monticar/0.0.14-SNAPSHOT/common-monticar-0.0.14-SNAPSHOT.jar
7f6b9fcc5000-7f6b9fcd4000 r--s 00098000 08:02 8797937                    /home/julian/.m2/repository/org/jscience/jscience/4.3.1/jscience-4.3.1.jar
7f6b9fcd4000-7f6b9fcd7000 r--s 0000f000 08:02 11813465                   /home/julian/.m2/repository/de/monticore/lang/NumberUnit/0.0.11/NumberUnit-0.0.11.jar
7f6b9fcd7000-7f6b9fcdb000 r--s 00031000 08:02 8792179                    /home/julian/.m2/repository/jline/jline/2.12/jline-2.12.jar
7f6b9fcdb000-7f6b9fd24000 r--s 003fb000 08:02 8792177                    /home/julian/.m2/repository/org/codehaus/groovy/groovy/2.3.7/groovy-2.3.7.jar
7f6b9fd24000-7f6b9fd25000 r--s 00001000 08:02 8797811                    /home/julian/.m2/repository/de/se_rwth/commons/se-commons-groovy/1.7.8/se-commons-groovy-1.7.8.jar
7f6b9fd25000-7f6b9fd45000 r--s 0016d000 08:02 8797797                    /home/julian/.m2/repository/de/monticore/monticore-grammar/5.0.1/monticore-grammar-5.0.1.jar
7f6b9fd45000-7f6b9fd5d000 r--s 00132000 08:02 8792176                    /home/julian/.m2/repository/org/freemarker/freemarker/2.3.23/freemarker-2.3.23.jar
7f6b9fd5d000-7f6b9fd61000 r--s 0000f000 08:02 8792169                    /home/julian/.m2/repository/com/google/code/findbugs/annotations/2.0.1/annotations-2.0.1.jar
7f6b9fd61000-7f6b9fd6b000 r--s 000a5000 08:02 8792167                    /home/julian/.m2/repository/org/javassist/javassist/3.18.2-GA/javassist-3.18.2-GA.jar
7f6b9fd6b000-7f6b9fd6e000 r--s 00020000 08:02 6191944                    /home/julian/.m2/repository/org/reflections/reflections/0.9.9/reflections-0.9.9.jar
7f6b9fd6e000-7f6b9fd74000 r--s 00045000 08:02 6191938                    /home/julian/.m2/repository/de/monticore/monticore-runtime/5.0.1/monticore-runtime-5.0.1.jar
7f6b9fd74000-7f6b9fd78000 r--s 00031000 08:02 8797300                    /home/julian/.m2/repository/commons-io/commons-io/2.6/commons-io-2.6.jar
7f6b9fd78000-7f6b9fd7a000 r--s 00006000 08:02 8797805                    /home/julian/.m2/repository/org/slf4j/slf4j-api/1.7.6/slf4j-api-1.7.6.jar
7f6b9fd7a000-7f6b9fd7d000 r--s 00006000 08:02 6191948                    /home/julian/.m2/repository/com/google/code/findbugs/jsr305/3.0.0/jsr305-3.0.0.jar
7f6b9fd7d000-7f6b9fd7e000 r--s 00000000 08:02 6191933                    /home/julian/.m2/repository/javax/inject/javax.inject/1/javax.inject-1.jar
7f6b9fd7e000-7f6b9fd80000 r--s 0000e000 08:02 6191936                    /home/julian/.m2/repository/de/se_rwth/commons/se-commons-utilities/1.7.8/se-commons-utilities-1.7.8.jar
7f6b9fd80000-7f6b9fd81000 r--s 00002000 08:02 6191926                    /home/julian/.m2/repository/de/se_rwth/commons/se-commons-logging/1.7.8/se-commons-logging-1.7.8.jar
7f6b9fd81000-7f6b9fd94000 r--s 0010d000 08:02 408871                     /home/julian/.m2/repository/de/monticore/lang/monticar/cnn-arch/0.3.4-SNAPSHOT/cnn-arch-0.3.4-SNAPSHOT.jar
7f6b9fd94000-7f6b9fd96000 r--s 00008000 08:02 408863                     /home/julian/.m2/repository/de/monticore/lang/monticar/cnnarch-generator/0.0.5-SNAPSHOT/cnnarch-generator-0.0.5-SNAPSHOT.jar
7f6b9fd96000-7f6b9fdc1000 r--s 001fc000 08:02 5786670                    /home/julian/.m2/repository/com/google/guava/guava/18.0/guava-18.0.jar
7f6b9fdc1000-7f6b9fdc8000 r--s 0004c000 08:02 6191961                    /home/julian/.m2/repository/org/antlr/antlr4-runtime/4.7.1/antlr4-runtime-4.7.1.jar
7f6b9fdc8000-7f6b9fdca000 r--s 00007000 08:02 267003                     /home/julian/.m2/repository/org/apache/maven/wagon/wagon-webdav-jackrabbit/2.6/wagon-webdav-jackrabbit-2.6.jar
7f6b9fdca000-7f6b9ffca000 rw-p 00000000 00:00 0 
7f6b9ffca000-7f6b9ffd0000 r--s 0003d000 08:02 8797808                    /home/julian/.m2/repository/ch/qos/logback/logback-classic/1.1.2/logback-classic-1.1.2.jar
7f6b9ffd0000-7f6b9ffda000 r--s 0005f000 08:02 8797820                    /home/julian/.m2/repository/ch/qos/logback/logback-core/1.1.2/logback-core-1.1.2.jar
7f6b9ffda000-7f6b9ffdc000 r--s 0000b000 08:02 266983                     /home/julian/.m2/repository/org/fusesource/hawtbuf/hawtbuf/1.9/hawtbuf-1.9.jar
7f6b9ffdc000-7f6b9ffe0000 r--s 0001a000 08:02 266979                     /home/julian/.m2/repository/org/sonatype/spice/zapper/spice-zapper/1.3/spice-zapper-1.3.jar
7f6b9ffe0000-7f6b9ffe2000 r--s 00003000 08:02 11169801                   /home/julian/.m2/repository/org/slf4j/jcl-over-slf4j/1.7.7/jcl-over-slf4j-1.7.7.jar
7f6b9ffe2000-7f6b9ffee000 r--s 00085000 08:02 12339490                   /home/julian/.m2/repository/org/apache/httpcomponents/httpclient/4.3.5/httpclient-4.3.5.jar
7f6b9ffee000-7f6ba0000000 r--s 000ce000 08:02 11686052                   /home/julian/.m2/repository/com/fasterxml/jackson/core/jackson-databind/2.3.1/jackson-databind-2.3.1.jar
7f6ba0000000-7f6ba0021000 rw-p 00000000 00:00 0 
7f6ba0021000-7f6ba4000000 ---p 00000000 00:00 0 
7f6ba4000000-7f6ba4021000 rw-p 00000000 00:00 0 
7f6ba4021000-7f6ba8000000 ---p 00000000 00:00 0 
7f6ba8000000-7f6ba8021000 rw-p 00000000 00:00 0 
7f6ba8021000-7f6bac000000 ---p 00000000 00:00 0 
7f6bac000000-7f6bac021000 rw-p 00000000 00:00 0 
7f6bac021000-7f6bb0000000 ---p 00000000 00:00 0 
7f6bb0000000-7f6bb0021000 rw-p 00000000 00:00 0 
7f6bb0021000-7f6bb4000000 ---p 00000000 00:00 0 
7f6bb4000000-7f6bb4001000 r--s 00006000 08:02 266981                     /home/julian/.m2/repository/org/fusesource/hawtbuf/hawtbuf-proto/1.9/hawtbuf-proto-1.9.jar
7f6bb4001000-7f6bb4007000 r--s 0003f000 08:02 14441562                   /home/julian/.m2/repository/org/apache/httpcomponents/httpcore/4.3.2/httpcore-4.3.2.jar
7f6bb4007000-7f6bb4008000 r--s 00007000 08:02 266977                     /home/julian/.m2/repository/com/fasterxml/jackson/module/jackson-module-jaxb-annotations/2.3.1/jackson-module-jaxb-annotations-2.3.1.jar
7f6bb4008000-7f6bb4009000 r--s 00006000 08:02 12206197                   /home/julian/.m2/repository/com/fasterxml/jackson/jaxrs/jackson-jaxrs-base/2.3.1/jackson-jaxrs-base-2.3.1.jar
7f6bb4009000-7f6bb400b000 r--s 00003000 08:02 11813510                   /home/julian/.m2/repository/com/fasterxml/jackson/jaxrs/jackson-jaxrs-json-provider/2.3.1/jackson-jaxrs-json-provider-2.3.1.jar
7f6bb400b000-7f6bb400f000 r--s 0002d000 08:02 11573480                   /home/julian/.m2/repository/com/fasterxml/jackson/core/jackson-core/2.3.1/jackson-core-2.3.1.jar
7f6bb400f000-7f6bb4011000 r--s 00007000 08:02 11169799                   /home/julian/.m2/repository/com/fasterxml/jackson/core/jackson-annotations/2.3.1/jackson-annotations-2.3.1.jar
7f6bb4011000-7f6bb4012000 r--s 00001000 08:02 14831671                   /home/julian/.m2/repository/org/sonatype/sisu/siesta/siesta-jackson/1.7/siesta-jackson-1.7.jar
7f6bb4012000-7f6bb4013000 r--s 00003000 08:02 10770565                   /home/julian/.m2/repository/com/sun/jersey/contribs/jersey-apache-client4/1.17.1/jersey-apache-client4-1.17.1.jar
7f6bb4013000-7f6bb4016000 r--s 0001d000 08:02 10241892                   /home/julian/.m2/repository/com/sun/jersey/jersey-client/1.17.1/jersey-client-1.17.1.jar
7f6bb4016000-7f6bb401a000 r--s 0000c000 08:02 10241889                   /home/julian/.m2/repository/javax/validation/validation-api/1.1.0.Final/validation-api-1.1.0.Final.jar
7f6bb401a000-7f6bb4025000 r--s 00068000 08:02 9192248                    /home/julian/.m2/repository/com/sun/jersey/jersey-core/1.17.1/jersey-core-1.17.1.jar
7f6bb4025000-7f6bb4027000 r--s 0000a000 08:02 9192246                    /home/julian/.m2/repository/javax/ws/rs/jsr311-api/1.1.1/jsr311-api-1.1.1.jar
7f6bb4027000-7f6bb4028000 r--s 00002000 08:02 14178366                   /home/julian/.m2/repository/org/sonatype/sisu/siesta/siesta-common/1.7/siesta-common-1.7.jar
7f6bb4028000-7f6bb4029000 r--s 00004000 08:02 13128404                   /home/julian/.m2/repository/org/sonatype/sisu/siesta/siesta-client/1.7/siesta-client-1.7.jar
7f6bb4029000-7f6bb402d000 r--s 0002f000 08:02 266975                     /home/julian/.m2/repository/commons-beanutils/commons-beanutils-core/1.8.3/commons-beanutils-core-1.8.3.jar
7f6bb402d000-7f6bb403d000 r--s 0007d000 08:02 266973                     /home/julian/.m2/repository/joda-time/joda-time/2.2/joda-time-2.2.jar
7f6bb403d000-7f6bb403f000 r--s 00005000 08:02 266971                     /home/julian/.m2/repository/xpp3/xpp3_min/1.1.4c/xpp3_min-1.1.4c.jar
7f6bb403f000-7f6bb404c000 r--s 00075000 08:02 8149113                    /home/julian/.m2/repository/com/thoughtworks/xstream/xstream/1.4.7/xstream-1.4.7.jar
7f6bb404c000-7f6bb4050000 r--s 0002a000 08:02 6191968                    /home/julian/.m2/repository/commons-io/commons-io/2.4/commons-io-2.4.jar
7f6bb4050000-7f6bb4051000 r--s 00002000 08:02 8808183                    /home/julian/.m2/repository/com/intellij/annotations/9.0.4/annotations-9.0.4.jar
7f6bb4051000-7f6bb4057000 r--s 00022000 08:02 266965                     /home/julian/.m2/repository/org/sonatype/nexus/plugins/nexus-restlet1x-model/2.9.1-02/nexus-restlet1x-model-2.9.1-02.jar
7f6bb4057000-7f6bb405f000 r--s 0002c000 08:02 12993062                   /home/julian/.m2/repository/org/sonatype/nexus/nexus-client-core/2.9.1-02/nexus-client-core-2.9.1-02.jar
7f6bb405f000-7f6bb4088000 r--s 001ee000 08:02 8671142                    /home/julian/.m2/repository/com/google/guava/guava/14.0.1/guava-14.0.1.jar
7f6bb4088000-7f6bb408a000 r--s 00002000 08:02 11965338                   /home/julian/.m2/repository/org/sonatype/plexus/plexus-cipher/1.7/plexus-cipher-1.7.jar
7f6bb408a000-7f6bb408b000 r--s 00006000 08:02 11686050                   /home/julian/.m2/repository/org/sonatype/plexus/plexus-sec-dispatcher/1.4/plexus-sec-dispatcher-1.4.jar
7f6bb408b000-7f6bb408c000 r--s 00003000 08:02 12606788                   /home/julian/.m2/repository/org/sonatype/nexus/maven/nexus-common/1.6.7/nexus-common-1.6.7.jar
7f6bb408c000-7f6bb4093000 r--s 00037000 08:02 12206194                   /home/julian/.m2/repository/org/sonatype/plugins/nexus-staging-maven-plugin/1.6.7/nexus-staging-maven-plugin-1.6.7.jar
7f6bb4093000-7f6bb4095000 r--s 00008000 08:02 266844                     /home/julian/.m2/repository/org/apache/maven/scm/maven-scm-provider-git-commons/1.5/maven-scm-provider-git-commons-1.5.jar
7f6bb4095000-7f6bb4097000 r--s 0000c000 08:02 266841                     /home/julian/.m2/repository/org/apache/maven/scm/maven-scm-provider-gitexe/1.5/maven-scm-provider-gitexe-1.5.jar
7f6bb4097000-7f6bb4098000 r--s 00002000 08:02 266842                     /home/julian/.m2/repository/org/apache/maven/scm/maven-scm-manager-plexus/1.5/maven-scm-manager-plexus-1.5.jar
7f6bb4098000-7f6bb409b000 r--s 00015000 08:02 266838                     /home/julian/.m2/repository/org/apache/maven/scm/maven-scm-api/1.5/maven-scm-api-1.5.jar
7f6bb409b000-7f6bb409c000 r--s 00004000 08:02 6192012                    /home/julian/.m2/repository/com/github/stephenc/wagon/wagon-gitsite/0.4.1/wagon-gitsite-0.4.1.jar
7f6bb409c000-7f6bb409d000 r--s 00002000 08:02 266788                     /home/julian/.m2/repository/org/apache/maven/scm/maven-scm-manager-plexus/1.8.1/maven-scm-manager-plexus-1.8.1.jar
7f6bb409d000-7f6bb40a1000 r--s 00035000 08:02 266774                     /home/julian/.m2/repository/org/codehaus/plexus/plexus-utils/3.0.7/plexus-utils-3.0.7.jar
7f6bb40a1000-7f6bb40a5000 r--s 00016000 08:02 266776                     /home/julian/.m2/repository/org/apache/maven/scm/maven-scm-api/1.8.1/maven-scm-api-1.8.1.jar
7f6bb40a5000-7f6bb40a7000 r--s 00008000 08:02 266772                     /home/julian/.m2/repository/org/apache/maven/scm/maven-scm-provider-git-commons/1.8.1/maven-scm-provider-git-commons-1.8.1.jar
7f6bb40a7000-7f6bb40a9000 r--s 00005000 08:02 266770                     /home/julian/.m2/repository/regexp/regexp/1.3/regexp-1.3.jar
7f6bb40a9000-7f6bb40ab000 r--s 0000e000 08:02 266768                     /home/julian/.m2/repository/org/apache/maven/scm/maven-scm-provider-gitexe/1.8.1/maven-scm-provider-gitexe-1.8.1.jar
7f6bb40ab000-7f6bb40ae000 r--s 0002f000 08:02 266725                     /home/julian/.m2/repository/org/codehaus/plexus/plexus-utils/1.4.7/plexus-utils-1.4.7.jar
7f6bb40ae000-7f6bb42ae000 rw-p 00000000 00:00 0 
7f6bb42ae000-7f6bb42b1000 ---p 00000000 00:00 0 
7f6bb42b1000-7f6bb43af000 rw-p 00000000 00:00 0 
7f6bb43af000-7f6bb43b2000 ---p 00000000 00:00 0 
7f6bb43b2000-7f6bb44b0000 rw-p 00000000 00:00 0 
7f6bb44b0000-7f6bb44b3000 ---p 00000000 00:00 0 
7f6bb44b3000-7f6bb45b1000 rw-p 00000000 00:00 0 
7f6bb45b1000-7f6bb45b4000 ---p 00000000 00:00 0 
7f6bb45b4000-7f6bb46b2000 rw-p 00000000 00:00 0 
7f6bb46b2000-7f6bb46b5000 ---p 00000000 00:00 0 
7f6bb46b5000-7f6bb49b1000 rw-p 00000000 00:00 0 
7f6bb49b1000-7f6bb49b3000 ---p 00000000 00:00 0 
7f6bb49b3000-7f6bb4bb3000 rw-p 00000000 00:00 0 
7f6bb4bb3000-7f6bb4bb6000 r--s 00020000 08:02 266716                     /home/julian/.m2/repository/org/codehaus/plexus/plexus-archiver/1.0-alpha-7/plexus-archiver-1.0-alpha-7.jar
7f6bb4bb6000-7f6bb4bb7000 r--s 00002000 08:02 14441555                   /home/julian/.m2/repository/org/apache/maven/maven-archiver/2.2/maven-archiver-2.2.jar
7f6bb4bb7000-7f6bb4bb8000 r--s 00002000 08:02 266722                     /home/julian/.m2/repository/org/apache/felix/org.osgi.service.obr/1.0.1/org.osgi.service.obr-1.0.1.jar
7f6bb4bb8000-7f6bb4bba000 r--s 0000d000 08:02 266719                     /home/julian/.m2/repository/org/apache/felix/org.osgi.core/1.0.0/org.osgi.core-1.0.0.jar
7f6bb4bba000-7f6bb4bbd000 r--s 00022000 08:02 266717                     /home/julian/.m2/repository/org/apache/felix/org.apache.felix.bundlerepository/1.6.2/org.apache.felix.bundlerepository-1.6.2.jar
7f6bb4bbd000-7f6bb4bbe000 r--s 00001000 08:02 266715                     /home/julian/.m2/repository/xmlpull/xmlpull/1.1.3.1/xmlpull-1.1.3.1.jar
7f6bb4bbe000-7f6bb4bbf000 r--s 0000a000 08:02 266711                     /home/julian/.m2/repository/net/sf/kxml/kxml2/2.2.2/kxml2-2.2.2.jar
7f6bb4bbf000-7f6bb4bc3000 r--s 00041000 08:02 266713                     /home/julian/.m2/repository/biz/aQute/bndlib/0.0.357/bndlib-0.0.357.jar
7f6bb4bc3000-7f6bb4bc6000 r--s 0001e000 08:02 266709                     /home/julian/.m2/repository/org/apache/felix/maven-bundle-plugin/2.1.0/maven-bundle-plugin-2.1.0.jar
7f6bb4bc6000-7f6bb4bc9000 r--s 00027000 08:02 14177701                   /home/julian/.m2/repository/org/codehaus/plexus/plexus-utils/1.1/plexus-utils-1.1.jar
7f6bb4bc9000-7f6bb4bca000 r--s 00001000 08:02 266603                     /home/julian/.m2/repository/org/apache/maven/archetype/archetype-packaging/2.3/archetype-packaging-2.3.jar
7f6bb4bca000-7f6bb4bce000 r--s 00035000 08:02 266590                     /home/julian/.m2/repository/org/codehaus/plexus/plexus-utils/3.0.8/plexus-utils-3.0.8.jar
7f6bb4bce000-7f6bb4bd2000 r--s 00027000 08:02 8671124                    /home/julian/.m2/repository/commons-io/commons-io/2.2/commons-io-2.2.jar
7f6bb4bd2000-7f6bb4bd7000 r--s 00041000 08:02 266588                     /home/julian/.m2/repository/commons-lang/commons-lang/2.6/commons-lang-2.6.jar
7f6bb4bd7000-7f6bb4bdf000 r--s 00048000 08:02 266586                     /home/julian/.m2/repository/org/apache/jackrabbit/jackrabbit-webdav/2.5.2/jackrabbit-webdav-2.5.2.jar
7f6bb4bdf000-7f6bb4be1000 r--s 0000d000 08:02 14961957                   /home/julian/.m2/repository/commons-logging/commons-logging/1.1.1/commons-logging-1.1.1.jar
7f6bb4be1000-7f6bb4be4000 r--s 00019000 08:02 266584                     /home/julian/.m2/repository/nekohtml/nekohtml/1.9.6.2/nekohtml-1.9.6.2.jar
7f6bb4be4000-7f6bb4be6000 r--s 00008000 08:02 266582                     /home/julian/.m2/repository/nekohtml/xercesMinimal/1.9.6.2/xercesMinimal-1.9.6.2.jar
7f6bb4be6000-7f6bb4be8000 r--s 00005000 08:02 14441549                   /home/julian/.m2/repository/org/apache/maven/wagon/wagon-http-shared/2.3/wagon-http-shared-2.3.jar
7f6bb4be8000-7f6bb4bea000 r--s 00004000 08:02 14306136                   /home/julian/.m2/repository/org/apache/maven/wagon/wagon-webdav-jackrabbit/2.3/wagon-webdav-jackrabbit-2.3.jar
7f6bb4bea000-7f6bb4beb000 r--s 00002000 08:02 266542                     /home/julian/.m2/repository/org/codehaus/plexus/plexus-interactivity-api/1.0-alpha-6/plexus-interactivity-api-1.0-alpha-6.jar
7f6bb4beb000-7f6bb4bed000 r--s 00005000 08:02 14177699                   /home/julian/.m2/repository/org/apache/maven/wagon/wagon-ssh-common/2.0/wagon-ssh-common-2.0.jar
7f6bb4bed000-7f6bb4bf1000 r--s 00031000 08:02 5797906                    /home/julian/.m2/repository/com/jcraft/jsch/0.1.44-1/jsch-0.1.44-1.jar
7f6bb4bf1000-7f6bb4bf3000 r--s 00006000 08:02 14040128                   /home/julian/.m2/repository/org/apache/maven/wagon/wagon-ssh/2.0/wagon-ssh-2.0.jar
7f6bb4bf3000-7f6bb4bf6000 r--s 00034000 08:02 266494                     /home/julian/.m2/repository/org/codehaus/plexus/plexus-utils/2.1/plexus-utils-2.1.jar
7f6bb4bf6000-7f6bb4bf8000 r--s 00007000 08:02 13915067                   /home/julian/.m2/repository/org/apache/maven/shared/maven-dependency-tree/1.2/maven-dependency-tree-1.2.jar
7f6bb4bf8000-7f6bb4bfb000 r--s 0000a000 08:02 14961991                   /home/julian/.m2/repository/org/codehaus/plexus/plexus-io/1.0/plexus-io-1.0.jar
7f6bb4bfb000-7f6bb4bff000 r--s 00028000 08:02 14961955                   /home/julian/.m2/repository/org/codehaus/plexus/plexus-archiver/1.0/plexus-archiver-1.0.jar
7f6bb4bff000-7f6bb4dff000 rw-p 00000000 00:00 0 
7f6bb4dff000-7f6bb4fff000 rw-p 00000000 00:00 0 
7f6bb4fff000-7f6bb8000000 rw-p 00000000 00:00 0 
7f6bb8000000-7f6bb8021000 rw-p 00000000 00:00 0 
7f6bb8021000-7f6bbc000000 ---p 00000000 00:00 0 
7f6bbc000000-7f6bbc021000 rw-p 00000000 00:00 0 
7f6bbc021000-7f6bc0000000 ---p 00000000 00:00 0 
7f6bc0000000-7f6bc1ffc000 rw-p 00000000 00:00 0 
7f6bc1ffc000-7f6bc4000000 ---p 00000000 00:00 0 
7f6bc4000000-7f6bc504a000 rw-p 00000000 00:00 0 
7f6bc504a000-7f6bc8000000 ---p 00000000 00:00 0 
7f6bc8000000-7f6bc8021000 rw-p 00000000 00:00 0 
7f6bc8021000-7f6bcc000000 ---p 00000000 00:00 0 
7f6bcc000000-7f6bcdd5b000 rw-p 00000000 00:00 0 
7f6bcdd5b000-7f6bd0000000 ---p 00000000 00:00 0 
7f6bd0000000-7f6bd0021000 rw-p 00000000 00:00 0 
7f6bd0021000-7f6bd4000000 ---p 00000000 00:00 0 
7f6bd4000000-7f6bd4021000 rw-p 00000000 00:00 0 
7f6bd4021000-7f6bd8000000 ---p 00000000 00:00 0 
7f6bd8000000-7f6bd8021000 rw-p 00000000 00:00 0 
7f6bd8021000-7f6bdc000000 ---p 00000000 00:00 0 
7f6bdc000000-7f6bdc001000 r--s 00004000 08:02 14177690                   /home/julian/.m2/repository/org/apache/maven/maven-archiver/2.4.1/maven-archiver-2.4.1.jar
7f6bdc001000-7f6bdc002000 r--s 00002000 08:02 266503                     /home/julian/.m2/repository/org/apache/maven/reporting/maven-reporting-api/2.0.7/maven-reporting-api-2.0.7.jar
7f6bdc002000-7f6bdc004000 r--s 00012000 08:02 266495                     /home/julian/.m2/repository/org/easymock/easymock/2.4/easymock-2.4.jar
7f6bdc004000-7f6bdc008000 r--s 00024000 08:02 266493                     /home/julian/.m2/repository/org/osgi/org.osgi.core/4.1.0/org.osgi.core-4.1.0.jar
7f6bdc008000-7f6bdc00c000 r--s 00026000 08:02 266489                     /home/julian/.m2/repository/org/apache/felix/org.apache.felix.bundlerepository/1.6.6/org.apache.felix.bundlerepository-1.6.6.jar
7f6bdc00c000-7f6bdc01b000 r--s 000d2000 08:02 266491                     /home/julian/.m2/repository/biz/aQute/bndlib/1.50.0/bndlib-1.50.0.jar
7f6bdc01b000-7f6bdc01e000 r--s 0001c000 08:02 266487                     /home/julian/.m2/repository/org/apache/felix/maven-bundle-plugin/2.3.7/maven-bundle-plugin-2.3.7.jar
7f6bdc01e000-7f6bdc024000 r--s 00033000 08:02 13658481                   /home/julian/.m2/repository/commons-codec/commons-codec/1.6/commons-codec-1.6.jar
7f6bdc024000-7f6bdc028000 r--s 0003c000 08:02 14040035                   /home/julian/.m2/repository/org/codehaus/plexus/plexus-utils/3.1.0/plexus-utils-3.1.0.jar
7f6bdc028000-7f6bdc029000 r--s 00005000 08:02 13915032                   /home/julian/.m2/repository/org/apache/maven/maven-archiver/3.2.0/maven-archiver-3.2.0.jar
7f6bdc029000-7f6bdc02d000 r--s 0000f000 08:02 13787361                   /home/julian/.m2/repository/org/codehaus/plexus/plexus-io/3.0.0/plexus-io-3.0.0.jar
7f6bdc02d000-7f6bdc02f000 r--s 00001000 08:02 11963378                   /home/julian/.m2/repository/org/sonatype/plexus/plexus-build-api/0.0.7/plexus-build-api-0.0.7.jar
7f6bdc02f000-7f6bdc031000 r--s 0000b000 08:02 13915031                   /home/julian/.m2/repository/org/apache/maven/shared/maven-filtering/3.1.1/maven-filtering-3.1.1.jar
7f6bdc031000-7f6bdc035000 r--s 0002f000 08:02 6191960                    /home/julian/.m2/repository/commons-io/commons-io/2.5/commons-io-2.5.jar
7f6bdc035000-7f6bdc038000 r--s 00008000 08:02 13787357                   /home/julian/.m2/repository/org/apache/maven/shared/maven-shared-io/3.0.0/maven-shared-io-3.0.0.jar
7f6bdc038000-7f6bdc03a000 r--s 00007000 08:02 13787355                   /home/julian/.m2/repository/org/apache/maven/shared/file-management/3.0.0/file-management-3.0.0.jar
7f6bdc03a000-7f6bdc03e000 r--s 00016000 08:02 13787354                   /home/julian/.m2/repository/org/tukaani/xz/1.6/xz-1.6.jar
7f6bdc03e000-7f6bdc040000 r--s 0000d000 08:02 13787351                   /home/julian/.m2/repository/org/iq80/snappy/snappy/0.4/snappy-0.4.jar
7f6bdc040000-7f6bdc04a000 r--s 00078000 08:02 11169029                   /home/julian/.m2/repository/org/apache/commons/commons-compress/1.14/commons-compress-1.14.jar
7f6bdc04a000-7f6bdc04f000 r--s 00029000 08:02 13787349                   /home/julian/.m2/repository/org/codehaus/plexus/plexus-archiver/3.5/plexus-archiver-3.5.jar
7f6bdc04f000-7f6bdc052000 r--s 00011000 08:02 13787347                   /home/julian/.m2/repository/org/codehaus/plexus/plexus-interpolation/1.24/plexus-interpolation-1.24.jar
7f6bdc052000-7f6bdc057000 r--s 0001a000 08:02 13507275                   /home/julian/.m2/repository/org/apache/maven/shared/maven-artifact-transfer/0.9.0/maven-artifact-transfer-0.9.0.jar
7f6bdc057000-7f6bdc05a000 r--s 00025000 08:02 13507271                   /home/julian/.m2/repository/org/apache/maven/shared/maven-shared-utils/3.1.0/maven-shared-utils-3.1.0.jar
7f6bdc05a000-7f6bdc05d000 r--s 0000d000 08:02 13507273                   /home/julian/.m2/repository/org/apache/maven/shared/maven-common-artifact-filters/3.0.1/maven-common-artifact-filters-3.0.1.jar
7f6bdc05d000-7f6bdc05f000 r--s 00000000 08:02 13507269                   /home/julian/.m2/repository/org/codehaus/plexus/plexus-component-annotations/1.6/plexus-component-annotations-1.6.jar
7f6bdc05f000-7f6bdc063000 r--s 00017000 08:02 12603700                   /home/julian/.m2/repository/org/sonatype/aether/aether-util/1.7/aether-util-1.7.jar
7f6bdc063000-7f6bdc06e000 r--s 00069000 08:02 12603668                   /home/julian/.m2/repository/org/sonatype/sisu/sisu-guice/2.1.7/sisu-guice-2.1.7-noaop.jar
7f6bdc06e000-7f6bdc073000 r--s 00021000 08:02 12603666                   /home/julian/.m2/repository/org/sonatype/sisu/sisu-inject-bean/1.4.2/sisu-inject-bean-1.4.2.jar
7f6bdc073000-7f6bdc077000 r--s 00037000 08:02 13507240                   /home/julian/.m2/repository/org/apache/maven/plugins/maven-assembly-plugin/3.1.0/maven-assembly-plugin-3.1.0.jar
7f6bdc077000-7f6bdc07b000 r--s 0002f000 08:02 14961721                   /home/julian/.m2/repository/commons-lang/commons-lang/2.1/commons-lang-2.1.jar
7f6bdc07b000-7f6bdc07e000 r--s 0000c000 08:02 14040109                   /home/julian/.m2/repository/org/codehaus/plexus/plexus-io/2.0.2/plexus-io-2.0.2.jar
7f6bdc07e000-7f6bdc083000 r--s 00029000 08:02 13787377                   /home/julian/.m2/repository/org/codehaus/plexus/plexus-archiver/2.1/plexus-archiver-2.1.jar
7f6bdc083000-7f6bdc085000 r--s 0000d000 08:02 14961719                   /home/julian/.m2/repository/org/codehaus/plexus/plexus-interpolation/1.15/plexus-interpolation-1.15.jar
7f6bdc085000-7f6bdc087000 r--s 00004000 08:02 13915040                   /home/julian/.m2/repository/org/apache/maven/maven-archiver/2.5/maven-archiver-2.5.jar
7f6bdc087000-7f6bdc089000 r--s 00007000 08:02 14961717                   /home/julian/.m2/repository/org/apache/maven/plugins/maven-jar-plugin/2.4/maven-jar-plugin-2.4.jar
7f6bdc089000-7f6bdc08b000 r--s 00002000 08:02 14964964                   /home/julian/.m2/repository/org/apache/maven/plugin-tools/maven-plugin-annotations/3.3/maven-plugin-annotations-3.3.jar
7f6bdc08b000-7f6bdc090000 r--s 0002b000 08:02 14964962                   /home/julian/.m2/repository/org/apache/maven/surefire/surefire-api/2.19.1/surefire-api-2.19.1.jar
7f6bdc090000-7f6bdc096000 r--s 00048000 08:02 11034824                   /home/julian/.m2/repository/org/apache/commons/commons-lang3/3.1/commons-lang3-3.1.jar
7f6bdc096000-7f6bdc097000 r--s 00002000 08:02 14441525                   /home/julian/.m2/repository/org/apache/maven/reporting/maven-reporting-api/3.0/maven-reporting-api-3.0.jar
7f6bdc097000-7f6bdc099000 r--s 00009000 08:02 11963365                   /home/julian/.m2/repository/org/hamcrest/hamcrest-core/1.3/hamcrest-core-1.3.jar
7f6bdc099000-7f6bdc0a1000 r--s 00045000 08:02 11963363                   /home/julian/.m2/repository/junit/junit/4.12/junit-4.12.jar
7f6bdc0a1000-7f6bdc0a3000 r--s 0000a000 08:02 14964960                   /home/julian/.m2/repository/org/apache/maven/surefire/surefire-booter/2.19.1/surefire-booter-2.19.1.jar
7f6bdc0a3000-7f6bdc0a9000 r--s 00042000 08:02 14964958                   /home/julian/.m2/repository/org/apache/maven/surefire/maven-surefire-common/2.19.1/maven-surefire-common-2.19.1.jar
7f6bdc0a9000-7f6bdc0aa000 r--s 00009000 08:02 14963797                   /home/julian/.m2/repository/org/apache/maven/plugins/maven-surefire-plugin/2.19.1/maven-surefire-plugin-2.19.1.jar
7f6bdc0aa000-7f6bdc2aa000 rw-p 00000000 00:00 0 
7f6bdc2aa000-7f6bdc324000 r--s 01103000 08:02 9193868                    /usr/lib/jvm/java-8-openjdk-amd64/lib/tools.jar
7f6bdc324000-7f6bdc327000 r--s 0001b000 08:02 14964336                   /home/julian/.m2/repository/junit/junit/3.8.2/junit-3.8.2.jar
7f6bdc327000-7f6bdc335000 r--s 0008f000 08:02 8671144                    /home/julian/.m2/repository/com/google/collections/google-collections/1.0/google-collections-1.0.jar
7f6bdc335000-7f6bdc336000 r--s 0000a000 08:02 265432                     /home/julian/.m2/repository/commons-logging/commons-logging-api/1.1/commons-logging-api-1.1.jar
7f6bdc336000-7f6bdc33d000 r--s 00051000 08:02 14964334                   /home/julian/.m2/repository/log4j/log4j/1.2.12/log4j-1.2.12.jar
7f6bdc33d000-7f6bdc341000 r--s 0001d000 08:02 265430                     /home/julian/.m2/repository/org/apache/xbean/xbean-reflect/3.4/xbean-reflect-3.4.jar
7f6bdc341000-7f6bdc342000 r--s 00004000 08:02 14964330                   /home/julian/.m2/repository/org/codehaus/plexus/plexus-compiler-javac/2.5/plexus-compiler-javac-2.5.jar
7f6bdc342000-7f6bdc344000 r--s 00000000 08:02 14964328                   /home/julian/.m2/repository/org/codehaus/plexus/plexus-compiler-manager/2.5/plexus-compiler-manager-2.5.jar
7f6bdc344000-7f6bdc346000 r--s 00005000 08:02 14964326                   /home/julian/.m2/repository/org/codehaus/plexus/plexus-compiler-api/2.5/plexus-compiler-api-2.5.jar
7f6bdc346000-7f6bdc348000 r--s 00000000 08:02 13507286                   /home/julian/.m2/repository/org/codehaus/plexus/plexus-component-annotations/1.5.5/plexus-component-annotations-1.5.5.jar
7f6bdc348000-7f6bdc34a000 r--s 00002000 08:02 12603736                   /home/julian/.m2/repository/org/apache/maven/shared/maven-shared-incremental/1.1/maven-shared-incremental-1.1.jar
7f6bdc34a000-7f6bdc34c000 r--s 00006000 08:02 13113937                   /home/julian/.m2/repository/com/google/code/findbugs/jsr305/2.0.1/jsr305-2.0.1.jar
7f6bdc34c000-7f6bdc350000 r--s 00026000 08:02 14571786                   /home/julian/.m2/repository/org/apache/maven/shared/maven-shared-utils/0.7/maven-shared-utils-0.7.jar
7f6bdc350000-7f6bdc352000 r--s 00002000 08:02 11963372                   /home/julian/.m2/repository/org/sonatype/plexus/plexus-cipher/1.4/plexus-cipher-1.4.jar
7f6bdc352000-7f6bdc353000 r--s 00006000 08:02 11684190                   /home/julian/.m2/repository/org/sonatype/plexus/plexus-sec-dispatcher/1.3/plexus-sec-dispatcher-1.3.jar
7f6bdc353000-7f6bdc355000 r--s 00003000 08:02 11169037                   /home/julian/.m2/repository/org/slf4j/jcl-over-slf4j/1.5.6/jcl-over-slf4j-1.5.6.jar
7f6bdc355000-7f6bdc357000 r--s 00001000 08:02 10897392                   /home/julian/.m2/repository/org/slf4j/slf4j-jdk14/1.5.6/slf4j-jdk14-1.5.6.jar
7f6bdc357000-7f6bdc35b000 r--s 00034000 08:02 12603790                   /home/julian/.m2/repository/org/codehaus/plexus/plexus-utils/1.5.15/plexus-utils-1.5.15.jar
7f6bdc35b000-7f6bdc35d000 r--s 0000a000 08:02 12606936                   /home/julian/.m2/repository/org/apache/maven/plugins/maven-compiler-plugin/3.3/maven-compiler-plugin-3.3.jar
7f6bdc35d000-7f6bdc35f000 r--s 0000d000 08:02 14961710                   /home/julian/.m2/repository/org/codehaus/plexus/plexus-interpolation/1.13/plexus-interpolation-1.13.jar
7f6bdc35f000-7f6bdc360000 r--s 00001000 08:02 11963398                   /home/julian/.m2/repository/org/sonatype/plexus/plexus-build-api/0.0.4/plexus-build-api-0.0.4.jar
7f6bdc360000-7f6bdc362000 r--s 00009000 08:02 13915047                   /home/julian/.m2/repository/org/apache/maven/shared/maven-filtering/1.1/maven-filtering-1.1.jar
7f6bdc362000-7f6bdc366000 r--s 00033000 08:02 12603830                   /home/julian/.m2/repository/org/codehaus/plexus/plexus-utils/2.0.5/plexus-utils-2.0.5.jar
7f6bdc366000-7f6bdc369000 r--s 0001b000 08:02 12339436                   /home/julian/.m2/repository/junit/junit/3.8.1/junit-3.8.1.jar
7f6bdc369000-7f6bdc36b000 r--s 00002000 08:02 14960846                   /home/julian/.m2/repository/org/codehaus/plexus/plexus-interactivity-api/1.0-alpha-4/plexus-interactivity-api-1.0-alpha-4.jar
7f6bdc36b000-7f6bdc36d000 r--s 00006000 08:02 11963384                   /home/julian/.m2/repository/commons-cli/commons-cli/1.0/commons-cli-1.0.jar
7f6bdc36d000-7f6bdc36e000 r--s 00001000 08:02 14960844                   /home/julian/.m2/repository/org/apache/maven/doxia/doxia-sink-api/1.0-alpha-7/doxia-sink-api-1.0-alpha-7.jar
7f6bdc36e000-7f6bdc36f000 r--s 00002000 08:02 14441521                   /home/julian/.m2/repository/org/apache/maven/reporting/maven-reporting-api/2.0.6/maven-reporting-api-2.0.6.jar
7f6bdc36f000-7f6bdc371000 r--s 00006000 08:02 14961692                   /home/julian/.m2/repository/org/apache/maven/plugins/maven-resources-plugin/2.6/maven-resources-plugin-2.6.jar
7f6bdc371000-7f6bdc375000 r--s 0001c000 08:02 14960738                   /home/julian/.m2/repository/org/jacoco/org.jacoco.report/0.8.1/org.jacoco.report-0.8.1.jar
7f6bdc375000-7f6bdc377000 r--s 00010000 08:02 14960769                   /home/julian/.m2/repository/org/ow2/asm/asm-util/6.0/asm-util-6.0.jar
7f6bdc377000-7f6bdc378000 r--s 00007000 08:02 14960767                   /home/julian/.m2/repository/org/ow2/asm/asm-analysis/6.0/asm-analysis-6.0.jar
7f6bdc378000-7f6bdc37a000 r--s 0000a000 08:02 14960765                   /home/julian/.m2/repository/org/ow2/asm/asm-tree/6.0/asm-tree-6.0.jar
7f6bdc37a000-7f6bdc37b000 r--s 00012000 08:02 14960762                   /home/julian/.m2/repository/org/ow2/asm/asm-commons/6.0/asm-commons-6.0.jar
7f6bdc37b000-7f6bdc37d000 r--s 00016000 08:02 13258774                   /home/julian/.m2/repository/org/ow2/asm/asm/6.0/asm-6.0.jar
7f6bdc37d000-7f6bdc382000 r--s 00022000 08:02 14960760                   /home/julian/.m2/repository/org/jacoco/org.jacoco.core/0.8.1/org.jacoco.core-0.8.1.jar
7f6bdc382000-7f6bdc387000 r--s 00038000 08:02 14960759                   /home/julian/.m2/repository/org/jacoco/org.jacoco.agent/0.8.1/org.jacoco.agent-0.8.1-runtime.jar
7f6bdc387000-7f6bdc38c000 r--s 00016000 08:02 14960756                   /home/julian/.m2/repository/xml-apis/xml-apis/1.0.b2/xml-apis-1.0.b2.jar
7f6bdc38c000-7f6bdc38e000 r--s 0000e000 08:02 14960754                   /home/julian/.m2/repository/oro/oro/2.0.8/oro-2.0.8.jar
7f6bdc38e000-7f6bdc390000 r--s 00008000 08:02 14960752                   /home/julian/.m2/repository/commons-logging/commons-logging/1.0.4/commons-logging-1.0.4.jar
7f6bdc390000-7f6bdc394000 r--s 00026000 08:02 14960751                   /home/julian/.m2/repository/commons-digester/commons-digester/1.6/commons-digester-1.6.jar
7f6bdc394000-7f6bdc399000 r--s 0002a000 08:02 14960748                   /home/julian/.m2/repository/commons-beanutils/commons-beanutils/1.7.0/commons-beanutils-1.7.0.jar
7f6bdc399000-7f6bdc39c000 r--s 00014000 08:02 14960746                   /home/julian/.m2/repository/commons-validator/commons-validator/1.2.0/commons-validator-1.2.0.jar
7f6bdc39c000-7f6bdc3a9000 r--s 00083000 08:02 14960744                   /home/julian/.m2/repository/commons-collections/commons-collections/3.2.2/commons-collections-3.2.2.jar
7f6bdc3a9000-7f6bdc3b1000 r--s 00058000 08:02 12205661                   /home/julian/.m2/repository/org/apache/velocity/velocity/1.5/velocity-1.5.jar
7f6bdc3b1000-7f6bdc3b2000 r--s 00001000 08:02 14441515                   /home/julian/.m2/repository/org/codehaus/plexus/plexus-velocity/1.1.7/plexus-velocity-1.1.7.jar
7f6bdc3b2000-7f6bdc3b3000 r--s 00002000 08:02 14040091                   /home/julian/.m2/repository/org/codehaus/plexus/plexus-i18n/1.0-beta-7/plexus-i18n-1.0-beta-7.jar
7f6bdc3b3000-7f6bdc3b5000 r--s 00008000 08:02 14960742                   /home/julian/.m2/repository/org/apache/maven/doxia/doxia-module-fml/1.1.2/doxia-module-fml-1.1.2.jar
7f6bdc3b5000-7f6bdc3b7000 r--s 0000b000 08:02 14960739                   /home/julian/.m2/repository/org/apache/maven/doxia/doxia-decoration-model/1.1.2/doxia-decoration-model-1.1.2.jar
7f6bdc3b7000-7f6bdc3b9000 r--s 0000b000 08:02 14960736                   /home/julian/.m2/repository/org/apache/maven/doxia/doxia-site-renderer/1.1.2/doxia-site-renderer-1.1.2.jar
7f6bdc3b9000-7f6bdc3d0000 r--s 00112000 08:02 14830569                   /home/julian/.m2/repository/xerces/xercesImpl/2.8.1/xercesImpl-2.8.1.jar
7f6bdc3d0000-7f6bdc5d0000 rw-p 00000000 00:00 0 
7f6bdc5d0000-7f6bdc7d0000 rw-p 00000000 00:00 0 
7f6bdc7d0000-7f6bdc7e7000 r-xp 00000000 08:02 13375007                   /lib/x86_64-linux-gnu/libresolv-2.23.so
7f6bdc7e7000-7f6bdc9e7000 ---p 00017000 08:02 13375007                   /lib/x86_64-linux-gnu/libresolv-2.23.so
7f6bdc9e7000-7f6bdc9e8000 r--p 00017000 08:02 13375007                   /lib/x86_64-linux-gnu/libresolv-2.23.so
7f6bdc9e8000-7f6bdc9e9000 rw-p 00018000 08:02 13375007                   /lib/x86_64-linux-gnu/libresolv-2.23.so
7f6bdc9e9000-7f6bdc9eb000 rw-p 00000000 00:00 0 
7f6bdc9eb000-7f6bdc9f0000 r-xp 00000000 08:02 13374078                   /lib/x86_64-linux-gnu/libnss_dns-2.23.so
7f6bdc9f0000-7f6bdcbf0000 ---p 00005000 08:02 13374078                   /lib/x86_64-linux-gnu/libnss_dns-2.23.so
7f6bdcbf0000-7f6bdcbf1000 r--p 00005000 08:02 13374078                   /lib/x86_64-linux-gnu/libnss_dns-2.23.so
7f6bdcbf1000-7f6bdcbf2000 rw-p 00006000 08:02 13374078                   /lib/x86_64-linux-gnu/libnss_dns-2.23.so
7f6bdcbf2000-7f6bdcbf4000 r-xp 00000000 08:02 13374010                   /lib/x86_64-linux-gnu/libnss_mdns4_minimal.so.2
7f6bdcbf4000-7f6bdcdf3000 ---p 00002000 08:02 13374010                   /lib/x86_64-linux-gnu/libnss_mdns4_minimal.so.2
7f6bdcdf3000-7f6bdcdf4000 r--p 00001000 08:02 13374010                   /lib/x86_64-linux-gnu/libnss_mdns4_minimal.so.2
7f6bdcdf4000-7f6bdcdf5000 rw-p 00002000 08:02 13374010                   /lib/x86_64-linux-gnu/libnss_mdns4_minimal.so.2
7f6bdcdf5000-7f6bdcdf6000 r--s 00003000 08:02 14960740                   /home/julian/.m2/repository/org/apache/maven/doxia/doxia-module-xhtml/1.1.2/doxia-module-xhtml-1.1.2.jar
7f6bdcdf6000-7f6bdcdf8000 r--s 00006000 08:02 13787367                   /home/julian/.m2/repository/commons-codec/commons-codec/1.2/commons-codec-1.2.jar
7f6bdcdf8000-7f6bdcdfe000 r--s 00045000 08:02 14830573                   /home/julian/.m2/repository/commons-httpclient/commons-httpclient/3.1/commons-httpclient-3.1.jar
7f6bdcdfe000-7f6bdce02000 r--s 0003c000 08:02 14830571                   /home/julian/.m2/repository/commons-lang/commons-lang/2.4/commons-lang-2.4.jar
7f6bdce02000-7f6bdce06000 r--s 00023000 08:02 14830567                   /home/julian/.m2/repository/org/apache/maven/doxia/doxia-core/1.1.2/doxia-core-1.1.2.jar
7f6bdce06000-7f6bdce08000 r--s 00003000 08:02 14306106                   /home/julian/.m2/repository/org/apache/maven/reporting/maven-reporting-impl/2.1/maven-reporting-impl-2.1.jar
7f6bdce08000-7f6bdce09000 r--s 00002000 08:02 14306101                   /home/julian/.m2/repository/org/apache/maven/doxia/doxia-logging-api/1.1/doxia-logging-api-1.1.jar
7f6bdce09000-7f6bdce0b000 r--s 00002000 08:02 14177673                   /home/julian/.m2/repository/org/apache/maven/doxia/doxia-sink-api/1.1/doxia-sink-api-1.1.jar
7f6bdce0b000-7f6bdce0d000 r--s 00008000 08:02 14040090                   /home/julian/.m2/repository/org/apache/maven/shared/maven-shared-io/1.1/maven-shared-io-1.1.jar
7f6bdce0d000-7f6bdce0f000 r--s 00008000 08:02 14040086                   /home/julian/.m2/repository/org/apache/maven/shared/file-management/1.2.1/file-management-1.2.1.jar
7f6bdce0f000-7f6bdce13000 r--s 00038000 08:02 13258772                   /home/julian/.m2/repository/org/codehaus/plexus/plexus-utils/3.0.22/plexus-utils-3.0.22.jar
7f6bdce13000-7f6bdce19000 r--s 00034000 08:02 12339445                   /home/julian/.m2/repository/junit/junit/4.8.2/junit-4.8.2.jar
7f6bdce19000-7f6bdce1b000 r--s 0000b000 08:02 12991409                   /home/julian/.m2/repository/org/codehaus/plexus/plexus-interpolation/1.11/plexus-interpolation-1.11.jar
7f6bdce1b000-7f6bdce23000 r--s 00049000 08:02 12991414                   /home/julian/.m2/repository/backport-util-concurrent/backport-util-concurrent/3.1/backport-util-concurrent-3.1.jar
7f6bdce23000-7f6bdd023000 rw-p 00000000 00:00 0 
7f6bdd023000-7f6bdd04b000 r-xp 00000000 08:02 5782373                    /usr/lib/jvm/java-8-openjdk-amd64/jre/lib/amd64/libsunec.so
7f6bdd04b000-7f6bdd24b000 ---p 00028000 08:02 5782373                    /usr/lib/jvm/java-8-openjdk-amd64/jre/lib/amd64/libsunec.so
7f6bdd24b000-7f6bdd24f000 r--p 00028000 08:02 5782373                    /usr/lib/jvm/java-8-openjdk-amd64/jre/lib/amd64/libsunec.so
7f6bdd24f000-7f6bdd250000 rw-p 0002c000 08:02 5782373                    /usr/lib/jvm/java-8-openjdk-amd64/jre/lib/amd64/libsunec.so
7f6bdd250000-7f6bdd450000 rw-p 00000000 00:00 0 
7f6bdd450000-7f6bdd650000 rw-p 00000000 00:00 0 
7f6bdd650000-7f6bdd850000 rw-p 00000000 00:00 0 
7f6bdd850000-7f6bdda50000 rw-p 00000000 00:00 0 
7f6bdda50000-7f6bdda52000 r-xp 00000000 08:02 13375016                   /lib/x86_64-linux-gnu/libutil-2.23.so
7f6bdda52000-7f6bddc51000 ---p 00002000 08:02 13375016                   /lib/x86_64-linux-gnu/libutil-2.23.so
7f6bddc51000-7f6bddc52000 r--p 00001000 08:02 13375016                   /lib/x86_64-linux-gnu/libutil-2.23.so
7f6bddc52000-7f6bddc53000 rw-p 00002000 08:02 13375016                   /lib/x86_64-linux-gnu/libutil-2.23.so
7f6bddc53000-7f6bddc54000 r--s 00002000 08:02 14177670                   /home/julian/.m2/repository/org/apache/maven/reporting/maven-reporting-api/2.2.1/maven-reporting-api-2.2.1.jar
7f6bddc54000-7f6bddc56000 r--s 0000c000 08:02 14040048                   /home/julian/.m2/repository/org/jacoco/jacoco-maven-plugin/0.8.1/jacoco-maven-plugin-0.8.1.jar
7f6bddc56000-7f6bddc5a000 r--s 00034000 08:02 14961681                   /home/julian/.m2/repository/org/codehaus/plexus/plexus-utils/3.0/plexus-utils-3.0.jar
7f6bddc5a000-7f6bddc5c000 r--s 00005000 08:02 14961679                   /home/julian/.m2/repository/org/apache/maven/plugins/maven-clean-plugin/2.5/maven-clean-plugin-2.5.jar
7f6bddc5c000-7f6bddc6f000 r--s 00346000 08:02 5802963                    /usr/lib/jvm/java-8-openjdk-amd64/jre/lib/resources.jar
7f6bddc6f000-7f6bddc71000 r--s 00016000 08:02 5802964                    /usr/lib/jvm/java-8-openjdk-amd64/jre/lib/jce.jar
7f6bddc71000-7f6bddc76000 r--s 000a3000 08:02 5782337                    /usr/lib/jvm/java-8-openjdk-amd64/jre/lib/jsse.jar
7f6bddc76000-7f6bddc7e000 r--s 00073000 08:02 5787152                    /home/julian/apache-maven-3.6.2/lib/commons-lang3-3.8.1.jar
7f6bddc7e000-7f6bddc81000 r--s 00012000 08:02 5795154                    /home/julian/apache-maven-3.6.2/lib/plexus-interpolation-1.25.jar
7f6bddc81000-7f6bddc84000 r-xp 00000000 08:02 6182327                    /home/julian/apache-maven-3.6.2/lib/jansi-native/linux64/libjansi.so
7f6bddc84000-7f6bdde83000 ---p 00003000 08:02 6182327                    /home/julian/apache-maven-3.6.2/lib/jansi-native/linux64/libjansi.so
7f6bdde83000-7f6bdde84000 rw-p 00002000 08:02 6182327                    /home/julian/apache-maven-3.6.2/lib/jansi-native/linux64/libjansi.so
7f6bdde84000-7f6bdde87000 r--s 00016000 08:02 5786641                    /home/julian/apache-maven-3.6.2/lib/maven-embedder-3.6.2.jar
7f6bdde87000-7f6bdde8c000 r--s 00020000 08:02 5786925                    /home/julian/apache-maven-3.6.2/lib/maven-resolver-api-1.4.1.jar
7f6bdde8c000-7f6bdde8f000 r--s 0003d000 08:02 5787137                    /home/julian/apache-maven-3.6.2/lib/plexus-utils-3.2.1.jar
7f6bdde8f000-7f6bdde9a000 r--s 00075000 08:02 5786955                    /home/julian/apache-maven-3.6.2/lib/guice-4.2.1-no_aop.jar
7f6bdde9a000-7f6bddeca000 r--s 00249000 08:02 5787116                    /home/julian/apache-maven-3.6.2/lib/guava-25.1-android.jar
7f6bddeca000-7f6bdded1000 r--s 00056000 08:02 5795149                    /home/julian/apache-maven-3.6.2/lib/org.eclipse.sisu.inject-0.3.3.jar
7f6bdded1000-7f6bdded2000 r--s 00000000 08:02 5787135                    /home/julian/apache-maven-3.6.2/lib/javax.inject-1.jar
7f6bdded2000-7f6bdded5000 r--s 00008000 08:02 5795157                    /home/julian/apache-maven-3.6.2/lib/cdi-api-1.0.jar
7f6bdded5000-7f6bdded7000 r--s 00009000 08:02 5795168                    /home/julian/apache-maven-3.6.2/lib/maven-resolver-connector-basic-1.4.1.jar
7f6bdded7000-7f6bdded9000 r--s 0000c000 08:02 5795155                    /home/julian/apache-maven-3.6.2/lib/wagon-provider-api-3.3.3.jar
7f6bdded9000-7f6bddedb000 r--s 0000a000 08:02 5786659                    /home/julian/apache-maven-3.6.2/lib/maven-plugin-api-3.6.2.jar
7f6bddedb000-7f6bddee1000 r--s 00041000 08:02 5795153                    /home/julian/apache-maven-3.6.2/lib/maven-compat-3.6.2.jar
7f6bddee1000-7f6bddee5000 r--s 00029000 08:02 5795145                    /home/julian/apache-maven-3.6.2/lib/maven-resolver-impl-1.4.1.jar
7f6bddee5000-7f6bddee6000 r--s 00001000 08:02 5787136                    /home/julian/apache-maven-3.6.2/lib/jsr250-api-1.0.jar
7f6bddee6000-7f6bddee8000 r--s 0000c000 08:02 5795158                    /home/julian/apache-maven-3.6.2/lib/commons-cli-1.4.jar
7f6bddee8000-7f6bddeeb000 r--s 00032000 08:02 5786869                    /home/julian/apache-maven-3.6.2/lib/maven-model-3.6.2.jar
7f6bddeeb000-7f6bddef8000 r--s 00090000 08:02 5788949                    /home/julian/apache-maven-3.6.2/lib/maven-core-3.6.2.jar
7f6bddef8000-7f6bddefa000 r--s 00002000 08:02 5787139                    /home/julian/apache-maven-3.6.2/lib/plexus-cipher-1.7.jar
7f6bddefa000-7f6bddf27000 r--s 001ed000 08:02 5795159                    /home/julian/apache-maven-3.6.2/lib/wagon-http-3.3.3-shaded.jar
7f6bddf27000-7f6bddf2d000 r--s 0002d000 08:02 5795156                    /home/julian/apache-maven-3.6.2/lib/org.eclipse.sisu.plexus-0.3.3.jar
7f6bddf2d000-7f6bddf31000 r--s 00025000 08:02 5786926                    /home/julian/apache-maven-3.6.2/lib/maven-resolver-util-1.4.1.jar
7f6bddf31000-7f6bddf32000 r--s 00002000 08:02 5795167                    /home/julian/apache-maven-3.6.2/lib/wagon-file-3.3.3.jar
7f6bddf32000-7f6bddf34000 r--s 0000f000 08:02 5788955                    /home/julian/apache-maven-3.6.2/lib/maven-resolver-provider-3.6.2.jar
7f6bddf34000-7f6bddf37000 r--s 0000c000 08:02 5788954                    /home/julian/apache-maven-3.6.2/lib/maven-artifact-3.6.2.jar
7f6bddf37000-7f6bddf3a000 r--s 00026000 08:02 5786927                    /home/julian/apache-maven-3.6.2/lib/maven-shared-utils-3.2.1.jar
7f6bddf3a000-7f6bddf3b000 r--s 00003000 08:02 5786916                    /home/julian/apache-maven-3.6.2/lib/maven-builder-support-3.6.2.jar
7f6bddf3b000-7f6bddf3d000 r--s 00003000 08:02 5795166                    /home/julian/apache-maven-3.6.2/lib/jcl-over-slf4j-1.7.25.jar
7f6bddf3d000-7f6bddf3e000 r--s 0000a000 08:02 5786649                    /home/julian/apache-maven-3.6.2/lib/maven-settings-3.6.2.jar
7f6bddf3e000-7f6bddf3f000 r--s 00006000 08:02 5788950                    /home/julian/apache-maven-3.6.2/lib/maven-repository-metadata-3.6.2.jar
7f6bddf3f000-7f6bddf41000 r--s 00007000 08:02 5795147                    /home/julian/apache-maven-3.6.2/lib/maven-resolver-spi-1.4.1.jar
7f6bddf41000-7f6bddf42000 r--s 00005000 08:02 5795170                    /home/julian/apache-maven-3.6.2/lib/maven-slf4j-provider-3.6.2.jar
7f6bddf42000-7f6bddf44000 r--s 00000000 08:02 5795151                    /home/julian/apache-maven-3.6.2/lib/plexus-component-annotations-2.0.0.jar
7f6bddf44000-7f6bddf46000 r--s 00009000 08:02 5786658                    /home/julian/apache-maven-3.6.2/lib/maven-settings-builder-3.6.2.jar
7f6bddf46000-7f6bddf4a000 r--s 0002f000 08:02 5786928                    /home/julian/apache-maven-3.6.2/lib/commons-io-2.5.jar
7f6bddf4a000-7f6bddf4c000 r--s 00009000 08:02 5787141                    /home/julian/apache-maven-3.6.2/lib/slf4j-api-1.7.25.jar
7f6bddf4c000-7f6bddf51000 r--s 0002b000 08:02 5786881                    /home/julian/apache-maven-3.6.2/lib/maven-model-builder-3.6.2.jar
7f6bddf51000-7f6bddf52000 r--s 00006000 08:02 5787138                    /home/julian/apache-maven-3.6.2/lib/plexus-sec-dispatcher-1.4.jar
7f6bddf52000-7f6bddf54000 r--s 00006000 08:02 5795169                    /home/julian/apache-maven-3.6.2/lib/maven-resolver-transport-wagon-1.4.1.jar
7f6bddf54000-7f6bddf58000 r--s 00042000 08:02 5795171                    /home/julian/apache-maven-3.6.2/lib/jansi-1.17.1.jar
7f6bddf58000-7f6bddf6f000 r-xp 00000000 08:02 5798614                    /usr/lib/jvm/java-8-openjdk-amd64/jre/lib/amd64/libnet.so
7f6bddf6f000-7f6bde16e000 ---p 00017000 08:02 5798614                    /usr/lib/jvm/java-8-openjdk-amd64/jre/lib/amd64/libnet.so
7f6bde16e000-7f6bde16f000 r--p 00016000 08:02 5798614                    /usr/lib/jvm/java-8-openjdk-amd64/jre/lib/amd64/libnet.so
7f6bde16f000-7f6bde170000 rw-p 00017000 08:02 5798614                    /usr/lib/jvm/java-8-openjdk-amd64/jre/lib/amd64/libnet.so
7f6bde170000-7f6bde181000 r-xp 00000000 08:02 5798620                    /usr/lib/jvm/java-8-openjdk-amd64/jre/lib/amd64/libnio.so
7f6bde181000-7f6bde381000 ---p 00011000 08:02 5798620                    /usr/lib/jvm/java-8-openjdk-amd64/jre/lib/amd64/libnio.so
7f6bde381000-7f6bde382000 r--p 00011000 08:02 5798620                    /usr/lib/jvm/java-8-openjdk-amd64/jre/lib/amd64/libnio.so
7f6bde382000-7f6bde383000 rw-p 00012000 08:02 5798620                    /usr/lib/jvm/java-8-openjdk-amd64/jre/lib/amd64/libnio.so
7f6bde383000-7f6bde39e000 r--s 001d6000 08:02 5782339                    /usr/lib/jvm/java-8-openjdk-amd64/jre/lib/ext/nashorn.jar
7f6bde39e000-7f6bde3a8000 r--s 00116000 08:02 5782341                    /usr/lib/jvm/java-8-openjdk-amd64/jre/lib/ext/localedata.jar
7f6bde3a8000-7f6bde3c3000 r--s 00394000 08:02 5782342                    /usr/lib/jvm/java-8-openjdk-amd64/jre/lib/ext/cldrdata.jar
7f6bde3c3000-7f6bde3c4000 ---p 00000000 00:00 0 
7f6bde3c4000-7f6bde4c4000 rw-p 00000000 00:00 0 
7f6bde4c4000-7f6bde4c7000 ---p 00000000 00:00 0 
7f6bde4c7000-7f6bde5c5000 rw-p 00000000 00:00 0 
7f6bde5c5000-7f6bde5c8000 ---p 00000000 00:00 0 
7f6bde5c8000-7f6bde6c6000 rw-p 00000000 00:00 0 
7f6bde6c6000-7f6bde6c9000 ---p 00000000 00:00 0 
7f6bde6c9000-7f6bde7c7000 rw-p 00000000 00:00 0 
7f6bde7c7000-7f6bde7ca000 ---p 00000000 00:00 0 
7f6bde7ca000-7f6bde8c8000 rw-p 00000000 00:00 0 
7f6bde8c8000-7f6bde8cb000 ---p 00000000 00:00 0 
7f6bde8cb000-7f6bde9c9000 rw-p 00000000 00:00 0 
7f6bde9c9000-7f6bdee1f000 r--p 00000000 08:02 5768131                    /usr/lib/locale/locale-archive
7f6bdee1f000-7f6bdee22000 ---p 00000000 00:00 0 
7f6bdee22000-7f6bdef20000 rw-p 00000000 00:00 0 
7f6bdef20000-7f6bdef23000 ---p 00000000 00:00 0 
7f6bdef23000-7f6bdf021000 rw-p 00000000 00:00 0 
7f6bdf021000-7f6bdf022000 ---p 00000000 00:00 0 
7f6bdf022000-7f6be00a0000 rw-p 00000000 00:00 0 
7f6be00a0000-7f6be0270000 r--s 03c68000 08:02 5802960                    /usr/lib/jvm/java-8-openjdk-amd64/jre/lib/rt.jar
7f6be0270000-7f6be4000000 rw-p 00000000 00:00 0 
7f6be4000000-7f6be4021000 rw-p 00000000 00:00 0 
7f6be4021000-7f6be8000000 ---p 00000000 00:00 0 
7f6be8000000-7f6be8021000 rw-p 00000000 00:00 0 
7f6be8021000-7f6bec000000 ---p 00000000 00:00 0 
7f6bec000000-7f6bec021000 rw-p 00000000 00:00 0 
7f6bec021000-7f6bf0000000 ---p 00000000 00:00 0 
7f6bf0000000-7f6bf0021000 rw-p 00000000 00:00 0 
7f6bf0021000-7f6bf4000000 ---p 00000000 00:00 0 
7f6bf4000000-7f6bf4002000 r--s 0000b000 08:02 6583469                    /home/julian/apache-maven-3.6.2/boot/plexus-classworlds-2.6.0.jar
7f6bf4002000-7f6bf4bfc000 rw-p 00000000 00:00 0 
7f6bf4bfc000-7f6bf4bfd000 ---p 00000000 00:00 0 
7f6bf4bfd000-7f6bf4cfd000 rw-p 00000000 00:00 0 
7f6bf4cfd000-7f6bf4cfe000 ---p 00000000 00:00 0 
7f6bf4cfe000-7f6bf4dfe000 rw-p 00000000 00:00 0 
7f6bf4dfe000-7f6bf4dff000 ---p 00000000 00:00 0 
7f6bf4dff000-7f6bf4eff000 rw-p 00000000 00:00 0 
7f6bf4eff000-7f6bf4f00000 ---p 00000000 00:00 0 
7f6bf4f00000-7f6bf5000000 rw-p 00000000 00:00 0 
7f6bf5000000-7f6bf6980000 rwxp 00000000 00:00 0 
7f6bf6980000-7f6c04000000 ---p 00000000 00:00 0 
7f6c04000000-7f6c0604c000 rw-p 00000000 00:00 0 
7f6c0604c000-7f6c08000000 ---p 00000000 00:00 0 
7f6c08000000-7f6c08005000 r--s 0003d000 08:02 5782353                    /usr/lib/jvm/java-8-openjdk-amd64/jre/lib/ext/sunjce_provider.jar
7f6c08005000-7f6c08007000 r--s 00001000 08:02 5782354                    /usr/lib/jvm/java-8-openjdk-amd64/jre/lib/ext/dnsns.jar
7f6c08007000-7f6c0800a000 r--s 0000f000 08:02 5782358                    /usr/lib/jvm/java-8-openjdk-amd64/jre/lib/ext/icedtea-sound.jar
7f6c0800a000-7f6c0800e000 r--s 0003a000 08:02 5782340                    /usr/lib/jvm/java-8-openjdk-amd64/jre/lib/ext/sunpkcs11.jar
7f6c0800e000-7f6c0813b000 rw-p 00000000 00:00 0 
7f6c0813b000-7f6c08336000 ---p 00000000 00:00 0 
7f6c08336000-7f6c083cc000 rw-p 00000000 00:00 0 
7f6c083cc000-7f6c085c6000 ---p 00000000 00:00 0 
7f6c085c6000-7f6c0870f000 rw-p 00000000 00:00 0 
7f6c0870f000-7f6c08776000 rw-p 00000000 00:00 0 
7f6c08776000-7f6c08ad0000 ---p 00000000 00:00 0 
7f6c08ad0000-7f6c08ad8000 r-xp 00000000 08:02 5784879                    /usr/lib/jvm/java-8-openjdk-amd64/jre/lib/amd64/libzip.so
7f6c08ad8000-7f6c08cd7000 ---p 00008000 08:02 5784879                    /usr/lib/jvm/java-8-openjdk-amd64/jre/lib/amd64/libzip.so
7f6c08cd7000-7f6c08cd8000 r--p 00007000 08:02 5784879                    /usr/lib/jvm/java-8-openjdk-amd64/jre/lib/amd64/libzip.so
7f6c08cd8000-7f6c08cd9000 rw-p 00008000 08:02 5784879                    /usr/lib/jvm/java-8-openjdk-amd64/jre/lib/amd64/libzip.so
7f6c08cd9000-7f6c08ce4000 r-xp 00000000 08:02 13375011                   /lib/x86_64-linux-gnu/libnss_files-2.23.so
7f6c08ce4000-7f6c08ee3000 ---p 0000b000 08:02 13375011                   /lib/x86_64-linux-gnu/libnss_files-2.23.so
7f6c08ee3000-7f6c08ee4000 r--p 0000a000 08:02 13375011                   /lib/x86_64-linux-gnu/libnss_files-2.23.so
7f6c08ee4000-7f6c08ee5000 rw-p 0000b000 08:02 13375011                   /lib/x86_64-linux-gnu/libnss_files-2.23.so
7f6c08ee5000-7f6c08eeb000 rw-p 00000000 00:00 0 
7f6c08eeb000-7f6c08ef6000 r-xp 00000000 08:02 13375004                   /lib/x86_64-linux-gnu/libnss_nis-2.23.so
7f6c08ef6000-7f6c090f5000 ---p 0000b000 08:02 13375004                   /lib/x86_64-linux-gnu/libnss_nis-2.23.so
7f6c090f5000-7f6c090f6000 r--p 0000a000 08:02 13375004                   /lib/x86_64-linux-gnu/libnss_nis-2.23.so
7f6c090f6000-7f6c090f7000 rw-p 0000b000 08:02 13375004                   /lib/x86_64-linux-gnu/libnss_nis-2.23.so
7f6c090f7000-7f6c0910d000 r-xp 00000000 08:02 13375009                   /lib/x86_64-linux-gnu/libnsl-2.23.so
7f6c0910d000-7f6c0930c000 ---p 00016000 08:02 13375009                   /lib/x86_64-linux-gnu/libnsl-2.23.so
7f6c0930c000-7f6c0930d000 r--p 00015000 08:02 13375009                   /lib/x86_64-linux-gnu/libnsl-2.23.so
7f6c0930d000-7f6c0930e000 rw-p 00016000 08:02 13375009                   /lib/x86_64-linux-gnu/libnsl-2.23.so
7f6c0930e000-7f6c09310000 rw-p 00000000 00:00 0 
7f6c09310000-7f6c09318000 r-xp 00000000 08:02 13375015                   /lib/x86_64-linux-gnu/libnss_compat-2.23.so
7f6c09318000-7f6c09517000 ---p 00008000 08:02 13375015                   /lib/x86_64-linux-gnu/libnss_compat-2.23.so
7f6c09517000-7f6c09518000 r--p 00007000 08:02 13375015                   /lib/x86_64-linux-gnu/libnss_compat-2.23.so
7f6c09518000-7f6c09519000 rw-p 00008000 08:02 13375015                   /lib/x86_64-linux-gnu/libnss_compat-2.23.so
7f6c09519000-7f6c09542000 r-xp 00000000 08:02 5798612                    /usr/lib/jvm/java-8-openjdk-amd64/jre/lib/amd64/libjava.so
7f6c09542000-7f6c09742000 ---p 00029000 08:02 5798612                    /usr/lib/jvm/java-8-openjdk-amd64/jre/lib/amd64/libjava.so
7f6c09742000-7f6c09743000 r--p 00029000 08:02 5798612                    /usr/lib/jvm/java-8-openjdk-amd64/jre/lib/amd64/libjava.so
7f6c09743000-7f6c09745000 rw-p 0002a000 08:02 5798612                    /usr/lib/jvm/java-8-openjdk-amd64/jre/lib/amd64/libjava.so
7f6c09745000-7f6c09754000 r-xp 00000000 08:02 5782379                    /usr/lib/jvm/java-8-openjdk-amd64/jre/lib/amd64/libverify.so
7f6c09754000-7f6c09953000 ---p 0000f000 08:02 5782379                    /usr/lib/jvm/java-8-openjdk-amd64/jre/lib/amd64/libverify.so
7f6c09953000-7f6c09955000 r--p 0000e000 08:02 5782379                    /usr/lib/jvm/java-8-openjdk-amd64/jre/lib/amd64/libverify.so
7f6c09955000-7f6c09956000 rw-p 00010000 08:02 5782379                    /usr/lib/jvm/java-8-openjdk-amd64/jre/lib/amd64/libverify.so
7f6c09956000-7f6c0995d000 r-xp 00000000 08:02 13373789                   /lib/x86_64-linux-gnu/librt-2.23.so
7f6c0995d000-7f6c09b5c000 ---p 00007000 08:02 13373789                   /lib/x86_64-linux-gnu/librt-2.23.so
7f6c09b5c000-7f6c09b5d000 r--p 00006000 08:02 13373789                   /lib/x86_64-linux-gnu/librt-2.23.so
7f6c09b5d000-7f6c09b5e000 rw-p 00007000 08:02 13373789                   /lib/x86_64-linux-gnu/librt-2.23.so
7f6c09b5e000-7f6c09b74000 r-xp 00000000 08:02 13373943                   /lib/x86_64-linux-gnu/libgcc_s.so.1
7f6c09b74000-7f6c09d73000 ---p 00016000 08:02 13373943                   /lib/x86_64-linux-gnu/libgcc_s.so.1
7f6c09d73000-7f6c09d74000 rw-p 00015000 08:02 13373943                   /lib/x86_64-linux-gnu/libgcc_s.so.1
7f6c09d74000-7f6c09e7c000 r-xp 00000000 08:02 13375017                   /lib/x86_64-linux-gnu/libm-2.23.so
7f6c09e7c000-7f6c0a07b000 ---p 00108000 08:02 13375017                   /lib/x86_64-linux-gnu/libm-2.23.so
7f6c0a07b000-7f6c0a07c000 r--p 00107000 08:02 13375017                   /lib/x86_64-linux-gnu/libm-2.23.so
7f6c0a07c000-7f6c0a07d000 rw-p 00108000 08:02 13375017                   /lib/x86_64-linux-gnu/libm-2.23.so
7f6c0a07d000-7f6c0a1ef000 r-xp 00000000 08:02 5767405                    /usr/lib/x86_64-linux-gnu/libstdc++.so.6.0.21
7f6c0a1ef000-7f6c0a3ef000 ---p 00172000 08:02 5767405                    /usr/lib/x86_64-linux-gnu/libstdc++.so.6.0.21
7f6c0a3ef000-7f6c0a3f9000 r--p 00172000 08:02 5767405                    /usr/lib/x86_64-linux-gnu/libstdc++.so.6.0.21
7f6c0a3f9000-7f6c0a3fb000 rw-p 0017c000 08:02 5767405                    /usr/lib/x86_64-linux-gnu/libstdc++.so.6.0.21
7f6c0a3fb000-7f6c0a3ff000 rw-p 00000000 00:00 0 
7f6c0a3ff000-7f6c0b067000 r-xp 00000000 08:02 5798615                    /usr/lib/jvm/java-8-openjdk-amd64/jre/lib/amd64/server/libjvm.so
7f6c0b067000-7f6c0b267000 ---p 00c68000 08:02 5798615                    /usr/lib/jvm/java-8-openjdk-amd64/jre/lib/amd64/server/libjvm.so
7f6c0b267000-7f6c0b2fb000 r--p 00c68000 08:02 5798615                    /usr/lib/jvm/java-8-openjdk-amd64/jre/lib/amd64/server/libjvm.so
7f6c0b2fb000-7f6c0b324000 rw-p 00cfc000 08:02 5798615                    /usr/lib/jvm/java-8-openjdk-amd64/jre/lib/amd64/server/libjvm.so
7f6c0b324000-7f6c0b354000 rw-p 00000000 00:00 0 
7f6c0b354000-7f6c0b36c000 r-xp 00000000 08:02 13373873                   /lib/x86_64-linux-gnu/libpthread-2.23.so
7f6c0b36c000-7f6c0b56b000 ---p 00018000 08:02 13373873                   /lib/x86_64-linux-gnu/libpthread-2.23.so
7f6c0b56b000-7f6c0b56c000 r--p 00017000 08:02 13373873                   /lib/x86_64-linux-gnu/libpthread-2.23.so
7f6c0b56c000-7f6c0b56d000 rw-p 00018000 08:02 13373873                   /lib/x86_64-linux-gnu/libpthread-2.23.so
7f6c0b56d000-7f6c0b571000 rw-p 00000000 00:00 0 
7f6c0b571000-7f6c0b574000 r-xp 00000000 08:02 13373864                   /lib/x86_64-linux-gnu/libdl-2.23.so
7f6c0b574000-7f6c0b773000 ---p 00003000 08:02 13373864                   /lib/x86_64-linux-gnu/libdl-2.23.so
7f6c0b773000-7f6c0b774000 r--p 00002000 08:02 13373864                   /lib/x86_64-linux-gnu/libdl-2.23.so
7f6c0b774000-7f6c0b775000 rw-p 00003000 08:02 13373864                   /lib/x86_64-linux-gnu/libdl-2.23.so
7f6c0b775000-7f6c0b78e000 r-xp 00000000 08:02 13370841                   /lib/x86_64-linux-gnu/libz.so.1.2.8
7f6c0b78e000-7f6c0b98d000 ---p 00019000 08:02 13370841                   /lib/x86_64-linux-gnu/libz.so.1.2.8
7f6c0b98d000-7f6c0b98e000 r--p 00018000 08:02 13370841                   /lib/x86_64-linux-gnu/libz.so.1.2.8
7f6c0b98e000-7f6c0b98f000 rw-p 00019000 08:02 13370841                   /lib/x86_64-linux-gnu/libz.so.1.2.8
7f6c0b98f000-7f6c0bb4f000 r-xp 00000000 08:02 13375014                   /lib/x86_64-linux-gnu/libc-2.23.so
7f6c0bb4f000-7f6c0bd4f000 ---p 001c0000 08:02 13375014                   /lib/x86_64-linux-gnu/libc-2.23.so
7f6c0bd4f000-7f6c0bd53000 r--p 001c0000 08:02 13375014                   /lib/x86_64-linux-gnu/libc-2.23.so
7f6c0bd53000-7f6c0bd55000 rw-p 001c4000 08:02 13375014                   /lib/x86_64-linux-gnu/libc-2.23.so
7f6c0bd55000-7f6c0bd59000 rw-p 00000000 00:00 0 
7f6c0bd59000-7f6c0bd66000 r-xp 00000000 08:02 5798603                    /usr/lib/jvm/java-8-openjdk-amd64/jre/lib/amd64/jli/libjli.so
7f6c0bd66000-7f6c0bf66000 ---p 0000d000 08:02 5798603                    /usr/lib/jvm/java-8-openjdk-amd64/jre/lib/amd64/jli/libjli.so
7f6c0bf66000-7f6c0bf67000 r--p 0000d000 08:02 5798603                    /usr/lib/jvm/java-8-openjdk-amd64/jre/lib/amd64/jli/libjli.so
7f6c0bf67000-7f6c0bf68000 rw-p 0000e000 08:02 5798603                    /usr/lib/jvm/java-8-openjdk-amd64/jre/lib/amd64/jli/libjli.so
7f6c0bf68000-7f6c0bf8e000 r-xp 00000000 08:02 13373868                   /lib/x86_64-linux-gnu/ld-2.23.so
7f6c0bf8e000-7f6c0c059000 rw-p 00000000 00:00 0 
7f6c0c059000-7f6c0c05c000 ---p 00000000 00:00 0 
7f6c0c05c000-7f6c0c15e000 rw-p 00000000 00:00 0 
7f6c0c15e000-7f6c0c15f000 r--s 00010000 08:02 5782355                    /usr/lib/jvm/java-8-openjdk-amd64/jre/lib/ext/zipfs.jar
7f6c0c15f000-7f6c0c160000 r--s 0000d000 08:02 5782356                    /usr/lib/jvm/java-8-openjdk-amd64/jre/lib/ext/sunec.jar
7f6c0c160000-7f6c0c161000 r--s 0000a000 08:02 5782357                    /usr/lib/jvm/java-8-openjdk-amd64/jre/lib/ext/jaccess.jar
7f6c0c161000-7f6c0c182000 rw-p 00000000 00:00 0 
7f6c0c182000-7f6c0c18a000 rw-s 00000000 08:02 12606420                   /tmp/hsperfdata_julian/1468
7f6c0c18a000-7f6c0c18b000 rw-p 00000000 00:00 0 
7f6c0c18b000-7f6c0c18c000 ---p 00000000 00:00 0 
7f6c0c18c000-7f6c0c18d000 rw-p 00000000 00:00 0 
7f6c0c18d000-7f6c0c18e000 r--p 00025000 08:02 13373868                   /lib/x86_64-linux-gnu/ld-2.23.so
7f6c0c18e000-7f6c0c18f000 rw-p 00026000 08:02 13373868                   /lib/x86_64-linux-gnu/ld-2.23.so
7f6c0c18f000-7f6c0c190000 rw-p 00000000 00:00 0 
7ffc6f38d000-7ffc6f3af000 rw-p 00000000 00:00 0                          [stack]
7ffc6f3ba000-7ffc6f3bd000 r--p 00000000 00:00 0                          [vvar]
7ffc6f3bd000-7ffc6f3bf000 r-xp 00000000 00:00 0                          [vdso]
ffffffffff600000-ffffffffff601000 r-xp 00000000 00:00 0                  [vsyscall]

VM Arguments:
jvm_args: -Dclassworlds.conf=/home/julian/apache-maven-3.6.2/bin/m2.conf -Dmaven.home=/home/julian/apache-maven-3.6.2 -Dlibrary.jansi.path=/home/julian/apache-maven-3.6.2/lib/jansi-native -Dmaven.multiModuleProjectDirectory=/home/julian/Dropbox/Dokumente/bachelorarbeit/pipeline/CNNArch2Gluon 
java_command: org.codehaus.plexus.classworlds.launcher.Launcher -DskipTests clean install -s settings.xml
java_class_path (initial): /home/julian/apache-maven-3.6.2/boot/plexus-classworlds-2.6.0.jar
Launcher Type: SUN_STANDARD

Environment Variables:
PATH=/home/julian/bin:/home/julian/.local/bin:/usr/local/sbin:/usr/local/bin:/usr/sbin:/usr/bin:/sbin:/bin:/usr/games:/usr/local/games:/home/julian/apache-maven-3.6.2/bin
USERNAME=julian
SHELL=/bin/bash
DISPLAY=:0

Signal Handlers:
SIGSEGV: [libjvm.so+0xa7b8f0], sa_mask[0]=11111111011111111101111111111110, sa_flags=SA_RESTART|SA_SIGINFO
SIGBUS: [libjvm.so+0xa7b8f0], sa_mask[0]=11111111011111111101111111111110, sa_flags=SA_RESTART|SA_SIGINFO
SIGFPE: [libjvm.so+0x8c3a90], sa_mask[0]=11111111011111111101111111111110, sa_flags=SA_RESTART|SA_SIGINFO
SIGPIPE: [libjvm.so+0x8c3a90], sa_mask[0]=11111111011111111101111111111110, sa_flags=SA_RESTART|SA_SIGINFO
SIGXFSZ: [libjvm.so+0x8c3a90], sa_mask[0]=11111111011111111101111111111110, sa_flags=SA_RESTART|SA_SIGINFO
SIGILL: [libjvm.so+0x8c3a90], sa_mask[0]=11111111011111111101111111111110, sa_flags=SA_RESTART|SA_SIGINFO
SIGUSR1: SIG_DFL, sa_mask[0]=00000000000000000000000000000000, sa_flags=none
SIGUSR2: [libjvm.so+0x8c3940], sa_mask[0]=00000000000000000000000000000000, sa_flags=SA_RESTART|SA_SIGINFO
SIGHUP: [libjvm.so+0x8c3fd0], sa_mask[0]=11111111011111111101111111111110, sa_flags=SA_RESTART|SA_SIGINFO
SIGINT: [libjvm.so+0x8c3fd0], sa_mask[0]=11111111011111111101111111111110, sa_flags=SA_RESTART|SA_SIGINFO
SIGTERM: [libjvm.so+0x8c3fd0], sa_mask[0]=11111111011111111101111111111110, sa_flags=SA_RESTART|SA_SIGINFO
SIGQUIT: [libjvm.so+0x8c3fd0], sa_mask[0]=11111111011111111101111111111110, sa_flags=SA_RESTART|SA_SIGINFO


---------------  S Y S T E M  ---------------

OS:DISTRIB_ID=LinuxMint
DISTRIB_RELEASE=18.3
DISTRIB_CODENAME=sylvia
DISTRIB_DESCRIPTION="Linux Mint 18.3 Sylvia"

uname:Linux 4.15.0-88-generic #88~16.04.1-Ubuntu SMP Wed Feb 12 04:19:15 UTC 2020 x86_64
libc:glibc 2.23 NPTL 2.23 
rlimit: STACK 8192k, CORE 0k, NPROC 30854, NOFILE 1048576, AS infinity
load average:5,00 4,15 4,47

/proc/meminfo:
MemTotal:        8062208 kB
MemFree:          136360 kB
MemAvailable:      33020 kB
Buffers:             400 kB
Cached:           592308 kB
SwapCached:        16224 kB
Active:          6741648 kB
Inactive:         877316 kB
Active(anon):    6738024 kB
Inactive(anon):   867880 kB
Active(file):       3624 kB
Inactive(file):     9436 kB
Unevictable:          16 kB
Mlocked:              16 kB
SwapTotal:       8282108 kB
SwapFree:              0 kB
Dirty:               200 kB
Writeback:             0 kB
AnonPages:       7011036 kB
Mapped:           312588 kB
Shmem:            579572 kB
Slab:             132080 kB
SReclaimable:      60660 kB
SUnreclaim:        71420 kB
KernelStack:       20800 kB
PageTables:        88800 kB
NFS_Unstable:          0 kB
Bounce:                0 kB
WritebackTmp:          0 kB
CommitLimit:    12313212 kB
Committed_AS:   22433432 kB
VmallocTotal:   34359738367 kB
VmallocUsed:           0 kB
VmallocChunk:          0 kB
HardwareCorrupted:     0 kB
AnonHugePages:         0 kB
ShmemHugePages:        0 kB
ShmemPmdMapped:        0 kB
CmaTotal:              0 kB
CmaFree:               0 kB
HugePages_Total:       0
HugePages_Free:        0
HugePages_Rsvd:        0
HugePages_Surp:        0
Hugepagesize:       2048 kB
DirectMap4k:      279144 kB
DirectMap2M:     8003584 kB
DirectMap1G:           0 kB

container (cgroup) information:
container_type: cgroupv1
cpu_cpuset_cpus: 0-3
cpu_memory_nodes: 0
active_processor_count: 4
cpu_quota: -1
cpu_period: 100000
cpu_shares: -1
memory_limit_in_bytes: -1
memory_and_swap_limit_in_bytes: -2
memory_soft_limit_in_bytes: -1
memory_usage_in_bytes: 7806386176
memory_max_usage_in_bytes: 464584704


CPU:total 4 (initial active 4) (2 cores per cpu, 2 threads per core) family 6 model 78 stepping 3, cmov, cx8, fxsr, mmx, sse, sse2, sse3, ssse3, sse4.1, sse4.2, popcnt, avx, avx2, aes, clmul, erms, 3dnowpref, lzcnt, ht, tsc, tscinvbit, bmi1, bmi2, adx

/proc/cpuinfo:
processor	: 0
vendor_id	: GenuineIntel
cpu family	: 6
model		: 78
model name	: Intel(R) Core(TM) i5-6200U CPU @ 2.30GHz
stepping	: 3
microcode	: 0xd6
cpu MHz		: 787.245
cache size	: 3072 KB
physical id	: 0
siblings	: 4
core id		: 0
cpu cores	: 2
apicid		: 0
initial apicid	: 0
fpu		: yes
fpu_exception	: yes
cpuid level	: 22
wp		: yes
flags		: fpu vme de pse tsc msr pae mce cx8 apic sep mtrr pge mca cmov pat pse36 clflush dts acpi mmx fxsr sse sse2 ss ht tm pbe syscall nx pdpe1gb rdtscp lm constant_tsc art arch_perfmon pebs bts rep_good nopl xtopology nonstop_tsc cpuid aperfmperf tsc_known_freq pni pclmulqdq dtes64 monitor ds_cpl vmx est tm2 ssse3 sdbg fma cx16 xtpr pdcm pcid sse4_1 sse4_2 x2apic movbe popcnt tsc_deadline_timer aes xsave avx f16c rdrand lahf_lm abm 3dnowprefetch cpuid_fault epb invpcid_single pti ssbd ibrs ibpb stibp tpr_shadow vnmi flexpriority ept vpid fsgsbase tsc_adjust bmi1 avx2 smep bmi2 erms invpcid mpx rdseed adx smap clflushopt intel_pt xsaveopt xsavec xgetbv1 xsaves dtherm ida arat pln pts hwp hwp_notify hwp_act_window hwp_epp md_clear flush_l1d
bugs		: cpu_meltdown spectre_v1 spectre_v2 spec_store_bypass l1tf mds swapgs itlb_multihit
bogomips	: 4800.00
clflush size	: 64
cache_alignment	: 64
address sizes	: 39 bits physical, 48 bits virtual
power management:

processor	: 1
vendor_id	: GenuineIntel
cpu family	: 6
model		: 78
model name	: Intel(R) Core(TM) i5-6200U CPU @ 2.30GHz
stepping	: 3
microcode	: 0xd6
cpu MHz		: 799.990
cache size	: 3072 KB
physical id	: 0
siblings	: 4
core id		: 1
cpu cores	: 2
apicid		: 2
initial apicid	: 2
fpu		: yes
fpu_exception	: yes
cpuid level	: 22
wp		: yes
flags		: fpu vme de pse tsc msr pae mce cx8 apic sep mtrr pge mca cmov pat pse36 clflush dts acpi mmx fxsr sse sse2 ss ht tm pbe syscall nx pdpe1gb rdtscp lm constant_tsc art arch_perfmon pebs bts rep_good nopl xtopology nonstop_tsc cpuid aperfmperf tsc_known_freq pni pclmulqdq dtes64 monitor ds_cpl vmx est tm2 ssse3 sdbg fma cx16 xtpr pdcm pcid sse4_1 sse4_2 x2apic movbe popcnt tsc_deadline_timer aes xsave avx f16c rdrand lahf_lm abm 3dnowprefetch cpuid_fault epb invpcid_single pti ssbd ibrs ibpb stibp tpr_shadow vnmi flexpriority ept vpid fsgsbase tsc_adjust bmi1 avx2 smep bmi2 erms invpcid mpx rdseed adx smap clflushopt intel_pt xsaveopt xsavec xgetbv1 xsaves dtherm ida arat pln pts hwp hwp_notify hwp_act_window hwp_epp md_clear flush_l1d
bugs		: cpu_meltdown spectre_v1 spectre_v2 spec_store_bypass l1tf mds swapgs itlb_multihit
bogomips	: 4800.00
clflush size	: 64
cache_alignment	: 64
address sizes	: 39 bits physical, 48 bits virtual
power management:

processor	: 2
vendor_id	: GenuineIntel
cpu family	: 6
model		: 78
model name	: Intel(R) Core(TM) i5-6200U CPU @ 2.30GHz
stepping	: 3
microcode	: 0xd6
cpu MHz		: 752.754
cache size	: 3072 KB
physical id	: 0
siblings	: 4
core id		: 0
cpu cores	: 2
apicid		: 1
initial apicid	: 1
fpu		: yes
fpu_exception	: yes
cpuid level	: 22
wp		: yes
flags		: fpu vme de pse tsc msr pae mce cx8 apic sep mtrr pge mca cmov pat pse36 clflush dts acpi mmx fxsr sse sse2 ss ht tm pbe syscall nx pdpe1gb rdtscp lm constant_tsc art arch_perfmon pebs bts rep_good nopl xtopology nonstop_tsc cpuid aperfmperf tsc_known_freq pni pclmulqdq dtes64 monitor ds_cpl vmx est tm2 ssse3 sdbg fma cx16 xtpr pdcm pcid sse4_1 sse4_2 x2apic movbe popcnt tsc_deadline_timer aes xsave avx f16c rdrand lahf_lm abm 3dnowprefetch cpuid_fault epb invpcid_single pti ssbd ibrs ibpb stibp tpr_shadow vnmi flexpriority ept vpid fsgsbase tsc_adjust bmi1 avx2 smep bmi2 erms invpcid mpx rdseed adx smap clflushopt intel_pt xsaveopt xsavec xgetbv1 xsaves dtherm ida arat pln pts hwp hwp_notify hwp_act_window hwp_epp md_clear flush_l1d
bugs		: cpu_meltdown spectre_v1 spectre_v2 spec_store_bypass l1tf mds swapgs itlb_multihit
bogomips	: 4800.00
clflush size	: 64
cache_alignment	: 64
address sizes	: 39 bits physical, 48 bits virtual
power management:

processor	: 3
vendor_id	: GenuineIntel
cpu family	: 6
model		: 78
model name	: Intel(R) Core(TM) i5-6200U CPU @ 2.30GHz
stepping	: 3
microcode	: 0xd6
cpu MHz		: 795.510
cache size	: 3072 KB
physical id	: 0
siblings	: 4
core id		: 1
cpu cores	: 2
apicid		: 3
initial apicid	: 3
fpu		: yes
fpu_exception	: yes
cpuid level	: 22
wp		: yes
flags		: fpu vme de pse tsc msr pae mce cx8 apic sep mtrr pge mca cmov pat pse36 clflush dts acpi mmx fxsr sse sse2 ss ht tm pbe syscall nx pdpe1gb rdtscp lm constant_tsc art arch_perfmon pebs bts rep_good nopl xtopology nonstop_tsc cpuid aperfmperf tsc_known_freq pni pclmulqdq dtes64 monitor ds_cpl vmx est tm2 ssse3 sdbg fma cx16 xtpr pdcm pcid sse4_1 sse4_2 x2apic movbe popcnt tsc_deadline_timer aes xsave avx f16c rdrand lahf_lm abm 3dnowprefetch cpuid_fault epb invpcid_single pti ssbd ibrs ibpb stibp tpr_shadow vnmi flexpriority ept vpid fsgsbase tsc_adjust bmi1 avx2 smep bmi2 erms invpcid mpx rdseed adx smap clflushopt intel_pt xsaveopt xsavec xgetbv1 xsaves dtherm ida arat pln pts hwp hwp_notify hwp_act_window hwp_epp md_clear flush_l1d
bugs		: cpu_meltdown spectre_v1 spectre_v2 spec_store_bypass l1tf mds swapgs itlb_multihit
bogomips	: 4800.00
clflush size	: 64
cache_alignment	: 64
address sizes	: 39 bits physical, 48 bits virtual
power management:



Memory: 4k page, physical 8062208k(124208k free), swap 8282108k(0k free)

vm_info: OpenJDK 64-Bit Server VM (25.242-b08) for linux-amd64 JRE (1.8.0_242-8u242-b08-0ubuntu3~16.04-b08), built on Jan 18 2020 03:34:56 by "buildd" with gcc 5.4.0 20160609

time: Tue Mar 17 13:24:53 2020
timezone: CET
elapsed time: 25 seconds (0d 0h 0m 25s)

